05/22/25 14:50:06: Running xcd server. This server was built by gradle.
05/22/25 14:50:06: Server was asked to start on port: '58685'
05/22/25 14:50:06: Server is using token UUID: 'f259ce15-36ed-11f0-be8d-089df4a5fce3'
05/22/25 14:50:06: SESSION_MGR: creating session with session uuid: '6d04a3e9-ade5-4ab9-8d63-1f78fcd2ec76' and name 'default'
05/22/25 14:50:06: Attempting to start server on port '58685'
05/22/25 14:50:06: Running Dispatch Server
05/22/25 14:50:06: Version 2.2.0
05/22/25 14:50:06: Dispatch Server: Accepted socket connection from client
05/22/25 14:50:06: Starting Socket connection
05/22/25 14:50:06: EXCHANGE_TOKEN received, server token: f259ce15-36ed-11f0-be8d-089df4a5fce3, passed token: f259ce15-36ed-11f0-be8d-089df4a5fce3
05/22/25 14:50:06: SESSION_MGR: creating session with session uuid: '4be2c5c5-9354-48c9-b30a-5d0411a07c96' and name 'Code Analyzer'
05/22/25 14:50:06: KERNEL_SVC: creating session with uuid: '4be2c5c5-9354-48c9-b30a-5d0411a07c96' and name 'Code Analyzer'
05/22/25 14:50:06: GUIDANCE_SMGR: creating guidance session with uuid: '4be2c5c5-9354-48c9-b30a-5d0411a07c96' and name 'Code Analyzer'
05/22/25 14:50:14: SESSION_MGR: closing session for UUID '4be2c5c5-9354-48c9-b30a-5d0411a07c96' with name ''
05/22/25 14:50:14: KERNEL_SVC: closing session for UUID '4be2c5c5-9354-48c9-b30a-5d0411a07c96' with name ''
05/22/25 14:50:14: GUIDANCE_SMGR: closing session for UUID '4be2c5c5-9354-48c9-b30a-5d0411a07c96' with name ''
05/22/25 14:50:14: STOP_SERVER received, server token: f259ce15-36ed-11f0-be8d-089df4a5fce3, passed token: f259ce15-36ed-11f0-be8d-089df4a5fce3
05/22/25 14:50:14: Socket received request to stop server.
05/22/25 14:50:14: Dispatch Server: do_await_stop
05/22/25 14:50:14: SERVER: destructor for server bound to port 58685
05/22/25 14:50:14: Server exiting with status 0.
05/22/25 14:50:14: Closing log file.
05/22/25 14:53:34: Running xcd server. This server was built by gradle.
05/22/25 14:53:34: Server was asked to start on port: '56156'
05/22/25 14:53:34: Server is using token UUID: '6e7ab161-36ee-11f0-9a5c-089df4a5fce3'
05/22/25 14:53:34: SESSION_MGR: creating session with session uuid: '6d04a3e9-ade5-4ab9-8d63-1f78fcd2ec76' and name 'default'
05/22/25 14:53:34: Attempting to start server on port '56156'
05/22/25 14:53:34: Running Dispatch Server
05/22/25 14:53:34: Version 2.2.0
05/22/25 14:53:34: Dispatch Server: Accepted socket connection from client
05/22/25 14:53:34: Starting Socket connection
05/22/25 14:53:34: EXCHANGE_TOKEN received, server token: 6e7ab161-36ee-11f0-9a5c-089df4a5fce3, passed token: 6e7ab161-36ee-11f0-9a5c-089df4a5fce3
05/22/25 14:53:34: SESSION_MGR: creating session with session uuid: 'd6a2366d-4938-43ad-928c-002835e61f14' and name 'Code Analyzer'
05/22/25 14:53:34: KERNEL_SVC: creating session with uuid: 'd6a2366d-4938-43ad-928c-002835e61f14' and name 'Code Analyzer'
05/22/25 14:53:34: GUIDANCE_SMGR: creating guidance session with uuid: 'd6a2366d-4938-43ad-928c-002835e61f14' and name 'Code Analyzer'
05/22/25 14:53:41: SESSION_MGR: closing session for UUID 'd6a2366d-4938-43ad-928c-002835e61f14' with name ''
05/22/25 14:53:41: KERNEL_SVC: closing session for UUID 'd6a2366d-4938-43ad-928c-002835e61f14' with name ''
05/22/25 14:53:41: GUIDANCE_SMGR: closing session for UUID 'd6a2366d-4938-43ad-928c-002835e61f14' with name ''
05/22/25 14:53:41: STOP_SERVER received, server token: 6e7ab161-36ee-11f0-9a5c-089df4a5fce3, passed token: 6e7ab161-36ee-11f0-9a5c-089df4a5fce3
05/22/25 14:53:41: Socket received request to stop server.
05/22/25 14:53:41: Dispatch Server: do_await_stop
05/22/25 14:53:41: SERVER: destructor for server bound to port 56156
05/22/25 14:53:41: Server exiting with status 0.
05/22/25 14:53:41: Closing log file.
