#-----------------------------------------------------------
# Vivado v2024.2 (64-bit)
# SW Build 5239630 on Fri Nov 08 22:35:27 MST 2024
# IP Build 5239520 on Sun Nov 10 16:12:51 MST 2024
# SharedData Build 5239561 on Fri Nov 08 14:39:27 MST 2024
# Start of session at: Thu May 22 14:58:08 2025
# Process ID         : 25012
# Current directory  : C:/Users/Samarth/Desktop/IIIT_Intern/matrix_vitis/mat/matrixmul_3/hls/impl/ip
# Command line       : vivado.exe -notrace -mode batch -source run_ippack.tcl
# Log file           : C:/Users/Samarth/Desktop/IIIT_Intern/matrix_vitis/mat/matrixmul_3/hls/impl/ip/vivado.log
# Journal file       : C:/Users/Samarth/Desktop/IIIT_Intern/matrix_vitis/mat/matrixmul_3/hls/impl/ip\vivado.jou
# Running On         : Samarth-Asus
# Platform           : Windows Server 2016 or Windows 10
# Operating System   : 26100
# Processor Detail   : 12th Gen Intel(R) Core(TM) i5-12500H
# CPU Frequency      : 3110 MHz
# CPU Physical cores : 12
# CPU Logical cores  : 16
# Host memory        : 16785 MB
# Swap memory        : 16785 MB
# Total Virtual      : 33570 MB
# Available Virtual  : 5966 MB
#-----------------------------------------------------------
source run_ippack.tcl -notrace
INFO: calling package_hls_ip ip_types=vitis sysgen json_file=C:/Users/Samarth/Desktop/IIIT_Intern/matrix_vitis/mat/matrixmul_3/hls/hls_data.json outdir=C:/Users/Samarth/Desktop/IIIT_Intern/matrix_vitis/mat/matrixmul_3/hls/impl/ip srcdir=C:/Users/Samarth/Desktop/IIIT_Intern/matrix_vitis/mat/matrixmul_3/hls sort_interfaces_ports=false
INFO: Copied 1 ipmisc file(s) to C:/Users/Samarth/Desktop/IIIT_Intern/matrix_vitis/mat/matrixmul_3/hls/impl/ip/misc
INFO: Copied 12 verilog file(s) to C:/Users/Samarth/Desktop/IIIT_Intern/matrix_vitis/mat/matrixmul_3/hls/impl/ip/hdl/verilog
INFO: Copied 10 vhdl file(s) to C:/Users/Samarth/Desktop/IIIT_Intern/matrix_vitis/mat/matrixmul_3/hls/impl/ip/hdl/vhdl
INFO: Import ports from HDL: C:/Users/Samarth/Desktop/IIIT_Intern/matrix_vitis/mat/matrixmul_3/hls/impl/ip/hdl/vhdl/matrixmul_3.vhd (matrixmul_3)
INFO: Add clock interface ap_clk
INFO: Add reset interface ap_rst_n
INFO: Add axi4stream interface in_A
INFO: Add axi4stream interface out_C
INFO: [IP_Flow 19-234] Refreshing IP repositories
INFO: [IP_Flow 19-1704] No user IP repositories specified
INFO: [IP_Flow 19-2313] Loaded Vivado IP repository 'C:/Xilinx/Vivado/2024.2/data/ip'.
INFO: Calling post_process_vitis to specialize IP
INFO: Calling post_process_sysgen to specialize IP
Generating sysgen info xml from json file
INFO: Created IP C:/Users/Samarth/Desktop/IIIT_Intern/matrix_vitis/mat/matrixmul_3/hls/impl/ip/component.xml
INFO: Created IP archive C:/Users/Samarth/Desktop/IIIT_Intern/matrix_vitis/mat/matrixmul_3/hls/impl/ip/xilinx_com_hls_matrixmul_3_1_0.zip
INFO: [Common 17-206] Exiting Vivado at Thu May 22 14:58:46 2025...
