2.40153e-007
2.44516e-007
2.49682e-007
2.55709e-007
2.62664e-007
2.70626e-007
2.79692e-007
2.89976e-007
3.01609e-007
3.14751e-007
3.29587e-007
3.46338e-007
3.65267e-007
3.86687e-007
4.10972e-007
4.38573e-007
4.70034e-007
5.06018e-007
5.47338e-007
5.94992e-007
6.50227e-007
7.14598e-007
7.90078e-007
8.79185e-007
9.85172e-007
1.11229e-006
1.26619e-006
1.45444e-006
1.68744e-006
1.97966e-006
2.35172e-006
2.83374e-006
3.47095e-006
4.33358e-006
5.5351e-006
7.26779e-006
9.87724e-006
1.4033e-005
2.11659e-005
3.47781e-005
6.53436e-005
0.000156604
0.000681709
1
0.000697093
0.000191734
9.25794e-005
5.66027e-005
3.9508e-005
3.00611e-005
2.4331e-005
2.0649e-005
1.82093e-005
1.65879e-005
1.55495e-005
1.4962e-005
1.47569e-005
1.49107e-005
1.54385e-005
1.63978e-005
1.79031e-005
2.01584e-005
2.35257e-005
2.86747e-005
3.69409e-005
5.12991e-005
7.9557e-005
0.000148258
0.000403506
0.00432375
0.00217228
0.000277213
9.90991e-005
4.92658e-005
2.89218e-005
1.87882e-005
1.30735e-005
9.564e-006
7.27004e-006
5.69741e-006
4.5779e-006
3.75622e-006
3.13773e-006
2.6622e-006
2.28993e-006
1.99396e-006
1.75549e-006
1.5611e-006
1.40104e-006
1.2681e-006
1.15684e-006
1.06314e-006
9.83802e-007
9.16334e-007
8.58773e-007
8.0956e-007
7.67441e-007
7.31406e-007
7.00632e-007
6.74445e-007
6.52292e-007
6.33712e-007
6.18323e-007
6.058e-007
5.9587e-007
5.88294e-007
5.82862e-007
5.79382e-007
5.77674e-007
5.77561e-007
5.78858e-007
5.81372e-007
5.84886e-007
5.89154e-007
5.939e-007
5.98806e-007
6.03514e-007
6.07628e-007
6.10724e-007
6.12364e-007
6.12115e-007
6.09585e-007
6.04445e-007
5.96468e-007
5.85552e-007
5.71737e-007
5.55203e-007
5.36263e-007
5.15329e-007
4.92882e-007
4.69428e-007
4.45464e-007
4.21448e-007
3.97777e-007
3.74777e-007
3.52701e-007
3.31728e-007
3.11977e-007
2.93511e-007
2.76354e-007
2.60492e-007
2.45891e-007
2.32499e-007
2.20254e-007
2.09087e-007
1.98928e-007
1.89707e-007
1.81356e-007
1.73812e-007
1.67016e-007
1.60911e-007
1.55447e-007
1.5058e-007
1.4627e-007
1.4248e-007
1.3918e-007
1.36343e-007
1.33946e-007
1.31971e-007
1.30403e-007
1.29232e-007
1.2845e-007
1.28054e-007
1.28045e-007
1.28427e-007
1.29209e-007
1.30404e-007
1.32031e-007
1.34112e-007
1.36678e-007
1.39764e-007
1.43416e-007
1.47686e-007
1.52639e-007
1.58352e-007
1.64917e-007
1.72444e-007
1.81066e-007
1.90943e-007
2.02267e-007
2.15273e-007
2.30245e-007
2.47533e-007
2.67566e-007
2.90876e-007
3.18125e-007
3.50142e-007
3.87965e-007
4.32907e-007
4.86622e-007
5.51196e-007
6.29234e-007
7.23945e-007
8.39139e-007
9.79051e-007
1.14775e-006
1.34773e-006
1.57719e-006
1.82577e-006
2.06987e-006
Peaks in PS are at index: 43 and 69
Peaks in PL are at index: 43 and 69
RMSE0.000115528
