================================================================
== Design Size Report
================================================================

* Total Instructions per Compilation Phase
+---------------+-----------------------------+--------------+----------------------------------------------------------------------------------------+
| Phase         | Step                        | Instructions | Description                                                                            |
+---------------+-----------------------------+--------------+----------------------------------------------------------------------------------------+
| Compile/Link  |                             |    387       | After all functions are compiled and linked into a single design                       |
|               |                             |              |                                                                                        |
| Unroll/Inline |                             |              | After user unroll and inline pragmas are applied                                       |
|               | (1) unroll                  |    353       | user unroll pragmas are applied                                                        |
|               | (2) simplification          |    328       | simplification of applied user unroll pragmas                                          |
|               | (3) inline                  |    320       | user inline pragmas are applied                                                        |
|               | (4) simplification          |    320       | simplification of applied user inline pragmas                                          |
|               |                             |              |                                                                                        |
| Array/Struct  |                             |              | After user array partition and struct aggregate/disaggregate pragmas are applied       |
|               | (1) array partition         |  2,750       | user array partition pragmas are applied                                               |
|               | (2) simplification          |    766       | simplification of applied user array partition & struct aggregate/disaggregate pragmas |
|               | (3) aggregate/disaggregate  |    766       | user struct aggregate/disaggregate pragmas are applied                                 |
|               | (4) array reshape           |    766       | apply array reshape pragmas                                                            |
|               | (5) access patterns         |    765       | array access pattern optmizations                                                      |
|               |                             |              |                                                                                        |
| Performance   |                             |              | After transformations are applied to meet performance pragma targets                   |
|               | (1) loop simplification     |    760       | loop and instruction simplification                                                    |
|               | (2) parallelization         | 12,937       | loops are unrolled or pipelined to meet performance targets                            |
|               | (3) array partition         | 14,639       | arrays are partitioned to meet performance targets                                     |
|               | (4) simplification          | 10,863       | simplification of design after performance transformations                             |
|               |                             |              |                                                                                        |
| HW Transforms |                             |              | After hardware transfomations                                                          |
|               | (1) lowering                | 10,814       | initial conversion to HW specific instructions                                         |
|               | (2) optimizations           | 11,197       | high level synthesis optimizations                                                     |
+---------------+-----------------------------+--------------+----------------------------------------------------------------------------------------+

* Instructions per Function for each Compilation Phase
+--------------------+--------------+--------------+---------------+--------------+-------------+---------------+
| Function           | Location     | Compile/Link | Unroll/Inline | Array/Struct | Performance | HW Transforms |
+--------------------+--------------+--------------+---------------+--------------+-------------+---------------+
|   matrixmul_32_opt | matrix.cpp:3 | 387          | 320           | 765          | 10,863      | 11,197        |
+--------------------+--------------+--------------+---------------+--------------+-------------+---------------+

* Design Size Message Settings
+---------------------------------------------+--------+------------------------------------------------------------------+
| Message Setting                             | Value  | Description                                                      |
+---------------------------------------------+--------+------------------------------------------------------------------+
| config_compile -design_size_maximum_warning | 100000 | Show a warning when total design instructions exceeds this value |
+---------------------------------------------+--------+------------------------------------------------------------------+


