

================================================================
== Vitis HLS Report for 'matrixmul_32_opt_Pipeline_loop_input_A25'
================================================================
* Date:           Mon Jun  2 11:52:52 2025

* Version:        2024.2 (Build 5238294 on Nov  8 2024)
* Project:        matrix_8_opt
* Solution:       hls (Vivado IP Flow Target)
* Product family: zynquplusRFSOC
* Target device:  xczu28dr-ffvg1517-2-e


================================================================
== Performance Estimates
================================================================
+ Timing: 
    * Summary: 
    +--------+----------+----------+------------+
    |  Clock |  Target  | Estimated| Uncertainty|
    +--------+----------+----------+------------+
    |ap_clk  |  10.00 ns|  1.635 ns|     2.70 ns|
    +--------+----------+----------+------------+

+ Latency: 
    * Summary: 
    +---------+---------+----------+----------+-----+-----+------------------------------------------------+
    |  Latency (cycles) |  Latency (absolute) |  Interval |                    Pipeline                    |
    |   min   |   max   |    min   |    max   | min | max |                      Type                      |
    +---------+---------+----------+----------+-----+-----+------------------------------------------------+
    |       34|       34|  0.340 us|  0.340 us|   33|   33|  loop auto-rewind stp (delay=0 clock cycles(s))|
    +---------+---------+----------+----------+-----+-----+------------------------------------------------+

    + Detail: 
        * Instance: 
        N/A

        * Loop: 
        +-----------------+---------+---------+----------+-----------+-----------+------+----------+
        |                 |  Latency (cycles) | Iteration|  Initiation Interval  | Trip |          |
        |    Loop Name    |   min   |   max   |  Latency |  achieved |   target  | Count| Pipelined|
        +-----------------+---------+---------+----------+-----------+-----------+------+----------+
        |- loop_input_A2  |       32|       32|         2|          1|          1|    32|       yes|
        +-----------------+---------+---------+----------+-----------+-----------+------+----------+



================================================================
== Utilization Estimates
================================================================
* Summary: 
+-----------------+---------+------+--------+--------+-----+
|       Name      | BRAM_18K|  DSP |   FF   |   LUT  | URAM|
+-----------------+---------+------+--------+--------+-----+
|DSP              |        -|     -|       -|       -|    -|
|Expression       |        -|     -|       0|      31|    -|
|FIFO             |        -|     -|       -|       -|    -|
|Instance         |        -|     -|       -|       -|    -|
|Memory           |        -|     -|       -|       -|    -|
|Multiplexer      |        -|     -|       0|      54|    -|
|Register         |        -|     -|    1039|       -|    -|
+-----------------+---------+------+--------+--------+-----+
|Total            |        0|     0|    1039|      85|    0|
+-----------------+---------+------+--------+--------+-----+
|Available        |     2160|  4272|  850560|  425280|   80|
+-----------------+---------+------+--------+--------+-----+
|Utilization (%)  |        0|     0|      ~0|      ~0|    0|
+-----------------+---------+------+--------+--------+-----+

+ Detail: 
    * Instance: 
    N/A

    * DSP: 
    N/A

    * Memory: 
    N/A

    * FIFO: 
    N/A

    * Expression: 
    +---------------------------+----------+----+---+----+------------+------------+
    |       Variable Name       | Operation| DSP| FF| LUT| Bitwidth P0| Bitwidth P1|
    +---------------------------+----------+----+---+----+------------+------------+
    |add_ln19_fu_572_p2         |         +|   0|  0|  13|           6|           1|
    |ap_block_pp0_stage0_11001  |       and|   0|  0|   2|           1|           1|
    |icmp_ln19_fu_566_p2        |      icmp|   0|  0|  14|           6|           7|
    |ap_enable_pp0              |       xor|   0|  0|   2|           1|           2|
    +---------------------------+----------+----+---+----+------------+------------+
    |Total                      |          |   0|  0|  31|          14|          11|
    +---------------------------+----------+----+---+----+------------+------------+

    * Multiplexer: 
    +-------------------------+----+-----------+-----+-----------+
    |           Name          | LUT| Input Size| Bits| Total Bits|
    +-------------------------+----+-----------+-----+-----------+
    |ap_done_int              |   9|          2|    1|          2|
    |ap_enable_reg_pp0_iter1  |   9|          2|    1|          2|
    |ap_sig_allocacmp_col     |   9|          2|    6|         12|
    |col_5_fu_184             |   9|          2|    6|         12|
    |empty_214_o              |   9|          2|   32|         64|
    |in_A_TDATA_blk_n         |   9|          2|    1|          2|
    +-------------------------+----+-----------+-----+-----------+
    |Total                    |  54|         12|   47|         94|
    +-------------------------+----+-----------+-----+-----------+

    * Register: 
    +-------------------------------------------+----+----+-----+-----------+
    |                    Name                   | FF | LUT| Bits| Const Bits|
    +-------------------------------------------+----+----+-----+-----------+
    |ap_CS_fsm                                  |   1|   0|    1|          0|
    |ap_block_pp0_stage0_subdone_grp0_done_reg  |   1|   0|    1|          0|
    |ap_done_reg                                |   1|   0|    1|          0|
    |ap_enable_reg_pp0_iter1                    |   1|   0|    1|          0|
    |col_5_fu_184                               |   6|   0|    6|          0|
    |input_A_10_fu_228                          |  32|   0|   32|          0|
    |input_A_11_fu_232                          |  32|   0|   32|          0|
    |input_A_12_fu_236                          |  32|   0|   32|          0|
    |input_A_13_fu_240                          |  32|   0|   32|          0|
    |input_A_14_fu_244                          |  32|   0|   32|          0|
    |input_A_15_fu_248                          |  32|   0|   32|          0|
    |input_A_16_fu_252                          |  32|   0|   32|          0|
    |input_A_17_fu_256                          |  32|   0|   32|          0|
    |input_A_18_fu_260                          |  32|   0|   32|          0|
    |input_A_19_fu_264                          |  32|   0|   32|          0|
    |input_A_1_fu_192                           |  32|   0|   32|          0|
    |input_A_20_fu_268                          |  32|   0|   32|          0|
    |input_A_21_fu_272                          |  32|   0|   32|          0|
    |input_A_22_fu_276                          |  32|   0|   32|          0|
    |input_A_23_fu_280                          |  32|   0|   32|          0|
    |input_A_24_fu_284                          |  32|   0|   32|          0|
    |input_A_25_fu_288                          |  32|   0|   32|          0|
    |input_A_26_fu_292                          |  32|   0|   32|          0|
    |input_A_27_fu_296                          |  32|   0|   32|          0|
    |input_A_28_fu_300                          |  32|   0|   32|          0|
    |input_A_29_fu_304                          |  32|   0|   32|          0|
    |input_A_2_fu_196                           |  32|   0|   32|          0|
    |input_A_30_fu_308                          |  32|   0|   32|          0|
    |input_A_31_fu_312                          |  32|   0|   32|          0|
    |input_A_3_fu_200                           |  32|   0|   32|          0|
    |input_A_4_fu_204                           |  32|   0|   32|          0|
    |input_A_5_fu_208                           |  32|   0|   32|          0|
    |input_A_6_fu_212                           |  32|   0|   32|          0|
    |input_A_7_fu_216                           |  32|   0|   32|          0|
    |input_A_8_fu_220                           |  32|   0|   32|          0|
    |input_A_9_fu_224                           |  32|   0|   32|          0|
    |input_A_fu_188                             |  32|   0|   32|          0|
    |trunc_ln19_reg_1121                        |   5|   0|    5|          0|
    +-------------------------------------------+----+----+-----+-----------+
    |Total                                      |1039|   0| 1039|          0|
    +-------------------------------------------+----+----+-----+-----------+



================================================================
== Interface
================================================================
* Summary: 
+------------------------+-----+-----+------------+------------------------------------------+--------------+
|        RTL Ports       | Dir | Bits|  Protocol  |               Source Object              |    C Type    |
+------------------------+-----+-----+------------+------------------------------------------+--------------+
|ap_clk                  |   in|    1|  ap_ctrl_hs|  matrixmul_32_opt_Pipeline_loop_input_A25|  return value|
|ap_rst                  |   in|    1|  ap_ctrl_hs|  matrixmul_32_opt_Pipeline_loop_input_A25|  return value|
|ap_start                |   in|    1|  ap_ctrl_hs|  matrixmul_32_opt_Pipeline_loop_input_A25|  return value|
|ap_done                 |  out|    1|  ap_ctrl_hs|  matrixmul_32_opt_Pipeline_loop_input_A25|  return value|
|ap_idle                 |  out|    1|  ap_ctrl_hs|  matrixmul_32_opt_Pipeline_loop_input_A25|  return value|
|ap_ready                |  out|    1|  ap_ctrl_hs|  matrixmul_32_opt_Pipeline_loop_input_A25|  return value|
|in_A_TVALID             |   in|    1|        axis|                             in_A_V_data_V|       pointer|
|in_A_TDATA              |   in|   32|        axis|                             in_A_V_data_V|       pointer|
|in_A_TREADY             |  out|    1|        axis|                             in_A_V_last_V|       pointer|
|in_A_TLAST              |   in|    1|        axis|                             in_A_V_last_V|       pointer|
|in_A_TKEEP              |   in|    4|        axis|                             in_A_V_keep_V|       pointer|
|in_A_TSTRB              |   in|    4|        axis|                             in_A_V_strb_V|       pointer|
|empty_214_i             |   in|   32|     ap_ovld|                                 empty_214|       pointer|
|empty_214_o             |  out|   32|     ap_ovld|                                 empty_214|       pointer|
|empty_214_o_ap_vld      |  out|    1|     ap_ovld|                                 empty_214|       pointer|
|empty_215               |  out|    4|      ap_vld|                                 empty_215|       pointer|
|empty_215_ap_vld        |  out|    1|      ap_vld|                                 empty_215|       pointer|
|empty_216               |  out|    4|      ap_vld|                                 empty_216|       pointer|
|empty_216_ap_vld        |  out|    1|      ap_vld|                                 empty_216|       pointer|
|empty                   |  out|    1|      ap_vld|                                     empty|       pointer|
|empty_ap_vld            |  out|    1|      ap_vld|                                     empty|       pointer|
|input_A_356_out         |  out|   32|      ap_vld|                           input_A_356_out|       pointer|
|input_A_356_out_ap_vld  |  out|    1|      ap_vld|                           input_A_356_out|       pointer|
|input_A_355_out         |  out|   32|      ap_vld|                           input_A_355_out|       pointer|
|input_A_355_out_ap_vld  |  out|    1|      ap_vld|                           input_A_355_out|       pointer|
|input_A_354_out         |  out|   32|      ap_vld|                           input_A_354_out|       pointer|
|input_A_354_out_ap_vld  |  out|    1|      ap_vld|                           input_A_354_out|       pointer|
|input_A_353_out         |  out|   32|      ap_vld|                           input_A_353_out|       pointer|
|input_A_353_out_ap_vld  |  out|    1|      ap_vld|                           input_A_353_out|       pointer|
|input_A_352_out         |  out|   32|      ap_vld|                           input_A_352_out|       pointer|
|input_A_352_out_ap_vld  |  out|    1|      ap_vld|                           input_A_352_out|       pointer|
|input_A_351_out         |  out|   32|      ap_vld|                           input_A_351_out|       pointer|
|input_A_351_out_ap_vld  |  out|    1|      ap_vld|                           input_A_351_out|       pointer|
|input_A_350_out         |  out|   32|      ap_vld|                           input_A_350_out|       pointer|
|input_A_350_out_ap_vld  |  out|    1|      ap_vld|                           input_A_350_out|       pointer|
|input_A_349_out         |  out|   32|      ap_vld|                           input_A_349_out|       pointer|
|input_A_349_out_ap_vld  |  out|    1|      ap_vld|                           input_A_349_out|       pointer|
|input_A_348_out         |  out|   32|      ap_vld|                           input_A_348_out|       pointer|
|input_A_348_out_ap_vld  |  out|    1|      ap_vld|                           input_A_348_out|       pointer|
|input_A_347_out         |  out|   32|      ap_vld|                           input_A_347_out|       pointer|
|input_A_347_out_ap_vld  |  out|    1|      ap_vld|                           input_A_347_out|       pointer|
|input_A_346_out         |  out|   32|      ap_vld|                           input_A_346_out|       pointer|
|input_A_346_out_ap_vld  |  out|    1|      ap_vld|                           input_A_346_out|       pointer|
|input_A_345_out         |  out|   32|      ap_vld|                           input_A_345_out|       pointer|
|input_A_345_out_ap_vld  |  out|    1|      ap_vld|                           input_A_345_out|       pointer|
|input_A_344_out         |  out|   32|      ap_vld|                           input_A_344_out|       pointer|
|input_A_344_out_ap_vld  |  out|    1|      ap_vld|                           input_A_344_out|       pointer|
|input_A_343_out         |  out|   32|      ap_vld|                           input_A_343_out|       pointer|
|input_A_343_out_ap_vld  |  out|    1|      ap_vld|                           input_A_343_out|       pointer|
|input_A_342_out         |  out|   32|      ap_vld|                           input_A_342_out|       pointer|
|input_A_342_out_ap_vld  |  out|    1|      ap_vld|                           input_A_342_out|       pointer|
|input_A_341_out         |  out|   32|      ap_vld|                           input_A_341_out|       pointer|
|input_A_341_out_ap_vld  |  out|    1|      ap_vld|                           input_A_341_out|       pointer|
|input_A_340_out         |  out|   32|      ap_vld|                           input_A_340_out|       pointer|
|input_A_340_out_ap_vld  |  out|    1|      ap_vld|                           input_A_340_out|       pointer|
|input_A_339_out         |  out|   32|      ap_vld|                           input_A_339_out|       pointer|
|input_A_339_out_ap_vld  |  out|    1|      ap_vld|                           input_A_339_out|       pointer|
|input_A_338_out         |  out|   32|      ap_vld|                           input_A_338_out|       pointer|
|input_A_338_out_ap_vld  |  out|    1|      ap_vld|                           input_A_338_out|       pointer|
|input_A_337_out         |  out|   32|      ap_vld|                           input_A_337_out|       pointer|
|input_A_337_out_ap_vld  |  out|    1|      ap_vld|                           input_A_337_out|       pointer|
|input_A_336_out         |  out|   32|      ap_vld|                           input_A_336_out|       pointer|
|input_A_336_out_ap_vld  |  out|    1|      ap_vld|                           input_A_336_out|       pointer|
|input_A_335_out         |  out|   32|      ap_vld|                           input_A_335_out|       pointer|
|input_A_335_out_ap_vld  |  out|    1|      ap_vld|                           input_A_335_out|       pointer|
|input_A_334_out         |  out|   32|      ap_vld|                           input_A_334_out|       pointer|
|input_A_334_out_ap_vld  |  out|    1|      ap_vld|                           input_A_334_out|       pointer|
|input_A_333_out         |  out|   32|      ap_vld|                           input_A_333_out|       pointer|
|input_A_333_out_ap_vld  |  out|    1|      ap_vld|                           input_A_333_out|       pointer|
|input_A_332_out         |  out|   32|      ap_vld|                           input_A_332_out|       pointer|
|input_A_332_out_ap_vld  |  out|    1|      ap_vld|                           input_A_332_out|       pointer|
|input_A_331_out         |  out|   32|      ap_vld|                           input_A_331_out|       pointer|
|input_A_331_out_ap_vld  |  out|    1|      ap_vld|                           input_A_331_out|       pointer|
|input_A_330_out         |  out|   32|      ap_vld|                           input_A_330_out|       pointer|
|input_A_330_out_ap_vld  |  out|    1|      ap_vld|                           input_A_330_out|       pointer|
|input_A_329_out         |  out|   32|      ap_vld|                           input_A_329_out|       pointer|
|input_A_329_out_ap_vld  |  out|    1|      ap_vld|                           input_A_329_out|       pointer|
|input_A_328_out         |  out|   32|      ap_vld|                           input_A_328_out|       pointer|
|input_A_328_out_ap_vld  |  out|    1|      ap_vld|                           input_A_328_out|       pointer|
|input_A_327_out         |  out|   32|      ap_vld|                           input_A_327_out|       pointer|
|input_A_327_out_ap_vld  |  out|    1|      ap_vld|                           input_A_327_out|       pointer|
|input_A_326_out         |  out|   32|      ap_vld|                           input_A_326_out|       pointer|
|input_A_326_out_ap_vld  |  out|    1|      ap_vld|                           input_A_326_out|       pointer|
|input_A_325_out         |  out|   32|      ap_vld|                           input_A_325_out|       pointer|
|input_A_325_out_ap_vld  |  out|    1|      ap_vld|                           input_A_325_out|       pointer|
+------------------------+-----+-----+------------+------------------------------------------+--------------+

