

================================================================
== Vitis HLS Report for 'matrixmul_32_opt_Pipeline_loop_input_A24'
================================================================
* Date:           Mon Jun  2 11:52:51 2025

* Version:        2024.2 (Build 5238294 on Nov  8 2024)
* Project:        matrix_8_opt
* Solution:       hls (Vivado IP Flow Target)
* Product family: zynquplusRFSOC
* Target device:  xczu28dr-ffvg1517-2-e


================================================================
== Performance Estimates
================================================================
+ Timing: 
    * Summary: 
    +--------+----------+----------+------------+
    |  Clock |  Target  | Estimated| Uncertainty|
    +--------+----------+----------+------------+
    |ap_clk  |  10.00 ns|  1.635 ns|     2.70 ns|
    +--------+----------+----------+------------+

+ Latency: 
    * Summary: 
    +---------+---------+----------+----------+-----+-----+------------------------------------------------+
    |  Latency (cycles) |  Latency (absolute) |  Interval |                    Pipeline                    |
    |   min   |   max   |    min   |    max   | min | max |                      Type                      |
    +---------+---------+----------+----------+-----+-----+------------------------------------------------+
    |       34|       34|  0.340 us|  0.340 us|   33|   33|  loop auto-rewind stp (delay=0 clock cycles(s))|
    +---------+---------+----------+----------+-----+-----+------------------------------------------------+

    + Detail: 
        * Instance: 
        N/A

        * Loop: 
        +-----------------+---------+---------+----------+-----------+-----------+------+----------+
        |                 |  Latency (cycles) | Iteration|  Initiation Interval  | Trip |          |
        |    Loop Name    |   min   |   max   |  Latency |  achieved |   target  | Count| Pipelined|
        +-----------------+---------+---------+----------+-----------+-----------+------+----------+
        |- loop_input_A2  |       32|       32|         2|          1|          1|    32|       yes|
        +-----------------+---------+---------+----------+-----------+-----------+------+----------+



================================================================
== Utilization Estimates
================================================================
* Summary: 
+-----------------+---------+------+--------+--------+-----+
|       Name      | BRAM_18K|  DSP |   FF   |   LUT  | URAM|
+-----------------+---------+------+--------+--------+-----+
|DSP              |        -|     -|       -|       -|    -|
|Expression       |        -|     -|       0|      31|    -|
|FIFO             |        -|     -|       -|       -|    -|
|Instance         |        -|     -|       -|       -|    -|
|Memory           |        -|     -|       -|       -|    -|
|Multiplexer      |        -|     -|       0|      54|    -|
|Register         |        -|     -|    1039|       -|    -|
+-----------------+---------+------+--------+--------+-----+
|Total            |        0|     0|    1039|      85|    0|
+-----------------+---------+------+--------+--------+-----+
|Available        |     2160|  4272|  850560|  425280|   80|
+-----------------+---------+------+--------+--------+-----+
|Utilization (%)  |        0|     0|      ~0|      ~0|    0|
+-----------------+---------+------+--------+--------+-----+

+ Detail: 
    * Instance: 
    N/A

    * DSP: 
    N/A

    * Memory: 
    N/A

    * FIFO: 
    N/A

    * Expression: 
    +---------------------------+----------+----+---+----+------------+------------+
    |       Variable Name       | Operation| DSP| FF| LUT| Bitwidth P0| Bitwidth P1|
    +---------------------------+----------+----+---+----+------------+------------+
    |add_ln19_fu_572_p2         |         +|   0|  0|  13|           6|           1|
    |ap_block_pp0_stage0_11001  |       and|   0|  0|   2|           1|           1|
    |icmp_ln19_fu_566_p2        |      icmp|   0|  0|  14|           6|           7|
    |ap_enable_pp0              |       xor|   0|  0|   2|           1|           2|
    +---------------------------+----------+----+---+----+------------+------------+
    |Total                      |          |   0|  0|  31|          14|          11|
    +---------------------------+----------+----+---+----+------------+------------+

    * Multiplexer: 
    +-------------------------+----+-----------+-----+-----------+
    |           Name          | LUT| Input Size| Bits| Total Bits|
    +-------------------------+----+-----------+-----+-----------+
    |ap_done_int              |   9|          2|    1|          2|
    |ap_enable_reg_pp0_iter1  |   9|          2|    1|          2|
    |ap_sig_allocacmp_col     |   9|          2|    6|         12|
    |col_4_fu_184             |   9|          2|    6|         12|
    |empty_217_o              |   9|          2|   32|         64|
    |in_A_TDATA_blk_n         |   9|          2|    1|          2|
    +-------------------------+----+-----------+-----+-----------+
    |Total                    |  54|         12|   47|         94|
    +-------------------------+----+-----------+-----+-----------+

    * Register: 
    +-------------------------------------------+----+----+-----+-----------+
    |                    Name                   | FF | LUT| Bits| Const Bits|
    +-------------------------------------------+----+----+-----+-----------+
    |ap_CS_fsm                                  |   1|   0|    1|          0|
    |ap_block_pp0_stage0_subdone_grp0_done_reg  |   1|   0|    1|          0|
    |ap_done_reg                                |   1|   0|    1|          0|
    |ap_enable_reg_pp0_iter1                    |   1|   0|    1|          0|
    |col_4_fu_184                               |   6|   0|    6|          0|
    |input_A_33_fu_192                          |  32|   0|   32|          0|
    |input_A_34_fu_196                          |  32|   0|   32|          0|
    |input_A_35_fu_200                          |  32|   0|   32|          0|
    |input_A_36_fu_204                          |  32|   0|   32|          0|
    |input_A_37_fu_208                          |  32|   0|   32|          0|
    |input_A_38_fu_212                          |  32|   0|   32|          0|
    |input_A_39_fu_216                          |  32|   0|   32|          0|
    |input_A_40_fu_220                          |  32|   0|   32|          0|
    |input_A_41_fu_224                          |  32|   0|   32|          0|
    |input_A_42_fu_228                          |  32|   0|   32|          0|
    |input_A_43_fu_232                          |  32|   0|   32|          0|
    |input_A_44_fu_236                          |  32|   0|   32|          0|
    |input_A_45_fu_240                          |  32|   0|   32|          0|
    |input_A_46_fu_244                          |  32|   0|   32|          0|
    |input_A_47_fu_248                          |  32|   0|   32|          0|
    |input_A_48_fu_252                          |  32|   0|   32|          0|
    |input_A_49_fu_256                          |  32|   0|   32|          0|
    |input_A_50_fu_260                          |  32|   0|   32|          0|
    |input_A_51_fu_264                          |  32|   0|   32|          0|
    |input_A_52_fu_268                          |  32|   0|   32|          0|
    |input_A_53_fu_272                          |  32|   0|   32|          0|
    |input_A_54_fu_276                          |  32|   0|   32|          0|
    |input_A_55_fu_280                          |  32|   0|   32|          0|
    |input_A_56_fu_284                          |  32|   0|   32|          0|
    |input_A_57_fu_288                          |  32|   0|   32|          0|
    |input_A_58_fu_292                          |  32|   0|   32|          0|
    |input_A_59_fu_296                          |  32|   0|   32|          0|
    |input_A_60_fu_300                          |  32|   0|   32|          0|
    |input_A_61_fu_304                          |  32|   0|   32|          0|
    |input_A_62_fu_308                          |  32|   0|   32|          0|
    |input_A_63_fu_312                          |  32|   0|   32|          0|
    |input_A_fu_188                             |  32|   0|   32|          0|
    |trunc_ln19_reg_1121                        |   5|   0|    5|          0|
    +-------------------------------------------+----+----+-----+-----------+
    |Total                                      |1039|   0| 1039|          0|
    +-------------------------------------------+----+----+-----+-----------+



================================================================
== Interface
================================================================
* Summary: 
+------------------------+-----+-----+------------+------------------------------------------+--------------+
|        RTL Ports       | Dir | Bits|  Protocol  |               Source Object              |    C Type    |
+------------------------+-----+-----+------------+------------------------------------------+--------------+
|ap_clk                  |   in|    1|  ap_ctrl_hs|  matrixmul_32_opt_Pipeline_loop_input_A24|  return value|
|ap_rst                  |   in|    1|  ap_ctrl_hs|  matrixmul_32_opt_Pipeline_loop_input_A24|  return value|
|ap_start                |   in|    1|  ap_ctrl_hs|  matrixmul_32_opt_Pipeline_loop_input_A24|  return value|
|ap_done                 |  out|    1|  ap_ctrl_hs|  matrixmul_32_opt_Pipeline_loop_input_A24|  return value|
|ap_idle                 |  out|    1|  ap_ctrl_hs|  matrixmul_32_opt_Pipeline_loop_input_A24|  return value|
|ap_ready                |  out|    1|  ap_ctrl_hs|  matrixmul_32_opt_Pipeline_loop_input_A24|  return value|
|in_A_TVALID             |   in|    1|        axis|                             in_A_V_data_V|       pointer|
|in_A_TDATA              |   in|   32|        axis|                             in_A_V_data_V|       pointer|
|in_A_TREADY             |  out|    1|        axis|                             in_A_V_last_V|       pointer|
|in_A_TLAST              |   in|    1|        axis|                             in_A_V_last_V|       pointer|
|in_A_TKEEP              |   in|    4|        axis|                             in_A_V_keep_V|       pointer|
|in_A_TSTRB              |   in|    4|        axis|                             in_A_V_strb_V|       pointer|
|empty_217_i             |   in|   32|     ap_ovld|                                 empty_217|       pointer|
|empty_217_o             |  out|   32|     ap_ovld|                                 empty_217|       pointer|
|empty_217_o_ap_vld      |  out|    1|     ap_ovld|                                 empty_217|       pointer|
|empty_218               |  out|    4|      ap_vld|                                 empty_218|       pointer|
|empty_218_ap_vld        |  out|    1|      ap_vld|                                 empty_218|       pointer|
|empty_219               |  out|    4|      ap_vld|                                 empty_219|       pointer|
|empty_219_ap_vld        |  out|    1|      ap_vld|                                 empty_219|       pointer|
|empty                   |  out|    1|      ap_vld|                                     empty|       pointer|
|empty_ap_vld            |  out|    1|      ap_vld|                                     empty|       pointer|
|input_A_291_out         |  out|   32|      ap_vld|                           input_A_291_out|       pointer|
|input_A_291_out_ap_vld  |  out|    1|      ap_vld|                           input_A_291_out|       pointer|
|input_A_290_out         |  out|   32|      ap_vld|                           input_A_290_out|       pointer|
|input_A_290_out_ap_vld  |  out|    1|      ap_vld|                           input_A_290_out|       pointer|
|input_A_289_out         |  out|   32|      ap_vld|                           input_A_289_out|       pointer|
|input_A_289_out_ap_vld  |  out|    1|      ap_vld|                           input_A_289_out|       pointer|
|input_A_288_out         |  out|   32|      ap_vld|                           input_A_288_out|       pointer|
|input_A_288_out_ap_vld  |  out|    1|      ap_vld|                           input_A_288_out|       pointer|
|input_A_287_out         |  out|   32|      ap_vld|                           input_A_287_out|       pointer|
|input_A_287_out_ap_vld  |  out|    1|      ap_vld|                           input_A_287_out|       pointer|
|input_A_286_out         |  out|   32|      ap_vld|                           input_A_286_out|       pointer|
|input_A_286_out_ap_vld  |  out|    1|      ap_vld|                           input_A_286_out|       pointer|
|input_A_285_out         |  out|   32|      ap_vld|                           input_A_285_out|       pointer|
|input_A_285_out_ap_vld  |  out|    1|      ap_vld|                           input_A_285_out|       pointer|
|input_A_284_out         |  out|   32|      ap_vld|                           input_A_284_out|       pointer|
|input_A_284_out_ap_vld  |  out|    1|      ap_vld|                           input_A_284_out|       pointer|
|input_A_283_out         |  out|   32|      ap_vld|                           input_A_283_out|       pointer|
|input_A_283_out_ap_vld  |  out|    1|      ap_vld|                           input_A_283_out|       pointer|
|input_A_282_out         |  out|   32|      ap_vld|                           input_A_282_out|       pointer|
|input_A_282_out_ap_vld  |  out|    1|      ap_vld|                           input_A_282_out|       pointer|
|input_A_281_out         |  out|   32|      ap_vld|                           input_A_281_out|       pointer|
|input_A_281_out_ap_vld  |  out|    1|      ap_vld|                           input_A_281_out|       pointer|
|input_A_280_out         |  out|   32|      ap_vld|                           input_A_280_out|       pointer|
|input_A_280_out_ap_vld  |  out|    1|      ap_vld|                           input_A_280_out|       pointer|
|input_A_279_out         |  out|   32|      ap_vld|                           input_A_279_out|       pointer|
|input_A_279_out_ap_vld  |  out|    1|      ap_vld|                           input_A_279_out|       pointer|
|input_A_278_out         |  out|   32|      ap_vld|                           input_A_278_out|       pointer|
|input_A_278_out_ap_vld  |  out|    1|      ap_vld|                           input_A_278_out|       pointer|
|input_A_277_out         |  out|   32|      ap_vld|                           input_A_277_out|       pointer|
|input_A_277_out_ap_vld  |  out|    1|      ap_vld|                           input_A_277_out|       pointer|
|input_A_276_out         |  out|   32|      ap_vld|                           input_A_276_out|       pointer|
|input_A_276_out_ap_vld  |  out|    1|      ap_vld|                           input_A_276_out|       pointer|
|input_A_275_out         |  out|   32|      ap_vld|                           input_A_275_out|       pointer|
|input_A_275_out_ap_vld  |  out|    1|      ap_vld|                           input_A_275_out|       pointer|
|input_A_274_out         |  out|   32|      ap_vld|                           input_A_274_out|       pointer|
|input_A_274_out_ap_vld  |  out|    1|      ap_vld|                           input_A_274_out|       pointer|
|input_A_273_out         |  out|   32|      ap_vld|                           input_A_273_out|       pointer|
|input_A_273_out_ap_vld  |  out|    1|      ap_vld|                           input_A_273_out|       pointer|
|input_A_272_out         |  out|   32|      ap_vld|                           input_A_272_out|       pointer|
|input_A_272_out_ap_vld  |  out|    1|      ap_vld|                           input_A_272_out|       pointer|
|input_A_271_out         |  out|   32|      ap_vld|                           input_A_271_out|       pointer|
|input_A_271_out_ap_vld  |  out|    1|      ap_vld|                           input_A_271_out|       pointer|
|input_A_270_out         |  out|   32|      ap_vld|                           input_A_270_out|       pointer|
|input_A_270_out_ap_vld  |  out|    1|      ap_vld|                           input_A_270_out|       pointer|
|input_A_269_out         |  out|   32|      ap_vld|                           input_A_269_out|       pointer|
|input_A_269_out_ap_vld  |  out|    1|      ap_vld|                           input_A_269_out|       pointer|
|input_A_268_out         |  out|   32|      ap_vld|                           input_A_268_out|       pointer|
|input_A_268_out_ap_vld  |  out|    1|      ap_vld|                           input_A_268_out|       pointer|
|input_A_267_out         |  out|   32|      ap_vld|                           input_A_267_out|       pointer|
|input_A_267_out_ap_vld  |  out|    1|      ap_vld|                           input_A_267_out|       pointer|
|input_A_266_out         |  out|   32|      ap_vld|                           input_A_266_out|       pointer|
|input_A_266_out_ap_vld  |  out|    1|      ap_vld|                           input_A_266_out|       pointer|
|input_A_265_out         |  out|   32|      ap_vld|                           input_A_265_out|       pointer|
|input_A_265_out_ap_vld  |  out|    1|      ap_vld|                           input_A_265_out|       pointer|
|input_A_264_out         |  out|   32|      ap_vld|                           input_A_264_out|       pointer|
|input_A_264_out_ap_vld  |  out|    1|      ap_vld|                           input_A_264_out|       pointer|
|input_A_263_out         |  out|   32|      ap_vld|                           input_A_263_out|       pointer|
|input_A_263_out_ap_vld  |  out|    1|      ap_vld|                           input_A_263_out|       pointer|
|input_A_262_out         |  out|   32|      ap_vld|                           input_A_262_out|       pointer|
|input_A_262_out_ap_vld  |  out|    1|      ap_vld|                           input_A_262_out|       pointer|
|input_A_261_out         |  out|   32|      ap_vld|                           input_A_261_out|       pointer|
|input_A_261_out_ap_vld  |  out|    1|      ap_vld|                           input_A_261_out|       pointer|
|input_A_260_out         |  out|   32|      ap_vld|                           input_A_260_out|       pointer|
|input_A_260_out_ap_vld  |  out|    1|      ap_vld|                           input_A_260_out|       pointer|
+------------------------+-----+-----+------------+------------------------------------------+--------------+

