

================================================================
== Vitis HLS Report for 'matrixmul_32_opt_Pipeline_loop_input_B245'
================================================================
* Date:           Mon Jun  2 11:51:46 2025

* Version:        2024.2 (Build 5238294 on Nov  8 2024)
* Project:        matrix_8_opt
* Solution:       hls (Vivado IP Flow Target)
* Product family: zynquplusRFSOC
* Target device:  xczu28dr-ffvg1517-2-e


================================================================
== Performance Estimates
================================================================
+ Timing: 
    * Summary: 
    +--------+----------+----------+------------+
    |  Clock |  Target  | Estimated| Uncertainty|
    +--------+----------+----------+------------+
    |ap_clk  |  10.00 ns|  1.635 ns|     2.70 ns|
    +--------+----------+----------+------------+

+ Latency: 
    * Summary: 
    +---------+---------+----------+----------+-----+-----+------------------------------------------------+
    |  Latency (cycles) |  Latency (absolute) |  Interval |                    Pipeline                    |
    |   min   |   max   |    min   |    max   | min | max |                      Type                      |
    +---------+---------+----------+----------+-----+-----+------------------------------------------------+
    |       34|       34|  0.340 us|  0.340 us|   33|   33|  loop auto-rewind stp (delay=0 clock cycles(s))|
    +---------+---------+----------+----------+-----+-----+------------------------------------------------+

    + Detail: 
        * Instance: 
        N/A

        * Loop: 
        +-----------------+---------+---------+----------+-----------+-----------+------+----------+
        |                 |  Latency (cycles) | Iteration|  Initiation Interval  | Trip |          |
        |    Loop Name    |   min   |   max   |  Latency |  achieved |   target  | Count| Pipelined|
        +-----------------+---------+---------+----------+-----------+-----------+------+----------+
        |- loop_input_B2  |       32|       32|         2|          1|          1|    32|       yes|
        +-----------------+---------+---------+----------+-----------+-----------+------+----------+

============================================================
+ Verbose Summary: Synthesis Manager
============================================================
InlineROM: 1
ExposeGlobal: 0
============================================================
+ Verbose Summary: CDFG Model
============================================================
IsTopModel: 0
ResetActiveHigh: 1
IsCombinational: 0
IsDatapathOnly: 0
HasWiredReturn: 1
HasMFsm: 2
HasVarLatency: 1
IsPipeline: 0
IsRtlPipelined: 0
IsInstanceOverlapped: 0
IsDontTouch: 0
HasImplIP: 0
IsGatedGlobalClock: 0

+ Individual pipeline summary: 
  * Pipeline-0: initiation interval (II) = 1, depth = 2


============================================================
+ Verbose Summary: Schedule
============================================================
* Number of FSM states : 2
* Pipeline : 1
  Pipeline-0 : II = 1, D = 2, States = { 1 2 }
* Dataflow Pipeline: 0

* FSM state transitions: 
1 --> 2 
2 --> 

* FSM state operations: 

State 1 <SV = 0> <Delay = 1.63>
ST_1 : Operation 5 [1/1] (0.00ns)   --->   "%col_46 = alloca i32 1" [matrix.cpp:13]   --->   Operation 5 'alloca' 'col_46' <Predicate = true> <Delay = 0.00>
ST_1 : Operation 6 [1/1] (0.00ns)   --->   "%specaxissidechannel_ln0 = specaxissidechannel void @_ssdm_op_SpecAXISSideChannel, i32 %in_A_V_data_V, i4 %in_A_V_keep_V, i4 %in_A_V_strb_V, i1 0, i1 %in_A_V_last_V, i1 0, i1 0, void @empty_3"   --->   Operation 6 'specaxissidechannel' 'specaxissidechannel_ln0' <Predicate = true> <Delay = 0.00>
ST_1 : Operation 7 [1/1] (0.00ns)   --->   "%specinterface_ln0 = specinterface void @_ssdm_op_SpecInterface, i1 %in_A_V_last_V, void @empty, i32 0, i32 0, void @empty_0, i32 0, i32 0, void @empty_1, void @empty_1, void @empty_1, i32 0, i32 0, i32 0, i32 0, void @empty_1, void @empty_1, i32 4294967295, i32 0, i32 0"   --->   Operation 7 'specinterface' 'specinterface_ln0' <Predicate = true> <Delay = 0.00>
ST_1 : Operation 8 [1/1] (0.00ns)   --->   "%specinterface_ln0 = specinterface void @_ssdm_op_SpecInterface, i4 %in_A_V_strb_V, void @empty, i32 0, i32 0, void @empty_0, i32 0, i32 0, void @empty_1, void @empty_1, void @empty_1, i32 0, i32 0, i32 0, i32 0, void @empty_1, void @empty_1, i32 4294967295, i32 0, i32 0"   --->   Operation 8 'specinterface' 'specinterface_ln0' <Predicate = true> <Delay = 0.00>
ST_1 : Operation 9 [1/1] (0.00ns)   --->   "%specinterface_ln0 = specinterface void @_ssdm_op_SpecInterface, i4 %in_A_V_keep_V, void @empty, i32 0, i32 0, void @empty_0, i32 0, i32 0, void @empty_1, void @empty_1, void @empty_1, i32 0, i32 0, i32 0, i32 0, void @empty_1, void @empty_1, i32 4294967295, i32 0, i32 0"   --->   Operation 9 'specinterface' 'specinterface_ln0' <Predicate = true> <Delay = 0.00>
ST_1 : Operation 10 [1/1] (0.00ns)   --->   "%specinterface_ln0 = specinterface void @_ssdm_op_SpecInterface, i32 %in_A_V_data_V, void @empty, i32 0, i32 0, void @empty_0, i32 0, i32 0, void @empty_1, void @empty_1, void @empty_1, i32 0, i32 0, i32 0, i32 0, void @empty_1, void @empty_1, i32 4294967295, i32 0, i32 0"   --->   Operation 10 'specinterface' 'specinterface_ln0' <Predicate = true> <Delay = 0.00>
ST_1 : Operation 11 [1/1] (0.42ns)   --->   "%store_ln13 = store i6 0, i6 %col_46" [matrix.cpp:13]   --->   Operation 11 'store' 'store_ln13' <Predicate = true> <Delay = 0.42>
ST_1 : Operation 12 [1/1] (0.00ns)   --->   "%br_ln0 = br void %for.inc21.14"   --->   Operation 12 'br' 'br_ln0' <Predicate = true> <Delay = 0.00>
ST_1 : Operation 13 [1/1] (0.00ns)   --->   "%col = load i6 %col_46" [matrix.cpp:28]   --->   Operation 13 'load' 'col' <Predicate = true> <Delay = 0.00>
ST_1 : Operation 14 [1/1] (0.78ns)   --->   "%icmp_ln28 = icmp_eq  i6 %col, i6 32" [matrix.cpp:28]   --->   Operation 14 'icmp' 'icmp_ln28' <Predicate = true> <Delay = 0.78> <CoreInst = "Cmp">   --->   Core 9 'Cmp' <Latency = 0> <II = 1> <Delay = 0.78> <FuncUnit> <Opcode : 'seteq' 'setne' 'setle' 'setge' 'setlt' 'setgt'> <InPorts = 2> <OutPorts = 1>
ST_1 : Operation 15 [1/1] (0.78ns)   --->   "%add_ln28 = add i6 %col, i6 1" [matrix.cpp:28]   --->   Operation 15 'add' 'add_ln28' <Predicate = true> <Delay = 0.78> <CoreInst = "Adder">   --->   Core 1 'Adder' <Latency = 0> <II = 1> <Delay = 0.78> <FuncUnit> <Opcode : 'add' 'sub'> <InPorts = 2> <OutPorts = 1>
ST_1 : Operation 16 [1/1] (0.00ns)   --->   "%br_ln28 = br i1 %icmp_ln28, void %for.inc21.14.split, void %for.inc21.15.preheader.exitStub" [matrix.cpp:28]   --->   Operation 16 'br' 'br_ln28' <Predicate = true> <Delay = 0.00>
ST_1 : Operation 17 [1/1] (0.42ns)   --->   "%store_ln13 = store i6 %add_ln28, i6 %col_46" [matrix.cpp:13]   --->   Operation 17 'store' 'store_ln13' <Predicate = (!icmp_ln28)> <Delay = 0.42>
ST_1 : Operation 36 [1/1] (0.42ns)   --->   "%ret_ln0 = ret"   --->   Operation 36 'ret' 'ret_ln0' <Predicate = (icmp_ln28)> <Delay = 0.42>

State 2 <SV = 1> <Delay = 1.23>
ST_2 : Operation 18 [1/1] (0.00ns)   --->   "%zext_ln28 = zext i6 %col" [matrix.cpp:28]   --->   Operation 18 'zext' 'zext_ln28' <Predicate = true> <Delay = 0.00>
ST_2 : Operation 19 [1/1] (0.00ns)   --->   "%specpipeline_ln31 = specpipeline void @_ssdm_op_SpecPipeline, i32 4294967295, i32 0, i32 0, i32 0, void @empty_1" [matrix.cpp:31]   --->   Operation 19 'specpipeline' 'specpipeline_ln31' <Predicate = true> <Delay = 0.00>
ST_2 : Operation 20 [1/1] (0.00ns)   --->   "%speclooptripcount_ln31 = speclooptripcount void @_ssdm_op_SpecLoopTripCount, i64 32, i64 32, i64 32" [matrix.cpp:31]   --->   Operation 20 'speclooptripcount' 'speclooptripcount_ln31' <Predicate = true> <Delay = 0.00>
ST_2 : Operation 21 [1/1] (0.00ns)   --->   "%specloopname_ln28 = specloopname void @_ssdm_op_SpecLoopName, void @empty_8" [matrix.cpp:28]   --->   Operation 21 'specloopname' 'specloopname_ln28' <Predicate = true> <Delay = 0.00>
ST_2 : Operation 22 [1/1] (0.07ns)   --->   "%empty_318 = read i41 @_ssdm_op_Read.axis.volatile.i32P0A.i4P0A.i4P0A.i1P0A, i32 %in_A_V_data_V, i4 %in_A_V_keep_V, i4 %in_A_V_strb_V, i1 %in_A_V_last_V" [matrix.cpp:31]   --->   Operation 22 'read' 'empty_318' <Predicate = true> <Delay = 0.07> <CoreInst = "regslice">   --->   Core 147 'regslice' <Latency = 0> <II = 1> <Delay = 0.65> <Adapter> <Opcode : 'read' 'write'>
ST_2 : Operation 23 [1/1] (0.00ns)   --->   "%in_A_V_data_V_val = extractvalue i41 %empty_318" [matrix.cpp:31]   --->   Operation 23 'extractvalue' 'in_A_V_data_V_val' <Predicate = true> <Delay = 0.00>
ST_2 : Operation 24 [1/1] (0.00ns)   --->   "%in_A_V_keep_V_val = extractvalue i41 %empty_318" [matrix.cpp:31]   --->   Operation 24 'extractvalue' 'in_A_V_keep_V_val' <Predicate = true> <Delay = 0.00>
ST_2 : Operation 25 [1/1] (0.00ns)   --->   "%in_A_V_strb_V_val = extractvalue i41 %empty_318" [matrix.cpp:31]   --->   Operation 25 'extractvalue' 'in_A_V_strb_V_val' <Predicate = true> <Delay = 0.00>
ST_2 : Operation 26 [1/1] (0.00ns)   --->   "%in_A_V_last_V_val = extractvalue i41 %empty_318" [matrix.cpp:31]   --->   Operation 26 'extractvalue' 'in_A_V_last_V_val' <Predicate = true> <Delay = 0.00>
ST_2 : Operation 27 [1/1] (0.00ns)   --->   "%store_ln31 = store i32 %in_A_V_data_V_val, i32 %empty_157" [matrix.cpp:31]   --->   Operation 27 'store' 'store_ln31' <Predicate = true> <Delay = 0.00>
ST_2 : Operation 28 [1/1] (0.00ns)   --->   "%store_ln31 = store i4 %in_A_V_keep_V_val, i4 %empty_158" [matrix.cpp:31]   --->   Operation 28 'store' 'store_ln31' <Predicate = true> <Delay = 0.00>
ST_2 : Operation 29 [1/1] (0.00ns)   --->   "%store_ln31 = store i4 %in_A_V_strb_V_val, i4 %empty_159" [matrix.cpp:31]   --->   Operation 29 'store' 'store_ln31' <Predicate = true> <Delay = 0.00>
ST_2 : Operation 30 [1/1] (0.00ns)   --->   "%store_ln31 = store i1 %in_A_V_last_V_val, i1 %empty" [matrix.cpp:31]   --->   Operation 30 'store' 'store_ln31' <Predicate = true> <Delay = 0.00>
ST_2 : Operation 31 [1/1] (0.00ns)   --->   "%tmp = read i32 @_ssdm_op_Read.ap_auto.i32P0A, i32 %empty_157" [matrix.cpp:31]   --->   Operation 31 'read' 'tmp' <Predicate = true> <Delay = 0.00>
ST_2 : Operation 32 [1/1] (0.00ns)   --->   "%local_stream_data = bitcast i32 %tmp" [matrix.cpp:31]   --->   Operation 32 'bitcast' 'local_stream_data' <Predicate = true> <Delay = 0.00>
ST_2 : Operation 33 [1/1] (0.00ns)   --->   "%input_B_14_addr = getelementptr i32 %input_B_14, i64 0, i64 %zext_ln28" [matrix.cpp:32]   --->   Operation 33 'getelementptr' 'input_B_14_addr' <Predicate = true> <Delay = 0.00>
ST_2 : Operation 34 [1/1] ( I:1.23ns O:1.23ns )   --->   "%store_ln32 = store i32 %local_stream_data, i5 %input_B_14_addr" [matrix.cpp:32]   --->   Operation 34 'store' 'store_ln32' <Predicate = true> <Delay = 1.23> <CoreInst = "RAM">   --->   Core 82 'RAM' <Latency = 1> <II = 1> <Delay = 1.23> <Storage> <Opcode : 'load' 'store'> <Ports = 2> <Width = 32> <Depth = 32> <RAM>
ST_2 : Operation 35 [1/1] (0.00ns)   --->   "%br_ln28 = br void %for.inc21.14" [matrix.cpp:28]   --->   Operation 35 'br' 'br_ln28' <Predicate = true> <Delay = 0.00>


============================================================
+ Verbose Summary: Timing violations
============================================================
Target clock period: 10.000ns, clock uncertainty: 2.700ns.

 <State 1>: 1.635ns
The critical path consists of the following:
	'store' operation 0 bit ('store_ln13', matrix.cpp:13) of constant 0 on local variable 'col', matrix.cpp:13 [16]  (0.427 ns)
	'load' operation 6 bit ('col', matrix.cpp:28) on local variable 'col', matrix.cpp:13 [19]  (0.000 ns)
	'icmp' operation 1 bit ('icmp_ln28', matrix.cpp:28) [20]  (0.781 ns)
	'store' operation 0 bit ('store_ln13', matrix.cpp:13) of variable 'add_ln28', matrix.cpp:28 on local variable 'col', matrix.cpp:13 [41]  (0.427 ns)

 <State 2>: 1.237ns
The critical path consists of the following:
	'getelementptr' operation 5 bit ('input_B_14_addr', matrix.cpp:32) [39]  (0.000 ns)
	'store' operation 0 bit ('store_ln32', matrix.cpp:32) of variable 'local_stream.data', matrix.cpp:31 on array 'input_B_14' [40]  (1.237 ns)


============================================================
+ Verbose Summary: Binding
============================================================
N/A
* FSMD analyzer results:
  - Output states:
 - Input state : 
  - Chain level:
	State 1
	State 2


============================================================
+ Verbose Summary: Datapath Resource usage 
============================================================
N/A
