C:\Users\Samarth\Desktop\IIIT_Intern\Tutorial_matrix\matrix_8_opt\matrix_8_opt\hls\.autopilot\db\matrix.pp.0.cpp:3159:5: warning: Added loop label VITIS_LOOP_676_1:   [xilinx-label-all-loops]
    for (unsigned i = low; i != high+1; ++i) {
    ^~~
    VITIS_LOOP_676_1: 
C:\Users\Samarth\Desktop\IIIT_Intern\Tutorial_matrix\matrix_8_opt\matrix_8_opt\hls\.autopilot\db\matrix.pp.0.cpp:3159:5: note: FIX-IT applied suggested code changes
C:\Users\Samarth\Desktop\IIIT_Intern\Tutorial_matrix\matrix_8_opt\matrix_8_opt\hls\.autopilot\db\matrix.pp.0.cpp:3173:5: warning: Added loop label VITIS_LOOP_690_1:   [xilinx-label-all-loops]
    for (unsigned i = low; i != high+1; ++i) {
    ^~~
    VITIS_LOOP_690_1: 
C:\Users\Samarth\Desktop\IIIT_Intern\Tutorial_matrix\matrix_8_opt\matrix_8_opt\hls\.autopilot\db\matrix.pp.0.cpp:3173:5: note: FIX-IT applied suggested code changes
C:\Users\Samarth\Desktop\IIIT_Intern\Tutorial_matrix\matrix_8_opt\matrix_8_opt\hls\.autopilot\db\matrix.pp.0.cpp:3187:5: warning: Added loop label VITIS_LOOP_704_1:   [xilinx-label-all-loops]
    for (unsigned i = low; i != high+1; ++i) {
    ^~~
    VITIS_LOOP_704_1: 
C:\Users\Samarth\Desktop\IIIT_Intern\Tutorial_matrix\matrix_8_opt\matrix_8_opt\hls\.autopilot\db\matrix.pp.0.cpp:3187:5: note: FIX-IT applied suggested code changes
C:\Users\Samarth\Desktop\IIIT_Intern\Tutorial_matrix\matrix_8_opt\matrix_8_opt\hls\.autopilot\db\matrix.pp.0.cpp:4821:7: warning: Added loop label VITIS_LOOP_1248_1:   [xilinx-label-all-loops]
      for (i = 0; i < __N - 1; ++i) {
      ^~~
      VITIS_LOOP_1248_1: 
C:\Users\Samarth\Desktop\IIIT_Intern\Tutorial_matrix\matrix_8_opt\matrix_8_opt\hls\.autopilot\db\matrix.pp.0.cpp:4821:7: note: FIX-IT applied suggested code changes
