
*** Running vivado
    with args -log matrix_matrixmul_8_unopt_0_1.vds -m64 -product Vivado -mode batch -messageDb vivado.pb -notrace -source matrix_matrixmul_8_unopt_0_1.tcl



****** Vivado v2024.2 (64-bit)
  **** SW Build 5239630 on Fri Nov 08 22:35:27 MST 2024
  **** IP Build 5239520 on Sun Nov 10 16:12:51 MST 2024
  **** SharedData Build 5239561 on Fri Nov 08 14:39:27 MST 2024
  **** Start of session at: Mon Jun  2 21:46:08 2025
    ** Copyright 1986-2022 Xilinx, Inc. All Rights Reserved.
    ** Copyright 2022-2024 Advanced Micro Devices, Inc. All Rights Reserved.

source matrix_matrixmul_8_unopt_0_1.tcl -notrace
INFO: [IP_Flow 19-234] Refreshing IP repositories
INFO: [IP_Flow 19-1700] Loaded user IP repository 'c:/Users/Samarth/demo_matrix'.
INFO: [IP_Flow 19-2313] Loaded Vivado IP repository 'C:/Xilinx_2024_ent/Vivado/2024.2/data/ip'.
WARNING: [IP_Flow 19-4995] The host OS only allows 260 characters in a normal path. The IP cache path is more than 80 characters. If you experience issues with IP caching, please consider changing the IP cache to a location with a shorter path. Alternately consider using the OS subst command to map part of the path to a drive letter. 
Current IP cache path is c:/Users/Samarth/Desktop/IIIT_Intern/Tutorial_matrix/Vivado_files/demo_matrix/demo_matrix.cache/ip 
INFO: [IP_Flow 19-6924] IPCACHE: Running cache check for IP inst: matrix_matrixmul_8_unopt_0_1
Command: synth_design -top matrix_matrixmul_8_unopt_0_1 -part xczu28dr-ffvg1517-2-e -incremental_mode off -mode out_of_context
Starting synth_design
Attempting to get a license for feature 'Synthesis' and/or device 'xczu28dr'
INFO: [Common 17-349] Got license for feature 'Synthesis' and/or device 'xczu28dr'
INFO: [Common 17-1540] The version limit for your license is '2025.01' and has expired for new software. A version limit expiration means that, although you may be able to continue to use the current version of tools or IP with this license, you will not be eligible for new releases.
INFO: [Device 21-403] Loading part xczu28dr-ffvg1517-2-e
INFO: [Synth 8-7079] Multithreading enabled for synth_design using a maximum of 2 processes.
INFO: [Synth 8-7078] Launching helper process for spawning children vivado processes
INFO: [Synth 8-7075] Helper process launched with PID 23972
---------------------------------------------------------------------------------
Starting RTL Elaboration : Time (s): cpu = 00:00:18 ; elapsed = 00:00:29 . Memory (MB): peak = 1857.789 ; gain = 381.215
---------------------------------------------------------------------------------
INFO: [Synth 8-6157] synthesizing module 'matrix_matrixmul_8_unopt_0_1' [c:/Users/Samarth/Desktop/IIIT_Intern/Tutorial_matrix/Vivado_files/demo_matrix/demo_matrix.gen/sources_1/bd/matrix/ip/matrix_matrixmul_8_unopt_0_1/synth/matrix_matrixmul_8_unopt_0_1.v:53]
INFO: [Synth 8-6157] synthesizing module 'matrixmul_8_unopt' [c:/Users/Samarth/Desktop/IIIT_Intern/Tutorial_matrix/Vivado_files/demo_matrix/demo_matrix.gen/sources_1/bd/matrix/ipshared/e6f2/hdl/verilog/matrixmul_8_unopt.v:9]
INFO: [Synth 8-6157] synthesizing module 'matrixmul_8_unopt_matrixmul_8_unopt_Pipeline_loop_input_A2' [c:/Users/Samarth/Desktop/IIIT_Intern/Tutorial_matrix/Vivado_files/demo_matrix/demo_matrix.gen/sources_1/bd/matrix/ipshared/e6f2/hdl/verilog/matrixmul_8_unopt_matrixmul_8_unopt_Pipeline_loop_input_A2.v:9]
INFO: [Synth 8-6157] synthesizing module 'matrixmul_8_unopt_flow_control_loop_pipe_sequential_init' [c:/Users/Samarth/Desktop/IIIT_Intern/Tutorial_matrix/Vivado_files/demo_matrix/demo_matrix.gen/sources_1/bd/matrix/ipshared/e6f2/hdl/verilog/matrixmul_8_unopt_flow_control_loop_pipe_sequential_init.v:11]
INFO: [Synth 8-6155] done synthesizing module 'matrixmul_8_unopt_flow_control_loop_pipe_sequential_init' (0#1) [c:/Users/Samarth/Desktop/IIIT_Intern/Tutorial_matrix/Vivado_files/demo_matrix/demo_matrix.gen/sources_1/bd/matrix/ipshared/e6f2/hdl/verilog/matrixmul_8_unopt_flow_control_loop_pipe_sequential_init.v:11]
INFO: [Synth 8-6155] done synthesizing module 'matrixmul_8_unopt_matrixmul_8_unopt_Pipeline_loop_input_A2' (0#1) [c:/Users/Samarth/Desktop/IIIT_Intern/Tutorial_matrix/Vivado_files/demo_matrix/demo_matrix.gen/sources_1/bd/matrix/ipshared/e6f2/hdl/verilog/matrixmul_8_unopt_matrixmul_8_unopt_Pipeline_loop_input_A2.v:9]
INFO: [Synth 8-6157] synthesizing module 'matrixmul_8_unopt_matrixmul_8_unopt_Pipeline_loop_input_B2' [c:/Users/Samarth/Desktop/IIIT_Intern/Tutorial_matrix/Vivado_files/demo_matrix/demo_matrix.gen/sources_1/bd/matrix/ipshared/e6f2/hdl/verilog/matrixmul_8_unopt_matrixmul_8_unopt_Pipeline_loop_input_B2.v:9]
INFO: [Synth 8-6155] done synthesizing module 'matrixmul_8_unopt_matrixmul_8_unopt_Pipeline_loop_input_B2' (0#1) [c:/Users/Samarth/Desktop/IIIT_Intern/Tutorial_matrix/Vivado_files/demo_matrix/demo_matrix.gen/sources_1/bd/matrix/ipshared/e6f2/hdl/verilog/matrixmul_8_unopt_matrixmul_8_unopt_Pipeline_loop_input_B2.v:9]
INFO: [Synth 8-6157] synthesizing module 'matrixmul_8_unopt_matrixmul_8_unopt_Pipeline_loop3' [c:/Users/Samarth/Desktop/IIIT_Intern/Tutorial_matrix/Vivado_files/demo_matrix/demo_matrix.gen/sources_1/bd/matrix/ipshared/e6f2/hdl/verilog/matrixmul_8_unopt_matrixmul_8_unopt_Pipeline_loop3.v:9]
INFO: [Synth 8-6157] synthesizing module 'matrixmul_8_unopt_fadd_32ns_32ns_32_4_full_dsp_1' [c:/Users/Samarth/Desktop/IIIT_Intern/Tutorial_matrix/Vivado_files/demo_matrix/demo_matrix.gen/sources_1/bd/matrix/ipshared/e6f2/hdl/verilog/matrixmul_8_unopt_fadd_32ns_32ns_32_4_full_dsp_1.v:9]
INFO: [Synth 8-6157] synthesizing module 'matrixmul_8_unopt_fadd_32ns_32ns_32_4_full_dsp_1_ip' [c:/Users/Samarth/Desktop/IIIT_Intern/Tutorial_matrix/Vivado_files/demo_matrix/demo_matrix.gen/sources_1/bd/matrix/ipshared/e6f2/hdl/ip/matrixmul_8_unopt_fadd_32ns_32ns_32_4_full_dsp_1_ip.v:53]
INFO: [Synth 8-6157] synthesizing module 'LUT1' [C:/Xilinx_2024_ent/Vivado/2024.2/scripts/rt/data/unisim_comp_diablo.v:87650]
INFO: [Synth 8-6155] done synthesizing module 'LUT1' (0#1) [C:/Xilinx_2024_ent/Vivado/2024.2/scripts/rt/data/unisim_comp_diablo.v:87650]
INFO: [Synth 8-6155] done synthesizing module 'matrixmul_8_unopt_fadd_32ns_32ns_32_4_full_dsp_1_ip' (0#1) [c:/Users/Samarth/Desktop/IIIT_Intern/Tutorial_matrix/Vivado_files/demo_matrix/demo_matrix.gen/sources_1/bd/matrix/ipshared/e6f2/hdl/ip/matrixmul_8_unopt_fadd_32ns_32ns_32_4_full_dsp_1_ip.v:53]
INFO: [Synth 8-6155] done synthesizing module 'matrixmul_8_unopt_fadd_32ns_32ns_32_4_full_dsp_1' (0#1) [c:/Users/Samarth/Desktop/IIIT_Intern/Tutorial_matrix/Vivado_files/demo_matrix/demo_matrix.gen/sources_1/bd/matrix/ipshared/e6f2/hdl/verilog/matrixmul_8_unopt_fadd_32ns_32ns_32_4_full_dsp_1.v:9]
INFO: [Synth 8-6157] synthesizing module 'matrixmul_8_unopt_fmul_32ns_32ns_32_3_max_dsp_1' [c:/Users/Samarth/Desktop/IIIT_Intern/Tutorial_matrix/Vivado_files/demo_matrix/demo_matrix.gen/sources_1/bd/matrix/ipshared/e6f2/hdl/verilog/matrixmul_8_unopt_fmul_32ns_32ns_32_3_max_dsp_1.v:9]
INFO: [Synth 8-6157] synthesizing module 'matrixmul_8_unopt_fmul_32ns_32ns_32_3_max_dsp_1_ip' [c:/Users/Samarth/Desktop/IIIT_Intern/Tutorial_matrix/Vivado_files/demo_matrix/demo_matrix.gen/sources_1/bd/matrix/ipshared/e6f2/hdl/ip/matrixmul_8_unopt_fmul_32ns_32ns_32_3_max_dsp_1_ip.v:53]
INFO: [Synth 8-6155] done synthesizing module 'matrixmul_8_unopt_fmul_32ns_32ns_32_3_max_dsp_1_ip' (0#1) [c:/Users/Samarth/Desktop/IIIT_Intern/Tutorial_matrix/Vivado_files/demo_matrix/demo_matrix.gen/sources_1/bd/matrix/ipshared/e6f2/hdl/ip/matrixmul_8_unopt_fmul_32ns_32ns_32_3_max_dsp_1_ip.v:53]
INFO: [Synth 8-6155] done synthesizing module 'matrixmul_8_unopt_fmul_32ns_32ns_32_3_max_dsp_1' (0#1) [c:/Users/Samarth/Desktop/IIIT_Intern/Tutorial_matrix/Vivado_files/demo_matrix/demo_matrix.gen/sources_1/bd/matrix/ipshared/e6f2/hdl/verilog/matrixmul_8_unopt_fmul_32ns_32ns_32_3_max_dsp_1.v:9]
INFO: [Synth 8-6157] synthesizing module 'matrixmul_8_unopt_sparsemux_17_3_32_1_1' [c:/Users/Samarth/Desktop/IIIT_Intern/Tutorial_matrix/Vivado_files/demo_matrix/demo_matrix.gen/sources_1/bd/matrix/ipshared/e6f2/hdl/verilog/matrixmul_8_unopt_sparsemux_17_3_32_1_1.v:9]
INFO: [Synth 8-226] default block is never used [c:/Users/Samarth/Desktop/IIIT_Intern/Tutorial_matrix/Vivado_files/demo_matrix/demo_matrix.gen/sources_1/bd/matrix/ipshared/e6f2/hdl/verilog/matrixmul_8_unopt_sparsemux_17_3_32_1_1.v:79]
INFO: [Synth 8-6155] done synthesizing module 'matrixmul_8_unopt_sparsemux_17_3_32_1_1' (0#1) [c:/Users/Samarth/Desktop/IIIT_Intern/Tutorial_matrix/Vivado_files/demo_matrix/demo_matrix.gen/sources_1/bd/matrix/ipshared/e6f2/hdl/verilog/matrixmul_8_unopt_sparsemux_17_3_32_1_1.v:9]
INFO: [Synth 8-6155] done synthesizing module 'matrixmul_8_unopt_matrixmul_8_unopt_Pipeline_loop3' (0#1) [c:/Users/Samarth/Desktop/IIIT_Intern/Tutorial_matrix/Vivado_files/demo_matrix/demo_matrix.gen/sources_1/bd/matrix/ipshared/e6f2/hdl/verilog/matrixmul_8_unopt_matrixmul_8_unopt_Pipeline_loop3.v:9]
INFO: [Synth 8-6157] synthesizing module 'matrixmul_8_unopt_matrixmul_8_unopt_Pipeline_loop_output_C2' [c:/Users/Samarth/Desktop/IIIT_Intern/Tutorial_matrix/Vivado_files/demo_matrix/demo_matrix.gen/sources_1/bd/matrix/ipshared/e6f2/hdl/verilog/matrixmul_8_unopt_matrixmul_8_unopt_Pipeline_loop_output_C2.v:9]
INFO: [Synth 8-6155] done synthesizing module 'matrixmul_8_unopt_matrixmul_8_unopt_Pipeline_loop_output_C2' (0#1) [c:/Users/Samarth/Desktop/IIIT_Intern/Tutorial_matrix/Vivado_files/demo_matrix/demo_matrix.gen/sources_1/bd/matrix/ipshared/e6f2/hdl/verilog/matrixmul_8_unopt_matrixmul_8_unopt_Pipeline_loop_output_C2.v:9]
INFO: [Synth 8-6157] synthesizing module 'matrixmul_8_unopt_regslice_both' [c:/Users/Samarth/Desktop/IIIT_Intern/Tutorial_matrix/Vivado_files/demo_matrix/demo_matrix.gen/sources_1/bd/matrix/ipshared/e6f2/hdl/verilog/matrixmul_8_unopt_regslice_both.v:8]
INFO: [Synth 8-6155] done synthesizing module 'matrixmul_8_unopt_regslice_both' (0#1) [c:/Users/Samarth/Desktop/IIIT_Intern/Tutorial_matrix/Vivado_files/demo_matrix/demo_matrix.gen/sources_1/bd/matrix/ipshared/e6f2/hdl/verilog/matrixmul_8_unopt_regslice_both.v:8]
INFO: [Synth 8-6157] synthesizing module 'matrixmul_8_unopt_regslice_both__parameterized0' [c:/Users/Samarth/Desktop/IIIT_Intern/Tutorial_matrix/Vivado_files/demo_matrix/demo_matrix.gen/sources_1/bd/matrix/ipshared/e6f2/hdl/verilog/matrixmul_8_unopt_regslice_both.v:8]
INFO: [Synth 8-6155] done synthesizing module 'matrixmul_8_unopt_regslice_both__parameterized0' (0#1) [c:/Users/Samarth/Desktop/IIIT_Intern/Tutorial_matrix/Vivado_files/demo_matrix/demo_matrix.gen/sources_1/bd/matrix/ipshared/e6f2/hdl/verilog/matrixmul_8_unopt_regslice_both.v:8]
INFO: [Synth 8-6157] synthesizing module 'matrixmul_8_unopt_regslice_both__parameterized1' [c:/Users/Samarth/Desktop/IIIT_Intern/Tutorial_matrix/Vivado_files/demo_matrix/demo_matrix.gen/sources_1/bd/matrix/ipshared/e6f2/hdl/verilog/matrixmul_8_unopt_regslice_both.v:8]
INFO: [Synth 8-6155] done synthesizing module 'matrixmul_8_unopt_regslice_both__parameterized1' (0#1) [c:/Users/Samarth/Desktop/IIIT_Intern/Tutorial_matrix/Vivado_files/demo_matrix/demo_matrix.gen/sources_1/bd/matrix/ipshared/e6f2/hdl/verilog/matrixmul_8_unopt_regslice_both.v:8]
INFO: [Synth 8-6155] done synthesizing module 'matrixmul_8_unopt' (0#1) [c:/Users/Samarth/Desktop/IIIT_Intern/Tutorial_matrix/Vivado_files/demo_matrix/demo_matrix.gen/sources_1/bd/matrix/ipshared/e6f2/hdl/verilog/matrixmul_8_unopt.v:9]
INFO: [Synth 8-6155] done synthesizing module 'matrix_matrixmul_8_unopt_0_1' (0#1) [c:/Users/Samarth/Desktop/IIIT_Intern/Tutorial_matrix/Vivado_files/demo_matrix/demo_matrix.gen/sources_1/bd/matrix/ip/matrix_matrixmul_8_unopt_0_1/synth/matrix_matrixmul_8_unopt_0_1.v:53]
INFO: [Synth 8-4490] FSM extraction disabled for register 'ap_CS_fsm_reg' through user attribute
INFO: [Synth 8-4490] FSM extraction disabled for register 'ap_CS_fsm_reg' through user attribute
WARNING: [Synth 8-7129] Port CLK in module xbip_pipe_v3_0_10_viv__parameterized3 is either unconnected or has no load
WARNING: [Synth 8-7129] Port CE in module xbip_pipe_v3_0_10_viv__parameterized3 is either unconnected or has no load
WARNING: [Synth 8-7129] Port SCLR in module xbip_pipe_v3_0_10_viv__parameterized3 is either unconnected or has no load
WARNING: [Synth 8-7129] Port SSET in module xbip_pipe_v3_0_10_viv__parameterized3 is either unconnected or has no load
WARNING: [Synth 8-7129] Port SINIT in module xbip_pipe_v3_0_10_viv__parameterized3 is either unconnected or has no load
WARNING: [Synth 8-7129] Port CLK in module xbip_pipe_v3_0_10_viv__parameterized57 is either unconnected or has no load
WARNING: [Synth 8-7129] Port CE in module xbip_pipe_v3_0_10_viv__parameterized57 is either unconnected or has no load
WARNING: [Synth 8-7129] Port SCLR in module xbip_pipe_v3_0_10_viv__parameterized57 is either unconnected or has no load
WARNING: [Synth 8-7129] Port SSET in module xbip_pipe_v3_0_10_viv__parameterized57 is either unconnected or has no load
WARNING: [Synth 8-7129] Port SINIT in module xbip_pipe_v3_0_10_viv__parameterized57 is either unconnected or has no load
WARNING: [Synth 8-7129] Port DEC_OP_STATE[11] in module flt_dec_op_lat is either unconnected or has no load
WARNING: [Synth 8-7129] Port DEC_OP_STATE[10] in module flt_dec_op_lat is either unconnected or has no load
WARNING: [Synth 8-7129] Port DEC_OP_STATE[9] in module flt_dec_op_lat is either unconnected or has no load
WARNING: [Synth 8-7129] Port DEC_OP_STATE[8] in module flt_dec_op_lat is either unconnected or has no load
WARNING: [Synth 8-7129] Port DIVIDE_BY_ZERO_IN in module flt_dec_op_lat is either unconnected or has no load
WARNING: [Synth 8-7129] Port CLK in module xbip_pipe_v3_0_10_viv__parameterized33 is either unconnected or has no load
WARNING: [Synth 8-7129] Port CE in module xbip_pipe_v3_0_10_viv__parameterized33 is either unconnected or has no load
WARNING: [Synth 8-7129] Port SCLR in module xbip_pipe_v3_0_10_viv__parameterized33 is either unconnected or has no load
WARNING: [Synth 8-7129] Port SSET in module xbip_pipe_v3_0_10_viv__parameterized33 is either unconnected or has no load
WARNING: [Synth 8-7129] Port SINIT in module xbip_pipe_v3_0_10_viv__parameterized33 is either unconnected or has no load
WARNING: [Synth 8-7129] Port CLK in module xbip_pipe_v3_0_10_viv__parameterized70 is either unconnected or has no load
WARNING: [Synth 8-7129] Port CE in module xbip_pipe_v3_0_10_viv__parameterized70 is either unconnected or has no load
WARNING: [Synth 8-7129] Port SCLR in module xbip_pipe_v3_0_10_viv__parameterized70 is either unconnected or has no load
WARNING: [Synth 8-7129] Port SSET in module xbip_pipe_v3_0_10_viv__parameterized70 is either unconnected or has no load
WARNING: [Synth 8-7129] Port SINIT in module xbip_pipe_v3_0_10_viv__parameterized70 is either unconnected or has no load
WARNING: [Synth 8-7129] Port CLK in module xbip_pipe_v3_0_10_viv__parameterized68 is either unconnected or has no load
WARNING: [Synth 8-7129] Port CE in module xbip_pipe_v3_0_10_viv__parameterized68 is either unconnected or has no load
WARNING: [Synth 8-7129] Port SCLR in module xbip_pipe_v3_0_10_viv__parameterized68 is either unconnected or has no load
WARNING: [Synth 8-7129] Port SSET in module xbip_pipe_v3_0_10_viv__parameterized68 is either unconnected or has no load
WARNING: [Synth 8-7129] Port SINIT in module xbip_pipe_v3_0_10_viv__parameterized68 is either unconnected or has no load
WARNING: [Synth 8-7129] Port CLK in module xbip_pipe_v3_0_10_viv__parameterized13 is either unconnected or has no load
WARNING: [Synth 8-7129] Port CE in module xbip_pipe_v3_0_10_viv__parameterized13 is either unconnected or has no load
WARNING: [Synth 8-7129] Port SCLR in module xbip_pipe_v3_0_10_viv__parameterized13 is either unconnected or has no load
WARNING: [Synth 8-7129] Port SSET in module xbip_pipe_v3_0_10_viv__parameterized13 is either unconnected or has no load
WARNING: [Synth 8-7129] Port SINIT in module xbip_pipe_v3_0_10_viv__parameterized13 is either unconnected or has no load
WARNING: [Synth 8-7129] Port CLK in module xbip_pipe_v3_0_10_viv__parameterized11 is either unconnected or has no load
WARNING: [Synth 8-7129] Port CE in module xbip_pipe_v3_0_10_viv__parameterized11 is either unconnected or has no load
WARNING: [Synth 8-7129] Port SCLR in module xbip_pipe_v3_0_10_viv__parameterized11 is either unconnected or has no load
WARNING: [Synth 8-7129] Port SSET in module xbip_pipe_v3_0_10_viv__parameterized11 is either unconnected or has no load
WARNING: [Synth 8-7129] Port SINIT in module xbip_pipe_v3_0_10_viv__parameterized11 is either unconnected or has no load
WARNING: [Synth 8-7129] Port CLK in module xbip_pipe_v3_0_10_viv__parameterized7 is either unconnected or has no load
WARNING: [Synth 8-7129] Port CE in module xbip_pipe_v3_0_10_viv__parameterized7 is either unconnected or has no load
WARNING: [Synth 8-7129] Port SCLR in module xbip_pipe_v3_0_10_viv__parameterized7 is either unconnected or has no load
WARNING: [Synth 8-7129] Port SSET in module xbip_pipe_v3_0_10_viv__parameterized7 is either unconnected or has no load
WARNING: [Synth 8-7129] Port SINIT in module xbip_pipe_v3_0_10_viv__parameterized7 is either unconnected or has no load
WARNING: [Synth 8-7129] Port SCLR in module dsp48e1_wrapper__parameterized3 is either unconnected or has no load
WARNING: [Synth 8-7129] Port SIGN in module flt_round_dsp_opt_full is either unconnected or has no load
WARNING: [Synth 8-7129] Port CLK in module xbip_pipe_v3_0_10_viv__parameterized66 is either unconnected or has no load
WARNING: [Synth 8-7129] Port CE in module xbip_pipe_v3_0_10_viv__parameterized66 is either unconnected or has no load
WARNING: [Synth 8-7129] Port SCLR in module xbip_pipe_v3_0_10_viv__parameterized66 is either unconnected or has no load
WARNING: [Synth 8-7129] Port SSET in module xbip_pipe_v3_0_10_viv__parameterized66 is either unconnected or has no load
WARNING: [Synth 8-7129] Port SINIT in module xbip_pipe_v3_0_10_viv__parameterized66 is either unconnected or has no load
WARNING: [Synth 8-7129] Port CLK in module xbip_pipe_v3_0_10_viv__parameterized51 is either unconnected or has no load
WARNING: [Synth 8-7129] Port CE in module xbip_pipe_v3_0_10_viv__parameterized51 is either unconnected or has no load
WARNING: [Synth 8-7129] Port SCLR in module xbip_pipe_v3_0_10_viv__parameterized51 is either unconnected or has no load
WARNING: [Synth 8-7129] Port SSET in module xbip_pipe_v3_0_10_viv__parameterized51 is either unconnected or has no load
WARNING: [Synth 8-7129] Port SINIT in module xbip_pipe_v3_0_10_viv__parameterized51 is either unconnected or has no load
WARNING: [Synth 8-7129] Port CLK in module xbip_pipe_v3_0_10_viv__parameterized49 is either unconnected or has no load
WARNING: [Synth 8-7129] Port CE in module xbip_pipe_v3_0_10_viv__parameterized49 is either unconnected or has no load
WARNING: [Synth 8-7129] Port SCLR in module xbip_pipe_v3_0_10_viv__parameterized49 is either unconnected or has no load
WARNING: [Synth 8-7129] Port SSET in module xbip_pipe_v3_0_10_viv__parameterized49 is either unconnected or has no load
WARNING: [Synth 8-7129] Port SINIT in module xbip_pipe_v3_0_10_viv__parameterized49 is either unconnected or has no load
WARNING: [Synth 8-7129] Port CLK in module xbip_pipe_v3_0_10_viv__parameterized64 is either unconnected or has no load
WARNING: [Synth 8-7129] Port CE in module xbip_pipe_v3_0_10_viv__parameterized64 is either unconnected or has no load
WARNING: [Synth 8-7129] Port SCLR in module xbip_pipe_v3_0_10_viv__parameterized64 is either unconnected or has no load
WARNING: [Synth 8-7129] Port SSET in module xbip_pipe_v3_0_10_viv__parameterized64 is either unconnected or has no load
WARNING: [Synth 8-7129] Port SINIT in module xbip_pipe_v3_0_10_viv__parameterized64 is either unconnected or has no load
WARNING: [Synth 8-7129] Port CLK in module xbip_pipe_v3_0_10_viv__parameterized45 is either unconnected or has no load
WARNING: [Synth 8-7129] Port CE in module xbip_pipe_v3_0_10_viv__parameterized45 is either unconnected or has no load
WARNING: [Synth 8-7129] Port SCLR in module xbip_pipe_v3_0_10_viv__parameterized45 is either unconnected or has no load
WARNING: [Synth 8-7129] Port SSET in module xbip_pipe_v3_0_10_viv__parameterized45 is either unconnected or has no load
WARNING: [Synth 8-7129] Port SINIT in module xbip_pipe_v3_0_10_viv__parameterized45 is either unconnected or has no load
WARNING: [Synth 8-7129] Port CLK in module xbip_pipe_v3_0_10_viv__parameterized53 is either unconnected or has no load
WARNING: [Synth 8-7129] Port CE in module xbip_pipe_v3_0_10_viv__parameterized53 is either unconnected or has no load
WARNING: [Synth 8-7129] Port SCLR in module xbip_pipe_v3_0_10_viv__parameterized53 is either unconnected or has no load
WARNING: [Synth 8-7129] Port SSET in module xbip_pipe_v3_0_10_viv__parameterized53 is either unconnected or has no load
WARNING: [Synth 8-7129] Port SINIT in module xbip_pipe_v3_0_10_viv__parameterized53 is either unconnected or has no load
WARNING: [Synth 8-7129] Port CARRYS_OUT[0] in module compare_eq_im__parameterized1 is either unconnected or has no load
WARNING: [Synth 8-7129] Port A[31] in module special_detect__parameterized0 is either unconnected or has no load
WARNING: [Synth 8-7129] Port CLK in module xbip_pipe_v3_0_10_viv__parameterized62 is either unconnected or has no load
WARNING: [Synth 8-7129] Port CE in module xbip_pipe_v3_0_10_viv__parameterized62 is either unconnected or has no load
WARNING: [Synth 8-7129] Port SCLR in module xbip_pipe_v3_0_10_viv__parameterized62 is either unconnected or has no load
WARNING: [Synth 8-7129] Port SSET in module xbip_pipe_v3_0_10_viv__parameterized62 is either unconnected or has no load
WARNING: [Synth 8-7129] Port SINIT in module xbip_pipe_v3_0_10_viv__parameterized62 is either unconnected or has no load
WARNING: [Synth 8-7129] Port CLK in module xbip_pipe_v3_0_10_viv__parameterized15 is either unconnected or has no load
WARNING: [Synth 8-7129] Port CE in module xbip_pipe_v3_0_10_viv__parameterized15 is either unconnected or has no load
WARNING: [Synth 8-7129] Port SCLR in module xbip_pipe_v3_0_10_viv__parameterized15 is either unconnected or has no load
WARNING: [Synth 8-7129] Port SSET in module xbip_pipe_v3_0_10_viv__parameterized15 is either unconnected or has no load
WARNING: [Synth 8-7129] Port SINIT in module xbip_pipe_v3_0_10_viv__parameterized15 is either unconnected or has no load
WARNING: [Synth 8-7129] Port SCLR in module dsp48e1_wrapper__parameterized2 is either unconnected or has no load
WARNING: [Synth 8-7129] Port CLK in module xbip_pipe_v3_0_10_viv__parameterized60 is either unconnected or has no load
WARNING: [Synth 8-7129] Port CE in module xbip_pipe_v3_0_10_viv__parameterized60 is either unconnected or has no load
WARNING: [Synth 8-7129] Port SCLR in module xbip_pipe_v3_0_10_viv__parameterized60 is either unconnected or has no load
WARNING: [Synth 8-7129] Port SSET in module xbip_pipe_v3_0_10_viv__parameterized60 is either unconnected or has no load
WARNING: [Synth 8-7129] Port SINIT in module xbip_pipe_v3_0_10_viv__parameterized60 is either unconnected or has no load
WARNING: [Synth 8-7129] Port CLK in module xbip_pipe_v3_0_10_viv__parameterized9 is either unconnected or has no load
WARNING: [Synth 8-7129] Port CE in module xbip_pipe_v3_0_10_viv__parameterized9 is either unconnected or has no load
WARNING: [Synth 8-7129] Port SCLR in module xbip_pipe_v3_0_10_viv__parameterized9 is either unconnected or has no load
WARNING: [Synth 8-7129] Port SSET in module xbip_pipe_v3_0_10_viv__parameterized9 is either unconnected or has no load
WARNING: [Synth 8-7129] Port SINIT in module xbip_pipe_v3_0_10_viv__parameterized9 is either unconnected or has no load
INFO: [Common 17-14] Message 'Synth 8-7129' appears 100 times and further instances of the messages will be disabled. Use the Tcl command set_msg_config to change the current settings.
---------------------------------------------------------------------------------
Finished RTL Elaboration : Time (s): cpu = 00:00:31 ; elapsed = 00:00:44 . Memory (MB): peak = 2073.648 ; gain = 597.074
---------------------------------------------------------------------------------
---------------------------------------------------------------------------------
Start Handling Custom Attributes
---------------------------------------------------------------------------------
---------------------------------------------------------------------------------
Finished Handling Custom Attributes : Time (s): cpu = 00:00:31 ; elapsed = 00:00:44 . Memory (MB): peak = 2073.648 ; gain = 597.074
---------------------------------------------------------------------------------
---------------------------------------------------------------------------------
Finished RTL Optimization Phase 1 : Time (s): cpu = 00:00:31 ; elapsed = 00:00:44 . Memory (MB): peak = 2073.648 ; gain = 597.074
---------------------------------------------------------------------------------
Netlist sorting complete. Time (s): cpu = 00:00:00 ; elapsed = 00:00:00.251 . Memory (MB): peak = 2073.648 ; gain = 0.000
INFO: [Netlist 29-17] Analyzing 118 Unisim elements for replacement
INFO: [Netlist 29-28] Unisim Transformation completed in 0 CPU seconds
INFO: [Project 1-570] Preparing netlist for logic optimization

Processing XDC Constraints
Initializing timing engine
Parsing XDC File [c:/Users/Samarth/Desktop/IIIT_Intern/Tutorial_matrix/Vivado_files/demo_matrix/demo_matrix.gen/sources_1/bd/matrix/ip/matrix_matrixmul_8_unopt_0_1/constraints/matrixmul_8_unopt_ooc.xdc] for cell 'inst'
Finished Parsing XDC File [c:/Users/Samarth/Desktop/IIIT_Intern/Tutorial_matrix/Vivado_files/demo_matrix/demo_matrix.gen/sources_1/bd/matrix/ip/matrix_matrixmul_8_unopt_0_1/constraints/matrixmul_8_unopt_ooc.xdc] for cell 'inst'
Parsing XDC File [C:/Users/Samarth/Desktop/IIIT_Intern/Tutorial_matrix/Vivado_files/demo_matrix/demo_matrix.runs/matrix_matrixmul_8_unopt_0_1_synth_1/dont_touch.xdc]
Finished Parsing XDC File [C:/Users/Samarth/Desktop/IIIT_Intern/Tutorial_matrix/Vivado_files/demo_matrix/demo_matrix.runs/matrix_matrixmul_8_unopt_0_1_synth_1/dont_touch.xdc]
Completed Processing XDC Constraints

Netlist sorting complete. Time (s): cpu = 00:00:00 ; elapsed = 00:00:00.004 . Memory (MB): peak = 2170.879 ; gain = 0.000
INFO: [Project 1-111] Unisim Transformation Summary:
  A total of 16 instances were transformed.
  DSP48E1 => DSP48E2 (DSP_ALU, DSP_A_B_DATA, DSP_C_DATA, DSP_MULTIPLIER, DSP_M_DATA, DSP_OUTPUT, DSP_PREADD, DSP_PREADD_DATA): 5 instances
  FDE => FDRE: 11 instances

Constraint Validation Runtime : Time (s): cpu = 00:00:00 ; elapsed = 00:00:00.223 . Memory (MB): peak = 2171.012 ; gain = 0.133
INFO: [Designutils 20-5008] Incremental synthesis strategy off
---------------------------------------------------------------------------------
Finished Constraint Validation : Time (s): cpu = 00:00:58 ; elapsed = 00:01:14 . Memory (MB): peak = 2171.012 ; gain = 694.438
---------------------------------------------------------------------------------
---------------------------------------------------------------------------------
Start Loading Part and Timing Information
---------------------------------------------------------------------------------
Loading part: xczu28dr-ffvg1517-2-e
INFO: [Synth 8-6742] Reading net delay rules and data
---------------------------------------------------------------------------------
Finished Loading Part and Timing Information : Time (s): cpu = 00:00:58 ; elapsed = 00:01:14 . Memory (MB): peak = 2171.012 ; gain = 694.438
---------------------------------------------------------------------------------
---------------------------------------------------------------------------------
Start Applying 'set_property' XDC Constraints
---------------------------------------------------------------------------------
Applied set_property KEEP_HIERARCHY = SOFT for inst. (constraint file  C:/Users/Samarth/Desktop/IIIT_Intern/Tutorial_matrix/Vivado_files/demo_matrix/demo_matrix.runs/matrix_matrixmul_8_unopt_0_1_synth_1/dont_touch.xdc, line 9).
---------------------------------------------------------------------------------
Finished applying 'set_property' XDC Constraints : Time (s): cpu = 00:00:58 ; elapsed = 00:01:14 . Memory (MB): peak = 2171.012 ; gain = 694.438
---------------------------------------------------------------------------------
INFO: [Synth 8-4490] FSM extraction disabled for register 'ap_CS_fsm_reg' through user attribute
INFO: [Synth 8-4490] FSM extraction disabled for register 'ap_CS_fsm_reg' through user attribute
INFO: [Synth 8-4490] FSM extraction disabled for register 'ap_CS_fsm_reg' through user attribute
INFO: [Synth 8-802] inferred FSM for state register 'state_reg' in module 'matrixmul_8_unopt_regslice_both'
INFO: [Synth 8-802] inferred FSM for state register 'state_reg' in module 'matrixmul_8_unopt_regslice_both__parameterized0'
INFO: [Synth 8-802] inferred FSM for state register 'state_reg' in module 'matrixmul_8_unopt_regslice_both__parameterized1'
INFO: [Synth 8-4490] FSM extraction disabled for register 'ap_CS_fsm_reg' through user attribute
INFO: [Synth 8-4490] FSM extraction disabled for register 'ap_CS_fsm_reg' through user attribute
INFO: [Synth 8-4490] FSM extraction disabled for register 'ap_CS_fsm_reg' through user attribute
---------------------------------------------------------------------------------------------------
                   State |                     New Encoding |                Previous Encoding 
---------------------------------------------------------------------------------------------------
                  iSTATE |                               00 |                               00
*
                    ZERO |                               01 |                               10
                     ONE |                               11 |                               11
                     TWO |                               10 |                               01
---------------------------------------------------------------------------------------------------
INFO: [Synth 8-3354] encoded FSM with state register 'state_reg' using encoding 'sequential' in module 'matrixmul_8_unopt_regslice_both'
---------------------------------------------------------------------------------------------------
                   State |                     New Encoding |                Previous Encoding 
---------------------------------------------------------------------------------------------------
                  iSTATE |                               00 |                               00
*
                    ZERO |                               01 |                               10
                     ONE |                               11 |                               11
                     TWO |                               10 |                               01
---------------------------------------------------------------------------------------------------
INFO: [Synth 8-3354] encoded FSM with state register 'state_reg' using encoding 'sequential' in module 'matrixmul_8_unopt_regslice_both__parameterized0'
---------------------------------------------------------------------------------------------------
                   State |                     New Encoding |                Previous Encoding 
---------------------------------------------------------------------------------------------------
                  iSTATE |                               00 |                               00
*
                    ZERO |                               01 |                               10
                     ONE |                               11 |                               11
                     TWO |                               10 |                               01
---------------------------------------------------------------------------------------------------
INFO: [Synth 8-3354] encoded FSM with state register 'state_reg' using encoding 'sequential' in module 'matrixmul_8_unopt_regslice_both__parameterized1'
---------------------------------------------------------------------------------
Finished RTL Optimization Phase 2 : Time (s): cpu = 00:01:01 ; elapsed = 00:01:17 . Memory (MB): peak = 2171.012 ; gain = 694.438
---------------------------------------------------------------------------------
INFO: [Synth 8-223] decloning instance 'inst/grp_matrixmul_8_unopt_Pipeline_loop3_fu_1055/fadd_32ns_32ns_32_4_full_dsp_1_U139/matrixmul_8_unopt_fadd_32ns_32ns_32_4_full_dsp_1_ip_u/inst/i_synth/ADDSUB_OP.ADDSUB/DSP.OP/DSP48E1_BODY.ALIGN_ADD/SUB_DELAY' (delay__parameterized0) to 'inst/grp_matrixmul_8_unopt_Pipeline_loop3_fu_1055/fadd_32ns_32ns_32_4_full_dsp_1_U139/matrixmul_8_unopt_fadd_32ns_32ns_32_4_full_dsp_1_ip_u/inst/i_synth/ADDSUB_OP.ADDSUB/DSP.OP/DSP48E1_BODY.ALIGN_ADD/SUB_ADD_IP_DELAY'
INFO: [Synth 8-223] decloning instance 'inst/grp_matrixmul_8_unopt_Pipeline_loop3_fu_1055/fadd_32ns_32ns_32_4_full_dsp_1_U139/matrixmul_8_unopt_fadd_32ns_32ns_32_4_full_dsp_1_ip_u/inst/i_synth/DELAY_DIVIDE_BY_ZERO' (delay__parameterized0) to 'inst/grp_matrixmul_8_unopt_Pipeline_loop3_fu_1055/fadd_32ns_32ns_32_4_full_dsp_1_U139/matrixmul_8_unopt_fadd_32ns_32ns_32_4_full_dsp_1_ip_u/inst/i_synth/DELAY_ACCUM_OVERFLOW'
INFO: [Synth 8-223] decloning instance 'inst/grp_matrixmul_8_unopt_Pipeline_loop3_fu_1055/fadd_32ns_32ns_32_4_full_dsp_1_U139/matrixmul_8_unopt_fadd_32ns_32ns_32_4_full_dsp_1_ip_u/inst/i_synth/DELAY_DIVIDE_BY_ZERO' (delay__parameterized0) to 'inst/grp_matrixmul_8_unopt_Pipeline_loop3_fu_1055/fadd_32ns_32ns_32_4_full_dsp_1_U139/matrixmul_8_unopt_fadd_32ns_32ns_32_4_full_dsp_1_ip_u/inst/i_synth/DELAY_ACCUM_INPUT_OVERFLOW'
INFO: [Synth 8-223] decloning instance 'inst/grp_matrixmul_8_unopt_Pipeline_loop3_fu_1055/fmul_32ns_32ns_32_3_max_dsp_1_U140/matrixmul_8_unopt_fmul_32ns_32ns_32_3_max_dsp_1_ip_u/inst/i_synth/DELAY_DIVIDE_BY_ZERO' (delay__parameterized0) to 'inst/grp_matrixmul_8_unopt_Pipeline_loop3_fu_1055/fmul_32ns_32ns_32_3_max_dsp_1_U140/matrixmul_8_unopt_fmul_32ns_32ns_32_3_max_dsp_1_ip_u/inst/i_synth/DELAY_ACCUM_OVERFLOW'
INFO: [Synth 8-223] decloning instance 'inst/grp_matrixmul_8_unopt_Pipeline_loop3_fu_1055/fmul_32ns_32ns_32_3_max_dsp_1_U140/matrixmul_8_unopt_fmul_32ns_32ns_32_3_max_dsp_1_ip_u/inst/i_synth/DELAY_DIVIDE_BY_ZERO' (delay__parameterized0) to 'inst/grp_matrixmul_8_unopt_Pipeline_loop3_fu_1055/fmul_32ns_32ns_32_3_max_dsp_1_U140/matrixmul_8_unopt_fmul_32ns_32ns_32_3_max_dsp_1_ip_u/inst/i_synth/DELAY_ACCUM_INPUT_OVERFLOW'
---------------------------------------------------------------------------------
Start RTL Component Statistics 
---------------------------------------------------------------------------------
---------------------------------------------------------------------------------
Finished RTL Component Statistics 
---------------------------------------------------------------------------------
---------------------------------------------------------------------------------
Start Part Resource Summary
---------------------------------------------------------------------------------
Part Resources:
DSPs: 4272 (col length:192)
BRAMs: 2160 (col length: RAMB18 192 RAMB36 96)
---------------------------------------------------------------------------------
Finished Part Resource Summary
---------------------------------------------------------------------------------
---------------------------------------------------------------------------------
Start Cross Boundary and Area Optimization
---------------------------------------------------------------------------------
WARNING: [Synth 8-7080] Parallel synthesis criteria is not met
INFO: [Synth 8-3332] Sequential element (ADDSUB_OP.ADDSUB/DSP.OP/DSP48E1_BODY.NORM_RND/FULL_USAGE_DSP.LOD/dist_norm_reg[1]) is unused and will be removed from module floating_point_v7_1_19_viv.
INFO: [Synth 8-3332] Sequential element (ADDSUB_OP.ADDSUB/DSP.OP/DSP48E1_BODY.NORM_RND/FULL_USAGE_DSP.LOD/dist_norm_reg[0]) is unused and will be removed from module floating_point_v7_1_19_viv.
WARNING: [Synth 8-3332] Sequential element (FSM_sequential_state_reg[1]) is unused and will be removed from module matrixmul_8_unopt_regslice_both__parameterized0__1.
WARNING: [Synth 8-3332] Sequential element (FSM_sequential_state_reg[0]) is unused and will be removed from module matrixmul_8_unopt_regslice_both__parameterized0__1.
WARNING: [Synth 8-3332] Sequential element (FSM_sequential_state_reg[1]) is unused and will be removed from module matrixmul_8_unopt_regslice_both__parameterized0__2.
WARNING: [Synth 8-3332] Sequential element (FSM_sequential_state_reg[0]) is unused and will be removed from module matrixmul_8_unopt_regslice_both__parameterized0__2.
WARNING: [Synth 8-3332] Sequential element (FSM_sequential_state_reg[1]) is unused and will be removed from module matrixmul_8_unopt_regslice_both__parameterized1__1.
WARNING: [Synth 8-3332] Sequential element (FSM_sequential_state_reg[0]) is unused and will be removed from module matrixmul_8_unopt_regslice_both__parameterized1__1.
---------------------------------------------------------------------------------
Finished Cross Boundary and Area Optimization : Time (s): cpu = 00:01:18 ; elapsed = 00:01:41 . Memory (MB): peak = 2171.012 ; gain = 694.438
---------------------------------------------------------------------------------
---------------------------------------------------------------------------------
Start Applying XDC Timing Constraints
---------------------------------------------------------------------------------
---------------------------------------------------------------------------------
Finished Applying XDC Timing Constraints : Time (s): cpu = 00:01:31 ; elapsed = 00:01:58 . Memory (MB): peak = 2620.668 ; gain = 1144.094
---------------------------------------------------------------------------------
---------------------------------------------------------------------------------
Start Timing Optimization
---------------------------------------------------------------------------------
---------------------------------------------------------------------------------
Finished Timing Optimization : Time (s): cpu = 00:01:36 ; elapsed = 00:02:06 . Memory (MB): peak = 2729.645 ; gain = 1253.070
---------------------------------------------------------------------------------
---------------------------------------------------------------------------------
Start Technology Mapping
---------------------------------------------------------------------------------
WARNING: [Synth 8-3332] Sequential element (regslice_both_out_C_V_strb_V_U/FSM_sequential_state_reg[1]) is unused and will be removed from module matrixmul_8_unopt.
WARNING: [Synth 8-3332] Sequential element (regslice_both_out_C_V_strb_V_U/FSM_sequential_state_reg[0]) is unused and will be removed from module matrixmul_8_unopt.
---------------------------------------------------------------------------------
Finished Technology Mapping : Time (s): cpu = 00:01:40 ; elapsed = 00:02:15 . Memory (MB): peak = 2747.754 ; gain = 1271.180
---------------------------------------------------------------------------------
---------------------------------------------------------------------------------
Start IO Insertion
---------------------------------------------------------------------------------
---------------------------------------------------------------------------------
Start Flattening Before IO Insertion
---------------------------------------------------------------------------------
---------------------------------------------------------------------------------
Finished Flattening Before IO Insertion
---------------------------------------------------------------------------------
---------------------------------------------------------------------------------
Start Final Netlist Cleanup
---------------------------------------------------------------------------------
---------------------------------------------------------------------------------
Finished Final Netlist Cleanup
---------------------------------------------------------------------------------
---------------------------------------------------------------------------------
Finished IO Insertion : Time (s): cpu = 00:01:44 ; elapsed = 00:02:21 . Memory (MB): peak = 2874.660 ; gain = 1398.086
---------------------------------------------------------------------------------
---------------------------------------------------------------------------------
Start Renaming Generated Instances
---------------------------------------------------------------------------------
---------------------------------------------------------------------------------
Finished Renaming Generated Instances : Time (s): cpu = 00:01:44 ; elapsed = 00:02:21 . Memory (MB): peak = 2874.660 ; gain = 1398.086
---------------------------------------------------------------------------------
---------------------------------------------------------------------------------
Start Rebuilding User Hierarchy
---------------------------------------------------------------------------------
---------------------------------------------------------------------------------
Finished Rebuilding User Hierarchy : Time (s): cpu = 00:01:45 ; elapsed = 00:02:21 . Memory (MB): peak = 2874.660 ; gain = 1398.086
---------------------------------------------------------------------------------
---------------------------------------------------------------------------------
Start Renaming Generated Ports
---------------------------------------------------------------------------------
---------------------------------------------------------------------------------
Finished Renaming Generated Ports : Time (s): cpu = 00:01:45 ; elapsed = 00:02:21 . Memory (MB): peak = 2874.660 ; gain = 1398.086
---------------------------------------------------------------------------------
---------------------------------------------------------------------------------
Start Handling Custom Attributes
---------------------------------------------------------------------------------
---------------------------------------------------------------------------------
Finished Handling Custom Attributes : Time (s): cpu = 00:01:45 ; elapsed = 00:02:22 . Memory (MB): peak = 2874.660 ; gain = 1398.086
---------------------------------------------------------------------------------
---------------------------------------------------------------------------------
Start Renaming Generated Nets
---------------------------------------------------------------------------------
---------------------------------------------------------------------------------
Finished Renaming Generated Nets : Time (s): cpu = 00:01:45 ; elapsed = 00:02:22 . Memory (MB): peak = 2874.660 ; gain = 1398.086
---------------------------------------------------------------------------------
---------------------------------------------------------------------------------
Start Writing Synthesis Report
---------------------------------------------------------------------------------

DSP Final Report (the ' indicates corresponding REG is set)
+--------------------------------+--------------+--------+--------+--------+--------+--------+------+------+------+------+-------+------+------+
|Module Name                     | DSP Mapping  | A Size | B Size | C Size | D Size | P Size | AREG | BREG | CREG | DREG | ADREG | MREG | PREG | 
+--------------------------------+--------------+--------+--------+--------+--------+--------+------+------+------+------+-------+------+------+
|dsp48e1_wrapper                 | Dynamic      | -      | -      | -      | -      | 40     | -    | -    | -    | -    | 0     | 0    | 0    | 
|dsp48e1_wrapper__parameterized0 | C+A*B        | 24     | 16     | 35     | -      | 35     | 0    | 0    | 0    | -    | -     | 0    | 0    | 
|dsp48e1_wrapper__parameterized1 | A*B          | 24     | 17     | -      | -      | 41     | 0    | 0    | -    | -    | -     | 0    | 0    | 
|dsp48e1_wrapper__parameterized2 | PCIN>>17+A*B | 0      | 7      | -      | -      | 31     | 0    | 0    | -    | -    | -     | 0    | 0    | 
|dsp48e1_wrapper__parameterized3 | PCIN+A:B+C   | 22     | 0      | -      | -      | 48     | 0    | 0    | -    | -    | -     | 0    | 0    | 
+--------------------------------+--------------+--------+--------+--------+--------+--------+------+------+------+------+-------+------+------+


Report BlackBoxes: 
+-+--------------+----------+
| |BlackBox name |Instances |
+-+--------------+----------+
+-+--------------+----------+

Report Cell Usage: 
+------+--------+------+
|      |Cell    |Count |
+------+--------+------+
|1     |DSP48E1 |     5|
|2     |LUT1    |     8|
|3     |LUT2    |   101|
|4     |LUT3    |   120|
|5     |LUT4    |   194|
|6     |LUT5    |   118|
|7     |LUT6    |  1975|
|8     |MUXCY   |    74|
|9     |MUXF7   |   803|
|10    |MUXF8   |   256|
|11    |XORCY   |    25|
|12    |FDE     |    11|
|13    |FDRE    |  7196|
|14    |FDSE    |     9|
+------+--------+------+
---------------------------------------------------------------------------------
Finished Writing Synthesis Report : Time (s): cpu = 00:01:45 ; elapsed = 00:02:22 . Memory (MB): peak = 2874.660 ; gain = 1398.086
---------------------------------------------------------------------------------
Synthesis finished with 0 errors, 0 critical warnings and 133 warnings.
Synthesis Optimization Runtime : Time (s): cpu = 00:00:58 ; elapsed = 00:02:03 . Memory (MB): peak = 2874.660 ; gain = 1300.723
Synthesis Optimization Complete : Time (s): cpu = 00:01:46 ; elapsed = 00:02:22 . Memory (MB): peak = 2874.660 ; gain = 1398.086
INFO: [Project 1-571] Translating synthesized netlist
Netlist sorting complete. Time (s): cpu = 00:00:00 ; elapsed = 00:00:00.202 . Memory (MB): peak = 2874.660 ; gain = 0.000
INFO: [Netlist 29-17] Analyzing 1174 Unisim elements for replacement
INFO: [Netlist 29-28] Unisim Transformation completed in 0 CPU seconds
INFO: [Project 1-570] Preparing netlist for logic optimization
INFO: [Opt 31-138] Pushed 0 inverter(s) to 0 load pin(s).
Netlist sorting complete. Time (s): cpu = 00:00:00 ; elapsed = 00:00:00.003 . Memory (MB): peak = 2886.551 ; gain = 0.000
INFO: [Project 1-111] Unisim Transformation Summary:
  A total of 29 instances were transformed.
  (CARRY4) => CARRY8: 13 instances
  DSP48E1 => DSP48E2 (DSP_ALU, DSP_A_B_DATA, DSP_C_DATA, DSP_MULTIPLIER, DSP_M_DATA, DSP_OUTPUT, DSP_PREADD, DSP_PREADD_DATA): 5 instances
  FDE => FDRE: 11 instances

Synth Design complete | Checksum: a556ea5d
INFO: [Common 17-83] Releasing license: Synthesis
78 Infos, 110 Warnings, 0 Critical Warnings and 0 Errors encountered.
synth_design completed successfully
INFO: [Common 17-600] The following parameters have non-default value.
tcl.statsThreshold
Write ShapeDB Complete: Time (s): cpu = 00:00:00 ; elapsed = 00:00:00.033 . Memory (MB): peak = 2886.551 ; gain = 0.000
INFO: [Common 17-1381] The checkpoint 'C:/Users/Samarth/Desktop/IIIT_Intern/Tutorial_matrix/Vivado_files/demo_matrix/demo_matrix.runs/matrix_matrixmul_8_unopt_0_1_synth_1/matrix_matrixmul_8_unopt_0_1.dcp' has been generated.
INFO: [Coretcl 2-1648] Added synthesis output to IP cache for IP matrix_matrixmul_8_unopt_0_1, cache-ID = 03743c8cd7f94608
INFO: [Coretcl 2-1174] Renamed 105 cell refs.
Write ShapeDB Complete: Time (s): cpu = 00:00:00 ; elapsed = 00:00:00.028 . Memory (MB): peak = 2886.551 ; gain = 0.000
INFO: [Common 17-1381] The checkpoint 'C:/Users/Samarth/Desktop/IIIT_Intern/Tutorial_matrix/Vivado_files/demo_matrix/demo_matrix.runs/matrix_matrixmul_8_unopt_0_1_synth_1/matrix_matrixmul_8_unopt_0_1.dcp' has been generated.
INFO: [Vivado 12-24828] Executing command : report_utilization -file matrix_matrixmul_8_unopt_0_1_utilization_synth.rpt -pb matrix_matrixmul_8_unopt_0_1_utilization_synth.pb
INFO: [Common 17-206] Exiting Vivado at Mon Jun  2 21:50:31 2025...
