instrumenter::INFOR: [Instrumenter - Initialization] Checking for the existence of the required environment variables
instrumenter::INFOR: [Instrumenter - Initialization] Loading the supported wrappers for standard library functions
instrumenter::INFOR: [Instrumenter - Initialization] Adding static information
instrumenter::VERBO: [Instrumenter - IRBuilder] Instruction has no debug information, defaulting to function/basic block info
instrumenter::VERBO: [Instrumenter - IRBuilder] Instruction has no debug information, defaulting to function/basic block info
instrumenter::VERBO: [Instrumenter - IRBuilder] Instruction has no debug information, defaulting to function/basic block info
instrumenter::VERBO: [Instrumenter - IRBuilder] Instruction has no debug information, defaulting to function/basic block info
instrumenter::VERBO: [Instrumenter - IRBuilder] Instruction has no debug information, defaulting to function/basic block info
instrumenter::VERBO: [Instrumenter - IRBuilder] Instruction has no debug information, defaulting to function/basic block info
instrumenter::VERBO: [Instrumenter - IRBuilder] Instruction has no debug information, defaulting to function/basic block info
instrumenter::VERBO: [Instrumenter - IRBuilder] Instruction has no debug information, defaulting to function/basic block info
instrumenter::VERBO: [Instrumenter - IRBuilder] Instruction has no debug information, defaulting to function/basic block info
instrumenter::VERBO: [Instrumenter - IRBuilder] Instruction has no debug information, defaulting to function/basic block info
instrumenter::VERBO: [Instrumenter - IRBuilder] Instruction has no debug information, defaulting to function/basic block info
instrumenter::VERBO: [Instrumenter - IRBuilder] Instruction has no debug information, defaulting to function/basic block info
instrumenter::VERBO: [Instrumenter - IRBuilder] Instruction has no debug information, defaulting to function/basic block info
instrumenter::VERBO: [Instrumenter - IRBuilder] Instruction has no debug information, defaulting to function/basic block info
instrumenter::VERBO: [Instrumenter - IRBuilder] Instruction has no debug information, defaulting to function/basic block info
instrumenter::VERBO: [Instrumenter - IRBuilder] Instruction has no debug information, defaulting to function/basic block info
instrumenter::VERBO: [Instrumenter - IRBuilder] Instruction has no debug information, defaulting to function/basic block info
instrumenter::VERBO: [Instrumenter - IRBuilder] Instruction has no debug information, defaulting to function/basic block info
instrumenter::VERBO: [Instrumenter - IRBuilder] Instruction has no debug information, defaulting to function/basic block info
instrumenter::VERBO: [Instrumenter - IRBuilder] Instruction has no debug information, defaulting to function/basic block info
instrumenter::VERBO: [Instrumenter - IRBuilder] Instruction has no debug information, defaulting to function/basic block info
instrumenter::VERBO: [Instrumenter - IRBuilder] Instruction has no debug information, defaulting to function/basic block info
instrumenter::VERBO: [Instrumenter - IRBuilder] Instruction has no debug information, defaulting to function/basic block info
instrumenter::VERBO: [Instrumenter - IRBuilder] Instruction has no debug information, defaulting to function/basic block info
instrumenter::VERBO: [Instrumenter - IRBuilder] Instruction has no debug information, defaulting to function/basic block info
instrumenter::VERBO: [Instrumenter - IRBuilder] Instruction has no debug information, defaulting to function/basic block info
instrumenter::VERBO: [Instrumenter - IRBuilder] Instruction has no debug information, defaulting to function/basic block info
instrumenter::VERBO: [Instrumenter - IRBuilder] Instruction has no debug information, defaulting to function/basic block info
instrumenter::VERBO: [Instrumenter - IRBuilder] Instruction has no debug information, defaulting to function/basic block info
instrumenter::VERBO: [Instrumenter - IRBuilder] Instruction has no debug information, defaulting to function/basic block info
instrumenter::VERBO: [Instrumenter - IRBuilder] Instruction has no debug information, defaulting to function/basic block info
instrumenter::VERBO: [Instrumenter - IRBuilder] Instruction has no debug information, defaulting to function/basic block info
instrumenter::VERBO: [Instrumenter - IRBuilder] Instruction has no debug information, defaulting to function/basic block info
instrumenter::VERBO: [Instrumenter - IRBuilder] Instruction has no debug information, defaulting to function/basic block info
instrumenter::VERBO: [Instrumenter - IRBuilder] Instruction has no debug information, defaulting to function/basic block info
instrumenter::VERBO: [Instrumenter - IRBuilder] Instruction has no debug information, defaulting to function/basic block info
instrumenter::VERBO: [Instrumenter - IRBuilder] Instruction has no debug information, defaulting to function/basic block info
instrumenter::VERBO: [Instrumenter - IRBuilder] Instruction has no debug information, defaulting to function/basic block info
instrumenter::VERBO: [Instrumenter - IRBuilder] Instruction has no debug information, defaulting to function/basic block info
instrumenter::VERBO: [Instrumenter - IRBuilder] Instruction has no debug information, defaulting to function/basic block info
instrumenter::VERBO: [Instrumenter - IRBuilder] Instruction has no debug information, defaulting to function/basic block info
instrumenter::VERBO: [Instrumenter - IRBuilder] Instruction has no debug information, defaulting to function/basic block info
instrumenter::VERBO: [Instrumenter - IRBuilder] Instruction has no debug information, defaulting to function/basic block info
instrumenter::VERBO: [Instrumenter - IRBuilder] Instruction has no debug information, defaulting to function/basic block info
instrumenter::VERBO: [Instrumenter - IRBuilder] Instruction has no debug information, defaulting to function/basic block info
instrumenter::VERBO: [Instrumenter - IRBuilder] Instruction has no debug information, defaulting to function/basic block info
instrumenter::VERBO: [Instrumenter - IRBuilder] Instruction has no debug information, defaulting to function/basic block info
instrumenter::VERBO: [Instrumenter - IRBuilder] Instruction has no debug information, defaulting to function/basic block info
instrumenter::VERBO: [Instrumenter - IRBuilder] Instruction has no debug information, defaulting to function/basic block info
instrumenter::VERBO: [Instrumenter - IRBuilder] Instruction has no debug information, defaulting to function/basic block info
instrumenter::VERBO: [Instrumenter - IRBuilder] Instruction has no debug information, defaulting to function/basic block info
instrumenter::VERBO: [Instrumenter - IRBuilder] Instruction has no debug information, defaulting to function/basic block info
instrumenter::VERBO: [Instrumenter - IRBuilder] Instruction has no debug information, defaulting to function/basic block info
instrumenter::VERBO: [Instrumenter - IRBuilder] Instruction has no debug information, defaulting to function/basic block info
instrumenter::VERBO: [Instrumenter - IRBuilder] Instruction has no debug information, defaulting to function/basic block info
instrumenter::VERBO: [Instrumenter - IRBuilder] Instruction has no debug information, defaulting to function/basic block info
instrumenter::VERBO: [Instrumenter - IRBuilder] Instruction has no debug information, defaulting to function/basic block info
instrumenter::VERBO: [Instrumenter - IRBuilder] Instruction has no debug information, defaulting to function/basic block info
instrumenter::VERBO: [Instrumenter - IRBuilder] Instruction has no debug information, defaulting to function/basic block info
instrumenter::VERBO: [Instrumenter - IRBuilder] Instruction has no debug information, defaulting to function/basic block info
instrumenter::VERBO: [Instrumenter - IRBuilder] Instruction has no debug information, defaulting to function/basic block info
instrumenter::VERBO: [Instrumenter - IRBuilder] Instruction has no debug information, defaulting to function/basic block info
instrumenter::VERBO: [Instrumenter - IRBuilder] Instruction has no debug information, defaulting to function/basic block info
instrumenter::VERBO: [Instrumenter - IRBuilder] Instruction has no debug information, defaulting to function/basic block info
instrumenter::VERBO: [Instrumenter - IRBuilder] Instruction has no debug information, defaulting to function/basic block info
instrumenter::VERBO: [Instrumenter - IRBuilder] Instruction has no debug information, defaulting to function/basic block info
instrumenter::VERBO: [Instrumenter - IRBuilder] Instruction has no debug information, defaulting to function/basic block info
instrumenter::VERBO: [Instrumenter - IRBuilder] Instruction has no debug information, defaulting to function/basic block info
instrumenter::VERBO: [Instrumenter - IRBuilder] Instruction has no debug information, defaulting to function/basic block info
instrumenter::VERBO: [Instrumenter - IRBuilder] Instruction has no debug information, defaulting to function/basic block info
instrumenter::VERBO: [Instrumenter - IRBuilder] Instruction has no debug information, defaulting to function/basic block info
instrumenter::VERBO: [Instrumenter - IRBuilder] Instruction has no debug information, defaulting to function/basic block info
instrumenter::VERBO: [Instrumenter - IRBuilder] Instruction has no debug information, defaulting to function/basic block info
instrumenter::VERBO: [Instrumenter - IRBuilder] Instruction has no debug information, defaulting to function/basic block info
instrumenter::VERBO: [Instrumenter - IRBuilder] Instruction has no debug information, defaulting to function/basic block info
instrumenter::VERBO: [Instrumenter - IRBuilder] Instruction has no debug information, defaulting to function/basic block info
instrumenter::VERBO: [Instrumenter - IRBuilder] Instruction has no debug information, defaulting to function/basic block info
instrumenter::VERBO: [Instrumenter - IRBuilder] Instruction has no debug information, defaulting to function/basic block info
instrumenter::VERBO: [Instrumenter - IRBuilder] Instruction has no debug information, defaulting to function/basic block info
instrumenter::VERBO: [Instrumenter - IRBuilder] Instruction has no debug information, defaulting to function/basic block info
instrumenter::VERBO: [Instrumenter - IRBuilder] Instruction has no debug information, defaulting to function/basic block info
instrumenter::VERBO: [Instrumenter - IRBuilder] Instruction has no debug information, defaulting to function/basic block info
instrumenter::VERBO: [Instrumenter - IRBuilder] Instruction has no debug information, defaulting to function/basic block info
instrumenter::VERBO: [Instrumenter - IRBuilder] Instruction has no debug information, defaulting to function/basic block info
instrumenter::VERBO: [Instrumenter - IRBuilder] Instruction has no debug information, defaulting to function/basic block info
instrumenter::VERBO: [Instrumenter - IRBuilder] Instruction has no debug information, defaulting to function/basic block info
instrumenter::VERBO: [Instrumenter - IRBuilder] Instruction has no debug information, defaulting to function/basic block info
instrumenter::VERBO: [Instrumenter - IRBuilder] Instruction has no debug information, defaulting to function/basic block info
instrumenter::VERBO: [Instrumenter - IRBuilder] Instruction has no debug information, defaulting to function/basic block info
instrumenter::VERBO: spec:0:0: warning: [IRBuilder] Function/Basic Block for the instruction has no debug information, recompile and retry (13)
instrumenter::VERBO: [Instrumenter - IRBuilder] Instruction has no debug information, defaulting to function/basic block info
instrumenter::VERBO: spec:0:0: warning: [IRBuilder] Function/Basic Block for the instruction has no debug information, recompile and retry (13)
instrumenter::VERBO: [Instrumenter - IRBuilder] Instruction has no debug information, defaulting to function/basic block info
instrumenter::VERBO: [Instrumenter - IRBuilder] Instruction has no debug information, defaulting to function/basic block info
instrumenter::VERBO: [Instrumenter - IRBuilder] Instruction has no debug information, defaulting to function/basic block info
instrumenter::VERBO: [Instrumenter - IRBuilder] Instruction has no debug information, defaulting to function/basic block info
instrumenter::VERBO: [Instrumenter - IRBuilder] Instruction has no debug information, defaulting to function/basic block info
instrumenter::VERBO: [Instrumenter - IRBuilder] Instruction has no debug information, defaulting to function/basic block info
instrumenter::VERBO: [Instrumenter - IRBuilder] Instruction has no debug information, defaulting to function/basic block info
instrumenter::VERBO: [Instrumenter - IRBuilder] Instruction has no debug information, defaulting to function/basic block info
instrumenter::VERBO: [Instrumenter - IRBuilder] Instruction has no debug information, defaulting to function/basic block info
instrumenter::VERBO: [Instrumenter - IRBuilder] Instruction has no debug information, defaulting to function/basic block info
instrumenter::VERBO: [Instrumenter - IRBuilder] Instruction has no debug information, defaulting to function/basic block info
instrumenter::VERBO: [Instrumenter - IRBuilder] Instruction has no debug information, defaulting to function/basic block info
instrumenter::VERBO: [Instrumenter - IRBuilder] Instruction has no debug information, defaulting to function/basic block info
instrumenter::VERBO: [Instrumenter - IRBuilder] Instruction has no debug information, defaulting to function/basic block info
instrumenter::VERBO: [Instrumenter - IRBuilder] Instruction has no debug information, defaulting to function/basic block info
instrumenter::VERBO: [Instrumenter - IRBuilder] Instruction has no debug information, defaulting to function/basic block info
instrumenter::VERBO: [Instrumenter - IRBuilder] Instruction has no debug information, defaulting to function/basic block info
instrumenter::VERBO: [Instrumenter - IRBuilder] Instruction has no debug information, defaulting to function/basic block info
instrumenter::VERBO: [Instrumenter - IRBuilder] Instruction has no debug information, defaulting to function/basic block info
instrumenter::VERBO: [Instrumenter - IRBuilder] Instruction has no debug information, defaulting to function/basic block info
instrumenter::VERBO: [Instrumenter - IRBuilder] Instruction has no debug information, defaulting to function/basic block info
instrumenter::VERBO: [Instrumenter - IRBuilder] Instruction has no debug information, defaulting to function/basic block info
instrumenter::VERBO: [Instrumenter - IRBuilder] Instruction has no debug information, defaulting to function/basic block info
instrumenter::VERBO: [Instrumenter - IRBuilder] Instruction has no debug information, defaulting to function/basic block info
instrumenter::VERBO: [Instrumenter - IRBuilder] Instruction has no debug information, defaulting to function/basic block info
instrumenter::VERBO: [Instrumenter - IRBuilder] Instruction has no debug information, defaulting to function/basic block info
instrumenter::VERBO: [Instrumenter - IRBuilder] Instruction has no debug information, defaulting to function/basic block info
instrumenter::VERBO: [Instrumenter - IRBuilder] Instruction has no debug information, defaulting to function/basic block info
instrumenter::VERBO: [Instrumenter - IRBuilder] Instruction has no debug information, defaulting to function/basic block info
instrumenter::VERBO: [Instrumenter - IRBuilder] Instruction has no debug information, defaulting to function/basic block info
instrumenter::VERBO: [Instrumenter - IRBuilder] Instruction has no debug information, defaulting to function/basic block info
instrumenter::VERBO: [Instrumenter - IRBuilder] Instruction has no debug information, defaulting to function/basic block info
instrumenter::VERBO: [Instrumenter - IRBuilder] Instruction has no debug information, defaulting to function/basic block info
instrumenter::VERBO: [Instrumenter - IRBuilder] Instruction has no debug information, defaulting to function/basic block info
instrumenter::VERBO: [Instrumenter - IRBuilder] Instruction has no debug information, defaulting to function/basic block info
instrumenter::VERBO: [Instrumenter - IRBuilder] Instruction has no debug information, defaulting to function/basic block info
instrumenter::VERBO: [Instrumenter - IRBuilder] Instruction has no debug information, defaulting to function/basic block info
instrumenter::VERBO: [Instrumenter - IRBuilder] Instruction has no debug information, defaulting to function/basic block info
instrumenter::VERBO: [Instrumenter - IRBuilder] Instruction has no debug information, defaulting to function/basic block info
instrumenter::VERBO: [Instrumenter - IRBuilder] Instruction has no debug information, defaulting to function/basic block info
instrumenter::VERBO: [Instrumenter - IRBuilder] Instruction has no debug information, defaulting to function/basic block info
instrumenter::VERBO: [Instrumenter - IRBuilder] Instruction has no debug information, defaulting to function/basic block info
instrumenter::VERBO: [Instrumenter - IRBuilder] Instruction has no debug information, defaulting to function/basic block info
instrumenter::VERBO: [Instrumenter - IRBuilder] Instruction has no debug information, defaulting to function/basic block info
instrumenter::VERBO: [Instrumenter - IRBuilder] Instruction has no debug information, defaulting to function/basic block info
instrumenter::VERBO: [Instrumenter - IRBuilder] Instruction has no debug information, defaulting to function/basic block info
instrumenter::VERBO: [Instrumenter - IRBuilder] Instruction has no debug information, defaulting to function/basic block info
instrumenter::VERBO: [Instrumenter - IRBuilder] Instruction has no debug information, defaulting to function/basic block info
instrumenter::VERBO: [Instrumenter - IRBuilder] Instruction has no debug information, defaulting to function/basic block info
instrumenter::VERBO: [Instrumenter - IRBuilder] Instruction has no debug information, defaulting to function/basic block info
instrumenter::VERBO: [Instrumenter - IRBuilder] Instruction has no debug information, defaulting to function/basic block info
instrumenter::VERBO: [Instrumenter - IRBuilder] Instruction has no debug information, defaulting to function/basic block info
instrumenter::VERBO: [Instrumenter - IRBuilder] Instruction has no debug information, defaulting to function/basic block info
instrumenter::VERBO: [Instrumenter - IRBuilder] Instruction has no debug information, defaulting to function/basic block info
instrumenter::VERBO: [Instrumenter - IRBuilder] Instruction has no debug information, defaulting to function/basic block info
instrumenter::VERBO: [Instrumenter - IRBuilder] Instruction has no debug information, defaulting to function/basic block info
instrumenter::VERBO: [Instrumenter - IRBuilder] Instruction has no debug information, defaulting to function/basic block info
instrumenter::VERBO: [Instrumenter - IRBuilder] Instruction has no debug information, defaulting to function/basic block info
instrumenter::VERBO: [Instrumenter - IRBuilder] Instruction has no debug information, defaulting to function/basic block info
instrumenter::VERBO: [Instrumenter - IRBuilder] Instruction has no debug information, defaulting to function/basic block info
instrumenter::VERBO: [Instrumenter - IRBuilder] Instruction has no debug information, defaulting to function/basic block info
instrumenter::VERBO: [Instrumenter - IRBuilder] Instruction has no debug information, defaulting to function/basic block info
instrumenter::VERBO: [Instrumenter - IRBuilder] Instruction has no debug information, defaulting to function/basic block info
instrumenter::VERBO: [Instrumenter - IRBuilder] Instruction has no debug information, defaulting to function/basic block info
instrumenter::VERBO: [Instrumenter - IRBuilder] Instruction has no debug information, defaulting to function/basic block info
instrumenter::VERBO: [Instrumenter - IRBuilder] Instruction has no debug information, defaulting to function/basic block info
instrumenter::VERBO: [Instrumenter - IRBuilder] Instruction has no debug information, defaulting to function/basic block info
instrumenter::VERBO: [Instrumenter - IRBuilder] Instruction has no debug information, defaulting to function/basic block info
instrumenter::VERBO: [Instrumenter - IRBuilder] Instruction has no debug information, defaulting to function/basic block info
instrumenter::VERBO: [Instrumenter - IRBuilder] Instruction has no debug information, defaulting to function/basic block info
instrumenter::VERBO: [Instrumenter - IRBuilder] Instruction has no debug information, defaulting to function/basic block info
instrumenter::VERBO: [Instrumenter - IRBuilder] Instruction has no debug information, defaulting to function/basic block info
instrumenter::VERBO: [Instrumenter - IRBuilder] Instruction has no debug information, defaulting to function/basic block info
instrumenter::VERBO: [Instrumenter - IRBuilder] Instruction has no debug information, defaulting to function/basic block info
instrumenter::VERBO: [Instrumenter - IRBuilder] Instruction has no debug information, defaulting to function/basic block info
instrumenter::VERBO: [Instrumenter - IRBuilder] Instruction has no debug information, defaulting to function/basic block info
instrumenter::VERBO: [Instrumenter - IRBuilder] Instruction has no debug information, defaulting to function/basic block info
instrumenter::VERBO: [Instrumenter - IRBuilder] Instruction has no debug information, defaulting to function/basic block info
instrumenter::VERBO: [Instrumenter - IRBuilder] Instruction has no debug information, defaulting to function/basic block info
instrumenter::VERBO: [Instrumenter - IRBuilder] Instruction has no debug information, defaulting to function/basic block info
instrumenter::VERBO: [Instrumenter - IRBuilder] Instruction has no debug information, defaulting to function/basic block info
instrumenter::VERBO: [Instrumenter - IRBuilder] Instruction has no debug information, defaulting to function/basic block info
instrumenter::VERBO: [Instrumenter - IRBuilder] Instruction has no debug information, defaulting to function/basic block info
instrumenter::VERBO: [Instrumenter - IRBuilder] Instruction has no debug information, defaulting to function/basic block info
instrumenter::VERBO: [Instrumenter - IRBuilder] Instruction has no debug information, defaulting to function/basic block info
instrumenter::VERBO: [Instrumenter - IRBuilder] Instruction has no debug information, defaulting to function/basic block info
instrumenter::VERBO: [Instrumenter - IRBuilder] Instruction has no debug information, defaulting to function/basic block info
instrumenter::VERBO: [Instrumenter - IRBuilder] Instruction has no debug information, defaulting to function/basic block info
instrumenter::VERBO: [Instrumenter - IRBuilder] Instruction has no debug information, defaulting to function/basic block info
instrumenter::VERBO: [Instrumenter - IRBuilder] Instruction has no debug information, defaulting to function/basic block info
instrumenter::VERBO: [Instrumenter - IRBuilder] Instruction has no debug information, defaulting to function/basic block info
instrumenter::VERBO: [Instrumenter - IRBuilder] Instruction has no debug information, defaulting to function/basic block info
instrumenter::VERBO: [Instrumenter - IRBuilder] Instruction has no debug information, defaulting to function/basic block info
instrumenter::VERBO: [Instrumenter - IRBuilder] Instruction has no debug information, defaulting to function/basic block info
instrumenter::VERBO: [Instrumenter - IRBuilder] Instruction has no debug information, defaulting to function/basic block info
instrumenter::VERBO: [Instrumenter - IRBuilder] Instruction has no debug information, defaulting to function/basic block info
instrumenter::VERBO: [Instrumenter - IRBuilder] Instruction has no debug information, defaulting to function/basic block info
instrumenter::VERBO: [Instrumenter - IRBuilder] Instruction has no debug information, defaulting to function/basic block info
instrumenter::VERBO: [Instrumenter - IRBuilder] Instruction has no debug information, defaulting to function/basic block info
instrumenter::VERBO: [Instrumenter - IRBuilder] Instruction has no debug information, defaulting to function/basic block info
instrumenter::VERBO: [Instrumenter - IRBuilder] Instruction has no debug information, defaulting to function/basic block info
instrumenter::VERBO: [Instrumenter - IRBuilder] Instruction has no debug information, defaulting to function/basic block info
instrumenter::VERBO: [Instrumenter - IRBuilder] Instruction has no debug information, defaulting to function/basic block info
instrumenter::VERBO: [Instrumenter - IRBuilder] Instruction has no debug information, defaulting to function/basic block info
instrumenter::VERBO: [Instrumenter - IRBuilder] Instruction has no debug information, defaulting to function/basic block info
instrumenter::VERBO: [Instrumenter - IRBuilder] Instruction has no debug information, defaulting to function/basic block info
instrumenter::VERBO: [Instrumenter - IRBuilder] Instruction has no debug information, defaulting to function/basic block info
instrumenter::VERBO: [Instrumenter - IRBuilder] Instruction has no debug information, defaulting to function/basic block info
instrumenter::VERBO: [Instrumenter - IRBuilder] Instruction has no debug information, defaulting to function/basic block info
instrumenter::VERBO: [Instrumenter - IRBuilder] Instruction has no debug information, defaulting to function/basic block info
instrumenter::VERBO: [Instrumenter - IRBuilder] Instruction has no debug information, defaulting to function/basic block info
instrumenter::VERBO: [Instrumenter - IRBuilder] Instruction has no debug information, defaulting to function/basic block info
instrumenter::VERBO: [Instrumenter - IRBuilder] Instruction has no debug information, defaulting to function/basic block info
instrumenter::VERBO: [Instrumenter - IRBuilder] Instruction has no debug information, defaulting to function/basic block info
instrumenter::VERBO: [Instrumenter - IRBuilder] Instruction has no debug information, defaulting to function/basic block info
instrumenter::VERBO: [Instrumenter - IRBuilder] Instruction has no debug information, defaulting to function/basic block info
instrumenter::VERBO: [Instrumenter - IRBuilder] Instruction has no debug information, defaulting to function/basic block info
instrumenter::VERBO: [Instrumenter - IRBuilder] Instruction has no debug information, defaulting to function/basic block info
instrumenter::INFOR: [Instrumenter - Initialization] Finished adding static information
instrumenter::VERBO: [Instrumenter - Finalize] Dumping static data to .... "C:\Users\Samarth\Desktop\IIIT_Intern\Tutorial_matrix\matrix_8_opt\matrix_8_opt\hls\csim\code_analyzer/.internal/instrument/app_0\static.xml"
instrumenter::VERBO: [Instrumenter - GV] Global Variables Instrumentation
instrumenter::VERBO: [Instrumenter - WARNING] Global value llvm.global_ctors is not instrumentable
instrumenter::VERBO: [Instrumenter - WARNING] Global value .str is not instrumentable
instrumenter::VERBO: [Instrumenter - WARNING] Global value .str.1 is not instrumentable
instrumenter::VERBO: [Instrumenter - WARNING] Global value __PRETTY_FUNCTION__._ZN3hls6streamINS_4axisIfLy0ELy0ELy0ELh56ELb0EEELi0EEC2Ev is not instrumentable
instrumenter::VERBO: [Instrumenter - WARNING] Global value __const._ZN3hls6streamINS_4axisIfLy0ELy0ELy0ELh56ELb0EEELi0EE4readEv.Out is not instrumentable
instrumenter::VERBO: spec:0:0: note: [Instrumenter - FN/BB] Function/BasicBlock profiling
instrumenter::VERBO: [Instrumenter - FN/BB] Inserting profiling calls for function/basic-blocks
instrumenter::INFOR: [Instrumenter - FN_TRACE] Adding the init function for the trace calls...
instrumenter::VERBO: [Instrumenter - BB] Instrumenting the function: _GLOBAL__sub_I_matrix_tb.cpp
instrumenter::VERBO: [Instrumenter - BB] Instrumenting the function: __cxx_global_var_init
instrumenter::VERBO: [Instrumenter - BB] Instrumenting the function: _ZNSt8ios_base4InitC1Ev
instrumenter::VERBO: [Instrumenter - BB] Instrumenting the function: __dtor__ZStL8__ioinit
instrumenter::VERBO: [Instrumenter - BB] Instrumenting the function: atexit
instrumenter::VERBO: [Instrumenter - BB] Instrumenting the function: _ZNSt8ios_base4InitD1Ev
instrumenter::VERBO: [Instrumenter - BB] Instrumenting the function: main
instrumenter::VERBO: [Instrumenter - BB] Instrumenting the function: __gxx_personality_seh0
instrumenter::VERBO: [Instrumenter - BB] Skipping Function llvm.dbg.declare
instrumenter::VERBO: [Instrumenter - BB] Skipping Function llvm.vcxx.region.start
instrumenter::VERBO: [Instrumenter - BB] Instrumenting the function: srand
instrumenter::VERBO: [Instrumenter - BB] Instrumenting the function: rand
instrumenter::VERBO: [Instrumenter - BB] Instrumenting the function: _Z12matrixmul_bmPA8_dS0_S0_
instrumenter::VERBO: [Instrumenter - BB] Instrumenting the function: _ZN3hls6streamINS_4axisIfLy0ELy0ELy0ELh56ELb0EEELi0EEC1Ev
instrumenter::VERBO: [Instrumenter - BB] Instrumenting the function: _ZN3hls4axisIfLy0ELy0ELy0ELh56ELb0EEC1Ev
instrumenter::VERBO: [Instrumenter - BB] Instrumenting the function: _ZN7ap_uintILi1EEC1Ei
instrumenter::VERBO: [Instrumenter - BB] Instrumenting the function: _ZN7ap_uintILi1EEaSERKS0_
instrumenter::VERBO: [Instrumenter - BB] Instrumenting the function: _ZN3hls6streamINS_4axisIfLy0ELy0ELy0ELh56ELb0EEELi0EE5writeERKS2_
instrumenter::VERBO: [Instrumenter - BB] Instrumenting the function: _ZN3hls6streamINS_4axisIfLy0ELy0ELy0ELh56ELb0EEELi0EED1Ev
instrumenter::VERBO: [Instrumenter - BB] Instrumenting the function: _ZN3hls6streamINS_4axisIfLy0ELy0ELy0ELh56ELb0EEELi0EE4readEv
instrumenter::VERBO: [Instrumenter - BB] Instrumenting the function: _ZN3hls4axisIfLy0ELy0ELy0ELh56ELb0EEaSEOS1_
instrumenter::VERBO: [Instrumenter - BB] Instrumenting the function: llvm.fmuladd.f64
instrumenter::VERBO: [Instrumenter - BB] Instrumenting the function: llvm.fabs.f64
instrumenter::VERBO: [Instrumenter - BB] Instrumenting the function: _Z6printfPKcz
instrumenter::VERBO: [Instrumenter - BB] Instrumenting the function: sqrt
instrumenter::VERBO: [Instrumenter - BB] Instrumenting the function: llvm.va_start
instrumenter::VERBO: [Instrumenter - BB] Instrumenting the function: __acrt_iob_func
instrumenter::VERBO: [Instrumenter - BB] Instrumenting the function: __mingw_vfprintf
instrumenter::VERBO: [Instrumenter - BB] Instrumenting the function: llvm.va_end
instrumenter::VERBO: [Instrumenter - BB] Instrumenting the function: _ZN7ap_uintILi4EEaSERKS0_
instrumenter::VERBO: [Instrumenter - BB] Instrumenting the function: llvm.memcpy.p0i8.p0i8.i64
instrumenter::VERBO: [Instrumenter - BB] Instrumenting the function: _ZN11ap_int_baseILi4ELb0EEaSERKS0_
instrumenter::VERBO: [Instrumenter - BB] Instrumenting the function: _ZN12ssdm_int_simILi4ELb0EEaSERKS0_
instrumenter::VERBO: [Instrumenter - BB] Instrumenting the function: _ZN10ap_privateILi4ELb0ELb1EEaSERKS0_
instrumenter::VERBO: [Instrumenter - BB] Instrumenting the function: _ZNK10ap_privateILi4ELb0ELb1EE7get_VALEv
instrumenter::VERBO: [Instrumenter - BB] Instrumenting the function: _ZN10ap_privateILi4ELb0ELb1EE15clearUnusedBitsEv
instrumenter::VERBO: [Instrumenter - BB] Instrumenting the function: llvm.memset.p0i8.i64
instrumenter::VERBO: [Instrumenter - BB] Instrumenting the function: llvm.fpga.fifo.pop.s_struct.hls::axiss.p0s_struct.hls::axiss
instrumenter::VERBO: [Instrumenter - BB] Instrumenting the function: _ZN3hls6streamINS_4axisIfLy0ELy0ELy0ELh56ELb0EEELi0EED2Ev
instrumenter::VERBO: [Instrumenter - BB] Instrumenting the function: slx_hls_stream_delete
instrumenter::VERBO: [Instrumenter - BB] Instrumenting the function: __clang_call_terminate
instrumenter::VERBO: [Instrumenter - BB] Instrumenting the function: __cxa_begin_catch
instrumenter::VERBO: [Instrumenter - BB] Instrumenting the function: _ZSt9terminatev
instrumenter::VERBO: [Instrumenter - BB] Instrumenting the function: llvm.fpga.fifo.push.s_struct.hls::axiss.p0s_struct.hls::axiss
instrumenter::VERBO: [Instrumenter - BB] Instrumenting the function: _ZN11ap_int_baseILi1ELb0EEaSERKS0_
instrumenter::VERBO: [Instrumenter - BB] Instrumenting the function: _ZN12ssdm_int_simILi1ELb0EEaSERKS0_
instrumenter::VERBO: [Instrumenter - BB] Instrumenting the function: _ZN10ap_privateILi1ELb0ELb1EEaSERKS0_
instrumenter::VERBO: [Instrumenter - BB] Instrumenting the function: _ZNK10ap_privateILi1ELb0ELb1EE7get_VALEv
instrumenter::VERBO: [Instrumenter - BB] Instrumenting the function: _ZN10ap_privateILi1ELb0ELb1EE15clearUnusedBitsEv
instrumenter::VERBO: [Instrumenter - BB] Instrumenting the function: _ZN7ap_uintILi1EEC2Ei
instrumenter::VERBO: [Instrumenter - BB] Instrumenting the function: _ZN11ap_int_baseILi1ELb0EEC2Ei
instrumenter::VERBO: [Instrumenter - BB] Instrumenting the function: _ZN11ap_int_baseILi1ELb0EE18checkOverflowBaseCIiEEvT_
instrumenter::VERBO: [Instrumenter - BB] Instrumenting the function: _ZN10ap_privateILi1ELb0ELb1EEC1Ei
instrumenter::VERBO: [Instrumenter - BB] Instrumenting the function: _ZN12ssdm_int_simILi1ELb0EEC2E10ap_privateILi1ELb0ELb1EE
instrumenter::VERBO: [Instrumenter - BB] Instrumenting the function: _ZN10ap_privateILi1ELb0ELb1EEaSEi
instrumenter::VERBO: [Instrumenter - BB] Instrumenting the function: _ZN10ap_privateILi1ELb0ELb1EE10set_canaryEv
instrumenter::VERBO: [Instrumenter - BB] Instrumenting the function: _ZN10ap_privateILi1ELb0ELb1EE12check_canaryEv
instrumenter::VERBO: [Instrumenter - BB] Instrumenting the function: _ZN10ap_privateILi1ELb0ELb1EEC2Ei
instrumenter::VERBO: [Instrumenter - BB] Instrumenting the function: _ZN3hls4axisIfLy0ELy0ELy0ELh56ELb0EEC2Ev
instrumenter::VERBO: [Instrumenter - BB] Instrumenting the function: _ZN7ap_uintILi4EEC1Ev
instrumenter::VERBO: [Instrumenter - BB] Instrumenting the function: _ZN7ap_uintILi1EEC1Ev
instrumenter::VERBO: [Instrumenter - BB] Instrumenting the function: _ZN7ap_uintILi1EEC2Ev
instrumenter::VERBO: [Instrumenter - BB] Instrumenting the function: _ZN11ap_int_baseILi1ELb0EEC2Ev
instrumenter::VERBO: [Instrumenter - BB] Instrumenting the function: _ZN12ssdm_int_simILi1ELb0EEC2Ev
instrumenter::VERBO: [Instrumenter - BB] Instrumenting the function: _ZN10ap_privateILi1ELb0ELb1EEC1Ev
instrumenter::VERBO: [Instrumenter - BB] Instrumenting the function: _ZN10ap_privateILi1ELb0ELb1EEC2Ev
instrumenter::VERBO: [Instrumenter - BB] Instrumenting the function: _ZN7ap_uintILi4EEC2Ev
instrumenter::VERBO: [Instrumenter - BB] Instrumenting the function: _ZN11ap_int_baseILi4ELb0EEC2Ev
instrumenter::VERBO: [Instrumenter - BB] Instrumenting the function: _ZN12ssdm_int_simILi4ELb0EEC2Ev
instrumenter::VERBO: [Instrumenter - BB] Instrumenting the function: _ZN10ap_privateILi4ELb0ELb1EEC1Ev
instrumenter::VERBO: [Instrumenter - BB] Instrumenting the function: _ZN10ap_privateILi4ELb0ELb1EEC2Ev
instrumenter::VERBO: [Instrumenter - BB] Instrumenting the function: _ZN10ap_privateILi4ELb0ELb1EE10set_canaryEv
instrumenter::VERBO: [Instrumenter - BB] Instrumenting the function: _ZN10ap_privateILi4ELb0ELb1EE12check_canaryEv
instrumenter::VERBO: [Instrumenter - BB] Instrumenting the function: _ZN3hls6streamINS_4axisIfLy0ELy0ELy0ELh56ELb0EEELi0EEC2Ev
instrumenter::VERBO: [Instrumenter - BB] Instrumenting the function: slx_hls_stream_create
instrumenter::VERBO: [Instrumenter - BB] Instrumenting the function: _GLOBAL__sub_I_matrix.cpp
instrumenter::VERBO: [Instrumenter - BB] Instrumenting the function: __cxx_global_var_init.2
instrumenter::VERBO: [Instrumenter - BB] Instrumenting the function: __dtor__ZStL8__ioinit.4
instrumenter::VERBO: [Instrumenter - BB] Instrumenting the function: _GLOBAL__sub_I_matrix.cpp.6
instrumenter::VERBO: [Instrumenter - BB] Instrumenting the function: __cxx_global_var_init.7
instrumenter::VERBO: [Instrumenter - BB] Instrumenting the function: __dtor__ZStL8__ioinit.9
instrumenter::VERBO: [Instrumenter - BB] Instrumenting the function: _Z15matrixmul_8_optRN3hls6streamINS_4axisIfLy0ELy0ELy0ELh56ELb0EEELi0EEES4_
instrumenter::VERBO: [Instrumenter - BB] Instrumenting the function: llvm.sideeffect
instrumenter::VERBO: [Instrumenter - BB] Skipping Function llvm.dbg.label
instrumenter::VERBO: [Instrumenter - BB] Instrumenting the function: llvm.fpga.fifo.push.s_struct.hls::axis.9s.p0s_struct.hls::axis.9s
instrumenter::VERBO: [Instrumenter - BB] Instrumenting the function: llvm.fpga.fifo.pop.s_struct.hls::axis.9s.p0s_struct.hls::axis.9s
instrumenter::VERBO: [Instrumenter - BB] Skipping Function llvm.dbg.value
instrumenter::VERBO: [Instrumenter - Finalize] Adding extra setup and memory access calls
instrumenter::VERBO: [Instrumenter - STD] Instrumenting function slx_hls_stream_blocking_read
instrumenter::VERBO: [Instrumenter - STD] Instrumenting function slx_hls_stream_blocking_write
