  **** HLS Build v2024.2 5238294
INFO: [HLS 200-2005] Using work_dir C:/Users/Samarth/Desktop/IIIT_Intern/Tutorial_matrix/matrix_8_opt/matrix_8_opt 
INFO: [HLS 200-1505] Using default flow_target 'vivado'
Resolution: For help on HLS 200-1505 see docs.xilinx.com/access/sources/dita/topic?Doc_Version=2024.2%20English&url=ug1448-hls-guidance&resourceid=200-1505.html
INFO: [HLS 200-1465] Applying ini 'syn.file=matrix.cpp' from C:/Users/Samarth/Desktop/IIIT_Intern/Tutorial_matrix/matrix_8_opt/hls_config.cfg(7)
INFO: [HLS 200-10] Adding design file 'C:/Users/Samarth/Desktop/IIIT_Intern/Tutorial_matrix/matrix_8_opt/matrix.cpp' to the project
INFO: [HLS 200-1465] Applying ini 'syn.file=matrix.h' from C:/Users/Samarth/Desktop/IIIT_Intern/Tutorial_matrix/matrix_8_opt/hls_config.cfg(8)
INFO: [HLS 200-10] Adding design file 'C:/Users/Samarth/Desktop/IIIT_Intern/Tutorial_matrix/matrix_8_opt/matrix.h' to the project
INFO: [HLS 200-1465] Applying ini 'tb.file=matrix_tb.cpp' from C:/Users/Samarth/Desktop/IIIT_Intern/Tutorial_matrix/matrix_8_opt/hls_config.cfg(9)
INFO: [HLS 200-10] Adding test bench file 'C:/Users/Samarth/Desktop/IIIT_Intern/Tutorial_matrix/matrix_8_opt/matrix_tb.cpp' to the project
INFO: [HLS 200-1465] Applying ini 'flow_target=vivado' from C:/Users/Samarth/Desktop/IIIT_Intern/Tutorial_matrix/matrix_8_opt/hls_config.cfg(4)
INFO: [HLS 200-1505] Using flow_target 'vivado'
Resolution: For help on HLS 200-1505 see docs.xilinx.com/access/sources/dita/topic?Doc_Version=2024.2%20English&url=ug1448-hls-guidance&resourceid=200-1505.html
INFO: [HLS 200-1465] Applying ini 'part=xczu28dr-ffvg1517-2-e' from C:/Users/Samarth/Desktop/IIIT_Intern/Tutorial_matrix/matrix_8_opt/hls_config.cfg(1)
INFO: [HLS 200-1611] Setting target device to 'xczu28dr-ffvg1517-2-e'
INFO: [HLS 200-1465] Applying ini 'csim.code_analyzer=1' from C:/Users/Samarth/Desktop/IIIT_Intern/Tutorial_matrix/matrix_8_opt/hls_config.cfg(10)
INFO: [HLS 200-1465] Applying ini 'package.output.format=ip_catalog' from C:/Users/Samarth/Desktop/IIIT_Intern/Tutorial_matrix/matrix_8_opt/hls_config.cfg(5)
INFO: [SIM 211-200] Executing Code Analyzer instead of classic HLS C simulation
slxcmd:0:0: error: No top-level hardware function has been defined
ERROR: [SIM 211-200] Code Analyzer execution failed. Consider running the classic C simulation instead by disabling the hls.csim.code_analyzer option in the config file.
ERROR: Problem running csim: child process exited abnormally
INFO: [HLS 200-112] Total CPU user time: 3 seconds. Total CPU system time: 1 seconds. Total elapsed time: 10.425 seconds; peak allocated memory: 183.438 MB.
