  **** HLS Build v2024.2 5238294
INFO: [HLS 200-2005] Using work_dir C:/Users/Samarth/Desktop/IIIT_Intern/matrix_vitis/mat/matrixmul_3 
INFO: [HLS 200-1505] Using default flow_target 'vivado'
Resolution: For help on HLS 200-1505 see docs.xilinx.com/access/sources/dita/topic?Doc_Version=2024.2%20English&url=ug1448-hls-guidance&resourceid=200-1505.html
INFO: [HLS 200-1465] Applying ini 'syn.file=C:/Users/Samarth/Desktop/IIIT_Intern/matrix_vitis/mat_mul.cpp' from C:/Users/Samarth/Desktop/IIIT_Intern/matrix_vitis/mat/hls_config.cfg(8)
INFO: [HLS 200-10] Adding design file 'C:/Users/Samarth/Desktop/IIIT_Intern/matrix_vitis/mat_mul.cpp' to the project
INFO: [HLS 200-1465] Applying ini 'syn.file=C:/Users/Samarth/Desktop/IIIT_Intern/matrix_vitis/mat_mul.h' from C:/Users/Samarth/Desktop/IIIT_Intern/matrix_vitis/mat/hls_config.cfg(9)
INFO: [HLS 200-10] Adding design file 'C:/Users/Samarth/Desktop/IIIT_Intern/matrix_vitis/mat_mul.h' to the project
INFO: [HLS 200-1465] Applying ini 'tb.file=C:/Users/Samarth/Desktop/IIIT_Intern/matrix_vitis/mat_mul_tb.cpp' from C:/Users/Samarth/Desktop/IIIT_Intern/matrix_vitis/mat/hls_config.cfg(10)
INFO: [HLS 200-10] Adding test bench file 'C:/Users/Samarth/Desktop/IIIT_Intern/matrix_vitis/mat_mul_tb.cpp' to the project
INFO: [HLS 200-1465] Applying ini 'syn.top=matrixmul_3' from C:/Users/Samarth/Desktop/IIIT_Intern/matrix_vitis/mat/hls_config.cfg(7)
INFO: [HLS 200-1465] Applying ini 'flow_target=vivado' from C:/Users/Samarth/Desktop/IIIT_Intern/matrix_vitis/mat/hls_config.cfg(4)
INFO: [HLS 200-1505] Using flow_target 'vivado'
Resolution: For help on HLS 200-1505 see docs.xilinx.com/access/sources/dita/topic?Doc_Version=2024.2%20English&url=ug1448-hls-guidance&resourceid=200-1505.html
INFO: [HLS 200-1465] Applying ini 'part=xa7z020clg400-1I' from C:/Users/Samarth/Desktop/IIIT_Intern/matrix_vitis/mat/hls_config.cfg(1)
INFO: [HLS 200-1611] Setting target device to 'xa7z020-clg400-1I'
INFO: [HLS 200-1465] Applying ini 'csim.code_analyzer=1' from C:/Users/Samarth/Desktop/IIIT_Intern/matrix_vitis/mat/hls_config.cfg(11)
INFO: [HLS 200-1465] Applying ini 'package.output.format=ip_catalog' from C:/Users/Samarth/Desktop/IIIT_Intern/matrix_vitis/mat/hls_config.cfg(5)
INFO: [HLS 200-111] Finished File checks and directory preparation: CPU user time: 1 seconds. CPU system time: 1 seconds. Elapsed time: 1.681 seconds; current allocated memory: 141.105 MB.
INFO: [HLS 200-10] Analyzing design file '../mat_mul.cpp' ... 
INFO: [HLS 200-111] Finished Source Code Analysis and Preprocessing: CPU user time: 0 seconds. CPU system time: 0 seconds. Elapsed time: 5.907 seconds; current allocated memory: 143.809 MB.
INFO: [HLS 200-777] Using interface defaults for 'Vivado' flow target.
INFO: [HLS 200-1995] There were 230 instructions in the design after the 'Compile/Link' phase of compilation. See the Design Size Report for more details: C:/Users/Samarth/Desktop/IIIT_Intern/matrix_vitis/mat/matrixmul_3/hls/syn/report/csynth_design_size.rpt
INFO: [HLS 200-1995] There were 472 instructions in the design after the 'Unroll/Inline (step 1)' phase of compilation. See the Design Size Report for more details: C:/Users/Samarth/Desktop/IIIT_Intern/matrix_vitis/mat/matrixmul_3/hls/syn/report/csynth_design_size.rpt
INFO: [HLS 200-1995] There were 461 instructions in the design after the 'Unroll/Inline (step 2)' phase of compilation. See the Design Size Report for more details: C:/Users/Samarth/Desktop/IIIT_Intern/matrix_vitis/mat/matrixmul_3/hls/syn/report/csynth_design_size.rpt
INFO: [HLS 200-1995] There were 453 instructions in the design after the 'Unroll/Inline (step 3)' phase of compilation. See the Design Size Report for more details: C:/Users/Samarth/Desktop/IIIT_Intern/matrix_vitis/mat/matrixmul_3/hls/syn/report/csynth_design_size.rpt
INFO: [HLS 200-1995] There were 453 instructions in the design after the 'Unroll/Inline (step 4)' phase of compilation. See the Design Size Report for more details: C:/Users/Samarth/Desktop/IIIT_Intern/matrix_vitis/mat/matrixmul_3/hls/syn/report/csynth_design_size.rpt
INFO: [HLS 200-1995] There were 9,411 instructions in the design after the 'Array/Struct (step 1)' phase of compilation. See the Design Size Report for more details: C:/Users/Samarth/Desktop/IIIT_Intern/matrix_vitis/mat/matrixmul_3/hls/syn/report/csynth_design_size.rpt
INFO: [HLS 200-1995] There were 1,347 instructions in the design after the 'Array/Struct (step 2)' phase of compilation. See the Design Size Report for more details: C:/Users/Samarth/Desktop/IIIT_Intern/matrix_vitis/mat/matrixmul_3/hls/syn/report/csynth_design_size.rpt
INFO: [HLS 200-1995] There were 1,347 instructions in the design after the 'Array/Struct (step 3)' phase of compilation. See the Design Size Report for more details: C:/Users/Samarth/Desktop/IIIT_Intern/matrix_vitis/mat/matrixmul_3/hls/syn/report/csynth_design_size.rpt
INFO: [HLS 200-1995] There were 1,347 instructions in the design after the 'Array/Struct (step 4)' phase of compilation. See the Design Size Report for more details: C:/Users/Samarth/Desktop/IIIT_Intern/matrix_vitis/mat/matrixmul_3/hls/syn/report/csynth_design_size.rpt
INFO: [HLS 200-1995] There were 1,347 instructions in the design after the 'Array/Struct (step 5)' phase of compilation. See the Design Size Report for more details: C:/Users/Samarth/Desktop/IIIT_Intern/matrix_vitis/mat/matrixmul_3/hls/syn/report/csynth_design_size.rpt
INFO: [HLS 200-1995] There were 1,347 instructions in the design after the 'Performance (step 1)' phase of compilation. See the Design Size Report for more details: C:/Users/Samarth/Desktop/IIIT_Intern/matrix_vitis/mat/matrixmul_3/hls/syn/report/csynth_design_size.rpt
INFO: [HLS 200-1995] There were 1,347 instructions in the design after the 'Performance (step 2)' phase of compilation. See the Design Size Report for more details: C:/Users/Samarth/Desktop/IIIT_Intern/matrix_vitis/mat/matrixmul_3/hls/syn/report/csynth_design_size.rpt
INFO: [HLS 200-1995] There were 1,347 instructions in the design after the 'Performance (step 3)' phase of compilation. See the Design Size Report for more details: C:/Users/Samarth/Desktop/IIIT_Intern/matrix_vitis/mat/matrixmul_3/hls/syn/report/csynth_design_size.rpt
INFO: [HLS 200-1995] There were 1,347 instructions in the design after the 'Performance (step 4)' phase of compilation. See the Design Size Report for more details: C:/Users/Samarth/Desktop/IIIT_Intern/matrix_vitis/mat/matrixmul_3/hls/syn/report/csynth_design_size.rpt
INFO: [HLS 200-1995] There were 1,348 instructions in the design after the 'HW Transforms (step 1)' phase of compilation. See the Design Size Report for more details: C:/Users/Samarth/Desktop/IIIT_Intern/matrix_vitis/mat/matrixmul_3/hls/syn/report/csynth_design_size.rpt
INFO: [HLS 200-1995] There were 1,387 instructions in the design after the 'HW Transforms (step 2)' phase of compilation. See the Design Size Report for more details: C:/Users/Samarth/Desktop/IIIT_Intern/matrix_vitis/mat/matrixmul_3/hls/syn/report/csynth_design_size.rpt
INFO: [HLS 214-291] Loop 'loop3' is marked as complete unroll implied by the pipeline pragma (../mat_mul.cpp:171:9)
INFO: [HLS 214-186] Unrolling loop 'loop3' (../mat_mul.cpp:171:9) in function 'matrixmul_3' completely with a factor of 64 (../mat_mul.cpp:132:0)
INFO: [HLS 214-248] Applying array_partition to 'input_A': Complete partitioning on dimension 2. (../mat_mul.cpp:136:12)
INFO: [HLS 214-248] Applying array_partition to 'input_B': Complete partitioning on dimension 1. (../mat_mul.cpp:138:12)
INFO: [HLS 214-376] automatically set the pipeline for Loop< loop_input_A2> at ../mat_mul.cpp:148:18 
INFO: [HLS 214-376] automatically set the pipeline for Loop< loop_input_B2> at ../mat_mul.cpp:157:18 
INFO: [HLS 200-111] Finished Compiling Optimization and Transform: CPU user time: 0 seconds. CPU system time: 0 seconds. Elapsed time: 9.469 seconds; current allocated memory: 145.805 MB.
INFO: [HLS 200-111] Finished Checking Pragmas: CPU user time: 0 seconds. CPU system time: 0 seconds. Elapsed time: 0.002 seconds; current allocated memory: 145.805 MB.
INFO: [HLS 200-10] Starting code transformations ...
INFO: [HLS 200-111] Finished Standard Transforms: CPU user time: 0 seconds. CPU system time: 0 seconds. Elapsed time: 0.165 seconds; current allocated memory: 152.281 MB.
INFO: [HLS 200-10] Checking synthesizability ...
INFO: [HLS 200-111] Finished Checking Synthesizability: CPU user time: 0 seconds. CPU system time: 0 seconds. Elapsed time: 0.109 seconds; current allocated memory: 154.512 MB.
INFO: [XFORM 203-11] Balancing expressions in function 'matrixmul_3' (../mat_mul.cpp:132)...63 expression(s) balanced.
INFO: [HLS 200-111] Finished Loop, function and other optimizations: CPU user time: 1 seconds. CPU system time: 0 seconds. Elapsed time: 0.323 seconds; current allocated memory: 179.406 MB.
INFO: [HLS 200-2061] Successfully converted nested loops 'loop_input_A1'(../mat_mul.cpp:147:17) and 'loop_input_A2'(../mat_mul.cpp:148:18) in function 'matrixmul_3' into perfectly nested loops.
INFO: [HLS 200-2061] Successfully converted nested loops 'loop_input_B1'(../mat_mul.cpp:156:17) and 'loop_input_B2'(../mat_mul.cpp:157:18) in function 'matrixmul_3' into perfectly nested loops.
INFO: [HLS 200-2061] Successfully converted nested loops 'loop1'(../mat_mul.cpp:167:9) and 'loop2'(../mat_mul.cpp:168:10) in function 'matrixmul_3' into perfectly nested loops.
INFO: [HLS 200-2061] Successfully converted nested loops 'loop_output_C1'(../mat_mul.cpp:181:18) and 'loop_output_C2'(../mat_mul.cpp:182:19) in function 'matrixmul_3' into perfectly nested loops.
INFO: [XFORM 203-541] Flattening a loop nest 'loop_input_A1' (../mat_mul.cpp:147:17) in function 'matrixmul_3'.
INFO: [XFORM 203-541] Flattening a loop nest 'loop_input_B1' (../mat_mul.cpp:156:17) in function 'matrixmul_3'.
INFO: [XFORM 203-541] Flattening a loop nest 'loop1' (../mat_mul.cpp:167:9) in function 'matrixmul_3'.
INFO: [XFORM 203-541] Flattening a loop nest 'loop_output_C1' (../mat_mul.cpp:181:18) in function 'matrixmul_3'.
INFO: [HLS 200-111] Finished Architecture Synthesis: CPU user time: 0 seconds. CPU system time: 0 seconds. Elapsed time: 0.433 seconds; current allocated memory: 211.234 MB.
INFO: [HLS 200-10] Starting hardware synthesis ...
INFO: [HLS 200-10] Synthesizing 'matrixmul_3' ...
INFO: [SYN 201-201] Setting up clock 'default' with a period of 10ns.
INFO: [HLS 200-10] ----------------------------------------------------------------
INFO: [HLS 200-42] -- Implementing module 'matrixmul_3_Pipeline_loop_input_A1_loop_input_A2' 
INFO: [HLS 200-10] ----------------------------------------------------------------
INFO: [SCHED 204-11] Starting scheduling ...
INFO: [SCHED 204-61] Pipelining loop 'loop_input_A1_loop_input_A2'.
INFO: [HLS 200-1470] Pipelining result : Target II = NA, Final II = 1, Depth = 3, loop 'loop_input_A1_loop_input_A2'
INFO: [SCHED 204-11] Finished scheduling.
INFO: [HLS 200-111] Finished Scheduling: CPU user time: 0 seconds. CPU system time: 0 seconds. Elapsed time: 0.474 seconds; current allocated memory: 218.055 MB.
INFO: [BIND 205-100] Starting micro-architecture generation ...
INFO: [BIND 205-101] Performing variable lifetime analysis.
INFO: [BIND 205-101] Exploring resource sharing.
INFO: [BIND 205-101] Binding ...
INFO: [BIND 205-100] Finished micro-architecture generation.
INFO: [HLS 200-111] Finished Binding: CPU user time: 0 seconds. CPU system time: 0 seconds. Elapsed time: 0.149 seconds; current allocated memory: 219.105 MB.
INFO: [HLS 200-10] ----------------------------------------------------------------
INFO: [HLS 200-42] -- Implementing module 'matrixmul_3_Pipeline_loop_input_B1_loop_input_B2' 
INFO: [HLS 200-10] ----------------------------------------------------------------
INFO: [SCHED 204-11] Starting scheduling ...
INFO: [SCHED 204-61] Pipelining loop 'loop_input_B1_loop_input_B2'.
INFO: [HLS 200-1470] Pipelining result : Target II = NA, Final II = 1, Depth = 3, loop 'loop_input_B1_loop_input_B2'
INFO: [SCHED 204-11] Finished scheduling.
INFO: [HLS 200-111] Finished Scheduling: CPU user time: 0 seconds. CPU system time: 0 seconds. Elapsed time: 0.247 seconds; current allocated memory: 221.648 MB.
INFO: [BIND 205-100] Starting micro-architecture generation ...
INFO: [BIND 205-101] Performing variable lifetime analysis.
INFO: [BIND 205-101] Exploring resource sharing.
INFO: [BIND 205-101] Binding ...
INFO: [BIND 205-100] Finished micro-architecture generation.
INFO: [HLS 200-111] Finished Binding: CPU user time: 0 seconds. CPU system time: 0 seconds. Elapsed time: 0.135 seconds; current allocated memory: 221.738 MB.
INFO: [HLS 200-10] ----------------------------------------------------------------
INFO: [HLS 200-42] -- Implementing module 'matrixmul_3_Pipeline_loop1_loop2' 
INFO: [HLS 200-10] ----------------------------------------------------------------
INFO: [SCHED 204-11] Starting scheduling ...
INFO: [SCHED 204-61] Pipelining loop 'loop1_loop2'.
INFO: [HLS 200-1470] Pipelining result : Target II = NA, Final II = 1, Depth = 11, loop 'loop1_loop2'
INFO: [SCHED 204-11] Finished scheduling.
INFO: [HLS 200-111] Finished Scheduling: CPU user time: 1 seconds. CPU system time: 0 seconds. Elapsed time: 0.453 seconds; current allocated memory: 225.164 MB.
INFO: [BIND 205-100] Starting micro-architecture generation ...
INFO: [BIND 205-101] Performing variable lifetime analysis.
INFO: [BIND 205-101] Exploring resource sharing.
INFO: [BIND 205-101] Binding ...
INFO: [BIND 205-100] Finished micro-architecture generation.
INFO: [HLS 200-111] Finished Binding: CPU user time: 0 seconds. CPU system time: 0 seconds. Elapsed time: 0.147 seconds; current allocated memory: 225.348 MB.
INFO: [HLS 200-10] ----------------------------------------------------------------
INFO: [HLS 200-42] -- Implementing module 'matrixmul_3_Pipeline_loop_output_C1_loop_output_C2' 
INFO: [HLS 200-10] ----------------------------------------------------------------
INFO: [SCHED 204-11] Starting scheduling ...
INFO: [SCHED 204-61] Pipelining loop 'loop_output_C1_loop_output_C2'.
INFO: [HLS 200-1470] Pipelining result : Target II = NA, Final II = 1, Depth = 4, loop 'loop_output_C1_loop_output_C2'
INFO: [SCHED 204-11] Finished scheduling.
INFO: [HLS 200-111] Finished Scheduling: CPU user time: 0 seconds. CPU system time: 0 seconds. Elapsed time: 0.224 seconds; current allocated memory: 225.664 MB.
INFO: [BIND 205-100] Starting micro-architecture generation ...
INFO: [BIND 205-101] Performing variable lifetime analysis.
INFO: [BIND 205-101] Exploring resource sharing.
INFO: [BIND 205-101] Binding ...
INFO: [BIND 205-100] Finished micro-architecture generation.
INFO: [HLS 200-111] Finished Binding: CPU user time: 0 seconds. CPU system time: 0 seconds. Elapsed time: 0.074 seconds; current allocated memory: 225.711 MB.
INFO: [HLS 200-10] ----------------------------------------------------------------
INFO: [HLS 200-42] -- Implementing module 'matrixmul_3' 
INFO: [HLS 200-10] ----------------------------------------------------------------
INFO: [SCHED 204-11] Starting scheduling ...
INFO: [SCHED 204-11] Finished scheduling.
INFO: [HLS 200-111] Finished Scheduling: CPU user time: 0 seconds. CPU system time: 0 seconds. Elapsed time: 0.117 seconds; current allocated memory: 226.309 MB.
INFO: [BIND 205-100] Starting micro-architecture generation ...
INFO: [BIND 205-101] Performing variable lifetime analysis.
INFO: [BIND 205-101] Exploring resource sharing.
INFO: [BIND 205-101] Binding ...
INFO: [BIND 205-100] Finished micro-architecture generation.
INFO: [HLS 200-111] Finished Binding: CPU user time: 0 seconds. CPU system time: 0 seconds. Elapsed time: 0.159 seconds; current allocated memory: 226.781 MB.
INFO: [HLS 200-10] ----------------------------------------------------------------
INFO: [HLS 200-10] -- Generating RTL for module 'matrixmul_3_Pipeline_loop_input_A1_loop_input_A2' 
INFO: [HLS 200-10] ----------------------------------------------------------------
INFO: [HLS 200-1030] Apply Unified Pipeline Control on module 'matrixmul_3_Pipeline_loop_input_A1_loop_input_A2' pipeline 'loop_input_A1_loop_input_A2' pipeline type 'loop pipeline'
INFO: [RTGEN 206-100] Finished creating RTL model for 'matrixmul_3_Pipeline_loop_input_A1_loop_input_A2'.
INFO: [HLS 200-111] Finished Creating RTL model: CPU user time: 0 seconds. CPU system time: 0 seconds. Elapsed time: 0.276 seconds; current allocated memory: 230.551 MB.
INFO: [HLS 200-10] ----------------------------------------------------------------
INFO: [HLS 200-10] -- Generating RTL for module 'matrixmul_3_Pipeline_loop_input_B1_loop_input_B2' 
INFO: [HLS 200-10] ----------------------------------------------------------------
INFO: [HLS 200-1030] Apply Unified Pipeline Control on module 'matrixmul_3_Pipeline_loop_input_B1_loop_input_B2' pipeline 'loop_input_B1_loop_input_B2' pipeline type 'loop pipeline'
INFO: [RTGEN 206-100] Finished creating RTL model for 'matrixmul_3_Pipeline_loop_input_B1_loop_input_B2'.
INFO: [HLS 200-111] Finished Creating RTL model: CPU user time: 1 seconds. CPU system time: 0 seconds. Elapsed time: 0.597 seconds; current allocated memory: 237.102 MB.
INFO: [HLS 200-10] ----------------------------------------------------------------
INFO: [HLS 200-10] -- Generating RTL for module 'matrixmul_3_Pipeline_loop1_loop2' 
INFO: [HLS 200-10] ----------------------------------------------------------------
INFO: [HLS 200-1030] Apply Unified Pipeline Control on module 'matrixmul_3_Pipeline_loop1_loop2' pipeline 'loop1_loop2' pipeline type 'loop pipeline'
INFO: [RTGEN 206-104] Estimated max fanout for 'matrixmul_3_Pipeline_loop1_loop2' is 7047 from HDL expression: (1'b0 == ap_block_pp0_stage0_11001)
INFO: [RTGEN 206-100] Generating core module 'mul_32s_32s_32_2_1': 64 instance(s).
INFO: [RTGEN 206-100] Finished creating RTL model for 'matrixmul_3_Pipeline_loop1_loop2'.
INFO: [HLS 200-111] Finished Creating RTL model: CPU user time: 0 seconds. CPU system time: 0 seconds. Elapsed time: 0.693 seconds; current allocated memory: 248.277 MB.
INFO: [HLS 200-10] ----------------------------------------------------------------
INFO: [HLS 200-10] -- Generating RTL for module 'matrixmul_3_Pipeline_loop_output_C1_loop_output_C2' 
INFO: [HLS 200-10] ----------------------------------------------------------------
INFO: [HLS 200-1030] Apply Unified Pipeline Control on module 'matrixmul_3_Pipeline_loop_output_C1_loop_output_C2' pipeline 'loop_output_C1_loop_output_C2' pipeline type 'loop pipeline'
INFO: [RTGEN 206-100] Finished creating RTL model for 'matrixmul_3_Pipeline_loop_output_C1_loop_output_C2'.
INFO: [HLS 200-111] Finished Creating RTL model: CPU user time: 0 seconds. CPU system time: 1 seconds. Elapsed time: 0.863 seconds; current allocated memory: 257.531 MB.
INFO: [HLS 200-10] ----------------------------------------------------------------
INFO: [HLS 200-10] -- Generating RTL for module 'matrixmul_3' 
INFO: [HLS 200-10] ----------------------------------------------------------------
WARNING: [RTGEN 206-101] Design contains AXI ports. Reset is fixed to synchronous and active low.
INFO: [RTGEN 206-500] Setting interface mode on port 'matrixmul_3/in_A' to 'axis' (register, both mode).
INFO: [RTGEN 206-500] Setting interface mode on port 'matrixmul_3/out_C' to 'axis' (register, both mode).
INFO: [RTGEN 206-500] Setting interface mode on function 'matrixmul_3' to 'ap_ctrl_none'.
INFO: [RTGEN 206-100] Finished creating RTL model for 'matrixmul_3'.
INFO: [RTMG 210-278] Implementing memory 'matrixmul_3_input_A_RAM_AUTO_1R1W' using auto RAMs.
INFO: [RTMG 210-278] Implementing memory 'matrixmul_3_output_C_RAM_AUTO_1R1W' using auto RAMs.
INFO: [HLS 200-111] Finished Creating RTL model: CPU user time: 0 seconds. CPU system time: 0 seconds. Elapsed time: 0.379 seconds; current allocated memory: 265.078 MB.
INFO: [HLS 200-111] Finished Generating all RTL models: CPU user time: 1 seconds. CPU system time: 0 seconds. Elapsed time: 0.835 seconds; current allocated memory: 272.906 MB.
INFO: [HLS 200-111] Finished Updating report files: CPU user time: 0 seconds. CPU system time: 0 seconds. Elapsed time: 0.883 seconds; current allocated memory: 277.555 MB.
INFO: [VHDL 208-304] Generating VHDL RTL for matrixmul_3.
INFO: [VLOG 209-307] Generating Verilog RTL for matrixmul_3.
INFO: [HLS 200-790] **** Loop Constraint Status: All loop constraints were satisfied.
INFO: [HLS 200-789] **** Estimated Fmax: 144.45 MHz
INFO: [HLS 200-112] Total CPU user time: 5 seconds. Total CPU system time: 2 seconds. Total elapsed time: 25.852 seconds; peak allocated memory: 277.629 MB.
INFO: [v++ 60-791] Total elapsed time: 0h 0m 30s
