  **** HLS Build v2024.2 5238294
INFO: [HLS 200-2005] Using work_dir C:/Users/Samarth/Desktop/IIIT_Intern/matrix_vitis/mat/matrixmul_3 
INFO: [HLS 200-1505] Using default flow_target 'vivado'
Resolution: For help on HLS 200-1505 see docs.xilinx.com/access/sources/dita/topic?Doc_Version=2024.2%20English&url=ug1448-hls-guidance&resourceid=200-1505.html
INFO: [HLS 200-1465] Applying ini 'syn.file=C:/Users/Samarth/Desktop/IIIT_Intern/matrix_vitis/mat_mul.cpp' from C:/Users/Samarth/Desktop/IIIT_Intern/matrix_vitis/mat/hls_config.cfg(8)
INFO: [HLS 200-10] Adding design file 'C:/Users/Samarth/Desktop/IIIT_Intern/matrix_vitis/mat_mul.cpp' to the project
INFO: [HLS 200-1465] Applying ini 'syn.file=C:/Users/Samarth/Desktop/IIIT_Intern/matrix_vitis/mat_mul.h' from C:/Users/Samarth/Desktop/IIIT_Intern/matrix_vitis/mat/hls_config.cfg(9)
INFO: [HLS 200-10] Adding design file 'C:/Users/Samarth/Desktop/IIIT_Intern/matrix_vitis/mat_mul.h' to the project
INFO: [HLS 200-1465] Applying ini 'tb.file=C:/Users/Samarth/Desktop/IIIT_Intern/matrix_vitis/mat_mul_tb.cpp' from C:/Users/Samarth/Desktop/IIIT_Intern/matrix_vitis/mat/hls_config.cfg(10)
INFO: [HLS 200-10] Adding test bench file 'C:/Users/Samarth/Desktop/IIIT_Intern/matrix_vitis/mat_mul_tb.cpp' to the project
INFO: [HLS 200-1465] Applying ini 'syn.top=matrixmul_3' from C:/Users/Samarth/Desktop/IIIT_Intern/matrix_vitis/mat/hls_config.cfg(7)
INFO: [HLS 200-1465] Applying ini 'flow_target=vivado' from C:/Users/Samarth/Desktop/IIIT_Intern/matrix_vitis/mat/hls_config.cfg(4)
INFO: [HLS 200-1505] Using flow_target 'vivado'
Resolution: For help on HLS 200-1505 see docs.xilinx.com/access/sources/dita/topic?Doc_Version=2024.2%20English&url=ug1448-hls-guidance&resourceid=200-1505.html
INFO: [HLS 200-1465] Applying ini 'part=xa7z020clg400-1I' from C:/Users/Samarth/Desktop/IIIT_Intern/matrix_vitis/mat/hls_config.cfg(1)
INFO: [HLS 200-1611] Setting target device to 'xa7z020-clg400-1I'
INFO: [HLS 200-1465] Applying ini 'csim.code_analyzer=1' from C:/Users/Samarth/Desktop/IIIT_Intern/matrix_vitis/mat/hls_config.cfg(11)
INFO: [HLS 200-1465] Applying ini 'package.output.format=ip_catalog' from C:/Users/Samarth/Desktop/IIIT_Intern/matrix_vitis/mat/hls_config.cfg(5)
INFO: [SIM 211-200] Executing Code Analyzer instead of classic HLS C simulation
INFO: [HLS 211-200] Compiling source code ../mat_mul.cpp as hardware code with instrumentation
INFO: [HLS 211-200] Compiling source code C:/Users/Samarth/Desktop/IIIT_Intern/matrix_vitis/mat_mul_tb.cpp as test bench code with instrumentation
INFO: [HLS 211-200] Compiling source code ../mat_mul.cpp as test bench code with instrumentation
INFO: [HLS 211-200] Linking hardware code
INFO: [HLS 211-200] Transforming hardware bitcode
INFO: [HLS 211-200] Linking executable
INFO: [HLS 211-200] Computing HLS IR Information
INFO: [HLS 211-200] Determining source code dependencies
INFO: [SIM 211-200] Running executable
No errors!!
INFO: [SIM 211-200] Analyzing trace data
INFO: [SIM 211-208] Running Code Analyzer
WARNING: [SIM 211-206] Code Analyzer does not display the impact of the partition pragma for dataflow channels (C:\Users\Samarth\Desktop\IIIT_Intern\matrix_vitis\mat_mul.cpp:137:2)
WARNING: [SIM 211-206] Code Analyzer does not display the impact of the partition pragma for dataflow channels (C:\Users\Samarth\Desktop\IIIT_Intern\matrix_vitis\mat_mul.cpp:139:2)
INFO: [SIM 211-210] Code Analyzer finished
INFO: [HLS 200-112] Total CPU user time: 1 seconds. Total CPU system time: 1 seconds. Total elapsed time: 11.649 seconds; peak allocated memory: 141.141 MB.
INFO: [vitis-run 60-791] Total elapsed time: 0h 0m 16s
