

================================================================
== Vivado HLS Report for 'AutoCorrelation'
================================================================
* Date:           Fri May 30 11:14:49 2025

* Version:        2019.1 (Build 2552052 on Fri May 24 15:28:33 MDT 2019)
* Project:        music
* Solution:       solution1
* Product family: zynquplus
* Target device:  xczu28dr-ffvg1517-2-e


================================================================
== Performance Estimates
================================================================
+ Timing (ns): 
    * Summary: 
    +--------+-------+----------+------------+
    |  Clock | Target| Estimated| Uncertainty|
    +--------+-------+----------+------------+
    |ap_clk  |  10.00|     8.658|        1.25|
    +--------+-------+----------+------------+

+ Latency (clock cycles): 
    * Summary: 
    +----------+----------+----------+----------+---------+
    |       Latency       |       Interval      | Pipeline|
    |    min   |    max   |    min   |    max   |   Type  |
    +----------+----------+----------+----------+---------+
    |  16390805|  16390805|  16390805|  16390805|   none  |
    +----------+----------+----------+----------+---------+

    + Detail: 
        * Instance: 
        N/A

        * Loop: 
        +-----------------+----------+----------+----------+-----------+-----------+------+----------+
        |                 |       Latency       | Iteration|  Initiation Interval  | Trip |          |
        |    Loop Name    |    min   |    max   |  Latency |  achieved |   target  | Count| Pipelined|
        +-----------------+----------+----------+----------+-----------+-----------+------+----------+
        |- Loop 1         |     10200|     10200|       102|          -|          -|   100|    no    |
        | + Loop 1.1      |       100|       100|         1|          -|          -|   100|    no    |
        |- Loop 2         |  16180402|  16180402|    160202|          -|          -|   101|    no    |
        | + Loop 2.1      |    160200|    160200|      1602|          -|          -|   100|    no    |
        |  ++ Loop 2.1.1  |      1600|      1600|        16|          -|          -|   100|    no    |
        |- Loop 3         |    200200|    200200|      2002|          -|          -|   100|    no    |
        | + Loop 3.1      |      2000|      2000|        20|          -|          -|   100|    no    |
        +-----------------+----------+----------+----------+-----------+-----------+------+----------+

============================================================
+ Verbose Summary: Synthesis Manager
============================================================
InlineROM: 1
ExposeGlobal: 0
============================================================
+ Verbose Summary: CDFG Model
============================================================
IsTopModel: 0
ResetActiveHigh: 1
IsCombinational: 2
IsDatapathOnly: 0
HasWiredReturn: 1
HasMFsm: 0
HasVarLatency: 1
IsPipeline: 0
IsRtlPipelined: 0
IsInstanceOverlapped: 0
IsDontTouch: 0
HasImplIP: 0
IsGatedGlobalClock: 0


============================================================
+ Verbose Summary: Schedule
============================================================
* Number of FSM states : 42
* Pipeline : 0
* Dataflow Pipeline: 0

* FSM state transitions: 
1 --> 2 
2 --> 3 4 
3 --> 3 2 
4 --> 5 22 
5 --> 6 4 
6 --> 7 5 
7 --> 8 
8 --> 9 
9 --> 10 
10 --> 11 
11 --> 12 
12 --> 13 
13 --> 14 
14 --> 15 
15 --> 16 
16 --> 17 
17 --> 18 
18 --> 19 
19 --> 20 
20 --> 21 
21 --> 6 
22 --> 23 
23 --> 24 22 
24 --> 25 
25 --> 26 
26 --> 27 
27 --> 28 
28 --> 29 
29 --> 30 
30 --> 31 
31 --> 32 
32 --> 33 
33 --> 34 
34 --> 35 
35 --> 36 
36 --> 37 
37 --> 38 
38 --> 39 
39 --> 40 
40 --> 41 
41 --> 42 
42 --> 23 

* FSM state operations: 

State 1 <SV = 0> <Delay = 0.65>
ST_1 : Operation 43 [1/1] (0.65ns)   --->   "br label %.loopexit" [kernel_qrf_0.cpp:22]   --->   Operation 43 'br' <Predicate = true> <Delay = 0.65>

State 2 <SV = 1> <Delay = 0.83>
ST_2 : Operation 44 [1/1] (0.00ns)   --->   "%k_0 = phi i7 [ 0, %0 ], [ %k, %.loopexit.loopexit ]"   --->   Operation 44 'phi' 'k_0' <Predicate = true> <Delay = 0.00>
ST_2 : Operation 45 [1/1] (0.00ns)   --->   "%phi_mul = phi i14 [ 0, %0 ], [ %add_ln22, %.loopexit.loopexit ]" [kernel_qrf_0.cpp:22]   --->   Operation 45 'phi' 'phi_mul' <Predicate = true> <Delay = 0.00>
ST_2 : Operation 46 [1/1] (0.83ns)   --->   "%add_ln22 = add i14 %phi_mul, 100" [kernel_qrf_0.cpp:22]   --->   Operation 46 'add' 'add_ln22' <Predicate = true> <Delay = 0.83> <Core = "AddSub">   --->   Core 14 'AddSub' <Latency = 0> <II = 1> <Delay = 0.83> <FuncUnit> <Opcode : 'add' 'sub'> <InPorts = 2> <OutPorts = 1>
ST_2 : Operation 47 [1/1] (0.81ns)   --->   "%icmp_ln22 = icmp eq i7 %k_0, -28" [kernel_qrf_0.cpp:22]   --->   Operation 47 'icmp' 'icmp_ln22' <Predicate = true> <Delay = 0.81> <Core = "Cmp">   --->   Core 25 'Cmp' <Latency = 0> <II = 1> <Delay = 0.81> <FuncUnit> <Opcode : 'icmp'> <InPorts = 2> <OutPorts = 1>
ST_2 : Operation 48 [1/1] (0.00ns)   --->   "%empty = call i32 (...)* @_ssdm_op_SpecLoopTripCount(i64 100, i64 100, i64 100)"   --->   Operation 48 'speclooptripcount' 'empty' <Predicate = true> <Delay = 0.00>
ST_2 : Operation 49 [1/1] (0.77ns)   --->   "%k = add i7 %k_0, 1" [kernel_qrf_0.cpp:22]   --->   Operation 49 'add' 'k' <Predicate = true> <Delay = 0.77> <Core = "AddSub">   --->   Core 14 'AddSub' <Latency = 0> <II = 1> <Delay = 0.83> <FuncUnit> <Opcode : 'add' 'sub'> <InPorts = 2> <OutPorts = 1>
ST_2 : Operation 50 [1/1] (0.00ns)   --->   "br i1 %icmp_ln22, label %.preheader4.preheader, label %.preheader5.preheader" [kernel_qrf_0.cpp:22]   --->   Operation 50 'br' <Predicate = true> <Delay = 0.00>
ST_2 : Operation 51 [1/1] (0.65ns)   --->   "br label %.preheader5" [kernel_qrf_0.cpp:23]   --->   Operation 51 'br' <Predicate = (!icmp_ln22)> <Delay = 0.65>
ST_2 : Operation 52 [1/1] (0.65ns)   --->   "br label %.preheader4" [kernel_qrf_0.cpp:29]   --->   Operation 52 'br' <Predicate = (icmp_ln22)> <Delay = 0.65>

State 3 <SV = 2> <Delay = 2.06>
ST_3 : Operation 53 [1/1] (0.00ns)   --->   "%l_0 = phi i7 [ %l, %1 ], [ 0, %.preheader5.preheader ]"   --->   Operation 53 'phi' 'l_0' <Predicate = true> <Delay = 0.00>
ST_3 : Operation 54 [1/1] (0.81ns)   --->   "%icmp_ln23 = icmp eq i7 %l_0, -28" [kernel_qrf_0.cpp:23]   --->   Operation 54 'icmp' 'icmp_ln23' <Predicate = true> <Delay = 0.81> <Core = "Cmp">   --->   Core 25 'Cmp' <Latency = 0> <II = 1> <Delay = 0.81> <FuncUnit> <Opcode : 'icmp'> <InPorts = 2> <OutPorts = 1>
ST_3 : Operation 55 [1/1] (0.00ns)   --->   "%empty_32 = call i32 (...)* @_ssdm_op_SpecLoopTripCount(i64 100, i64 100, i64 100)"   --->   Operation 55 'speclooptripcount' 'empty_32' <Predicate = true> <Delay = 0.00>
ST_3 : Operation 56 [1/1] (0.77ns)   --->   "%l = add i7 %l_0, 1" [kernel_qrf_0.cpp:23]   --->   Operation 56 'add' 'l' <Predicate = true> <Delay = 0.77> <Core = "AddSub">   --->   Core 14 'AddSub' <Latency = 0> <II = 1> <Delay = 0.83> <FuncUnit> <Opcode : 'add' 'sub'> <InPorts = 2> <OutPorts = 1>
ST_3 : Operation 57 [1/1] (0.00ns)   --->   "br i1 %icmp_ln23, label %.loopexit.loopexit, label %1" [kernel_qrf_0.cpp:23]   --->   Operation 57 'br' <Predicate = true> <Delay = 0.00>
ST_3 : Operation 58 [1/1] (0.00ns)   --->   "%zext_ln24 = zext i7 %l_0 to i14" [kernel_qrf_0.cpp:24]   --->   Operation 58 'zext' 'zext_ln24' <Predicate = (!icmp_ln23)> <Delay = 0.00>
ST_3 : Operation 59 [1/1] (0.83ns)   --->   "%add_ln24 = add i14 %phi_mul, %zext_ln24" [kernel_qrf_0.cpp:24]   --->   Operation 59 'add' 'add_ln24' <Predicate = (!icmp_ln23)> <Delay = 0.83> <Core = "AddSub">   --->   Core 14 'AddSub' <Latency = 0> <II = 1> <Delay = 0.83> <FuncUnit> <Opcode : 'add' 'sub'> <InPorts = 2> <OutPorts = 1>
ST_3 : Operation 60 [1/1] (0.00ns)   --->   "%zext_ln24_1 = zext i14 %add_ln24 to i64" [kernel_qrf_0.cpp:24]   --->   Operation 60 'zext' 'zext_ln24_1' <Predicate = (!icmp_ln23)> <Delay = 0.00>
ST_3 : Operation 61 [1/1] (0.00ns)   --->   "%matrix1_re_addr = getelementptr [10000 x double]* %matrix1_re, i64 0, i64 %zext_ln24_1" [kernel_qrf_0.cpp:24]   --->   Operation 61 'getelementptr' 'matrix1_re_addr' <Predicate = (!icmp_ln23)> <Delay = 0.00>
ST_3 : Operation 62 [1/1] (0.00ns)   --->   "%matrix1_im_addr = getelementptr [10000 x double]* %matrix1_im, i64 0, i64 %zext_ln24_1" [kernel_qrf_0.cpp:24]   --->   Operation 62 'getelementptr' 'matrix1_im_addr' <Predicate = (!icmp_ln23)> <Delay = 0.00>
ST_3 : Operation 63 [1/1] (1.23ns)   --->   "store double 0.000000e+00, double* %matrix1_re_addr, align 8" [kernel_qrf_0.cpp:24]   --->   Operation 63 'store' <Predicate = (!icmp_ln23)> <Delay = 1.23> <Core = "RAM">   --->   Core 37 'RAM' <Latency = 1> <II = 1> <Delay = 1.23> <Storage> <Opcode : 'load' 'store'> <Ports = 2> <Width = 64> <Depth = 10000> <RAM>
ST_3 : Operation 64 [1/1] (1.23ns)   --->   "store double 0.000000e+00, double* %matrix1_im_addr, align 8" [kernel_qrf_0.cpp:24]   --->   Operation 64 'store' <Predicate = (!icmp_ln23)> <Delay = 1.23> <Core = "RAM">   --->   Core 37 'RAM' <Latency = 1> <II = 1> <Delay = 1.23> <Storage> <Opcode : 'load' 'store'> <Ports = 2> <Width = 64> <Depth = 10000> <RAM>
ST_3 : Operation 65 [1/1] (0.00ns)   --->   "br label %.preheader5" [kernel_qrf_0.cpp:23]   --->   Operation 65 'br' <Predicate = (!icmp_ln23)> <Delay = 0.00>
ST_3 : Operation 66 [1/1] (0.00ns)   --->   "br label %.loopexit"   --->   Operation 66 'br' <Predicate = (icmp_ln23)> <Delay = 0.00>

State 4 <SV = 2> <Delay = 0.81>
ST_4 : Operation 67 [1/1] (0.00ns)   --->   "%i_0 = phi i7 [ %i, %.preheader4.loopexit ], [ 0, %.preheader4.preheader ]"   --->   Operation 67 'phi' 'i_0' <Predicate = true> <Delay = 0.00>
ST_4 : Operation 68 [1/1] (0.00ns)   --->   "%zext_ln29 = zext i7 %i_0 to i8" [kernel_qrf_0.cpp:29]   --->   Operation 68 'zext' 'zext_ln29' <Predicate = true> <Delay = 0.00>
ST_4 : Operation 69 [1/1] (0.81ns)   --->   "%icmp_ln29 = icmp eq i7 %i_0, -27" [kernel_qrf_0.cpp:29]   --->   Operation 69 'icmp' 'icmp_ln29' <Predicate = true> <Delay = 0.81> <Core = "Cmp">   --->   Core 25 'Cmp' <Latency = 0> <II = 1> <Delay = 0.81> <FuncUnit> <Opcode : 'icmp'> <InPorts = 2> <OutPorts = 1>
ST_4 : Operation 70 [1/1] (0.00ns)   --->   "%empty_33 = call i32 (...)* @_ssdm_op_SpecLoopTripCount(i64 101, i64 101, i64 101)"   --->   Operation 70 'speclooptripcount' 'empty_33' <Predicate = true> <Delay = 0.00>
ST_4 : Operation 71 [1/1] (0.77ns)   --->   "%i = add i7 %i_0, 1" [kernel_qrf_0.cpp:29]   --->   Operation 71 'add' 'i' <Predicate = true> <Delay = 0.77> <Core = "AddSub">   --->   Core 14 'AddSub' <Latency = 0> <II = 1> <Delay = 0.83> <FuncUnit> <Opcode : 'add' 'sub'> <InPorts = 2> <OutPorts = 1>
ST_4 : Operation 72 [1/1] (0.00ns)   --->   "br i1 %icmp_ln29, label %.preheader1.preheader, label %.preheader3.preheader" [kernel_qrf_0.cpp:29]   --->   Operation 72 'br' <Predicate = true> <Delay = 0.00>
ST_4 : Operation 73 [1/1] (0.65ns)   --->   "br label %.preheader3" [kernel_qrf_0.cpp:30]   --->   Operation 73 'br' <Predicate = (!icmp_ln29)> <Delay = 0.65>
ST_4 : Operation 74 [1/1] (0.65ns)   --->   "br label %.preheader1" [kernel_qrf_0.cpp:39]   --->   Operation 74 'br' <Predicate = (icmp_ln29)> <Delay = 0.65>

State 5 <SV = 3> <Delay = 0.83>
ST_5 : Operation 75 [1/1] (0.00ns)   --->   "%k1_0 = phi i7 [ %k_1, %.preheader3.loopexit ], [ 0, %.preheader3.preheader ]"   --->   Operation 75 'phi' 'k1_0' <Predicate = true> <Delay = 0.00>
ST_5 : Operation 76 [1/1] (0.00ns)   --->   "%phi_mul113 = phi i14 [ %add_ln30, %.preheader3.loopexit ], [ 0, %.preheader3.preheader ]" [kernel_qrf_0.cpp:30]   --->   Operation 76 'phi' 'phi_mul113' <Predicate = true> <Delay = 0.00>
ST_5 : Operation 77 [1/1] (0.83ns)   --->   "%add_ln30 = add i14 %phi_mul113, 100" [kernel_qrf_0.cpp:30]   --->   Operation 77 'add' 'add_ln30' <Predicate = true> <Delay = 0.83> <Core = "AddSub">   --->   Core 14 'AddSub' <Latency = 0> <II = 1> <Delay = 0.83> <FuncUnit> <Opcode : 'add' 'sub'> <InPorts = 2> <OutPorts = 1>
ST_5 : Operation 78 [1/1] (0.00ns)   --->   "%zext_ln30 = zext i7 %k1_0 to i8" [kernel_qrf_0.cpp:30]   --->   Operation 78 'zext' 'zext_ln30' <Predicate = true> <Delay = 0.00>
ST_5 : Operation 79 [1/1] (0.81ns)   --->   "%icmp_ln30 = icmp eq i7 %k1_0, -28" [kernel_qrf_0.cpp:30]   --->   Operation 79 'icmp' 'icmp_ln30' <Predicate = true> <Delay = 0.81> <Core = "Cmp">   --->   Core 25 'Cmp' <Latency = 0> <II = 1> <Delay = 0.81> <FuncUnit> <Opcode : 'icmp'> <InPorts = 2> <OutPorts = 1>
ST_5 : Operation 80 [1/1] (0.00ns)   --->   "%empty_34 = call i32 (...)* @_ssdm_op_SpecLoopTripCount(i64 100, i64 100, i64 100)"   --->   Operation 80 'speclooptripcount' 'empty_34' <Predicate = true> <Delay = 0.00>
ST_5 : Operation 81 [1/1] (0.77ns)   --->   "%k_1 = add i7 %k1_0, 1" [kernel_qrf_0.cpp:30]   --->   Operation 81 'add' 'k_1' <Predicate = true> <Delay = 0.77> <Core = "AddSub">   --->   Core 14 'AddSub' <Latency = 0> <II = 1> <Delay = 0.83> <FuncUnit> <Opcode : 'add' 'sub'> <InPorts = 2> <OutPorts = 1>
ST_5 : Operation 82 [1/1] (0.00ns)   --->   "br i1 %icmp_ln30, label %.preheader4.loopexit, label %.preheader2.preheader" [kernel_qrf_0.cpp:30]   --->   Operation 82 'br' <Predicate = true> <Delay = 0.00>
ST_5 : Operation 83 [1/1] (0.77ns)   --->   "%add_ln32 = add i8 %zext_ln29, %zext_ln30" [kernel_qrf_0.cpp:32]   --->   Operation 83 'add' 'add_ln32' <Predicate = (!icmp_ln30)> <Delay = 0.77> <Core = "AddSub">   --->   Core 14 'AddSub' <Latency = 0> <II = 1> <Delay = 0.83> <FuncUnit> <Opcode : 'add' 'sub'> <InPorts = 2> <OutPorts = 1>
ST_5 : Operation 84 [1/1] (0.00ns)   --->   "%zext_ln32 = zext i8 %add_ln32 to i64" [kernel_qrf_0.cpp:32]   --->   Operation 84 'zext' 'zext_ln32' <Predicate = (!icmp_ln30)> <Delay = 0.00>
ST_5 : Operation 85 [1/1] (0.00ns)   --->   "%rec_sig_re_addr = getelementptr [200 x double]* %rec_sig_re, i64 0, i64 %zext_ln32" [kernel_qrf_0.cpp:32]   --->   Operation 85 'getelementptr' 'rec_sig_re_addr' <Predicate = (!icmp_ln30)> <Delay = 0.00>
ST_5 : Operation 86 [1/1] (0.00ns)   --->   "%rec_sig_im_addr = getelementptr [200 x double]* %rec_sig_im, i64 0, i64 %zext_ln32" [kernel_qrf_0.cpp:32]   --->   Operation 86 'getelementptr' 'rec_sig_im_addr' <Predicate = (!icmp_ln30)> <Delay = 0.00>
ST_5 : Operation 87 [1/1] (0.65ns)   --->   "br label %.preheader2" [kernel_qrf_0.cpp:31]   --->   Operation 87 'br' <Predicate = (!icmp_ln30)> <Delay = 0.65>
ST_5 : Operation 88 [1/1] (0.00ns)   --->   "br label %.preheader4"   --->   Operation 88 'br' <Predicate = (icmp_ln30)> <Delay = 0.00>

State 6 <SV = 4> <Delay = 2.01>
ST_6 : Operation 89 [1/1] (0.00ns)   --->   "%l2_0 = phi i7 [ 0, %.preheader2.preheader ], [ %l_1, %2 ]"   --->   Operation 89 'phi' 'l2_0' <Predicate = true> <Delay = 0.00>
ST_6 : Operation 90 [1/1] (0.00ns)   --->   "%zext_ln31 = zext i7 %l2_0 to i8" [kernel_qrf_0.cpp:31]   --->   Operation 90 'zext' 'zext_ln31' <Predicate = true> <Delay = 0.00>
ST_6 : Operation 91 [1/1] (0.81ns)   --->   "%icmp_ln31 = icmp eq i7 %l2_0, -28" [kernel_qrf_0.cpp:31]   --->   Operation 91 'icmp' 'icmp_ln31' <Predicate = true> <Delay = 0.81> <Core = "Cmp">   --->   Core 25 'Cmp' <Latency = 0> <II = 1> <Delay = 0.81> <FuncUnit> <Opcode : 'icmp'> <InPorts = 2> <OutPorts = 1>
ST_6 : Operation 92 [1/1] (0.00ns)   --->   "%empty_35 = call i32 (...)* @_ssdm_op_SpecLoopTripCount(i64 100, i64 100, i64 100)"   --->   Operation 92 'speclooptripcount' 'empty_35' <Predicate = true> <Delay = 0.00>
ST_6 : Operation 93 [1/1] (0.77ns)   --->   "%l_1 = add i7 %l2_0, 1" [kernel_qrf_0.cpp:31]   --->   Operation 93 'add' 'l_1' <Predicate = true> <Delay = 0.77> <Core = "AddSub">   --->   Core 14 'AddSub' <Latency = 0> <II = 1> <Delay = 0.83> <FuncUnit> <Opcode : 'add' 'sub'> <InPorts = 2> <OutPorts = 1>
ST_6 : Operation 94 [1/1] (0.00ns)   --->   "br i1 %icmp_ln31, label %.preheader3.loopexit, label %2" [kernel_qrf_0.cpp:31]   --->   Operation 94 'br' <Predicate = true> <Delay = 0.00>
ST_6 : Operation 95 [2/2] (1.23ns)   --->   "%tmp_re = load double* %rec_sig_re_addr, align 8" [kernel_qrf_0.cpp:32]   --->   Operation 95 'load' 'tmp_re' <Predicate = (!icmp_ln31)> <Delay = 1.23> <Core = "RAM">   --->   Core 37 'RAM' <Latency = 1> <II = 1> <Delay = 1.23> <Storage> <Opcode : 'load' 'store'> <Ports = 2> <Width = 64> <Depth = 10000> <RAM>
ST_6 : Operation 96 [2/2] (1.23ns)   --->   "%tmp_im = load double* %rec_sig_im_addr, align 8" [kernel_qrf_0.cpp:32]   --->   Operation 96 'load' 'tmp_im' <Predicate = (!icmp_ln31)> <Delay = 1.23> <Core = "RAM">   --->   Core 37 'RAM' <Latency = 1> <II = 1> <Delay = 1.23> <Storage> <Opcode : 'load' 'store'> <Ports = 2> <Width = 64> <Depth = 10000> <RAM>
ST_6 : Operation 97 [1/1] (0.77ns)   --->   "%add_ln32_1 = add i8 %zext_ln29, %zext_ln31" [kernel_qrf_0.cpp:32]   --->   Operation 97 'add' 'add_ln32_1' <Predicate = (!icmp_ln31)> <Delay = 0.77> <Core = "AddSub">   --->   Core 14 'AddSub' <Latency = 0> <II = 1> <Delay = 0.83> <FuncUnit> <Opcode : 'add' 'sub'> <InPorts = 2> <OutPorts = 1>
ST_6 : Operation 98 [1/1] (0.00ns)   --->   "%zext_ln32_1 = zext i8 %add_ln32_1 to i64" [kernel_qrf_0.cpp:32]   --->   Operation 98 'zext' 'zext_ln32_1' <Predicate = (!icmp_ln31)> <Delay = 0.00>
ST_6 : Operation 99 [1/1] (0.00ns)   --->   "%rec_sig_re_addr_1 = getelementptr [200 x double]* %rec_sig_re, i64 0, i64 %zext_ln32_1" [kernel_qrf_0.cpp:32]   --->   Operation 99 'getelementptr' 'rec_sig_re_addr_1' <Predicate = (!icmp_ln31)> <Delay = 0.00>
ST_6 : Operation 100 [1/1] (0.00ns)   --->   "%rec_sig_im_addr_1 = getelementptr [200 x double]* %rec_sig_im, i64 0, i64 %zext_ln32_1" [kernel_qrf_0.cpp:32]   --->   Operation 100 'getelementptr' 'rec_sig_im_addr_1' <Predicate = (!icmp_ln31)> <Delay = 0.00>
ST_6 : Operation 101 [2/2] (1.23ns)   --->   "%rec_sig_re_load = load double* %rec_sig_re_addr_1, align 8" [kernel_qrf_0.cpp:32]   --->   Operation 101 'load' 'rec_sig_re_load' <Predicate = (!icmp_ln31)> <Delay = 1.23> <Core = "RAM">   --->   Core 37 'RAM' <Latency = 1> <II = 1> <Delay = 1.23> <Storage> <Opcode : 'load' 'store'> <Ports = 2> <Width = 64> <Depth = 10000> <RAM>
ST_6 : Operation 102 [2/2] (1.23ns)   --->   "%rec_sig_im_load = load double* %rec_sig_im_addr_1, align 8" [kernel_qrf_0.cpp:32]   --->   Operation 102 'load' 'rec_sig_im_load' <Predicate = (!icmp_ln31)> <Delay = 1.23> <Core = "RAM">   --->   Core 37 'RAM' <Latency = 1> <II = 1> <Delay = 1.23> <Storage> <Opcode : 'load' 'store'> <Ports = 2> <Width = 64> <Depth = 10000> <RAM>
ST_6 : Operation 103 [1/1] (0.00ns)   --->   "%zext_ln33 = zext i7 %l2_0 to i14" [kernel_qrf_0.cpp:33]   --->   Operation 103 'zext' 'zext_ln33' <Predicate = (!icmp_ln31)> <Delay = 0.00>
ST_6 : Operation 104 [1/1] (0.83ns)   --->   "%add_ln33 = add i14 %phi_mul113, %zext_ln33" [kernel_qrf_0.cpp:33]   --->   Operation 104 'add' 'add_ln33' <Predicate = (!icmp_ln31)> <Delay = 0.83> <Core = "AddSub">   --->   Core 14 'AddSub' <Latency = 0> <II = 1> <Delay = 0.83> <FuncUnit> <Opcode : 'add' 'sub'> <InPorts = 2> <OutPorts = 1>
ST_6 : Operation 105 [1/1] (0.00ns)   --->   "br label %.preheader3"   --->   Operation 105 'br' <Predicate = (icmp_ln31)> <Delay = 0.00>

State 7 <SV = 5> <Delay = 8.65>
ST_7 : Operation 106 [1/2] (1.23ns)   --->   "%tmp_re = load double* %rec_sig_re_addr, align 8" [kernel_qrf_0.cpp:32]   --->   Operation 106 'load' 'tmp_re' <Predicate = true> <Delay = 1.23> <Core = "RAM">   --->   Core 37 'RAM' <Latency = 1> <II = 1> <Delay = 1.23> <Storage> <Opcode : 'load' 'store'> <Ports = 2> <Width = 64> <Depth = 10000> <RAM>
ST_7 : Operation 107 [1/2] (1.23ns)   --->   "%tmp_im = load double* %rec_sig_im_addr, align 8" [kernel_qrf_0.cpp:32]   --->   Operation 107 'load' 'tmp_im' <Predicate = true> <Delay = 1.23> <Core = "RAM">   --->   Core 37 'RAM' <Latency = 1> <II = 1> <Delay = 1.23> <Storage> <Opcode : 'load' 'store'> <Ports = 2> <Width = 64> <Depth = 10000> <RAM>
ST_7 : Operation 108 [1/1] (0.00ns)   --->   "%bitcast_ln329 = bitcast double %tmp_im to i64" [C:/Xilinx2/Vivado/2019.1/common/technology/autopilot\hls/linear_algebra/utils/x_hls_complex.h:329->C:/Xilinx2/Vivado/2019.1/common/technology/autopilot\hls/linear_algebra/utils/x_hls_complex.h:337->kernel_qrf_0.cpp:32]   --->   Operation 108 'bitcast' 'bitcast_ln329' <Predicate = true> <Delay = 0.00>
ST_7 : Operation 109 [1/1] (0.37ns)   --->   "%xor_ln329 = xor i64 %bitcast_ln329, -9223372036854775808" [C:/Xilinx2/Vivado/2019.1/common/technology/autopilot\hls/linear_algebra/utils/x_hls_complex.h:329->C:/Xilinx2/Vivado/2019.1/common/technology/autopilot\hls/linear_algebra/utils/x_hls_complex.h:337->kernel_qrf_0.cpp:32]   --->   Operation 109 'xor' 'xor_ln329' <Predicate = true> <Delay = 0.37> <Core = "LogicGate">   --->   Core 27 'LogicGate' <Latency = 0> <II = 1> <Delay = 0.37> <FuncUnit> <Opcode : 'and' 'or' 'xor'> <InPorts = 2> <OutPorts = 1>
ST_7 : Operation 110 [1/1] (0.00ns)   --->   "%tmp_im_13 = bitcast i64 %xor_ln329 to double" [C:/Xilinx2/Vivado/2019.1/common/technology/autopilot\hls/linear_algebra/utils/x_hls_complex.h:329->C:/Xilinx2/Vivado/2019.1/common/technology/autopilot\hls/linear_algebra/utils/x_hls_complex.h:337->kernel_qrf_0.cpp:32]   --->   Operation 110 'bitcast' 'tmp_im_13' <Predicate = true> <Delay = 0.00>
ST_7 : Operation 111 [1/2] (1.23ns)   --->   "%rec_sig_re_load = load double* %rec_sig_re_addr_1, align 8" [kernel_qrf_0.cpp:32]   --->   Operation 111 'load' 'rec_sig_re_load' <Predicate = true> <Delay = 1.23> <Core = "RAM">   --->   Core 37 'RAM' <Latency = 1> <II = 1> <Delay = 1.23> <Storage> <Opcode : 'load' 'store'> <Ports = 2> <Width = 64> <Depth = 10000> <RAM>
ST_7 : Operation 112 [1/2] (1.23ns)   --->   "%rec_sig_im_load = load double* %rec_sig_im_addr_1, align 8" [kernel_qrf_0.cpp:32]   --->   Operation 112 'load' 'rec_sig_im_load' <Predicate = true> <Delay = 1.23> <Core = "RAM">   --->   Core 37 'RAM' <Latency = 1> <II = 1> <Delay = 1.23> <Storage> <Opcode : 'load' 'store'> <Ports = 2> <Width = 64> <Depth = 10000> <RAM>
ST_7 : Operation 113 [5/5] (7.04ns)   --->   "%m1 = fmul double %rec_sig_re_load, %tmp_re" [C:/Xilinx2/Vivado/2019.1/common/technology/autopilot\hls/linear_algebra/utils/x_hls_complex.h:118->kernel_qrf_0.cpp:32]   --->   Operation 113 'dmul' 'm1' <Predicate = true> <Delay = 7.04> <Core = "DMul">   --->   Core 116 'DMul' <Latency = 4> <II = 1> <Delay = 7.04> <FuncUnit> <Opcode : 'dmul'> <InPorts = 2> <OutPorts = 1>
ST_7 : Operation 114 [5/5] (7.04ns)   --->   "%m2 = fmul double %rec_sig_im_load, %tmp_im_13" [C:/Xilinx2/Vivado/2019.1/common/technology/autopilot\hls/linear_algebra/utils/x_hls_complex.h:119->kernel_qrf_0.cpp:32]   --->   Operation 114 'dmul' 'm2' <Predicate = true> <Delay = 7.04> <Core = "DMul">   --->   Core 116 'DMul' <Latency = 4> <II = 1> <Delay = 7.04> <FuncUnit> <Opcode : 'dmul'> <InPorts = 2> <OutPorts = 1>
ST_7 : Operation 115 [5/5] (7.04ns)   --->   "%m3 = fmul double %rec_sig_im_load, %tmp_re" [C:/Xilinx2/Vivado/2019.1/common/technology/autopilot\hls/linear_algebra/utils/x_hls_complex.h:120->kernel_qrf_0.cpp:32]   --->   Operation 115 'dmul' 'm3' <Predicate = true> <Delay = 7.04> <Core = "DMul">   --->   Core 116 'DMul' <Latency = 4> <II = 1> <Delay = 7.04> <FuncUnit> <Opcode : 'dmul'> <InPorts = 2> <OutPorts = 1>
ST_7 : Operation 116 [5/5] (7.04ns)   --->   "%m4 = fmul double %rec_sig_re_load, %tmp_im_13" [C:/Xilinx2/Vivado/2019.1/common/technology/autopilot\hls/linear_algebra/utils/x_hls_complex.h:121->kernel_qrf_0.cpp:32]   --->   Operation 116 'dmul' 'm4' <Predicate = true> <Delay = 7.04> <Core = "DMul">   --->   Core 116 'DMul' <Latency = 4> <II = 1> <Delay = 7.04> <FuncUnit> <Opcode : 'dmul'> <InPorts = 2> <OutPorts = 1>

State 8 <SV = 6> <Delay = 7.04>
ST_8 : Operation 117 [4/5] (7.04ns)   --->   "%m1 = fmul double %rec_sig_re_load, %tmp_re" [C:/Xilinx2/Vivado/2019.1/common/technology/autopilot\hls/linear_algebra/utils/x_hls_complex.h:118->kernel_qrf_0.cpp:32]   --->   Operation 117 'dmul' 'm1' <Predicate = true> <Delay = 7.04> <Core = "DMul">   --->   Core 116 'DMul' <Latency = 4> <II = 1> <Delay = 7.04> <FuncUnit> <Opcode : 'dmul'> <InPorts = 2> <OutPorts = 1>
ST_8 : Operation 118 [4/5] (7.04ns)   --->   "%m2 = fmul double %rec_sig_im_load, %tmp_im_13" [C:/Xilinx2/Vivado/2019.1/common/technology/autopilot\hls/linear_algebra/utils/x_hls_complex.h:119->kernel_qrf_0.cpp:32]   --->   Operation 118 'dmul' 'm2' <Predicate = true> <Delay = 7.04> <Core = "DMul">   --->   Core 116 'DMul' <Latency = 4> <II = 1> <Delay = 7.04> <FuncUnit> <Opcode : 'dmul'> <InPorts = 2> <OutPorts = 1>
ST_8 : Operation 119 [4/5] (7.04ns)   --->   "%m3 = fmul double %rec_sig_im_load, %tmp_re" [C:/Xilinx2/Vivado/2019.1/common/technology/autopilot\hls/linear_algebra/utils/x_hls_complex.h:120->kernel_qrf_0.cpp:32]   --->   Operation 119 'dmul' 'm3' <Predicate = true> <Delay = 7.04> <Core = "DMul">   --->   Core 116 'DMul' <Latency = 4> <II = 1> <Delay = 7.04> <FuncUnit> <Opcode : 'dmul'> <InPorts = 2> <OutPorts = 1>
ST_8 : Operation 120 [4/5] (7.04ns)   --->   "%m4 = fmul double %rec_sig_re_load, %tmp_im_13" [C:/Xilinx2/Vivado/2019.1/common/technology/autopilot\hls/linear_algebra/utils/x_hls_complex.h:121->kernel_qrf_0.cpp:32]   --->   Operation 120 'dmul' 'm4' <Predicate = true> <Delay = 7.04> <Core = "DMul">   --->   Core 116 'DMul' <Latency = 4> <II = 1> <Delay = 7.04> <FuncUnit> <Opcode : 'dmul'> <InPorts = 2> <OutPorts = 1>

State 9 <SV = 7> <Delay = 7.04>
ST_9 : Operation 121 [3/5] (7.04ns)   --->   "%m1 = fmul double %rec_sig_re_load, %tmp_re" [C:/Xilinx2/Vivado/2019.1/common/technology/autopilot\hls/linear_algebra/utils/x_hls_complex.h:118->kernel_qrf_0.cpp:32]   --->   Operation 121 'dmul' 'm1' <Predicate = true> <Delay = 7.04> <Core = "DMul">   --->   Core 116 'DMul' <Latency = 4> <II = 1> <Delay = 7.04> <FuncUnit> <Opcode : 'dmul'> <InPorts = 2> <OutPorts = 1>
ST_9 : Operation 122 [3/5] (7.04ns)   --->   "%m2 = fmul double %rec_sig_im_load, %tmp_im_13" [C:/Xilinx2/Vivado/2019.1/common/technology/autopilot\hls/linear_algebra/utils/x_hls_complex.h:119->kernel_qrf_0.cpp:32]   --->   Operation 122 'dmul' 'm2' <Predicate = true> <Delay = 7.04> <Core = "DMul">   --->   Core 116 'DMul' <Latency = 4> <II = 1> <Delay = 7.04> <FuncUnit> <Opcode : 'dmul'> <InPorts = 2> <OutPorts = 1>
ST_9 : Operation 123 [3/5] (7.04ns)   --->   "%m3 = fmul double %rec_sig_im_load, %tmp_re" [C:/Xilinx2/Vivado/2019.1/common/technology/autopilot\hls/linear_algebra/utils/x_hls_complex.h:120->kernel_qrf_0.cpp:32]   --->   Operation 123 'dmul' 'm3' <Predicate = true> <Delay = 7.04> <Core = "DMul">   --->   Core 116 'DMul' <Latency = 4> <II = 1> <Delay = 7.04> <FuncUnit> <Opcode : 'dmul'> <InPorts = 2> <OutPorts = 1>
ST_9 : Operation 124 [3/5] (7.04ns)   --->   "%m4 = fmul double %rec_sig_re_load, %tmp_im_13" [C:/Xilinx2/Vivado/2019.1/common/technology/autopilot\hls/linear_algebra/utils/x_hls_complex.h:121->kernel_qrf_0.cpp:32]   --->   Operation 124 'dmul' 'm4' <Predicate = true> <Delay = 7.04> <Core = "DMul">   --->   Core 116 'DMul' <Latency = 4> <II = 1> <Delay = 7.04> <FuncUnit> <Opcode : 'dmul'> <InPorts = 2> <OutPorts = 1>

State 10 <SV = 8> <Delay = 7.04>
ST_10 : Operation 125 [2/5] (7.04ns)   --->   "%m1 = fmul double %rec_sig_re_load, %tmp_re" [C:/Xilinx2/Vivado/2019.1/common/technology/autopilot\hls/linear_algebra/utils/x_hls_complex.h:118->kernel_qrf_0.cpp:32]   --->   Operation 125 'dmul' 'm1' <Predicate = true> <Delay = 7.04> <Core = "DMul">   --->   Core 116 'DMul' <Latency = 4> <II = 1> <Delay = 7.04> <FuncUnit> <Opcode : 'dmul'> <InPorts = 2> <OutPorts = 1>
ST_10 : Operation 126 [2/5] (7.04ns)   --->   "%m2 = fmul double %rec_sig_im_load, %tmp_im_13" [C:/Xilinx2/Vivado/2019.1/common/technology/autopilot\hls/linear_algebra/utils/x_hls_complex.h:119->kernel_qrf_0.cpp:32]   --->   Operation 126 'dmul' 'm2' <Predicate = true> <Delay = 7.04> <Core = "DMul">   --->   Core 116 'DMul' <Latency = 4> <II = 1> <Delay = 7.04> <FuncUnit> <Opcode : 'dmul'> <InPorts = 2> <OutPorts = 1>
ST_10 : Operation 127 [2/5] (7.04ns)   --->   "%m3 = fmul double %rec_sig_im_load, %tmp_re" [C:/Xilinx2/Vivado/2019.1/common/technology/autopilot\hls/linear_algebra/utils/x_hls_complex.h:120->kernel_qrf_0.cpp:32]   --->   Operation 127 'dmul' 'm3' <Predicate = true> <Delay = 7.04> <Core = "DMul">   --->   Core 116 'DMul' <Latency = 4> <II = 1> <Delay = 7.04> <FuncUnit> <Opcode : 'dmul'> <InPorts = 2> <OutPorts = 1>
ST_10 : Operation 128 [2/5] (7.04ns)   --->   "%m4 = fmul double %rec_sig_re_load, %tmp_im_13" [C:/Xilinx2/Vivado/2019.1/common/technology/autopilot\hls/linear_algebra/utils/x_hls_complex.h:121->kernel_qrf_0.cpp:32]   --->   Operation 128 'dmul' 'm4' <Predicate = true> <Delay = 7.04> <Core = "DMul">   --->   Core 116 'DMul' <Latency = 4> <II = 1> <Delay = 7.04> <FuncUnit> <Opcode : 'dmul'> <InPorts = 2> <OutPorts = 1>

State 11 <SV = 9> <Delay = 7.04>
ST_11 : Operation 129 [1/5] (7.04ns)   --->   "%m1 = fmul double %rec_sig_re_load, %tmp_re" [C:/Xilinx2/Vivado/2019.1/common/technology/autopilot\hls/linear_algebra/utils/x_hls_complex.h:118->kernel_qrf_0.cpp:32]   --->   Operation 129 'dmul' 'm1' <Predicate = true> <Delay = 7.04> <Core = "DMul">   --->   Core 116 'DMul' <Latency = 4> <II = 1> <Delay = 7.04> <FuncUnit> <Opcode : 'dmul'> <InPorts = 2> <OutPorts = 1>
ST_11 : Operation 130 [1/5] (7.04ns)   --->   "%m2 = fmul double %rec_sig_im_load, %tmp_im_13" [C:/Xilinx2/Vivado/2019.1/common/technology/autopilot\hls/linear_algebra/utils/x_hls_complex.h:119->kernel_qrf_0.cpp:32]   --->   Operation 130 'dmul' 'm2' <Predicate = true> <Delay = 7.04> <Core = "DMul">   --->   Core 116 'DMul' <Latency = 4> <II = 1> <Delay = 7.04> <FuncUnit> <Opcode : 'dmul'> <InPorts = 2> <OutPorts = 1>
ST_11 : Operation 131 [1/5] (7.04ns)   --->   "%m3 = fmul double %rec_sig_im_load, %tmp_re" [C:/Xilinx2/Vivado/2019.1/common/technology/autopilot\hls/linear_algebra/utils/x_hls_complex.h:120->kernel_qrf_0.cpp:32]   --->   Operation 131 'dmul' 'm3' <Predicate = true> <Delay = 7.04> <Core = "DMul">   --->   Core 116 'DMul' <Latency = 4> <II = 1> <Delay = 7.04> <FuncUnit> <Opcode : 'dmul'> <InPorts = 2> <OutPorts = 1>
ST_11 : Operation 132 [1/5] (7.04ns)   --->   "%m4 = fmul double %rec_sig_re_load, %tmp_im_13" [C:/Xilinx2/Vivado/2019.1/common/technology/autopilot\hls/linear_algebra/utils/x_hls_complex.h:121->kernel_qrf_0.cpp:32]   --->   Operation 132 'dmul' 'm4' <Predicate = true> <Delay = 7.04> <Core = "DMul">   --->   Core 116 'DMul' <Latency = 4> <II = 1> <Delay = 7.04> <FuncUnit> <Opcode : 'dmul'> <InPorts = 2> <OutPorts = 1>

State 12 <SV = 10> <Delay = 5.06>
ST_12 : Operation 133 [5/5] (5.06ns)   --->   "%sum_re = fsub double %m1, %m2" [C:/Xilinx2/Vivado/2019.1/common/technology/autopilot\hls/linear_algebra/utils/x_hls_complex.h:122->kernel_qrf_0.cpp:32]   --->   Operation 133 'dsub' 'sum_re' <Predicate = true> <Delay = 5.06> <Core = "DAddSub">   --->   Core 115 'DAddSub' <Latency = 4> <II = 1> <Delay = 5.06> <FuncUnit> <Opcode : 'dadd' 'dsub'> <InPorts = 2> <OutPorts = 1>
ST_12 : Operation 134 [5/5] (5.06ns)   --->   "%sum_im = fadd double %m3, %m4" [C:/Xilinx2/Vivado/2019.1/common/technology/autopilot\hls/linear_algebra/utils/x_hls_complex.h:123->kernel_qrf_0.cpp:32]   --->   Operation 134 'dadd' 'sum_im' <Predicate = true> <Delay = 5.06> <Core = "DAddSub">   --->   Core 115 'DAddSub' <Latency = 4> <II = 1> <Delay = 5.06> <FuncUnit> <Opcode : 'dadd' 'dsub'> <InPorts = 2> <OutPorts = 1>

State 13 <SV = 11> <Delay = 5.06>
ST_13 : Operation 135 [4/5] (5.06ns)   --->   "%sum_re = fsub double %m1, %m2" [C:/Xilinx2/Vivado/2019.1/common/technology/autopilot\hls/linear_algebra/utils/x_hls_complex.h:122->kernel_qrf_0.cpp:32]   --->   Operation 135 'dsub' 'sum_re' <Predicate = true> <Delay = 5.06> <Core = "DAddSub">   --->   Core 115 'DAddSub' <Latency = 4> <II = 1> <Delay = 5.06> <FuncUnit> <Opcode : 'dadd' 'dsub'> <InPorts = 2> <OutPorts = 1>
ST_13 : Operation 136 [4/5] (5.06ns)   --->   "%sum_im = fadd double %m3, %m4" [C:/Xilinx2/Vivado/2019.1/common/technology/autopilot\hls/linear_algebra/utils/x_hls_complex.h:123->kernel_qrf_0.cpp:32]   --->   Operation 136 'dadd' 'sum_im' <Predicate = true> <Delay = 5.06> <Core = "DAddSub">   --->   Core 115 'DAddSub' <Latency = 4> <II = 1> <Delay = 5.06> <FuncUnit> <Opcode : 'dadd' 'dsub'> <InPorts = 2> <OutPorts = 1>

State 14 <SV = 12> <Delay = 5.06>
ST_14 : Operation 137 [3/5] (5.06ns)   --->   "%sum_re = fsub double %m1, %m2" [C:/Xilinx2/Vivado/2019.1/common/technology/autopilot\hls/linear_algebra/utils/x_hls_complex.h:122->kernel_qrf_0.cpp:32]   --->   Operation 137 'dsub' 'sum_re' <Predicate = true> <Delay = 5.06> <Core = "DAddSub">   --->   Core 115 'DAddSub' <Latency = 4> <II = 1> <Delay = 5.06> <FuncUnit> <Opcode : 'dadd' 'dsub'> <InPorts = 2> <OutPorts = 1>
ST_14 : Operation 138 [3/5] (5.06ns)   --->   "%sum_im = fadd double %m3, %m4" [C:/Xilinx2/Vivado/2019.1/common/technology/autopilot\hls/linear_algebra/utils/x_hls_complex.h:123->kernel_qrf_0.cpp:32]   --->   Operation 138 'dadd' 'sum_im' <Predicate = true> <Delay = 5.06> <Core = "DAddSub">   --->   Core 115 'DAddSub' <Latency = 4> <II = 1> <Delay = 5.06> <FuncUnit> <Opcode : 'dadd' 'dsub'> <InPorts = 2> <OutPorts = 1>

State 15 <SV = 13> <Delay = 5.06>
ST_15 : Operation 139 [2/5] (5.06ns)   --->   "%sum_re = fsub double %m1, %m2" [C:/Xilinx2/Vivado/2019.1/common/technology/autopilot\hls/linear_algebra/utils/x_hls_complex.h:122->kernel_qrf_0.cpp:32]   --->   Operation 139 'dsub' 'sum_re' <Predicate = true> <Delay = 5.06> <Core = "DAddSub">   --->   Core 115 'DAddSub' <Latency = 4> <II = 1> <Delay = 5.06> <FuncUnit> <Opcode : 'dadd' 'dsub'> <InPorts = 2> <OutPorts = 1>
ST_15 : Operation 140 [2/5] (5.06ns)   --->   "%sum_im = fadd double %m3, %m4" [C:/Xilinx2/Vivado/2019.1/common/technology/autopilot\hls/linear_algebra/utils/x_hls_complex.h:123->kernel_qrf_0.cpp:32]   --->   Operation 140 'dadd' 'sum_im' <Predicate = true> <Delay = 5.06> <Core = "DAddSub">   --->   Core 115 'DAddSub' <Latency = 4> <II = 1> <Delay = 5.06> <FuncUnit> <Opcode : 'dadd' 'dsub'> <InPorts = 2> <OutPorts = 1>

State 16 <SV = 14> <Delay = 5.06>
ST_16 : Operation 141 [1/5] (5.06ns)   --->   "%sum_re = fsub double %m1, %m2" [C:/Xilinx2/Vivado/2019.1/common/technology/autopilot\hls/linear_algebra/utils/x_hls_complex.h:122->kernel_qrf_0.cpp:32]   --->   Operation 141 'dsub' 'sum_re' <Predicate = true> <Delay = 5.06> <Core = "DAddSub">   --->   Core 115 'DAddSub' <Latency = 4> <II = 1> <Delay = 5.06> <FuncUnit> <Opcode : 'dadd' 'dsub'> <InPorts = 2> <OutPorts = 1>
ST_16 : Operation 142 [1/5] (5.06ns)   --->   "%sum_im = fadd double %m3, %m4" [C:/Xilinx2/Vivado/2019.1/common/technology/autopilot\hls/linear_algebra/utils/x_hls_complex.h:123->kernel_qrf_0.cpp:32]   --->   Operation 142 'dadd' 'sum_im' <Predicate = true> <Delay = 5.06> <Core = "DAddSub">   --->   Core 115 'DAddSub' <Latency = 4> <II = 1> <Delay = 5.06> <FuncUnit> <Opcode : 'dadd' 'dsub'> <InPorts = 2> <OutPorts = 1>
ST_16 : Operation 143 [1/1] (0.00ns)   --->   "%zext_ln33_1 = zext i14 %add_ln33 to i64" [kernel_qrf_0.cpp:33]   --->   Operation 143 'zext' 'zext_ln33_1' <Predicate = true> <Delay = 0.00>
ST_16 : Operation 144 [1/1] (0.00ns)   --->   "%matrix1_re_addr_2 = getelementptr [10000 x double]* %matrix1_re, i64 0, i64 %zext_ln33_1" [kernel_qrf_0.cpp:33]   --->   Operation 144 'getelementptr' 'matrix1_re_addr_2' <Predicate = true> <Delay = 0.00>
ST_16 : Operation 145 [1/1] (0.00ns)   --->   "%matrix1_im_addr_2 = getelementptr [10000 x double]* %matrix1_im, i64 0, i64 %zext_ln33_1" [kernel_qrf_0.cpp:33]   --->   Operation 145 'getelementptr' 'matrix1_im_addr_2' <Predicate = true> <Delay = 0.00>
ST_16 : Operation 146 [2/2] (1.23ns)   --->   "%matrix1_im_load_1 = load double* %matrix1_im_addr_2, align 8" [kernel_qrf_0.cpp:33]   --->   Operation 146 'load' 'matrix1_im_load_1' <Predicate = true> <Delay = 1.23> <Core = "RAM">   --->   Core 37 'RAM' <Latency = 1> <II = 1> <Delay = 1.23> <Storage> <Opcode : 'load' 'store'> <Ports = 2> <Width = 64> <Depth = 10000> <RAM>
ST_16 : Operation 147 [2/2] (1.23ns)   --->   "%matrix1_re_load_1 = load double* %matrix1_re_addr_2, align 8" [kernel_qrf_0.cpp:33]   --->   Operation 147 'load' 'matrix1_re_load_1' <Predicate = true> <Delay = 1.23> <Core = "RAM">   --->   Core 37 'RAM' <Latency = 1> <II = 1> <Delay = 1.23> <Storage> <Opcode : 'load' 'store'> <Ports = 2> <Width = 64> <Depth = 10000> <RAM>

State 17 <SV = 15> <Delay = 6.30>
ST_17 : Operation 148 [1/2] (1.23ns)   --->   "%matrix1_im_load_1 = load double* %matrix1_im_addr_2, align 8" [kernel_qrf_0.cpp:33]   --->   Operation 148 'load' 'matrix1_im_load_1' <Predicate = true> <Delay = 1.23> <Core = "RAM">   --->   Core 37 'RAM' <Latency = 1> <II = 1> <Delay = 1.23> <Storage> <Opcode : 'load' 'store'> <Ports = 2> <Width = 64> <Depth = 10000> <RAM>
ST_17 : Operation 149 [1/2] (1.23ns)   --->   "%matrix1_re_load_1 = load double* %matrix1_re_addr_2, align 8" [kernel_qrf_0.cpp:33]   --->   Operation 149 'load' 'matrix1_re_load_1' <Predicate = true> <Delay = 1.23> <Core = "RAM">   --->   Core 37 'RAM' <Latency = 1> <II = 1> <Delay = 1.23> <Storage> <Opcode : 'load' 'store'> <Ports = 2> <Width = 64> <Depth = 10000> <RAM>
ST_17 : Operation 150 [5/5] (5.06ns)   --->   "%agg_result_re_write_s = fadd double %sum_re, %matrix1_re_load_1" [C:/Xilinx2/Vivado/2019.1/common/technology/autopilot\hls/linear_algebra/utils/x_hls_complex.h:171->kernel_qrf_0.cpp:33]   --->   Operation 150 'dadd' 'agg_result_re_write_s' <Predicate = true> <Delay = 5.06> <Core = "DAddSub">   --->   Core 115 'DAddSub' <Latency = 4> <II = 1> <Delay = 5.06> <FuncUnit> <Opcode : 'dadd' 'dsub'> <InPorts = 2> <OutPorts = 1>
ST_17 : Operation 151 [5/5] (5.06ns)   --->   "%agg_result_im_write_s = fadd double %sum_im, %matrix1_im_load_1" [C:/Xilinx2/Vivado/2019.1/common/technology/autopilot\hls/linear_algebra/utils/x_hls_complex.h:171->kernel_qrf_0.cpp:33]   --->   Operation 151 'dadd' 'agg_result_im_write_s' <Predicate = true> <Delay = 5.06> <Core = "DAddSub">   --->   Core 115 'DAddSub' <Latency = 4> <II = 1> <Delay = 5.06> <FuncUnit> <Opcode : 'dadd' 'dsub'> <InPorts = 2> <OutPorts = 1>

State 18 <SV = 16> <Delay = 5.06>
ST_18 : Operation 152 [4/5] (5.06ns)   --->   "%agg_result_re_write_s = fadd double %sum_re, %matrix1_re_load_1" [C:/Xilinx2/Vivado/2019.1/common/technology/autopilot\hls/linear_algebra/utils/x_hls_complex.h:171->kernel_qrf_0.cpp:33]   --->   Operation 152 'dadd' 'agg_result_re_write_s' <Predicate = true> <Delay = 5.06> <Core = "DAddSub">   --->   Core 115 'DAddSub' <Latency = 4> <II = 1> <Delay = 5.06> <FuncUnit> <Opcode : 'dadd' 'dsub'> <InPorts = 2> <OutPorts = 1>
ST_18 : Operation 153 [4/5] (5.06ns)   --->   "%agg_result_im_write_s = fadd double %sum_im, %matrix1_im_load_1" [C:/Xilinx2/Vivado/2019.1/common/technology/autopilot\hls/linear_algebra/utils/x_hls_complex.h:171->kernel_qrf_0.cpp:33]   --->   Operation 153 'dadd' 'agg_result_im_write_s' <Predicate = true> <Delay = 5.06> <Core = "DAddSub">   --->   Core 115 'DAddSub' <Latency = 4> <II = 1> <Delay = 5.06> <FuncUnit> <Opcode : 'dadd' 'dsub'> <InPorts = 2> <OutPorts = 1>

State 19 <SV = 17> <Delay = 5.06>
ST_19 : Operation 154 [3/5] (5.06ns)   --->   "%agg_result_re_write_s = fadd double %sum_re, %matrix1_re_load_1" [C:/Xilinx2/Vivado/2019.1/common/technology/autopilot\hls/linear_algebra/utils/x_hls_complex.h:171->kernel_qrf_0.cpp:33]   --->   Operation 154 'dadd' 'agg_result_re_write_s' <Predicate = true> <Delay = 5.06> <Core = "DAddSub">   --->   Core 115 'DAddSub' <Latency = 4> <II = 1> <Delay = 5.06> <FuncUnit> <Opcode : 'dadd' 'dsub'> <InPorts = 2> <OutPorts = 1>
ST_19 : Operation 155 [3/5] (5.06ns)   --->   "%agg_result_im_write_s = fadd double %sum_im, %matrix1_im_load_1" [C:/Xilinx2/Vivado/2019.1/common/technology/autopilot\hls/linear_algebra/utils/x_hls_complex.h:171->kernel_qrf_0.cpp:33]   --->   Operation 155 'dadd' 'agg_result_im_write_s' <Predicate = true> <Delay = 5.06> <Core = "DAddSub">   --->   Core 115 'DAddSub' <Latency = 4> <II = 1> <Delay = 5.06> <FuncUnit> <Opcode : 'dadd' 'dsub'> <InPorts = 2> <OutPorts = 1>

State 20 <SV = 18> <Delay = 5.06>
ST_20 : Operation 156 [2/5] (5.06ns)   --->   "%agg_result_re_write_s = fadd double %sum_re, %matrix1_re_load_1" [C:/Xilinx2/Vivado/2019.1/common/technology/autopilot\hls/linear_algebra/utils/x_hls_complex.h:171->kernel_qrf_0.cpp:33]   --->   Operation 156 'dadd' 'agg_result_re_write_s' <Predicate = true> <Delay = 5.06> <Core = "DAddSub">   --->   Core 115 'DAddSub' <Latency = 4> <II = 1> <Delay = 5.06> <FuncUnit> <Opcode : 'dadd' 'dsub'> <InPorts = 2> <OutPorts = 1>
ST_20 : Operation 157 [2/5] (5.06ns)   --->   "%agg_result_im_write_s = fadd double %sum_im, %matrix1_im_load_1" [C:/Xilinx2/Vivado/2019.1/common/technology/autopilot\hls/linear_algebra/utils/x_hls_complex.h:171->kernel_qrf_0.cpp:33]   --->   Operation 157 'dadd' 'agg_result_im_write_s' <Predicate = true> <Delay = 5.06> <Core = "DAddSub">   --->   Core 115 'DAddSub' <Latency = 4> <II = 1> <Delay = 5.06> <FuncUnit> <Opcode : 'dadd' 'dsub'> <InPorts = 2> <OutPorts = 1>

State 21 <SV = 19> <Delay = 6.30>
ST_21 : Operation 158 [1/5] (5.06ns)   --->   "%agg_result_re_write_s = fadd double %sum_re, %matrix1_re_load_1" [C:/Xilinx2/Vivado/2019.1/common/technology/autopilot\hls/linear_algebra/utils/x_hls_complex.h:171->kernel_qrf_0.cpp:33]   --->   Operation 158 'dadd' 'agg_result_re_write_s' <Predicate = true> <Delay = 5.06> <Core = "DAddSub">   --->   Core 115 'DAddSub' <Latency = 4> <II = 1> <Delay = 5.06> <FuncUnit> <Opcode : 'dadd' 'dsub'> <InPorts = 2> <OutPorts = 1>
ST_21 : Operation 159 [1/5] (5.06ns)   --->   "%agg_result_im_write_s = fadd double %sum_im, %matrix1_im_load_1" [C:/Xilinx2/Vivado/2019.1/common/technology/autopilot\hls/linear_algebra/utils/x_hls_complex.h:171->kernel_qrf_0.cpp:33]   --->   Operation 159 'dadd' 'agg_result_im_write_s' <Predicate = true> <Delay = 5.06> <Core = "DAddSub">   --->   Core 115 'DAddSub' <Latency = 4> <II = 1> <Delay = 5.06> <FuncUnit> <Opcode : 'dadd' 'dsub'> <InPorts = 2> <OutPorts = 1>
ST_21 : Operation 160 [1/1] (1.23ns)   --->   "store double %agg_result_im_write_s, double* %matrix1_im_addr_2, align 8" [kernel_qrf_0.cpp:33]   --->   Operation 160 'store' <Predicate = true> <Delay = 1.23> <Core = "RAM">   --->   Core 37 'RAM' <Latency = 1> <II = 1> <Delay = 1.23> <Storage> <Opcode : 'load' 'store'> <Ports = 2> <Width = 64> <Depth = 10000> <RAM>
ST_21 : Operation 161 [1/1] (1.23ns)   --->   "store double %agg_result_re_write_s, double* %matrix1_re_addr_2, align 8" [kernel_qrf_0.cpp:33]   --->   Operation 161 'store' <Predicate = true> <Delay = 1.23> <Core = "RAM">   --->   Core 37 'RAM' <Latency = 1> <II = 1> <Delay = 1.23> <Storage> <Opcode : 'load' 'store'> <Ports = 2> <Width = 64> <Depth = 10000> <RAM>
ST_21 : Operation 162 [1/1] (0.00ns)   --->   "br label %.preheader2" [kernel_qrf_0.cpp:31]   --->   Operation 162 'br' <Predicate = true> <Delay = 0.00>

State 22 <SV = 3> <Delay = 0.83>
ST_22 : Operation 163 [1/1] (0.00ns)   --->   "%m_0 = phi i7 [ %m, %.preheader1.loopexit ], [ 0, %.preheader1.preheader ]"   --->   Operation 163 'phi' 'm_0' <Predicate = true> <Delay = 0.00>
ST_22 : Operation 164 [1/1] (0.00ns)   --->   "%phi_mul115 = phi i14 [ %add_ln39, %.preheader1.loopexit ], [ 0, %.preheader1.preheader ]" [kernel_qrf_0.cpp:39]   --->   Operation 164 'phi' 'phi_mul115' <Predicate = true> <Delay = 0.00>
ST_22 : Operation 165 [1/1] (0.83ns)   --->   "%add_ln39 = add i14 %phi_mul115, 100" [kernel_qrf_0.cpp:39]   --->   Operation 165 'add' 'add_ln39' <Predicate = true> <Delay = 0.83> <Core = "AddSub">   --->   Core 14 'AddSub' <Latency = 0> <II = 1> <Delay = 0.83> <FuncUnit> <Opcode : 'add' 'sub'> <InPorts = 2> <OutPorts = 1>
ST_22 : Operation 166 [1/1] (0.81ns)   --->   "%icmp_ln39 = icmp eq i7 %m_0, -28" [kernel_qrf_0.cpp:39]   --->   Operation 166 'icmp' 'icmp_ln39' <Predicate = true> <Delay = 0.81> <Core = "Cmp">   --->   Core 25 'Cmp' <Latency = 0> <II = 1> <Delay = 0.81> <FuncUnit> <Opcode : 'icmp'> <InPorts = 2> <OutPorts = 1>
ST_22 : Operation 167 [1/1] (0.00ns)   --->   "%empty_36 = call i32 (...)* @_ssdm_op_SpecLoopTripCount(i64 100, i64 100, i64 100)"   --->   Operation 167 'speclooptripcount' 'empty_36' <Predicate = true> <Delay = 0.00>
ST_22 : Operation 168 [1/1] (0.77ns)   --->   "%m = add i7 %m_0, 1" [kernel_qrf_0.cpp:39]   --->   Operation 168 'add' 'm' <Predicate = true> <Delay = 0.77> <Core = "AddSub">   --->   Core 14 'AddSub' <Latency = 0> <II = 1> <Delay = 0.83> <FuncUnit> <Opcode : 'add' 'sub'> <InPorts = 2> <OutPorts = 1>
ST_22 : Operation 169 [1/1] (0.00ns)   --->   "br i1 %icmp_ln39, label %4, label %.preheader.preheader" [kernel_qrf_0.cpp:39]   --->   Operation 169 'br' <Predicate = true> <Delay = 0.00>
ST_22 : Operation 170 [1/1] (0.65ns)   --->   "br label %.preheader" [kernel_qrf_0.cpp:40]   --->   Operation 170 'br' <Predicate = (!icmp_ln39)> <Delay = 0.65>
ST_22 : Operation 171 [1/1] (0.00ns)   --->   "ret void" [kernel_qrf_0.cpp:44]   --->   Operation 171 'ret' <Predicate = (icmp_ln39)> <Delay = 0.00>

State 23 <SV = 4> <Delay = 2.06>
ST_23 : Operation 172 [1/1] (0.00ns)   --->   "%n_0 = phi i7 [ %n, %3 ], [ 0, %.preheader.preheader ]"   --->   Operation 172 'phi' 'n_0' <Predicate = true> <Delay = 0.00>
ST_23 : Operation 173 [1/1] (0.81ns)   --->   "%icmp_ln40 = icmp eq i7 %n_0, -28" [kernel_qrf_0.cpp:40]   --->   Operation 173 'icmp' 'icmp_ln40' <Predicate = true> <Delay = 0.81> <Core = "Cmp">   --->   Core 25 'Cmp' <Latency = 0> <II = 1> <Delay = 0.81> <FuncUnit> <Opcode : 'icmp'> <InPorts = 2> <OutPorts = 1>
ST_23 : Operation 174 [1/1] (0.00ns)   --->   "%empty_37 = call i32 (...)* @_ssdm_op_SpecLoopTripCount(i64 100, i64 100, i64 100)"   --->   Operation 174 'speclooptripcount' 'empty_37' <Predicate = true> <Delay = 0.00>
ST_23 : Operation 175 [1/1] (0.77ns)   --->   "%n = add i7 %n_0, 1" [kernel_qrf_0.cpp:40]   --->   Operation 175 'add' 'n' <Predicate = true> <Delay = 0.77> <Core = "AddSub">   --->   Core 14 'AddSub' <Latency = 0> <II = 1> <Delay = 0.83> <FuncUnit> <Opcode : 'add' 'sub'> <InPorts = 2> <OutPorts = 1>
ST_23 : Operation 176 [1/1] (0.00ns)   --->   "br i1 %icmp_ln40, label %.preheader1.loopexit, label %3" [kernel_qrf_0.cpp:40]   --->   Operation 176 'br' <Predicate = true> <Delay = 0.00>
ST_23 : Operation 177 [1/1] (0.00ns)   --->   "%zext_ln41 = zext i7 %n_0 to i14" [kernel_qrf_0.cpp:41]   --->   Operation 177 'zext' 'zext_ln41' <Predicate = (!icmp_ln40)> <Delay = 0.00>
ST_23 : Operation 178 [1/1] (0.83ns)   --->   "%add_ln41 = add i14 %phi_mul115, %zext_ln41" [kernel_qrf_0.cpp:41]   --->   Operation 178 'add' 'add_ln41' <Predicate = (!icmp_ln40)> <Delay = 0.83> <Core = "AddSub">   --->   Core 14 'AddSub' <Latency = 0> <II = 1> <Delay = 0.83> <FuncUnit> <Opcode : 'add' 'sub'> <InPorts = 2> <OutPorts = 1>
ST_23 : Operation 179 [1/1] (0.00ns)   --->   "%zext_ln41_1 = zext i14 %add_ln41 to i64" [kernel_qrf_0.cpp:41]   --->   Operation 179 'zext' 'zext_ln41_1' <Predicate = (!icmp_ln40)> <Delay = 0.00>
ST_23 : Operation 180 [1/1] (0.00ns)   --->   "%matrix1_re_addr_1 = getelementptr [10000 x double]* %matrix1_re, i64 0, i64 %zext_ln41_1" [kernel_qrf_0.cpp:41]   --->   Operation 180 'getelementptr' 'matrix1_re_addr_1' <Predicate = (!icmp_ln40)> <Delay = 0.00>
ST_23 : Operation 181 [1/1] (0.00ns)   --->   "%matrix1_im_addr_1 = getelementptr [10000 x double]* %matrix1_im, i64 0, i64 %zext_ln41_1" [kernel_qrf_0.cpp:41]   --->   Operation 181 'getelementptr' 'matrix1_im_addr_1' <Predicate = (!icmp_ln40)> <Delay = 0.00>
ST_23 : Operation 182 [2/2] (1.23ns)   --->   "%matrix1_re_load = load double* %matrix1_re_addr_1, align 8" [kernel_qrf_0.cpp:41]   --->   Operation 182 'load' 'matrix1_re_load' <Predicate = (!icmp_ln40)> <Delay = 1.23> <Core = "RAM">   --->   Core 37 'RAM' <Latency = 1> <II = 1> <Delay = 1.23> <Storage> <Opcode : 'load' 'store'> <Ports = 2> <Width = 64> <Depth = 10000> <RAM>
ST_23 : Operation 183 [2/2] (1.23ns)   --->   "%matrix1_im_load = load double* %matrix1_im_addr_1, align 8" [kernel_qrf_0.cpp:41]   --->   Operation 183 'load' 'matrix1_im_load' <Predicate = (!icmp_ln40)> <Delay = 1.23> <Core = "RAM">   --->   Core 37 'RAM' <Latency = 1> <II = 1> <Delay = 1.23> <Storage> <Opcode : 'load' 'store'> <Ports = 2> <Width = 64> <Depth = 10000> <RAM>
ST_23 : Operation 184 [1/1] (0.00ns)   --->   "br label %.preheader1"   --->   Operation 184 'br' <Predicate = (icmp_ln40)> <Delay = 0.00>

State 24 <SV = 5> <Delay = 1.23>
ST_24 : Operation 185 [1/2] (1.23ns)   --->   "%matrix1_re_load = load double* %matrix1_re_addr_1, align 8" [kernel_qrf_0.cpp:41]   --->   Operation 185 'load' 'matrix1_re_load' <Predicate = true> <Delay = 1.23> <Core = "RAM">   --->   Core 37 'RAM' <Latency = 1> <II = 1> <Delay = 1.23> <Storage> <Opcode : 'load' 'store'> <Ports = 2> <Width = 64> <Depth = 10000> <RAM>
ST_24 : Operation 186 [1/2] (1.23ns)   --->   "%matrix1_im_load = load double* %matrix1_im_addr_1, align 8" [kernel_qrf_0.cpp:41]   --->   Operation 186 'load' 'matrix1_im_load' <Predicate = true> <Delay = 1.23> <Core = "RAM">   --->   Core 37 'RAM' <Latency = 1> <II = 1> <Delay = 1.23> <Storage> <Opcode : 'load' 'store'> <Ports = 2> <Width = 64> <Depth = 10000> <RAM>

State 25 <SV = 6> <Delay = 7.99>
ST_25 : Operation 187 [17/17] (7.99ns)   --->   "%x_complex_re_write_a = fdiv double %matrix1_re_load, 1.010000e+02" [C:/Xilinx2/Vivado/2019.1/common/technology/autopilot\hls/linear_algebra/utils/x_hls_complex.h:144->kernel_qrf_0.cpp:41]   --->   Operation 187 'ddiv' 'x_complex_re_write_a' <Predicate = true> <Delay = 7.99> <Core = "DDiv">   --->   Core 117 'DDiv' <Latency = 16> <II = 1> <Delay = 7.99> <FuncUnit> <Opcode : 'ddiv' 'drem'> <InPorts = 2> <OutPorts = 1>
ST_25 : Operation 188 [17/17] (7.99ns)   --->   "%x_complex_im_write_a = fdiv double %matrix1_im_load, 1.010000e+02" [C:/Xilinx2/Vivado/2019.1/common/technology/autopilot\hls/linear_algebra/utils/x_hls_complex.h:144->kernel_qrf_0.cpp:41]   --->   Operation 188 'ddiv' 'x_complex_im_write_a' <Predicate = true> <Delay = 7.99> <Core = "DDiv">   --->   Core 117 'DDiv' <Latency = 16> <II = 1> <Delay = 7.99> <FuncUnit> <Opcode : 'ddiv' 'drem'> <InPorts = 2> <OutPorts = 1>

State 26 <SV = 7> <Delay = 7.99>
ST_26 : Operation 189 [16/17] (7.99ns)   --->   "%x_complex_re_write_a = fdiv double %matrix1_re_load, 1.010000e+02" [C:/Xilinx2/Vivado/2019.1/common/technology/autopilot\hls/linear_algebra/utils/x_hls_complex.h:144->kernel_qrf_0.cpp:41]   --->   Operation 189 'ddiv' 'x_complex_re_write_a' <Predicate = true> <Delay = 7.99> <Core = "DDiv">   --->   Core 117 'DDiv' <Latency = 16> <II = 1> <Delay = 7.99> <FuncUnit> <Opcode : 'ddiv' 'drem'> <InPorts = 2> <OutPorts = 1>
ST_26 : Operation 190 [16/17] (7.99ns)   --->   "%x_complex_im_write_a = fdiv double %matrix1_im_load, 1.010000e+02" [C:/Xilinx2/Vivado/2019.1/common/technology/autopilot\hls/linear_algebra/utils/x_hls_complex.h:144->kernel_qrf_0.cpp:41]   --->   Operation 190 'ddiv' 'x_complex_im_write_a' <Predicate = true> <Delay = 7.99> <Core = "DDiv">   --->   Core 117 'DDiv' <Latency = 16> <II = 1> <Delay = 7.99> <FuncUnit> <Opcode : 'ddiv' 'drem'> <InPorts = 2> <OutPorts = 1>

State 27 <SV = 8> <Delay = 7.99>
ST_27 : Operation 191 [15/17] (7.99ns)   --->   "%x_complex_re_write_a = fdiv double %matrix1_re_load, 1.010000e+02" [C:/Xilinx2/Vivado/2019.1/common/technology/autopilot\hls/linear_algebra/utils/x_hls_complex.h:144->kernel_qrf_0.cpp:41]   --->   Operation 191 'ddiv' 'x_complex_re_write_a' <Predicate = true> <Delay = 7.99> <Core = "DDiv">   --->   Core 117 'DDiv' <Latency = 16> <II = 1> <Delay = 7.99> <FuncUnit> <Opcode : 'ddiv' 'drem'> <InPorts = 2> <OutPorts = 1>
ST_27 : Operation 192 [15/17] (7.99ns)   --->   "%x_complex_im_write_a = fdiv double %matrix1_im_load, 1.010000e+02" [C:/Xilinx2/Vivado/2019.1/common/technology/autopilot\hls/linear_algebra/utils/x_hls_complex.h:144->kernel_qrf_0.cpp:41]   --->   Operation 192 'ddiv' 'x_complex_im_write_a' <Predicate = true> <Delay = 7.99> <Core = "DDiv">   --->   Core 117 'DDiv' <Latency = 16> <II = 1> <Delay = 7.99> <FuncUnit> <Opcode : 'ddiv' 'drem'> <InPorts = 2> <OutPorts = 1>

State 28 <SV = 9> <Delay = 7.99>
ST_28 : Operation 193 [14/17] (7.99ns)   --->   "%x_complex_re_write_a = fdiv double %matrix1_re_load, 1.010000e+02" [C:/Xilinx2/Vivado/2019.1/common/technology/autopilot\hls/linear_algebra/utils/x_hls_complex.h:144->kernel_qrf_0.cpp:41]   --->   Operation 193 'ddiv' 'x_complex_re_write_a' <Predicate = true> <Delay = 7.99> <Core = "DDiv">   --->   Core 117 'DDiv' <Latency = 16> <II = 1> <Delay = 7.99> <FuncUnit> <Opcode : 'ddiv' 'drem'> <InPorts = 2> <OutPorts = 1>
ST_28 : Operation 194 [14/17] (7.99ns)   --->   "%x_complex_im_write_a = fdiv double %matrix1_im_load, 1.010000e+02" [C:/Xilinx2/Vivado/2019.1/common/technology/autopilot\hls/linear_algebra/utils/x_hls_complex.h:144->kernel_qrf_0.cpp:41]   --->   Operation 194 'ddiv' 'x_complex_im_write_a' <Predicate = true> <Delay = 7.99> <Core = "DDiv">   --->   Core 117 'DDiv' <Latency = 16> <II = 1> <Delay = 7.99> <FuncUnit> <Opcode : 'ddiv' 'drem'> <InPorts = 2> <OutPorts = 1>

State 29 <SV = 10> <Delay = 7.99>
ST_29 : Operation 195 [13/17] (7.99ns)   --->   "%x_complex_re_write_a = fdiv double %matrix1_re_load, 1.010000e+02" [C:/Xilinx2/Vivado/2019.1/common/technology/autopilot\hls/linear_algebra/utils/x_hls_complex.h:144->kernel_qrf_0.cpp:41]   --->   Operation 195 'ddiv' 'x_complex_re_write_a' <Predicate = true> <Delay = 7.99> <Core = "DDiv">   --->   Core 117 'DDiv' <Latency = 16> <II = 1> <Delay = 7.99> <FuncUnit> <Opcode : 'ddiv' 'drem'> <InPorts = 2> <OutPorts = 1>
ST_29 : Operation 196 [13/17] (7.99ns)   --->   "%x_complex_im_write_a = fdiv double %matrix1_im_load, 1.010000e+02" [C:/Xilinx2/Vivado/2019.1/common/technology/autopilot\hls/linear_algebra/utils/x_hls_complex.h:144->kernel_qrf_0.cpp:41]   --->   Operation 196 'ddiv' 'x_complex_im_write_a' <Predicate = true> <Delay = 7.99> <Core = "DDiv">   --->   Core 117 'DDiv' <Latency = 16> <II = 1> <Delay = 7.99> <FuncUnit> <Opcode : 'ddiv' 'drem'> <InPorts = 2> <OutPorts = 1>

State 30 <SV = 11> <Delay = 7.99>
ST_30 : Operation 197 [12/17] (7.99ns)   --->   "%x_complex_re_write_a = fdiv double %matrix1_re_load, 1.010000e+02" [C:/Xilinx2/Vivado/2019.1/common/technology/autopilot\hls/linear_algebra/utils/x_hls_complex.h:144->kernel_qrf_0.cpp:41]   --->   Operation 197 'ddiv' 'x_complex_re_write_a' <Predicate = true> <Delay = 7.99> <Core = "DDiv">   --->   Core 117 'DDiv' <Latency = 16> <II = 1> <Delay = 7.99> <FuncUnit> <Opcode : 'ddiv' 'drem'> <InPorts = 2> <OutPorts = 1>
ST_30 : Operation 198 [12/17] (7.99ns)   --->   "%x_complex_im_write_a = fdiv double %matrix1_im_load, 1.010000e+02" [C:/Xilinx2/Vivado/2019.1/common/technology/autopilot\hls/linear_algebra/utils/x_hls_complex.h:144->kernel_qrf_0.cpp:41]   --->   Operation 198 'ddiv' 'x_complex_im_write_a' <Predicate = true> <Delay = 7.99> <Core = "DDiv">   --->   Core 117 'DDiv' <Latency = 16> <II = 1> <Delay = 7.99> <FuncUnit> <Opcode : 'ddiv' 'drem'> <InPorts = 2> <OutPorts = 1>

State 31 <SV = 12> <Delay = 7.99>
ST_31 : Operation 199 [11/17] (7.99ns)   --->   "%x_complex_re_write_a = fdiv double %matrix1_re_load, 1.010000e+02" [C:/Xilinx2/Vivado/2019.1/common/technology/autopilot\hls/linear_algebra/utils/x_hls_complex.h:144->kernel_qrf_0.cpp:41]   --->   Operation 199 'ddiv' 'x_complex_re_write_a' <Predicate = true> <Delay = 7.99> <Core = "DDiv">   --->   Core 117 'DDiv' <Latency = 16> <II = 1> <Delay = 7.99> <FuncUnit> <Opcode : 'ddiv' 'drem'> <InPorts = 2> <OutPorts = 1>
ST_31 : Operation 200 [11/17] (7.99ns)   --->   "%x_complex_im_write_a = fdiv double %matrix1_im_load, 1.010000e+02" [C:/Xilinx2/Vivado/2019.1/common/technology/autopilot\hls/linear_algebra/utils/x_hls_complex.h:144->kernel_qrf_0.cpp:41]   --->   Operation 200 'ddiv' 'x_complex_im_write_a' <Predicate = true> <Delay = 7.99> <Core = "DDiv">   --->   Core 117 'DDiv' <Latency = 16> <II = 1> <Delay = 7.99> <FuncUnit> <Opcode : 'ddiv' 'drem'> <InPorts = 2> <OutPorts = 1>

State 32 <SV = 13> <Delay = 7.99>
ST_32 : Operation 201 [10/17] (7.99ns)   --->   "%x_complex_re_write_a = fdiv double %matrix1_re_load, 1.010000e+02" [C:/Xilinx2/Vivado/2019.1/common/technology/autopilot\hls/linear_algebra/utils/x_hls_complex.h:144->kernel_qrf_0.cpp:41]   --->   Operation 201 'ddiv' 'x_complex_re_write_a' <Predicate = true> <Delay = 7.99> <Core = "DDiv">   --->   Core 117 'DDiv' <Latency = 16> <II = 1> <Delay = 7.99> <FuncUnit> <Opcode : 'ddiv' 'drem'> <InPorts = 2> <OutPorts = 1>
ST_32 : Operation 202 [10/17] (7.99ns)   --->   "%x_complex_im_write_a = fdiv double %matrix1_im_load, 1.010000e+02" [C:/Xilinx2/Vivado/2019.1/common/technology/autopilot\hls/linear_algebra/utils/x_hls_complex.h:144->kernel_qrf_0.cpp:41]   --->   Operation 202 'ddiv' 'x_complex_im_write_a' <Predicate = true> <Delay = 7.99> <Core = "DDiv">   --->   Core 117 'DDiv' <Latency = 16> <II = 1> <Delay = 7.99> <FuncUnit> <Opcode : 'ddiv' 'drem'> <InPorts = 2> <OutPorts = 1>

State 33 <SV = 14> <Delay = 7.99>
ST_33 : Operation 203 [9/17] (7.99ns)   --->   "%x_complex_re_write_a = fdiv double %matrix1_re_load, 1.010000e+02" [C:/Xilinx2/Vivado/2019.1/common/technology/autopilot\hls/linear_algebra/utils/x_hls_complex.h:144->kernel_qrf_0.cpp:41]   --->   Operation 203 'ddiv' 'x_complex_re_write_a' <Predicate = true> <Delay = 7.99> <Core = "DDiv">   --->   Core 117 'DDiv' <Latency = 16> <II = 1> <Delay = 7.99> <FuncUnit> <Opcode : 'ddiv' 'drem'> <InPorts = 2> <OutPorts = 1>
ST_33 : Operation 204 [9/17] (7.99ns)   --->   "%x_complex_im_write_a = fdiv double %matrix1_im_load, 1.010000e+02" [C:/Xilinx2/Vivado/2019.1/common/technology/autopilot\hls/linear_algebra/utils/x_hls_complex.h:144->kernel_qrf_0.cpp:41]   --->   Operation 204 'ddiv' 'x_complex_im_write_a' <Predicate = true> <Delay = 7.99> <Core = "DDiv">   --->   Core 117 'DDiv' <Latency = 16> <II = 1> <Delay = 7.99> <FuncUnit> <Opcode : 'ddiv' 'drem'> <InPorts = 2> <OutPorts = 1>

State 34 <SV = 15> <Delay = 7.99>
ST_34 : Operation 205 [8/17] (7.99ns)   --->   "%x_complex_re_write_a = fdiv double %matrix1_re_load, 1.010000e+02" [C:/Xilinx2/Vivado/2019.1/common/technology/autopilot\hls/linear_algebra/utils/x_hls_complex.h:144->kernel_qrf_0.cpp:41]   --->   Operation 205 'ddiv' 'x_complex_re_write_a' <Predicate = true> <Delay = 7.99> <Core = "DDiv">   --->   Core 117 'DDiv' <Latency = 16> <II = 1> <Delay = 7.99> <FuncUnit> <Opcode : 'ddiv' 'drem'> <InPorts = 2> <OutPorts = 1>
ST_34 : Operation 206 [8/17] (7.99ns)   --->   "%x_complex_im_write_a = fdiv double %matrix1_im_load, 1.010000e+02" [C:/Xilinx2/Vivado/2019.1/common/technology/autopilot\hls/linear_algebra/utils/x_hls_complex.h:144->kernel_qrf_0.cpp:41]   --->   Operation 206 'ddiv' 'x_complex_im_write_a' <Predicate = true> <Delay = 7.99> <Core = "DDiv">   --->   Core 117 'DDiv' <Latency = 16> <II = 1> <Delay = 7.99> <FuncUnit> <Opcode : 'ddiv' 'drem'> <InPorts = 2> <OutPorts = 1>

State 35 <SV = 16> <Delay = 7.99>
ST_35 : Operation 207 [7/17] (7.99ns)   --->   "%x_complex_re_write_a = fdiv double %matrix1_re_load, 1.010000e+02" [C:/Xilinx2/Vivado/2019.1/common/technology/autopilot\hls/linear_algebra/utils/x_hls_complex.h:144->kernel_qrf_0.cpp:41]   --->   Operation 207 'ddiv' 'x_complex_re_write_a' <Predicate = true> <Delay = 7.99> <Core = "DDiv">   --->   Core 117 'DDiv' <Latency = 16> <II = 1> <Delay = 7.99> <FuncUnit> <Opcode : 'ddiv' 'drem'> <InPorts = 2> <OutPorts = 1>
ST_35 : Operation 208 [7/17] (7.99ns)   --->   "%x_complex_im_write_a = fdiv double %matrix1_im_load, 1.010000e+02" [C:/Xilinx2/Vivado/2019.1/common/technology/autopilot\hls/linear_algebra/utils/x_hls_complex.h:144->kernel_qrf_0.cpp:41]   --->   Operation 208 'ddiv' 'x_complex_im_write_a' <Predicate = true> <Delay = 7.99> <Core = "DDiv">   --->   Core 117 'DDiv' <Latency = 16> <II = 1> <Delay = 7.99> <FuncUnit> <Opcode : 'ddiv' 'drem'> <InPorts = 2> <OutPorts = 1>

State 36 <SV = 17> <Delay = 7.99>
ST_36 : Operation 209 [6/17] (7.99ns)   --->   "%x_complex_re_write_a = fdiv double %matrix1_re_load, 1.010000e+02" [C:/Xilinx2/Vivado/2019.1/common/technology/autopilot\hls/linear_algebra/utils/x_hls_complex.h:144->kernel_qrf_0.cpp:41]   --->   Operation 209 'ddiv' 'x_complex_re_write_a' <Predicate = true> <Delay = 7.99> <Core = "DDiv">   --->   Core 117 'DDiv' <Latency = 16> <II = 1> <Delay = 7.99> <FuncUnit> <Opcode : 'ddiv' 'drem'> <InPorts = 2> <OutPorts = 1>
ST_36 : Operation 210 [6/17] (7.99ns)   --->   "%x_complex_im_write_a = fdiv double %matrix1_im_load, 1.010000e+02" [C:/Xilinx2/Vivado/2019.1/common/technology/autopilot\hls/linear_algebra/utils/x_hls_complex.h:144->kernel_qrf_0.cpp:41]   --->   Operation 210 'ddiv' 'x_complex_im_write_a' <Predicate = true> <Delay = 7.99> <Core = "DDiv">   --->   Core 117 'DDiv' <Latency = 16> <II = 1> <Delay = 7.99> <FuncUnit> <Opcode : 'ddiv' 'drem'> <InPorts = 2> <OutPorts = 1>

State 37 <SV = 18> <Delay = 7.99>
ST_37 : Operation 211 [5/17] (7.99ns)   --->   "%x_complex_re_write_a = fdiv double %matrix1_re_load, 1.010000e+02" [C:/Xilinx2/Vivado/2019.1/common/technology/autopilot\hls/linear_algebra/utils/x_hls_complex.h:144->kernel_qrf_0.cpp:41]   --->   Operation 211 'ddiv' 'x_complex_re_write_a' <Predicate = true> <Delay = 7.99> <Core = "DDiv">   --->   Core 117 'DDiv' <Latency = 16> <II = 1> <Delay = 7.99> <FuncUnit> <Opcode : 'ddiv' 'drem'> <InPorts = 2> <OutPorts = 1>
ST_37 : Operation 212 [5/17] (7.99ns)   --->   "%x_complex_im_write_a = fdiv double %matrix1_im_load, 1.010000e+02" [C:/Xilinx2/Vivado/2019.1/common/technology/autopilot\hls/linear_algebra/utils/x_hls_complex.h:144->kernel_qrf_0.cpp:41]   --->   Operation 212 'ddiv' 'x_complex_im_write_a' <Predicate = true> <Delay = 7.99> <Core = "DDiv">   --->   Core 117 'DDiv' <Latency = 16> <II = 1> <Delay = 7.99> <FuncUnit> <Opcode : 'ddiv' 'drem'> <InPorts = 2> <OutPorts = 1>

State 38 <SV = 19> <Delay = 7.99>
ST_38 : Operation 213 [4/17] (7.99ns)   --->   "%x_complex_re_write_a = fdiv double %matrix1_re_load, 1.010000e+02" [C:/Xilinx2/Vivado/2019.1/common/technology/autopilot\hls/linear_algebra/utils/x_hls_complex.h:144->kernel_qrf_0.cpp:41]   --->   Operation 213 'ddiv' 'x_complex_re_write_a' <Predicate = true> <Delay = 7.99> <Core = "DDiv">   --->   Core 117 'DDiv' <Latency = 16> <II = 1> <Delay = 7.99> <FuncUnit> <Opcode : 'ddiv' 'drem'> <InPorts = 2> <OutPorts = 1>
ST_38 : Operation 214 [4/17] (7.99ns)   --->   "%x_complex_im_write_a = fdiv double %matrix1_im_load, 1.010000e+02" [C:/Xilinx2/Vivado/2019.1/common/technology/autopilot\hls/linear_algebra/utils/x_hls_complex.h:144->kernel_qrf_0.cpp:41]   --->   Operation 214 'ddiv' 'x_complex_im_write_a' <Predicate = true> <Delay = 7.99> <Core = "DDiv">   --->   Core 117 'DDiv' <Latency = 16> <II = 1> <Delay = 7.99> <FuncUnit> <Opcode : 'ddiv' 'drem'> <InPorts = 2> <OutPorts = 1>

State 39 <SV = 20> <Delay = 7.99>
ST_39 : Operation 215 [3/17] (7.99ns)   --->   "%x_complex_re_write_a = fdiv double %matrix1_re_load, 1.010000e+02" [C:/Xilinx2/Vivado/2019.1/common/technology/autopilot\hls/linear_algebra/utils/x_hls_complex.h:144->kernel_qrf_0.cpp:41]   --->   Operation 215 'ddiv' 'x_complex_re_write_a' <Predicate = true> <Delay = 7.99> <Core = "DDiv">   --->   Core 117 'DDiv' <Latency = 16> <II = 1> <Delay = 7.99> <FuncUnit> <Opcode : 'ddiv' 'drem'> <InPorts = 2> <OutPorts = 1>
ST_39 : Operation 216 [3/17] (7.99ns)   --->   "%x_complex_im_write_a = fdiv double %matrix1_im_load, 1.010000e+02" [C:/Xilinx2/Vivado/2019.1/common/technology/autopilot\hls/linear_algebra/utils/x_hls_complex.h:144->kernel_qrf_0.cpp:41]   --->   Operation 216 'ddiv' 'x_complex_im_write_a' <Predicate = true> <Delay = 7.99> <Core = "DDiv">   --->   Core 117 'DDiv' <Latency = 16> <II = 1> <Delay = 7.99> <FuncUnit> <Opcode : 'ddiv' 'drem'> <InPorts = 2> <OutPorts = 1>

State 40 <SV = 21> <Delay = 7.99>
ST_40 : Operation 217 [2/17] (7.99ns)   --->   "%x_complex_re_write_a = fdiv double %matrix1_re_load, 1.010000e+02" [C:/Xilinx2/Vivado/2019.1/common/technology/autopilot\hls/linear_algebra/utils/x_hls_complex.h:144->kernel_qrf_0.cpp:41]   --->   Operation 217 'ddiv' 'x_complex_re_write_a' <Predicate = true> <Delay = 7.99> <Core = "DDiv">   --->   Core 117 'DDiv' <Latency = 16> <II = 1> <Delay = 7.99> <FuncUnit> <Opcode : 'ddiv' 'drem'> <InPorts = 2> <OutPorts = 1>
ST_40 : Operation 218 [2/17] (7.99ns)   --->   "%x_complex_im_write_a = fdiv double %matrix1_im_load, 1.010000e+02" [C:/Xilinx2/Vivado/2019.1/common/technology/autopilot\hls/linear_algebra/utils/x_hls_complex.h:144->kernel_qrf_0.cpp:41]   --->   Operation 218 'ddiv' 'x_complex_im_write_a' <Predicate = true> <Delay = 7.99> <Core = "DDiv">   --->   Core 117 'DDiv' <Latency = 16> <II = 1> <Delay = 7.99> <FuncUnit> <Opcode : 'ddiv' 'drem'> <InPorts = 2> <OutPorts = 1>

State 41 <SV = 22> <Delay = 7.99>
ST_41 : Operation 219 [1/17] (7.99ns)   --->   "%x_complex_re_write_a = fdiv double %matrix1_re_load, 1.010000e+02" [C:/Xilinx2/Vivado/2019.1/common/technology/autopilot\hls/linear_algebra/utils/x_hls_complex.h:144->kernel_qrf_0.cpp:41]   --->   Operation 219 'ddiv' 'x_complex_re_write_a' <Predicate = true> <Delay = 7.99> <Core = "DDiv">   --->   Core 117 'DDiv' <Latency = 16> <II = 1> <Delay = 7.99> <FuncUnit> <Opcode : 'ddiv' 'drem'> <InPorts = 2> <OutPorts = 1>
ST_41 : Operation 220 [1/17] (7.99ns)   --->   "%x_complex_im_write_a = fdiv double %matrix1_im_load, 1.010000e+02" [C:/Xilinx2/Vivado/2019.1/common/technology/autopilot\hls/linear_algebra/utils/x_hls_complex.h:144->kernel_qrf_0.cpp:41]   --->   Operation 220 'ddiv' 'x_complex_im_write_a' <Predicate = true> <Delay = 7.99> <Core = "DDiv">   --->   Core 117 'DDiv' <Latency = 16> <II = 1> <Delay = 7.99> <FuncUnit> <Opcode : 'ddiv' 'drem'> <InPorts = 2> <OutPorts = 1>

State 42 <SV = 23> <Delay = 1.23>
ST_42 : Operation 221 [1/1] (1.23ns)   --->   "store double %x_complex_re_write_a, double* %matrix1_re_addr_1, align 8" [kernel_qrf_0.cpp:41]   --->   Operation 221 'store' <Predicate = true> <Delay = 1.23> <Core = "RAM">   --->   Core 37 'RAM' <Latency = 1> <II = 1> <Delay = 1.23> <Storage> <Opcode : 'load' 'store'> <Ports = 2> <Width = 64> <Depth = 10000> <RAM>
ST_42 : Operation 222 [1/1] (1.23ns)   --->   "store double %x_complex_im_write_a, double* %matrix1_im_addr_1, align 8" [kernel_qrf_0.cpp:41]   --->   Operation 222 'store' <Predicate = true> <Delay = 1.23> <Core = "RAM">   --->   Core 37 'RAM' <Latency = 1> <II = 1> <Delay = 1.23> <Storage> <Opcode : 'load' 'store'> <Ports = 2> <Width = 64> <Depth = 10000> <RAM>
ST_42 : Operation 223 [1/1] (0.00ns)   --->   "br label %.preheader" [kernel_qrf_0.cpp:40]   --->   Operation 223 'br' <Predicate = true> <Delay = 0.00>


============================================================
+ Verbose Summary: Timing violations
============================================================
Target clock period: 10ns, clock uncertainty: 1.25ns.

 <State 1>: 0.656ns
The critical path consists of the following:
	multiplexor before 'phi' operation ('k') with incoming values : ('k', kernel_qrf_0.cpp:22) [7]  (0.656 ns)

 <State 2>: 0.831ns
The critical path consists of the following:
	'phi' operation ('phi_mul', kernel_qrf_0.cpp:22) with incoming values : ('add_ln22', kernel_qrf_0.cpp:22) [8]  (0 ns)
	'add' operation ('add_ln22', kernel_qrf_0.cpp:22) [9]  (0.831 ns)

 <State 3>: 2.07ns
The critical path consists of the following:
	'phi' operation ('l') with incoming values : ('l', kernel_qrf_0.cpp:23) [17]  (0 ns)
	'add' operation ('add_ln24', kernel_qrf_0.cpp:24) [24]  (0.831 ns)
	'getelementptr' operation ('matrix1_re_addr', kernel_qrf_0.cpp:24) [26]  (0 ns)
	'store' operation ('store_ln24', kernel_qrf_0.cpp:24) of constant 0 on array 'matrix1_re' [28]  (1.24 ns)

 <State 4>: 0.817ns
The critical path consists of the following:
	'phi' operation ('i') with incoming values : ('i', kernel_qrf_0.cpp:29) [36]  (0 ns)
	'icmp' operation ('icmp_ln29', kernel_qrf_0.cpp:29) [38]  (0.817 ns)

 <State 5>: 0.831ns
The critical path consists of the following:
	'phi' operation ('phi_mul113', kernel_qrf_0.cpp:30) with incoming values : ('add_ln30', kernel_qrf_0.cpp:30) [46]  (0 ns)
	'add' operation ('add_ln30', kernel_qrf_0.cpp:30) [47]  (0.831 ns)

 <State 6>: 2.01ns
The critical path consists of the following:
	'phi' operation ('l') with incoming values : ('l', kernel_qrf_0.cpp:31) [60]  (0 ns)
	'add' operation ('add_ln32_1', kernel_qrf_0.cpp:32) [72]  (0.773 ns)
	'getelementptr' operation ('rec_sig_re_addr_1', kernel_qrf_0.cpp:32) [74]  (0 ns)
	'load' operation ('rhs.re', kernel_qrf_0.cpp:32) on array 'rec_sig_re' [76]  (1.24 ns)

 <State 7>: 8.66ns
The critical path consists of the following:
	'load' operation ('din.im', kernel_qrf_0.cpp:32) on array 'rec_sig_im' [68]  (1.24 ns)
	'xor' operation ('xor_ln329', C:/Xilinx2/Vivado/2019.1/common/technology/autopilot\hls/linear_algebra/utils/x_hls_complex.h:329->C:/Xilinx2/Vivado/2019.1/common/technology/autopilot\hls/linear_algebra/utils/x_hls_complex.h:337->kernel_qrf_0.cpp:32) [70]  (0.379 ns)
	'dmul' operation ('m2', C:/Xilinx2/Vivado/2019.1/common/technology/autopilot\hls/linear_algebra/utils/x_hls_complex.h:119->kernel_qrf_0.cpp:32) [79]  (7.04 ns)

 <State 8>: 7.04ns
The critical path consists of the following:
	'dmul' operation ('m1', C:/Xilinx2/Vivado/2019.1/common/technology/autopilot\hls/linear_algebra/utils/x_hls_complex.h:118->kernel_qrf_0.cpp:32) [78]  (7.04 ns)

 <State 9>: 7.04ns
The critical path consists of the following:
	'dmul' operation ('m1', C:/Xilinx2/Vivado/2019.1/common/technology/autopilot\hls/linear_algebra/utils/x_hls_complex.h:118->kernel_qrf_0.cpp:32) [78]  (7.04 ns)

 <State 10>: 7.04ns
The critical path consists of the following:
	'dmul' operation ('m1', C:/Xilinx2/Vivado/2019.1/common/technology/autopilot\hls/linear_algebra/utils/x_hls_complex.h:118->kernel_qrf_0.cpp:32) [78]  (7.04 ns)

 <State 11>: 7.04ns
The critical path consists of the following:
	'dmul' operation ('m1', C:/Xilinx2/Vivado/2019.1/common/technology/autopilot\hls/linear_algebra/utils/x_hls_complex.h:118->kernel_qrf_0.cpp:32) [78]  (7.04 ns)

 <State 12>: 5.07ns
The critical path consists of the following:
	'dsub' operation ('sum_re', C:/Xilinx2/Vivado/2019.1/common/technology/autopilot\hls/linear_algebra/utils/x_hls_complex.h:122->kernel_qrf_0.cpp:32) [82]  (5.07 ns)

 <State 13>: 5.07ns
The critical path consists of the following:
	'dsub' operation ('sum_re', C:/Xilinx2/Vivado/2019.1/common/technology/autopilot\hls/linear_algebra/utils/x_hls_complex.h:122->kernel_qrf_0.cpp:32) [82]  (5.07 ns)

 <State 14>: 5.07ns
The critical path consists of the following:
	'dsub' operation ('sum_re', C:/Xilinx2/Vivado/2019.1/common/technology/autopilot\hls/linear_algebra/utils/x_hls_complex.h:122->kernel_qrf_0.cpp:32) [82]  (5.07 ns)

 <State 15>: 5.07ns
The critical path consists of the following:
	'dsub' operation ('sum_re', C:/Xilinx2/Vivado/2019.1/common/technology/autopilot\hls/linear_algebra/utils/x_hls_complex.h:122->kernel_qrf_0.cpp:32) [82]  (5.07 ns)

 <State 16>: 5.07ns
The critical path consists of the following:
	'dsub' operation ('sum_re', C:/Xilinx2/Vivado/2019.1/common/technology/autopilot\hls/linear_algebra/utils/x_hls_complex.h:122->kernel_qrf_0.cpp:32) [82]  (5.07 ns)

 <State 17>: 6.31ns
The critical path consists of the following:
	'load' operation ('x_complex<double>.im', kernel_qrf_0.cpp:33) on array 'matrix1_im' [89]  (1.24 ns)
	'dadd' operation ('agg.result.im', C:/Xilinx2/Vivado/2019.1/common/technology/autopilot\hls/linear_algebra/utils/x_hls_complex.h:171->kernel_qrf_0.cpp:33) [92]  (5.07 ns)

 <State 18>: 5.07ns
The critical path consists of the following:
	'dadd' operation ('agg.result.re', C:/Xilinx2/Vivado/2019.1/common/technology/autopilot\hls/linear_algebra/utils/x_hls_complex.h:171->kernel_qrf_0.cpp:33) [91]  (5.07 ns)

 <State 19>: 5.07ns
The critical path consists of the following:
	'dadd' operation ('agg.result.re', C:/Xilinx2/Vivado/2019.1/common/technology/autopilot\hls/linear_algebra/utils/x_hls_complex.h:171->kernel_qrf_0.cpp:33) [91]  (5.07 ns)

 <State 20>: 5.07ns
The critical path consists of the following:
	'dadd' operation ('agg.result.re', C:/Xilinx2/Vivado/2019.1/common/technology/autopilot\hls/linear_algebra/utils/x_hls_complex.h:171->kernel_qrf_0.cpp:33) [91]  (5.07 ns)

 <State 21>: 6.31ns
The critical path consists of the following:
	'dadd' operation ('agg.result.re', C:/Xilinx2/Vivado/2019.1/common/technology/autopilot\hls/linear_algebra/utils/x_hls_complex.h:171->kernel_qrf_0.cpp:33) [91]  (5.07 ns)
	'store' operation ('store_ln33', kernel_qrf_0.cpp:33) of variable 'agg.result.re', C:/Xilinx2/Vivado/2019.1/common/technology/autopilot\hls/linear_algebra/utils/x_hls_complex.h:171->kernel_qrf_0.cpp:33 on array 'matrix1_re' [94]  (1.24 ns)

 <State 22>: 0.831ns
The critical path consists of the following:
	'phi' operation ('phi_mul115', kernel_qrf_0.cpp:39) with incoming values : ('add_ln39', kernel_qrf_0.cpp:39) [104]  (0 ns)
	'add' operation ('add_ln39', kernel_qrf_0.cpp:39) [105]  (0.831 ns)

 <State 23>: 2.07ns
The critical path consists of the following:
	'phi' operation ('n') with incoming values : ('n', kernel_qrf_0.cpp:40) [113]  (0 ns)
	'add' operation ('add_ln41', kernel_qrf_0.cpp:41) [120]  (0.831 ns)
	'getelementptr' operation ('matrix1_re_addr_1', kernel_qrf_0.cpp:41) [122]  (0 ns)
	'load' operation ('x_complex<double>.re', kernel_qrf_0.cpp:41) on array 'matrix1_re' [124]  (1.24 ns)

 <State 24>: 1.24ns
The critical path consists of the following:
	'load' operation ('x_complex<double>.re', kernel_qrf_0.cpp:41) on array 'matrix1_re' [124]  (1.24 ns)

 <State 25>: 8ns
The critical path consists of the following:
	'ddiv' operation ('x_complex<double>.re', C:/Xilinx2/Vivado/2019.1/common/technology/autopilot\hls/linear_algebra/utils/x_hls_complex.h:144->kernel_qrf_0.cpp:41) [126]  (8 ns)

 <State 26>: 8ns
The critical path consists of the following:
	'ddiv' operation ('x_complex<double>.re', C:/Xilinx2/Vivado/2019.1/common/technology/autopilot\hls/linear_algebra/utils/x_hls_complex.h:144->kernel_qrf_0.cpp:41) [126]  (8 ns)

 <State 27>: 8ns
The critical path consists of the following:
	'ddiv' operation ('x_complex<double>.re', C:/Xilinx2/Vivado/2019.1/common/technology/autopilot\hls/linear_algebra/utils/x_hls_complex.h:144->kernel_qrf_0.cpp:41) [126]  (8 ns)

 <State 28>: 8ns
The critical path consists of the following:
	'ddiv' operation ('x_complex<double>.re', C:/Xilinx2/Vivado/2019.1/common/technology/autopilot\hls/linear_algebra/utils/x_hls_complex.h:144->kernel_qrf_0.cpp:41) [126]  (8 ns)

 <State 29>: 8ns
The critical path consists of the following:
	'ddiv' operation ('x_complex<double>.re', C:/Xilinx2/Vivado/2019.1/common/technology/autopilot\hls/linear_algebra/utils/x_hls_complex.h:144->kernel_qrf_0.cpp:41) [126]  (8 ns)

 <State 30>: 8ns
The critical path consists of the following:
	'ddiv' operation ('x_complex<double>.re', C:/Xilinx2/Vivado/2019.1/common/technology/autopilot\hls/linear_algebra/utils/x_hls_complex.h:144->kernel_qrf_0.cpp:41) [126]  (8 ns)

 <State 31>: 8ns
The critical path consists of the following:
	'ddiv' operation ('x_complex<double>.re', C:/Xilinx2/Vivado/2019.1/common/technology/autopilot\hls/linear_algebra/utils/x_hls_complex.h:144->kernel_qrf_0.cpp:41) [126]  (8 ns)

 <State 32>: 8ns
The critical path consists of the following:
	'ddiv' operation ('x_complex<double>.re', C:/Xilinx2/Vivado/2019.1/common/technology/autopilot\hls/linear_algebra/utils/x_hls_complex.h:144->kernel_qrf_0.cpp:41) [126]  (8 ns)

 <State 33>: 8ns
The critical path consists of the following:
	'ddiv' operation ('x_complex<double>.re', C:/Xilinx2/Vivado/2019.1/common/technology/autopilot\hls/linear_algebra/utils/x_hls_complex.h:144->kernel_qrf_0.cpp:41) [126]  (8 ns)

 <State 34>: 8ns
The critical path consists of the following:
	'ddiv' operation ('x_complex<double>.re', C:/Xilinx2/Vivado/2019.1/common/technology/autopilot\hls/linear_algebra/utils/x_hls_complex.h:144->kernel_qrf_0.cpp:41) [126]  (8 ns)

 <State 35>: 8ns
The critical path consists of the following:
	'ddiv' operation ('x_complex<double>.re', C:/Xilinx2/Vivado/2019.1/common/technology/autopilot\hls/linear_algebra/utils/x_hls_complex.h:144->kernel_qrf_0.cpp:41) [126]  (8 ns)

 <State 36>: 8ns
The critical path consists of the following:
	'ddiv' operation ('x_complex<double>.re', C:/Xilinx2/Vivado/2019.1/common/technology/autopilot\hls/linear_algebra/utils/x_hls_complex.h:144->kernel_qrf_0.cpp:41) [126]  (8 ns)

 <State 37>: 8ns
The critical path consists of the following:
	'ddiv' operation ('x_complex<double>.re', C:/Xilinx2/Vivado/2019.1/common/technology/autopilot\hls/linear_algebra/utils/x_hls_complex.h:144->kernel_qrf_0.cpp:41) [126]  (8 ns)

 <State 38>: 8ns
The critical path consists of the following:
	'ddiv' operation ('x_complex<double>.re', C:/Xilinx2/Vivado/2019.1/common/technology/autopilot\hls/linear_algebra/utils/x_hls_complex.h:144->kernel_qrf_0.cpp:41) [126]  (8 ns)

 <State 39>: 8ns
The critical path consists of the following:
	'ddiv' operation ('x_complex<double>.re', C:/Xilinx2/Vivado/2019.1/common/technology/autopilot\hls/linear_algebra/utils/x_hls_complex.h:144->kernel_qrf_0.cpp:41) [126]  (8 ns)

 <State 40>: 8ns
The critical path consists of the following:
	'ddiv' operation ('x_complex<double>.re', C:/Xilinx2/Vivado/2019.1/common/technology/autopilot\hls/linear_algebra/utils/x_hls_complex.h:144->kernel_qrf_0.cpp:41) [126]  (8 ns)

 <State 41>: 8ns
The critical path consists of the following:
	'ddiv' operation ('x_complex<double>.re', C:/Xilinx2/Vivado/2019.1/common/technology/autopilot\hls/linear_algebra/utils/x_hls_complex.h:144->kernel_qrf_0.cpp:41) [126]  (8 ns)

 <State 42>: 1.24ns
The critical path consists of the following:
	'store' operation ('store_ln41', kernel_qrf_0.cpp:41) of variable 'x_complex<double>.re', C:/Xilinx2/Vivado/2019.1/common/technology/autopilot\hls/linear_algebra/utils/x_hls_complex.h:144->kernel_qrf_0.cpp:41 on array 'matrix1_re' [128]  (1.24 ns)


============================================================
+ Verbose Summary: Binding
============================================================
N/A
* FSMD analyzer results:
  - Output states:
 - Input state : 
  - Chain level:
	State 1
	State 2
	State 3
	State 4
	State 5
	State 6
	State 7
	State 8
	State 9
	State 10
	State 11
	State 12
	State 13
	State 14
	State 15
	State 16
	State 17
	State 18
	State 19
	State 20
	State 21
	State 22
	State 23
	State 24
	State 25
	State 26
	State 27
	State 28
	State 29
	State 30
	State 31
	State 32
	State 33
	State 34
	State 35
	State 36
	State 37
	State 38
	State 39
	State 40
	State 41
	State 42


============================================================
+ Verbose Summary: Datapath Resource usage 
============================================================
N/A
