
*** Running vivado
    with args -log matrix_axi_smc_0.vds -m64 -product Vivado -mode batch -messageDb vivado.pb -notrace -source matrix_axi_smc_0.tcl



****** Vivado v2024.2 (64-bit)
  **** SW Build 5239630 on Fri Nov 08 22:35:27 MST 2024
  **** IP Build 5239520 on Sun Nov 10 16:12:51 MST 2024
  **** SharedData Build 5239561 on Fri Nov 08 14:39:27 MST 2024
  **** Start of session at: Mon Jun  2 21:46:08 2025
    ** Copyright 1986-2022 Xilinx, Inc. All Rights Reserved.
    ** Copyright 2022-2024 Advanced Micro Devices, Inc. All Rights Reserved.

source matrix_axi_smc_0.tcl -notrace
INFO: [IP_Flow 19-234] Refreshing IP repositories
INFO: [IP_Flow 19-1700] Loaded user IP repository 'c:/Users/Samarth/demo_matrix'.
INFO: [IP_Flow 19-2313] Loaded Vivado IP repository 'C:/Xilinx_2024_ent/Vivado/2024.2/data/ip'.
WARNING: [IP_Flow 19-4995] The host OS only allows 260 characters in a normal path. The IP cache path is more than 80 characters. If you experience issues with IP caching, please consider changing the IP cache to a location with a shorter path. Alternately consider using the OS subst command to map part of the path to a drive letter. 
Current IP cache path is c:/Users/Samarth/Desktop/IIIT_Intern/Tutorial_matrix/Vivado_files/demo_matrix/demo_matrix.cache/ip 
INFO: [IP_Flow 19-6924] IPCACHE: Running cache check for IP inst: matrix_axi_smc_0
Command: synth_design -top matrix_axi_smc_0 -part xczu28dr-ffvg1517-2-e -incremental_mode off -mode out_of_context
Starting synth_design
Attempting to get a license for feature 'Synthesis' and/or device 'xczu28dr'
INFO: [Common 17-349] Got license for feature 'Synthesis' and/or device 'xczu28dr'
INFO: [Common 17-1540] The version limit for your license is '2025.01' and has expired for new software. A version limit expiration means that, although you may be able to continue to use the current version of tools or IP with this license, you will not be eligible for new releases.
INFO: [Device 21-403] Loading part xczu28dr-ffvg1517-2-e
INFO: [Synth 8-7079] Multithreading enabled for synth_design using a maximum of 2 processes.
INFO: [Synth 8-7078] Launching helper process for spawning children vivado processes
INFO: [Synth 8-7075] Helper process launched with PID 13364
---------------------------------------------------------------------------------
Starting RTL Elaboration : Time (s): cpu = 00:00:17 ; elapsed = 00:00:28 . Memory (MB): peak = 1892.012 ; gain = 380.574
---------------------------------------------------------------------------------
WARNING: [Synth 8-10507] attribute 'X_INTERFACE_MODE' is already specified; last one will take precedence [c:/Users/Samarth/Desktop/IIIT_Intern/Tutorial_matrix/Vivado_files/demo_matrix/demo_matrix.gen/sources_1/bd/matrix/ip/matrix_axi_smc_0/bd_0/ip/ip_2/synth/bd_fb28_arinsw_0.sv:83]
WARNING: [Synth 8-10507] attribute 'X_INTERFACE_PARAMETER' is already specified; last one will take precedence [c:/Users/Samarth/Desktop/IIIT_Intern/Tutorial_matrix/Vivado_files/demo_matrix/demo_matrix.gen/sources_1/bd/matrix/ip/matrix_axi_smc_0/bd_0/ip/ip_2/synth/bd_fb28_arinsw_0.sv:84]
WARNING: [Synth 8-10507] attribute 'X_INTERFACE_MODE' is already specified; last one will take precedence [c:/Users/Samarth/Desktop/IIIT_Intern/Tutorial_matrix/Vivado_files/demo_matrix/demo_matrix.gen/sources_1/bd/matrix/ip/matrix_axi_smc_0/bd_0/ip/ip_3/synth/bd_fb28_rinsw_0.sv:94]
WARNING: [Synth 8-10507] attribute 'X_INTERFACE_MODE' is already specified; last one will take precedence [c:/Users/Samarth/Desktop/IIIT_Intern/Tutorial_matrix/Vivado_files/demo_matrix/demo_matrix.gen/sources_1/bd/matrix/ip/matrix_axi_smc_0/bd_0/ip/ip_4/synth/bd_fb28_awinsw_0.sv:83]
WARNING: [Synth 8-10507] attribute 'X_INTERFACE_PARAMETER' is already specified; last one will take precedence [c:/Users/Samarth/Desktop/IIIT_Intern/Tutorial_matrix/Vivado_files/demo_matrix/demo_matrix.gen/sources_1/bd/matrix/ip/matrix_axi_smc_0/bd_0/ip/ip_4/synth/bd_fb28_awinsw_0.sv:84]
WARNING: [Synth 8-10507] attribute 'X_INTERFACE_MODE' is already specified; last one will take precedence [c:/Users/Samarth/Desktop/IIIT_Intern/Tutorial_matrix/Vivado_files/demo_matrix/demo_matrix.gen/sources_1/bd/matrix/ip/matrix_axi_smc_0/bd_0/ip/ip_5/synth/bd_fb28_winsw_0.sv:83]
WARNING: [Synth 8-10507] attribute 'X_INTERFACE_PARAMETER' is already specified; last one will take precedence [c:/Users/Samarth/Desktop/IIIT_Intern/Tutorial_matrix/Vivado_files/demo_matrix/demo_matrix.gen/sources_1/bd/matrix/ip/matrix_axi_smc_0/bd_0/ip/ip_5/synth/bd_fb28_winsw_0.sv:84]
WARNING: [Synth 8-10507] attribute 'X_INTERFACE_MODE' is already specified; last one will take precedence [c:/Users/Samarth/Desktop/IIIT_Intern/Tutorial_matrix/Vivado_files/demo_matrix/demo_matrix.gen/sources_1/bd/matrix/ip/matrix_axi_smc_0/bd_0/ip/ip_6/synth/bd_fb28_binsw_0.sv:94]
INFO: [Synth 8-6157] synthesizing module 'matrix_axi_smc_0' [c:/Users/Samarth/Desktop/IIIT_Intern/Tutorial_matrix/Vivado_files/demo_matrix/demo_matrix.gen/sources_1/bd/matrix/ip/matrix_axi_smc_0/synth/matrix_axi_smc_0.v:53]
INFO: [Synth 8-6157] synthesizing module 'bd_fb28' [c:/Users/Samarth/Desktop/IIIT_Intern/Tutorial_matrix/Vivado_files/demo_matrix/demo_matrix.gen/sources_1/bd/matrix/ip/matrix_axi_smc_0/bd_0/synth/bd_fb28.v:10]
INFO: [Synth 8-6157] synthesizing module 'clk_map_imp_1G4LQMC' [c:/Users/Samarth/Desktop/IIIT_Intern/Tutorial_matrix/Vivado_files/demo_matrix/demo_matrix.gen/sources_1/bd/matrix/ip/matrix_axi_smc_0/bd_0/synth/bd_fb28.v:1258]
INFO: [Synth 8-6157] synthesizing module 'bd_fb28_one_0' [c:/Users/Samarth/Desktop/IIIT_Intern/Tutorial_matrix/Vivado_files/demo_matrix/demo_matrix.gen/sources_1/bd/matrix/ip/matrix_axi_smc_0/bd_0/ip/ip_0/synth/bd_fb28_one_0.v:53]
INFO: [Synth 8-6157] synthesizing module 'xlconstant_v1_1_9_xlconstant' [c:/Users/Samarth/Desktop/IIIT_Intern/Tutorial_matrix/Vivado_files/demo_matrix/demo_matrix.gen/sources_1/bd/matrix/ipshared/e2d2/hdl/xlconstant_v1_1_vl_rfs.v:68]
INFO: [Synth 8-6155] done synthesizing module 'xlconstant_v1_1_9_xlconstant' (0#1) [c:/Users/Samarth/Desktop/IIIT_Intern/Tutorial_matrix/Vivado_files/demo_matrix/demo_matrix.gen/sources_1/bd/matrix/ipshared/e2d2/hdl/xlconstant_v1_1_vl_rfs.v:68]
INFO: [Synth 8-6155] done synthesizing module 'bd_fb28_one_0' (0#1) [c:/Users/Samarth/Desktop/IIIT_Intern/Tutorial_matrix/Vivado_files/demo_matrix/demo_matrix.gen/sources_1/bd/matrix/ip/matrix_axi_smc_0/bd_0/ip/ip_0/synth/bd_fb28_one_0.v:53]
INFO: [Synth 8-638] synthesizing module 'bd_fb28_psr_aclk_0' [c:/Users/Samarth/Desktop/IIIT_Intern/Tutorial_matrix/Vivado_files/demo_matrix/demo_matrix.gen/sources_1/bd/matrix/ip/matrix_axi_smc_0/bd_0/ip/ip_1/synth/bd_fb28_psr_aclk_0.vhd:74]
	Parameter C_FAMILY bound to: zynquplus - type: string 
	Parameter C_EXT_RST_WIDTH bound to: 4 - type: integer 
	Parameter C_AUX_RST_WIDTH bound to: 1 - type: integer 
	Parameter C_EXT_RESET_HIGH bound to: 1'b0 
	Parameter C_AUX_RESET_HIGH bound to: 1'b0 
	Parameter C_NUM_BUS_RST bound to: 1 - type: integer 
	Parameter C_NUM_PERP_RST bound to: 1 - type: integer 
	Parameter C_NUM_INTERCONNECT_ARESETN bound to: 1 - type: integer 
	Parameter C_NUM_PERP_ARESETN bound to: 1 - type: integer 
INFO: [Synth 8-3491] module 'proc_sys_reset' declared at 'c:/Users/Samarth/Desktop/IIIT_Intern/Tutorial_matrix/Vivado_files/demo_matrix/demo_matrix.gen/sources_1/bd/matrix/ipshared/0831/hdl/proc_sys_reset_v5_0_vh_rfs.vhd:1271' bound to instance 'U0' of component 'proc_sys_reset' [c:/Users/Samarth/Desktop/IIIT_Intern/Tutorial_matrix/Vivado_files/demo_matrix/demo_matrix.gen/sources_1/bd/matrix/ip/matrix_axi_smc_0/bd_0/ip/ip_1/synth/bd_fb28_psr_aclk_0.vhd:139]
INFO: [Synth 8-638] synthesizing module 'proc_sys_reset' [c:/Users/Samarth/Desktop/IIIT_Intern/Tutorial_matrix/Vivado_files/demo_matrix/demo_matrix.gen/sources_1/bd/matrix/ipshared/0831/hdl/proc_sys_reset_v5_0_vh_rfs.vhd:1330]
	Parameter INIT bound to: 1'b1 
INFO: [Synth 8-113] binding component instance 'FDRE_inst' to cell 'FDRE' [c:/Users/Samarth/Desktop/IIIT_Intern/Tutorial_matrix/Vivado_files/demo_matrix/demo_matrix.gen/sources_1/bd/matrix/ipshared/0831/hdl/proc_sys_reset_v5_0_vh_rfs.vhd:1399]
	Parameter INIT bound to: 1'b1 
INFO: [Synth 8-113] binding component instance 'FDRE_BSR' to cell 'FDRE' [c:/Users/Samarth/Desktop/IIIT_Intern/Tutorial_matrix/Vivado_files/demo_matrix/demo_matrix.gen/sources_1/bd/matrix/ipshared/0831/hdl/proc_sys_reset_v5_0_vh_rfs.vhd:1415]
	Parameter INIT bound to: 1'b0 
INFO: [Synth 8-113] binding component instance 'FDRE_BSR_N' to cell 'FDRE' [c:/Users/Samarth/Desktop/IIIT_Intern/Tutorial_matrix/Vivado_files/demo_matrix/demo_matrix.gen/sources_1/bd/matrix/ipshared/0831/hdl/proc_sys_reset_v5_0_vh_rfs.vhd:1441]
	Parameter INIT bound to: 1'b1 
INFO: [Synth 8-113] binding component instance 'FDRE_PER' to cell 'FDRE' [c:/Users/Samarth/Desktop/IIIT_Intern/Tutorial_matrix/Vivado_files/demo_matrix/demo_matrix.gen/sources_1/bd/matrix/ipshared/0831/hdl/proc_sys_reset_v5_0_vh_rfs.vhd:1464]
	Parameter INIT bound to: 1'b0 
INFO: [Synth 8-113] binding component instance 'FDRE_PER_N' to cell 'FDRE' [c:/Users/Samarth/Desktop/IIIT_Intern/Tutorial_matrix/Vivado_files/demo_matrix/demo_matrix.gen/sources_1/bd/matrix/ipshared/0831/hdl/proc_sys_reset_v5_0_vh_rfs.vhd:1488]
INFO: [Synth 8-638] synthesizing module 'lpf' [c:/Users/Samarth/Desktop/IIIT_Intern/Tutorial_matrix/Vivado_files/demo_matrix/demo_matrix.gen/sources_1/bd/matrix/ipshared/0831/hdl/proc_sys_reset_v5_0_vh_rfs.vhd:821]
INFO: [Synth 8-3491] module 'SRL16' declared at 'C:/Xilinx_2024_ent/Vivado/2024.2/scripts/rt/data/unisim_comp_diablo.v:155046' bound to instance 'POR_SRL_I' of component 'SRL16' [c:/Users/Samarth/Desktop/IIIT_Intern/Tutorial_matrix/Vivado_files/demo_matrix/demo_matrix.gen/sources_1/bd/matrix/ipshared/0831/hdl/proc_sys_reset_v5_0_vh_rfs.vhd:873]
INFO: [Synth 8-6157] synthesizing module 'SRL16' [C:/Xilinx_2024_ent/Vivado/2024.2/scripts/rt/data/unisim_comp_diablo.v:155046]
INFO: [Synth 8-6155] done synthesizing module 'SRL16' (0#1) [C:/Xilinx_2024_ent/Vivado/2024.2/scripts/rt/data/unisim_comp_diablo.v:155046]
INFO: [Synth 8-638] synthesizing module 'cdc_sync' [c:/Users/Samarth/Desktop/IIIT_Intern/Tutorial_matrix/Vivado_files/demo_matrix/demo_matrix.gen/sources_1/bd/matrix/ipshared/2a4f/hdl/lib_cdc_v1_0_rfs.vhd:106]
	Parameter INIT bound to: 1'b0 
INFO: [Synth 8-113] binding component instance 'CROSS_PLEVEL_IN2SCNDRY_IN_cdc_to' to cell 'FDR' [c:/Users/Samarth/Desktop/IIIT_Intern/Tutorial_matrix/Vivado_files/demo_matrix/demo_matrix.gen/sources_1/bd/matrix/ipshared/2a4f/hdl/lib_cdc_v1_0_rfs.vhd:514]
	Parameter INIT bound to: 1'b0 
INFO: [Synth 8-113] binding component instance 'CROSS_PLEVEL_IN2SCNDRY_s_level_out_d2' to cell 'FDR' [c:/Users/Samarth/Desktop/IIIT_Intern/Tutorial_matrix/Vivado_files/demo_matrix/demo_matrix.gen/sources_1/bd/matrix/ipshared/2a4f/hdl/lib_cdc_v1_0_rfs.vhd:545]
	Parameter INIT bound to: 1'b0 
INFO: [Synth 8-113] binding component instance 'CROSS_PLEVEL_IN2SCNDRY_s_level_out_d3' to cell 'FDR' [c:/Users/Samarth/Desktop/IIIT_Intern/Tutorial_matrix/Vivado_files/demo_matrix/demo_matrix.gen/sources_1/bd/matrix/ipshared/2a4f/hdl/lib_cdc_v1_0_rfs.vhd:554]
	Parameter INIT bound to: 1'b0 
INFO: [Synth 8-113] binding component instance 'CROSS_PLEVEL_IN2SCNDRY_s_level_out_d4' to cell 'FDR' [c:/Users/Samarth/Desktop/IIIT_Intern/Tutorial_matrix/Vivado_files/demo_matrix/demo_matrix.gen/sources_1/bd/matrix/ipshared/2a4f/hdl/lib_cdc_v1_0_rfs.vhd:564]
	Parameter INIT bound to: 1'b0 
INFO: [Synth 8-113] binding component instance 'CROSS_PLEVEL_IN2SCNDRY_s_level_out_d5' to cell 'FDR' [c:/Users/Samarth/Desktop/IIIT_Intern/Tutorial_matrix/Vivado_files/demo_matrix/demo_matrix.gen/sources_1/bd/matrix/ipshared/2a4f/hdl/lib_cdc_v1_0_rfs.vhd:574]
	Parameter INIT bound to: 1'b0 
INFO: [Synth 8-113] binding component instance 'CROSS_PLEVEL_IN2SCNDRY_s_level_out_d6' to cell 'FDR' [c:/Users/Samarth/Desktop/IIIT_Intern/Tutorial_matrix/Vivado_files/demo_matrix/demo_matrix.gen/sources_1/bd/matrix/ipshared/2a4f/hdl/lib_cdc_v1_0_rfs.vhd:584]
INFO: [Synth 8-256] done synthesizing module 'cdc_sync' (0#1) [c:/Users/Samarth/Desktop/IIIT_Intern/Tutorial_matrix/Vivado_files/demo_matrix/demo_matrix.gen/sources_1/bd/matrix/ipshared/2a4f/hdl/lib_cdc_v1_0_rfs.vhd:106]
INFO: [Synth 8-256] done synthesizing module 'lpf' (0#1) [c:/Users/Samarth/Desktop/IIIT_Intern/Tutorial_matrix/Vivado_files/demo_matrix/demo_matrix.gen/sources_1/bd/matrix/ipshared/0831/hdl/proc_sys_reset_v5_0_vh_rfs.vhd:821]
INFO: [Synth 8-638] synthesizing module 'sequence_psr' [c:/Users/Samarth/Desktop/IIIT_Intern/Tutorial_matrix/Vivado_files/demo_matrix/demo_matrix.gen/sources_1/bd/matrix/ipshared/0831/hdl/proc_sys_reset_v5_0_vh_rfs.vhd:304]
INFO: [Synth 8-638] synthesizing module 'upcnt_n' [c:/Users/Samarth/Desktop/IIIT_Intern/Tutorial_matrix/Vivado_files/demo_matrix/demo_matrix.gen/sources_1/bd/matrix/ipshared/0831/hdl/proc_sys_reset_v5_0_vh_rfs.vhd:126]
INFO: [Synth 8-256] done synthesizing module 'upcnt_n' (0#1) [c:/Users/Samarth/Desktop/IIIT_Intern/Tutorial_matrix/Vivado_files/demo_matrix/demo_matrix.gen/sources_1/bd/matrix/ipshared/0831/hdl/proc_sys_reset_v5_0_vh_rfs.vhd:126]
INFO: [Synth 8-256] done synthesizing module 'sequence_psr' (0#1) [c:/Users/Samarth/Desktop/IIIT_Intern/Tutorial_matrix/Vivado_files/demo_matrix/demo_matrix.gen/sources_1/bd/matrix/ipshared/0831/hdl/proc_sys_reset_v5_0_vh_rfs.vhd:304]
INFO: [Synth 8-256] done synthesizing module 'proc_sys_reset' (0#1) [c:/Users/Samarth/Desktop/IIIT_Intern/Tutorial_matrix/Vivado_files/demo_matrix/demo_matrix.gen/sources_1/bd/matrix/ipshared/0831/hdl/proc_sys_reset_v5_0_vh_rfs.vhd:1330]
INFO: [Synth 8-256] done synthesizing module 'bd_fb28_psr_aclk_0' (0#1) [c:/Users/Samarth/Desktop/IIIT_Intern/Tutorial_matrix/Vivado_files/demo_matrix/demo_matrix.gen/sources_1/bd/matrix/ip/matrix_axi_smc_0/bd_0/ip/ip_1/synth/bd_fb28_psr_aclk_0.vhd:74]
WARNING: [Synth 8-7071] port 'mb_reset' of module 'bd_fb28_psr_aclk_0' is unconnected for instance 'psr_aclk' [c:/Users/Samarth/Desktop/IIIT_Intern/Tutorial_matrix/Vivado_files/demo_matrix/demo_matrix.gen/sources_1/bd/matrix/ip/matrix_axi_smc_0/bd_0/synth/bd_fb28.v:1296]
WARNING: [Synth 8-7071] port 'bus_struct_reset' of module 'bd_fb28_psr_aclk_0' is unconnected for instance 'psr_aclk' [c:/Users/Samarth/Desktop/IIIT_Intern/Tutorial_matrix/Vivado_files/demo_matrix/demo_matrix.gen/sources_1/bd/matrix/ip/matrix_axi_smc_0/bd_0/synth/bd_fb28.v:1296]
WARNING: [Synth 8-7071] port 'peripheral_reset' of module 'bd_fb28_psr_aclk_0' is unconnected for instance 'psr_aclk' [c:/Users/Samarth/Desktop/IIIT_Intern/Tutorial_matrix/Vivado_files/demo_matrix/demo_matrix.gen/sources_1/bd/matrix/ip/matrix_axi_smc_0/bd_0/synth/bd_fb28.v:1296]
WARNING: [Synth 8-7071] port 'peripheral_aresetn' of module 'bd_fb28_psr_aclk_0' is unconnected for instance 'psr_aclk' [c:/Users/Samarth/Desktop/IIIT_Intern/Tutorial_matrix/Vivado_files/demo_matrix/demo_matrix.gen/sources_1/bd/matrix/ip/matrix_axi_smc_0/bd_0/synth/bd_fb28.v:1296]
WARNING: [Synth 8-7023] instance 'psr_aclk' of module 'bd_fb28_psr_aclk_0' has 10 connections declared, but only 6 given [c:/Users/Samarth/Desktop/IIIT_Intern/Tutorial_matrix/Vivado_files/demo_matrix/demo_matrix.gen/sources_1/bd/matrix/ip/matrix_axi_smc_0/bd_0/synth/bd_fb28.v:1296]
INFO: [Synth 8-6155] done synthesizing module 'clk_map_imp_1G4LQMC' (0#1) [c:/Users/Samarth/Desktop/IIIT_Intern/Tutorial_matrix/Vivado_files/demo_matrix/demo_matrix.gen/sources_1/bd/matrix/ip/matrix_axi_smc_0/bd_0/synth/bd_fb28.v:1258]
INFO: [Synth 8-6157] synthesizing module 'm00_exit_pipeline_imp_IPMODB' [c:/Users/Samarth/Desktop/IIIT_Intern/Tutorial_matrix/Vivado_files/demo_matrix/demo_matrix.gen/sources_1/bd/matrix/ip/matrix_axi_smc_0/bd_0/synth/bd_fb28.v:1556]
INFO: [Synth 8-6157] synthesizing module 'bd_fb28_m00e_0' [c:/Users/Samarth/Desktop/IIIT_Intern/Tutorial_matrix/Vivado_files/demo_matrix/demo_matrix.gen/sources_1/bd/matrix/ip/matrix_axi_smc_0/bd_0/ip/ip_41/synth/bd_fb28_m00e_0.sv:53]
INFO: [Synth 8-6157] synthesizing module 'xpm_cdc_async_rst' [C:/Xilinx_2024_ent/Vivado/2024.2/data/ip/xpm/xpm_cdc/hdl/xpm_cdc.sv:1175]
INFO: [Synth 8-6155] done synthesizing module 'xpm_cdc_async_rst' (0#1) [C:/Xilinx_2024_ent/Vivado/2024.2/data/ip/xpm/xpm_cdc/hdl/xpm_cdc.sv:1175]
INFO: [Synth 8-6155] done synthesizing module 'bd_fb28_m00e_0' (0#1) [c:/Users/Samarth/Desktop/IIIT_Intern/Tutorial_matrix/Vivado_files/demo_matrix/demo_matrix.gen/sources_1/bd/matrix/ip/matrix_axi_smc_0/bd_0/ip/ip_41/synth/bd_fb28_m00e_0.sv:53]
INFO: [Synth 8-6155] done synthesizing module 'm00_exit_pipeline_imp_IPMODB' (0#1) [c:/Users/Samarth/Desktop/IIIT_Intern/Tutorial_matrix/Vivado_files/demo_matrix/demo_matrix.gen/sources_1/bd/matrix/ip/matrix_axi_smc_0/bd_0/synth/bd_fb28.v:1556]
INFO: [Synth 8-6157] synthesizing module 'm00_nodes_imp_5CH7N7' [c:/Users/Samarth/Desktop/IIIT_Intern/Tutorial_matrix/Vivado_files/demo_matrix/demo_matrix.gen/sources_1/bd/matrix/ip/matrix_axi_smc_0/bd_0/synth/bd_fb28.v:1798]
INFO: [Synth 8-6157] synthesizing module 'bd_fb28_m00arn_0' [c:/Users/Samarth/Desktop/IIIT_Intern/Tutorial_matrix/Vivado_files/demo_matrix/demo_matrix.gen/sources_1/bd/matrix/ip/matrix_axi_smc_0/bd_0/ip/ip_36/synth/bd_fb28_m00arn_0.sv:53]
INFO: [Synth 8-6155] done synthesizing module 'bd_fb28_m00arn_0' (0#1) [c:/Users/Samarth/Desktop/IIIT_Intern/Tutorial_matrix/Vivado_files/demo_matrix/demo_matrix.gen/sources_1/bd/matrix/ip/matrix_axi_smc_0/bd_0/ip/ip_36/synth/bd_fb28_m00arn_0.sv:53]
INFO: [Synth 8-6157] synthesizing module 'bd_fb28_m00awn_0' [c:/Users/Samarth/Desktop/IIIT_Intern/Tutorial_matrix/Vivado_files/demo_matrix/demo_matrix.gen/sources_1/bd/matrix/ip/matrix_axi_smc_0/bd_0/ip/ip_38/synth/bd_fb28_m00awn_0.sv:53]
INFO: [Synth 8-6155] done synthesizing module 'bd_fb28_m00awn_0' (0#1) [c:/Users/Samarth/Desktop/IIIT_Intern/Tutorial_matrix/Vivado_files/demo_matrix/demo_matrix.gen/sources_1/bd/matrix/ip/matrix_axi_smc_0/bd_0/ip/ip_38/synth/bd_fb28_m00awn_0.sv:53]
INFO: [Synth 8-6157] synthesizing module 'bd_fb28_m00bn_0' [c:/Users/Samarth/Desktop/IIIT_Intern/Tutorial_matrix/Vivado_files/demo_matrix/demo_matrix.gen/sources_1/bd/matrix/ip/matrix_axi_smc_0/bd_0/ip/ip_40/synth/bd_fb28_m00bn_0.sv:53]
INFO: [Synth 8-6155] done synthesizing module 'bd_fb28_m00bn_0' (0#1) [c:/Users/Samarth/Desktop/IIIT_Intern/Tutorial_matrix/Vivado_files/demo_matrix/demo_matrix.gen/sources_1/bd/matrix/ip/matrix_axi_smc_0/bd_0/ip/ip_40/synth/bd_fb28_m00bn_0.sv:53]
INFO: [Synth 8-6157] synthesizing module 'bd_fb28_m00rn_0' [c:/Users/Samarth/Desktop/IIIT_Intern/Tutorial_matrix/Vivado_files/demo_matrix/demo_matrix.gen/sources_1/bd/matrix/ip/matrix_axi_smc_0/bd_0/ip/ip_37/synth/bd_fb28_m00rn_0.sv:53]
INFO: [Synth 8-6155] done synthesizing module 'bd_fb28_m00rn_0' (0#1) [c:/Users/Samarth/Desktop/IIIT_Intern/Tutorial_matrix/Vivado_files/demo_matrix/demo_matrix.gen/sources_1/bd/matrix/ip/matrix_axi_smc_0/bd_0/ip/ip_37/synth/bd_fb28_m00rn_0.sv:53]
INFO: [Synth 8-6157] synthesizing module 'bd_fb28_m00wn_0' [c:/Users/Samarth/Desktop/IIIT_Intern/Tutorial_matrix/Vivado_files/demo_matrix/demo_matrix.gen/sources_1/bd/matrix/ip/matrix_axi_smc_0/bd_0/ip/ip_39/synth/bd_fb28_m00wn_0.sv:53]
INFO: [Synth 8-6155] done synthesizing module 'bd_fb28_m00wn_0' (0#1) [c:/Users/Samarth/Desktop/IIIT_Intern/Tutorial_matrix/Vivado_files/demo_matrix/demo_matrix.gen/sources_1/bd/matrix/ip/matrix_axi_smc_0/bd_0/ip/ip_39/synth/bd_fb28_m00wn_0.sv:53]
INFO: [Synth 8-6155] done synthesizing module 'm00_nodes_imp_5CH7N7' (0#1) [c:/Users/Samarth/Desktop/IIIT_Intern/Tutorial_matrix/Vivado_files/demo_matrix/demo_matrix.gen/sources_1/bd/matrix/ip/matrix_axi_smc_0/bd_0/synth/bd_fb28.v:1798]
INFO: [Synth 8-6157] synthesizing module 'bd_fb28_m00s2a_0' [c:/Users/Samarth/Desktop/IIIT_Intern/Tutorial_matrix/Vivado_files/demo_matrix/demo_matrix.gen/sources_1/bd/matrix/ip/matrix_axi_smc_0/bd_0/ip/ip_35/synth/bd_fb28_m00s2a_0.sv:53]
INFO: [Synth 8-6155] done synthesizing module 'bd_fb28_m00s2a_0' (0#1) [c:/Users/Samarth/Desktop/IIIT_Intern/Tutorial_matrix/Vivado_files/demo_matrix/demo_matrix.gen/sources_1/bd/matrix/ip/matrix_axi_smc_0/bd_0/ip/ip_35/synth/bd_fb28_m00s2a_0.sv:53]
INFO: [Synth 8-6157] synthesizing module 'bd_fb28_s00a2s_0' [c:/Users/Samarth/Desktop/IIIT_Intern/Tutorial_matrix/Vivado_files/demo_matrix/demo_matrix.gen/sources_1/bd/matrix/ip/matrix_axi_smc_0/bd_0/ip/ip_20/synth/bd_fb28_s00a2s_0.sv:53]
INFO: [Synth 8-6155] done synthesizing module 'bd_fb28_s00a2s_0' (0#1) [c:/Users/Samarth/Desktop/IIIT_Intern/Tutorial_matrix/Vivado_files/demo_matrix/demo_matrix.gen/sources_1/bd/matrix/ip/matrix_axi_smc_0/bd_0/ip/ip_20/synth/bd_fb28_s00a2s_0.sv:53]
INFO: [Synth 8-6157] synthesizing module 's00_entry_pipeline_imp_1HDBSGS' [c:/Users/Samarth/Desktop/IIIT_Intern/Tutorial_matrix/Vivado_files/demo_matrix/demo_matrix.gen/sources_1/bd/matrix/ip/matrix_axi_smc_0/bd_0/synth/bd_fb28.v:2040]
INFO: [Synth 8-6157] synthesizing module 'bd_fb28_s00mmu_0' [c:/Users/Samarth/Desktop/IIIT_Intern/Tutorial_matrix/Vivado_files/demo_matrix/demo_matrix.gen/sources_1/bd/matrix/ip/matrix_axi_smc_0/bd_0/ip/ip_17/synth/bd_fb28_s00mmu_0.sv:53]
INFO: [Synth 8-6155] done synthesizing module 'bd_fb28_s00mmu_0' (0#1) [c:/Users/Samarth/Desktop/IIIT_Intern/Tutorial_matrix/Vivado_files/demo_matrix/demo_matrix.gen/sources_1/bd/matrix/ip/matrix_axi_smc_0/bd_0/ip/ip_17/synth/bd_fb28_s00mmu_0.sv:53]
INFO: [Synth 8-6157] synthesizing module 'bd_fb28_s00sic_0' [c:/Users/Samarth/Desktop/IIIT_Intern/Tutorial_matrix/Vivado_files/demo_matrix/demo_matrix.gen/sources_1/bd/matrix/ip/matrix_axi_smc_0/bd_0/ip/ip_19/synth/bd_fb28_s00sic_0.sv:53]
INFO: [Synth 8-6155] done synthesizing module 'bd_fb28_s00sic_0' (0#1) [c:/Users/Samarth/Desktop/IIIT_Intern/Tutorial_matrix/Vivado_files/demo_matrix/demo_matrix.gen/sources_1/bd/matrix/ip/matrix_axi_smc_0/bd_0/ip/ip_19/synth/bd_fb28_s00sic_0.sv:53]
INFO: [Synth 8-6157] synthesizing module 'bd_fb28_s00tr_0' [c:/Users/Samarth/Desktop/IIIT_Intern/Tutorial_matrix/Vivado_files/demo_matrix/demo_matrix.gen/sources_1/bd/matrix/ip/matrix_axi_smc_0/bd_0/ip/ip_18/synth/bd_fb28_s00tr_0.sv:53]
INFO: [Synth 8-6155] done synthesizing module 'bd_fb28_s00tr_0' (0#1) [c:/Users/Samarth/Desktop/IIIT_Intern/Tutorial_matrix/Vivado_files/demo_matrix/demo_matrix.gen/sources_1/bd/matrix/ip/matrix_axi_smc_0/bd_0/ip/ip_18/synth/bd_fb28_s00tr_0.sv:53]
INFO: [Synth 8-6155] done synthesizing module 's00_entry_pipeline_imp_1HDBSGS' (0#1) [c:/Users/Samarth/Desktop/IIIT_Intern/Tutorial_matrix/Vivado_files/demo_matrix/demo_matrix.gen/sources_1/bd/matrix/ip/matrix_axi_smc_0/bd_0/synth/bd_fb28.v:2040]
INFO: [Synth 8-6157] synthesizing module 's00_nodes_imp_1NCD9DY' [c:/Users/Samarth/Desktop/IIIT_Intern/Tutorial_matrix/Vivado_files/demo_matrix/demo_matrix.gen/sources_1/bd/matrix/ip/matrix_axi_smc_0/bd_0/synth/bd_fb28.v:2620]
INFO: [Synth 8-6157] synthesizing module 'bd_fb28_sarn_0' [c:/Users/Samarth/Desktop/IIIT_Intern/Tutorial_matrix/Vivado_files/demo_matrix/demo_matrix.gen/sources_1/bd/matrix/ip/matrix_axi_smc_0/bd_0/ip/ip_21/synth/bd_fb28_sarn_0.sv:53]
INFO: [Synth 8-6155] done synthesizing module 'bd_fb28_sarn_0' (0#1) [c:/Users/Samarth/Desktop/IIIT_Intern/Tutorial_matrix/Vivado_files/demo_matrix/demo_matrix.gen/sources_1/bd/matrix/ip/matrix_axi_smc_0/bd_0/ip/ip_21/synth/bd_fb28_sarn_0.sv:53]
INFO: [Synth 8-6157] synthesizing module 'bd_fb28_sawn_0' [c:/Users/Samarth/Desktop/IIIT_Intern/Tutorial_matrix/Vivado_files/demo_matrix/demo_matrix.gen/sources_1/bd/matrix/ip/matrix_axi_smc_0/bd_0/ip/ip_23/synth/bd_fb28_sawn_0.sv:53]
INFO: [Synth 8-6155] done synthesizing module 'bd_fb28_sawn_0' (0#1) [c:/Users/Samarth/Desktop/IIIT_Intern/Tutorial_matrix/Vivado_files/demo_matrix/demo_matrix.gen/sources_1/bd/matrix/ip/matrix_axi_smc_0/bd_0/ip/ip_23/synth/bd_fb28_sawn_0.sv:53]
INFO: [Synth 8-6157] synthesizing module 'bd_fb28_sbn_0' [c:/Users/Samarth/Desktop/IIIT_Intern/Tutorial_matrix/Vivado_files/demo_matrix/demo_matrix.gen/sources_1/bd/matrix/ip/matrix_axi_smc_0/bd_0/ip/ip_25/synth/bd_fb28_sbn_0.sv:53]
INFO: [Synth 8-6155] done synthesizing module 'bd_fb28_sbn_0' (0#1) [c:/Users/Samarth/Desktop/IIIT_Intern/Tutorial_matrix/Vivado_files/demo_matrix/demo_matrix.gen/sources_1/bd/matrix/ip/matrix_axi_smc_0/bd_0/ip/ip_25/synth/bd_fb28_sbn_0.sv:53]
INFO: [Synth 8-6157] synthesizing module 'bd_fb28_srn_0' [c:/Users/Samarth/Desktop/IIIT_Intern/Tutorial_matrix/Vivado_files/demo_matrix/demo_matrix.gen/sources_1/bd/matrix/ip/matrix_axi_smc_0/bd_0/ip/ip_22/synth/bd_fb28_srn_0.sv:53]
INFO: [Synth 8-6155] done synthesizing module 'bd_fb28_srn_0' (0#1) [c:/Users/Samarth/Desktop/IIIT_Intern/Tutorial_matrix/Vivado_files/demo_matrix/demo_matrix.gen/sources_1/bd/matrix/ip/matrix_axi_smc_0/bd_0/ip/ip_22/synth/bd_fb28_srn_0.sv:53]
INFO: [Synth 8-6157] synthesizing module 'bd_fb28_swn_0' [c:/Users/Samarth/Desktop/IIIT_Intern/Tutorial_matrix/Vivado_files/demo_matrix/demo_matrix.gen/sources_1/bd/matrix/ip/matrix_axi_smc_0/bd_0/ip/ip_24/synth/bd_fb28_swn_0.sv:53]
INFO: [Synth 8-6155] done synthesizing module 'bd_fb28_swn_0' (0#1) [c:/Users/Samarth/Desktop/IIIT_Intern/Tutorial_matrix/Vivado_files/demo_matrix/demo_matrix.gen/sources_1/bd/matrix/ip/matrix_axi_smc_0/bd_0/ip/ip_24/synth/bd_fb28_swn_0.sv:53]
INFO: [Synth 8-6155] done synthesizing module 's00_nodes_imp_1NCD9DY' (0#1) [c:/Users/Samarth/Desktop/IIIT_Intern/Tutorial_matrix/Vivado_files/demo_matrix/demo_matrix.gen/sources_1/bd/matrix/ip/matrix_axi_smc_0/bd_0/synth/bd_fb28.v:2620]
INFO: [Synth 8-6157] synthesizing module 'bd_fb28_s01a2s_0' [c:/Users/Samarth/Desktop/IIIT_Intern/Tutorial_matrix/Vivado_files/demo_matrix/demo_matrix.gen/sources_1/bd/matrix/ip/matrix_axi_smc_0/bd_0/ip/ip_29/synth/bd_fb28_s01a2s_0.sv:53]
INFO: [Synth 8-6155] done synthesizing module 'bd_fb28_s01a2s_0' (0#1) [c:/Users/Samarth/Desktop/IIIT_Intern/Tutorial_matrix/Vivado_files/demo_matrix/demo_matrix.gen/sources_1/bd/matrix/ip/matrix_axi_smc_0/bd_0/ip/ip_29/synth/bd_fb28_s01a2s_0.sv:53]
INFO: [Synth 8-6157] synthesizing module 's01_entry_pipeline_imp_PAMNM0' [c:/Users/Samarth/Desktop/IIIT_Intern/Tutorial_matrix/Vivado_files/demo_matrix/demo_matrix.gen/sources_1/bd/matrix/ip/matrix_axi_smc_0/bd_0/synth/bd_fb28.v:2862]
INFO: [Synth 8-6157] synthesizing module 'bd_fb28_s01mmu_0' [c:/Users/Samarth/Desktop/IIIT_Intern/Tutorial_matrix/Vivado_files/demo_matrix/demo_matrix.gen/sources_1/bd/matrix/ip/matrix_axi_smc_0/bd_0/ip/ip_26/synth/bd_fb28_s01mmu_0.sv:53]
INFO: [Synth 8-6155] done synthesizing module 'bd_fb28_s01mmu_0' (0#1) [c:/Users/Samarth/Desktop/IIIT_Intern/Tutorial_matrix/Vivado_files/demo_matrix/demo_matrix.gen/sources_1/bd/matrix/ip/matrix_axi_smc_0/bd_0/ip/ip_26/synth/bd_fb28_s01mmu_0.sv:53]
INFO: [Synth 8-6157] synthesizing module 'bd_fb28_s01sic_0' [c:/Users/Samarth/Desktop/IIIT_Intern/Tutorial_matrix/Vivado_files/demo_matrix/demo_matrix.gen/sources_1/bd/matrix/ip/matrix_axi_smc_0/bd_0/ip/ip_28/synth/bd_fb28_s01sic_0.sv:53]
INFO: [Synth 8-6155] done synthesizing module 'bd_fb28_s01sic_0' (0#1) [c:/Users/Samarth/Desktop/IIIT_Intern/Tutorial_matrix/Vivado_files/demo_matrix/demo_matrix.gen/sources_1/bd/matrix/ip/matrix_axi_smc_0/bd_0/ip/ip_28/synth/bd_fb28_s01sic_0.sv:53]
INFO: [Synth 8-6157] synthesizing module 'bd_fb28_s01tr_0' [c:/Users/Samarth/Desktop/IIIT_Intern/Tutorial_matrix/Vivado_files/demo_matrix/demo_matrix.gen/sources_1/bd/matrix/ip/matrix_axi_smc_0/bd_0/ip/ip_27/synth/bd_fb28_s01tr_0.sv:53]
INFO: [Synth 8-6155] done synthesizing module 'bd_fb28_s01tr_0' (0#1) [c:/Users/Samarth/Desktop/IIIT_Intern/Tutorial_matrix/Vivado_files/demo_matrix/demo_matrix.gen/sources_1/bd/matrix/ip/matrix_axi_smc_0/bd_0/ip/ip_27/synth/bd_fb28_s01tr_0.sv:53]
INFO: [Synth 8-6155] done synthesizing module 's01_entry_pipeline_imp_PAMNM0' (0#1) [c:/Users/Samarth/Desktop/IIIT_Intern/Tutorial_matrix/Vivado_files/demo_matrix/demo_matrix.gen/sources_1/bd/matrix/ip/matrix_axi_smc_0/bd_0/synth/bd_fb28.v:2862]
INFO: [Synth 8-6157] synthesizing module 's01_nodes_imp_K8IPIO' [c:/Users/Samarth/Desktop/IIIT_Intern/Tutorial_matrix/Vivado_files/demo_matrix/demo_matrix.gen/sources_1/bd/matrix/ip/matrix_axi_smc_0/bd_0/synth/bd_fb28.v:3442]
INFO: [Synth 8-6157] synthesizing module 'bd_fb28_sarn_1' [c:/Users/Samarth/Desktop/IIIT_Intern/Tutorial_matrix/Vivado_files/demo_matrix/demo_matrix.gen/sources_1/bd/matrix/ip/matrix_axi_smc_0/bd_0/ip/ip_30/synth/bd_fb28_sarn_1.sv:53]
INFO: [Synth 8-6155] done synthesizing module 'bd_fb28_sarn_1' (0#1) [c:/Users/Samarth/Desktop/IIIT_Intern/Tutorial_matrix/Vivado_files/demo_matrix/demo_matrix.gen/sources_1/bd/matrix/ip/matrix_axi_smc_0/bd_0/ip/ip_30/synth/bd_fb28_sarn_1.sv:53]
INFO: [Synth 8-6157] synthesizing module 'bd_fb28_sawn_1' [c:/Users/Samarth/Desktop/IIIT_Intern/Tutorial_matrix/Vivado_files/demo_matrix/demo_matrix.gen/sources_1/bd/matrix/ip/matrix_axi_smc_0/bd_0/ip/ip_32/synth/bd_fb28_sawn_1.sv:53]
INFO: [Synth 8-6155] done synthesizing module 'bd_fb28_sawn_1' (0#1) [c:/Users/Samarth/Desktop/IIIT_Intern/Tutorial_matrix/Vivado_files/demo_matrix/demo_matrix.gen/sources_1/bd/matrix/ip/matrix_axi_smc_0/bd_0/ip/ip_32/synth/bd_fb28_sawn_1.sv:53]
INFO: [Synth 8-6157] synthesizing module 'bd_fb28_sbn_1' [c:/Users/Samarth/Desktop/IIIT_Intern/Tutorial_matrix/Vivado_files/demo_matrix/demo_matrix.gen/sources_1/bd/matrix/ip/matrix_axi_smc_0/bd_0/ip/ip_34/synth/bd_fb28_sbn_1.sv:53]
INFO: [Synth 8-6155] done synthesizing module 'bd_fb28_sbn_1' (0#1) [c:/Users/Samarth/Desktop/IIIT_Intern/Tutorial_matrix/Vivado_files/demo_matrix/demo_matrix.gen/sources_1/bd/matrix/ip/matrix_axi_smc_0/bd_0/ip/ip_34/synth/bd_fb28_sbn_1.sv:53]
INFO: [Synth 8-6157] synthesizing module 'bd_fb28_srn_1' [c:/Users/Samarth/Desktop/IIIT_Intern/Tutorial_matrix/Vivado_files/demo_matrix/demo_matrix.gen/sources_1/bd/matrix/ip/matrix_axi_smc_0/bd_0/ip/ip_31/synth/bd_fb28_srn_1.sv:53]
INFO: [Synth 8-6155] done synthesizing module 'bd_fb28_srn_1' (0#1) [c:/Users/Samarth/Desktop/IIIT_Intern/Tutorial_matrix/Vivado_files/demo_matrix/demo_matrix.gen/sources_1/bd/matrix/ip/matrix_axi_smc_0/bd_0/ip/ip_31/synth/bd_fb28_srn_1.sv:53]
INFO: [Synth 8-6157] synthesizing module 'bd_fb28_swn_1' [c:/Users/Samarth/Desktop/IIIT_Intern/Tutorial_matrix/Vivado_files/demo_matrix/demo_matrix.gen/sources_1/bd/matrix/ip/matrix_axi_smc_0/bd_0/ip/ip_33/synth/bd_fb28_swn_1.sv:53]
INFO: [Synth 8-6155] done synthesizing module 'bd_fb28_swn_1' (0#1) [c:/Users/Samarth/Desktop/IIIT_Intern/Tutorial_matrix/Vivado_files/demo_matrix/demo_matrix.gen/sources_1/bd/matrix/ip/matrix_axi_smc_0/bd_0/ip/ip_33/synth/bd_fb28_swn_1.sv:53]
INFO: [Synth 8-6155] done synthesizing module 's01_nodes_imp_K8IPIO' (0#1) [c:/Users/Samarth/Desktop/IIIT_Intern/Tutorial_matrix/Vivado_files/demo_matrix/demo_matrix.gen/sources_1/bd/matrix/ip/matrix_axi_smc_0/bd_0/synth/bd_fb28.v:3442]
INFO: [Synth 8-6157] synthesizing module 'switchboards_imp_1GQRJKI' [c:/Users/Samarth/Desktop/IIIT_Intern/Tutorial_matrix/Vivado_files/demo_matrix/demo_matrix.gen/sources_1/bd/matrix/ip/matrix_axi_smc_0/bd_0/synth/bd_fb28.v:3684]
INFO: [Synth 8-6157] synthesizing module 'bd_fb28_arinsw_0' [c:/Users/Samarth/Desktop/IIIT_Intern/Tutorial_matrix/Vivado_files/demo_matrix/demo_matrix.gen/sources_1/bd/matrix/ip/matrix_axi_smc_0/bd_0/ip/ip_2/synth/bd_fb28_arinsw_0.sv:53]
INFO: [Synth 8-6155] done synthesizing module 'bd_fb28_arinsw_0' (0#1) [c:/Users/Samarth/Desktop/IIIT_Intern/Tutorial_matrix/Vivado_files/demo_matrix/demo_matrix.gen/sources_1/bd/matrix/ip/matrix_axi_smc_0/bd_0/ip/ip_2/synth/bd_fb28_arinsw_0.sv:53]
INFO: [Synth 8-6157] synthesizing module 'bd_fb28_aroutsw_0' [c:/Users/Samarth/Desktop/IIIT_Intern/Tutorial_matrix/Vivado_files/demo_matrix/demo_matrix.gen/sources_1/bd/matrix/ip/matrix_axi_smc_0/bd_0/ip/ip_7/synth/bd_fb28_aroutsw_0.sv:53]
INFO: [Synth 8-6155] done synthesizing module 'bd_fb28_aroutsw_0' (0#1) [c:/Users/Samarth/Desktop/IIIT_Intern/Tutorial_matrix/Vivado_files/demo_matrix/demo_matrix.gen/sources_1/bd/matrix/ip/matrix_axi_smc_0/bd_0/ip/ip_7/synth/bd_fb28_aroutsw_0.sv:53]
INFO: [Synth 8-6157] synthesizing module 'bd_fb28_awinsw_0' [c:/Users/Samarth/Desktop/IIIT_Intern/Tutorial_matrix/Vivado_files/demo_matrix/demo_matrix.gen/sources_1/bd/matrix/ip/matrix_axi_smc_0/bd_0/ip/ip_4/synth/bd_fb28_awinsw_0.sv:53]
INFO: [Synth 8-6155] done synthesizing module 'bd_fb28_awinsw_0' (0#1) [c:/Users/Samarth/Desktop/IIIT_Intern/Tutorial_matrix/Vivado_files/demo_matrix/demo_matrix.gen/sources_1/bd/matrix/ip/matrix_axi_smc_0/bd_0/ip/ip_4/synth/bd_fb28_awinsw_0.sv:53]
INFO: [Synth 8-6157] synthesizing module 'bd_fb28_awoutsw_0' [c:/Users/Samarth/Desktop/IIIT_Intern/Tutorial_matrix/Vivado_files/demo_matrix/demo_matrix.gen/sources_1/bd/matrix/ip/matrix_axi_smc_0/bd_0/ip/ip_9/synth/bd_fb28_awoutsw_0.sv:53]
INFO: [Synth 8-6155] done synthesizing module 'bd_fb28_awoutsw_0' (0#1) [c:/Users/Samarth/Desktop/IIIT_Intern/Tutorial_matrix/Vivado_files/demo_matrix/demo_matrix.gen/sources_1/bd/matrix/ip/matrix_axi_smc_0/bd_0/ip/ip_9/synth/bd_fb28_awoutsw_0.sv:53]
INFO: [Synth 8-6157] synthesizing module 'bd_fb28_binsw_0' [c:/Users/Samarth/Desktop/IIIT_Intern/Tutorial_matrix/Vivado_files/demo_matrix/demo_matrix.gen/sources_1/bd/matrix/ip/matrix_axi_smc_0/bd_0/ip/ip_6/synth/bd_fb28_binsw_0.sv:53]
INFO: [Synth 8-6155] done synthesizing module 'bd_fb28_binsw_0' (0#1) [c:/Users/Samarth/Desktop/IIIT_Intern/Tutorial_matrix/Vivado_files/demo_matrix/demo_matrix.gen/sources_1/bd/matrix/ip/matrix_axi_smc_0/bd_0/ip/ip_6/synth/bd_fb28_binsw_0.sv:53]
INFO: [Synth 8-6157] synthesizing module 'bd_fb28_boutsw_0' [c:/Users/Samarth/Desktop/IIIT_Intern/Tutorial_matrix/Vivado_files/demo_matrix/demo_matrix.gen/sources_1/bd/matrix/ip/matrix_axi_smc_0/bd_0/ip/ip_11/synth/bd_fb28_boutsw_0.sv:53]
INFO: [Synth 8-6155] done synthesizing module 'bd_fb28_boutsw_0' (0#1) [c:/Users/Samarth/Desktop/IIIT_Intern/Tutorial_matrix/Vivado_files/demo_matrix/demo_matrix.gen/sources_1/bd/matrix/ip/matrix_axi_smc_0/bd_0/ip/ip_11/synth/bd_fb28_boutsw_0.sv:53]
INFO: [Synth 8-6157] synthesizing module 'i_nodes_imp_XWKKBU' [c:/Users/Samarth/Desktop/IIIT_Intern/Tutorial_matrix/Vivado_files/demo_matrix/demo_matrix.gen/sources_1/bd/matrix/ip/matrix_axi_smc_0/bd_0/synth/bd_fb28.v:1305]
INFO: [Synth 8-6157] synthesizing module 'bd_fb28_arni_0' [c:/Users/Samarth/Desktop/IIIT_Intern/Tutorial_matrix/Vivado_files/demo_matrix/demo_matrix.gen/sources_1/bd/matrix/ip/matrix_axi_smc_0/bd_0/ip/ip_12/synth/bd_fb28_arni_0.sv:53]
INFO: [Synth 8-6155] done synthesizing module 'bd_fb28_arni_0' (0#1) [c:/Users/Samarth/Desktop/IIIT_Intern/Tutorial_matrix/Vivado_files/demo_matrix/demo_matrix.gen/sources_1/bd/matrix/ip/matrix_axi_smc_0/bd_0/ip/ip_12/synth/bd_fb28_arni_0.sv:53]
INFO: [Synth 8-6157] synthesizing module 'bd_fb28_awni_0' [c:/Users/Samarth/Desktop/IIIT_Intern/Tutorial_matrix/Vivado_files/demo_matrix/demo_matrix.gen/sources_1/bd/matrix/ip/matrix_axi_smc_0/bd_0/ip/ip_14/synth/bd_fb28_awni_0.sv:53]
INFO: [Synth 8-6155] done synthesizing module 'bd_fb28_awni_0' (0#1) [c:/Users/Samarth/Desktop/IIIT_Intern/Tutorial_matrix/Vivado_files/demo_matrix/demo_matrix.gen/sources_1/bd/matrix/ip/matrix_axi_smc_0/bd_0/ip/ip_14/synth/bd_fb28_awni_0.sv:53]
INFO: [Synth 8-6157] synthesizing module 'bd_fb28_bni_0' [c:/Users/Samarth/Desktop/IIIT_Intern/Tutorial_matrix/Vivado_files/demo_matrix/demo_matrix.gen/sources_1/bd/matrix/ip/matrix_axi_smc_0/bd_0/ip/ip_16/synth/bd_fb28_bni_0.sv:53]
INFO: [Synth 8-6155] done synthesizing module 'bd_fb28_bni_0' (0#1) [c:/Users/Samarth/Desktop/IIIT_Intern/Tutorial_matrix/Vivado_files/demo_matrix/demo_matrix.gen/sources_1/bd/matrix/ip/matrix_axi_smc_0/bd_0/ip/ip_16/synth/bd_fb28_bni_0.sv:53]
INFO: [Synth 8-6157] synthesizing module 'bd_fb28_rni_0' [c:/Users/Samarth/Desktop/IIIT_Intern/Tutorial_matrix/Vivado_files/demo_matrix/demo_matrix.gen/sources_1/bd/matrix/ip/matrix_axi_smc_0/bd_0/ip/ip_13/synth/bd_fb28_rni_0.sv:53]
INFO: [Synth 8-6155] done synthesizing module 'bd_fb28_rni_0' (0#1) [c:/Users/Samarth/Desktop/IIIT_Intern/Tutorial_matrix/Vivado_files/demo_matrix/demo_matrix.gen/sources_1/bd/matrix/ip/matrix_axi_smc_0/bd_0/ip/ip_13/synth/bd_fb28_rni_0.sv:53]
INFO: [Synth 8-6157] synthesizing module 'bd_fb28_wni_0' [c:/Users/Samarth/Desktop/IIIT_Intern/Tutorial_matrix/Vivado_files/demo_matrix/demo_matrix.gen/sources_1/bd/matrix/ip/matrix_axi_smc_0/bd_0/ip/ip_15/synth/bd_fb28_wni_0.sv:53]
INFO: [Synth 8-6157] synthesizing module 'xpm_memory_sdpram' [C:/Xilinx_2024_ent/Vivado/2024.2/data/ip/xpm/xpm_memory/hdl/xpm_memory.sv:8556]
INFO: [Synth 8-6157] synthesizing module 'xpm_memory_base' [C:/Xilinx_2024_ent/Vivado/2024.2/data/ip/xpm/xpm_memory/hdl/xpm_memory.sv:54]
INFO: [Synth 8-6155] done synthesizing module 'xpm_memory_base' (0#1) [C:/Xilinx_2024_ent/Vivado/2024.2/data/ip/xpm/xpm_memory/hdl/xpm_memory.sv:54]
INFO: [Synth 8-6155] done synthesizing module 'xpm_memory_sdpram' (0#1) [C:/Xilinx_2024_ent/Vivado/2024.2/data/ip/xpm/xpm_memory/hdl/xpm_memory.sv:8556]
INFO: [Synth 8-6155] done synthesizing module 'bd_fb28_wni_0' (0#1) [c:/Users/Samarth/Desktop/IIIT_Intern/Tutorial_matrix/Vivado_files/demo_matrix/demo_matrix.gen/sources_1/bd/matrix/ip/matrix_axi_smc_0/bd_0/ip/ip_15/synth/bd_fb28_wni_0.sv:53]
INFO: [Synth 8-6155] done synthesizing module 'i_nodes_imp_XWKKBU' (0#1) [c:/Users/Samarth/Desktop/IIIT_Intern/Tutorial_matrix/Vivado_files/demo_matrix/demo_matrix.gen/sources_1/bd/matrix/ip/matrix_axi_smc_0/bd_0/synth/bd_fb28.v:1305]
INFO: [Synth 8-6157] synthesizing module 'bd_fb28_rinsw_0' [c:/Users/Samarth/Desktop/IIIT_Intern/Tutorial_matrix/Vivado_files/demo_matrix/demo_matrix.gen/sources_1/bd/matrix/ip/matrix_axi_smc_0/bd_0/ip/ip_3/synth/bd_fb28_rinsw_0.sv:53]
INFO: [Synth 8-6155] done synthesizing module 'bd_fb28_rinsw_0' (0#1) [c:/Users/Samarth/Desktop/IIIT_Intern/Tutorial_matrix/Vivado_files/demo_matrix/demo_matrix.gen/sources_1/bd/matrix/ip/matrix_axi_smc_0/bd_0/ip/ip_3/synth/bd_fb28_rinsw_0.sv:53]
INFO: [Synth 8-6157] synthesizing module 'bd_fb28_routsw_0' [c:/Users/Samarth/Desktop/IIIT_Intern/Tutorial_matrix/Vivado_files/demo_matrix/demo_matrix.gen/sources_1/bd/matrix/ip/matrix_axi_smc_0/bd_0/ip/ip_8/synth/bd_fb28_routsw_0.sv:53]
INFO: [Synth 8-6155] done synthesizing module 'bd_fb28_routsw_0' (0#1) [c:/Users/Samarth/Desktop/IIIT_Intern/Tutorial_matrix/Vivado_files/demo_matrix/demo_matrix.gen/sources_1/bd/matrix/ip/matrix_axi_smc_0/bd_0/ip/ip_8/synth/bd_fb28_routsw_0.sv:53]
INFO: [Synth 8-6157] synthesizing module 'bd_fb28_winsw_0' [c:/Users/Samarth/Desktop/IIIT_Intern/Tutorial_matrix/Vivado_files/demo_matrix/demo_matrix.gen/sources_1/bd/matrix/ip/matrix_axi_smc_0/bd_0/ip/ip_5/synth/bd_fb28_winsw_0.sv:53]
INFO: [Synth 8-6155] done synthesizing module 'bd_fb28_winsw_0' (0#1) [c:/Users/Samarth/Desktop/IIIT_Intern/Tutorial_matrix/Vivado_files/demo_matrix/demo_matrix.gen/sources_1/bd/matrix/ip/matrix_axi_smc_0/bd_0/ip/ip_5/synth/bd_fb28_winsw_0.sv:53]
INFO: [Synth 8-6157] synthesizing module 'bd_fb28_woutsw_0' [c:/Users/Samarth/Desktop/IIIT_Intern/Tutorial_matrix/Vivado_files/demo_matrix/demo_matrix.gen/sources_1/bd/matrix/ip/matrix_axi_smc_0/bd_0/ip/ip_10/synth/bd_fb28_woutsw_0.sv:53]
INFO: [Synth 8-6155] done synthesizing module 'bd_fb28_woutsw_0' (0#1) [c:/Users/Samarth/Desktop/IIIT_Intern/Tutorial_matrix/Vivado_files/demo_matrix/demo_matrix.gen/sources_1/bd/matrix/ip/matrix_axi_smc_0/bd_0/ip/ip_10/synth/bd_fb28_woutsw_0.sv:53]
INFO: [Synth 8-6155] done synthesizing module 'switchboards_imp_1GQRJKI' (0#1) [c:/Users/Samarth/Desktop/IIIT_Intern/Tutorial_matrix/Vivado_files/demo_matrix/demo_matrix.gen/sources_1/bd/matrix/ip/matrix_axi_smc_0/bd_0/synth/bd_fb28.v:3684]
INFO: [Synth 8-6155] done synthesizing module 'bd_fb28' (0#1) [c:/Users/Samarth/Desktop/IIIT_Intern/Tutorial_matrix/Vivado_files/demo_matrix/demo_matrix.gen/sources_1/bd/matrix/ip/matrix_axi_smc_0/bd_0/synth/bd_fb28.v:10]
INFO: [Synth 8-6155] done synthesizing module 'matrix_axi_smc_0' (0#1) [c:/Users/Samarth/Desktop/IIIT_Intern/Tutorial_matrix/Vivado_files/demo_matrix/demo_matrix.gen/sources_1/bd/matrix/ip/matrix_axi_smc_0/synth/matrix_axi_smc_0.v:53]
WARNING: [Synth 8-3848] Net aresetn_out in module/entity clk_map_imp_1G4LQMC does not have driver. [c:/Users/Samarth/Desktop/IIIT_Intern/Tutorial_matrix/Vivado_files/demo_matrix/demo_matrix.gen/sources_1/bd/matrix/ip/matrix_axi_smc_0/bd_0/synth/bd_fb28.v:1278]
INFO: [Synth 8-4490] FSM extraction disabled for register 'gen_pipelined.state_reg' through user attribute
INFO: [Synth 8-4490] FSM extraction disabled for register 'gen_pipelined.state_reg' through user attribute
INFO: [Synth 8-4490] FSM extraction disabled for register 'gen_pipelined.state_reg' through user attribute
INFO: [Synth 8-4490] FSM extraction disabled for register 'gen_pipelined.state_reg' through user attribute
INFO: [Synth 8-4490] FSM extraction disabled for register 'gen_pipelined.state_reg' through user attribute
INFO: [Synth 8-4490] FSM extraction disabled for register 'gen_pipelined.state_reg' through user attribute
INFO: [Synth 8-4490] FSM extraction disabled for register 'gen_pipelined.state_reg' through user attribute
WARNING: [Synth 8-7129] Port aclk in module sc_util_v1_0_4_pipeline__parameterized4 is either unconnected or has no load
WARNING: [Synth 8-7129] Port aclken in module sc_util_v1_0_4_pipeline__parameterized4 is either unconnected or has no load
WARNING: [Synth 8-7129] Port areset in module sc_util_v1_0_4_pipeline__parameterized4 is either unconnected or has no load
WARNING: [Synth 8-7129] Port aclk in module sc_util_v1_0_4_pipeline__parameterized0 is either unconnected or has no load
WARNING: [Synth 8-7129] Port aclken in module sc_util_v1_0_4_pipeline__parameterized0 is either unconnected or has no load
WARNING: [Synth 8-7129] Port areset in module sc_util_v1_0_4_pipeline__parameterized0 is either unconnected or has no load
WARNING: [Synth 8-7129] Port din[0] in module sc_util_v1_0_4_onehot_to_binary__parameterized1 is either unconnected or has no load
WARNING: [Synth 8-7129] Port connectivity[0] in module sc_switchboard_v1_0_8_top__parameterized6 is either unconnected or has no load
WARNING: [Synth 8-7129] Port din[0] in module sc_util_v1_0_4_onehot_to_binary__parameterized0 is either unconnected or has no load
WARNING: [Synth 8-7129] Port connectivity[1] in module sc_switchboard_v1_0_8_top__parameterized5 is either unconnected or has no load
WARNING: [Synth 8-7129] Port connectivity[0] in module sc_switchboard_v1_0_8_top__parameterized5 is either unconnected or has no load
WARNING: [Synth 8-7129] Port aclk in module sc_util_v1_0_4_pipeline__parameterized3 is either unconnected or has no load
WARNING: [Synth 8-7129] Port aclken in module sc_util_v1_0_4_pipeline__parameterized3 is either unconnected or has no load
WARNING: [Synth 8-7129] Port areset in module sc_util_v1_0_4_pipeline__parameterized3 is either unconnected or has no load
WARNING: [Synth 8-7129] Port connectivity[0] in module sc_switchboard_v1_0_8_top__parameterized4 is either unconnected or has no load
WARNING: [Synth 8-7129] Port connectivity[1] in module sc_switchboard_v1_0_8_top__parameterized3 is either unconnected or has no load
WARNING: [Synth 8-7129] Port connectivity[0] in module sc_switchboard_v1_0_8_top__parameterized3 is either unconnected or has no load
WARNING: [Synth 8-7129] Port din[0] in module sc_util_v1_0_4_onehot_to_binary__parameterized2 is either unconnected or has no load
WARNING: [Synth 8-7129] Port aclk in module sc_util_v1_0_4_pipeline__parameterized5 is either unconnected or has no load
WARNING: [Synth 8-7129] Port aclken in module sc_util_v1_0_4_pipeline__parameterized5 is either unconnected or has no load
WARNING: [Synth 8-7129] Port areset in module sc_util_v1_0_4_pipeline__parameterized5 is either unconnected or has no load
WARNING: [Synth 8-7129] Port din[0] in module sc_util_v1_0_4_onehot_to_binary is either unconnected or has no load
WARNING: [Synth 8-7129] Port slow_clk in module sc_util_v1_0_4_sample_cycle_ratio is either unconnected or has no load
WARNING: [Synth 8-7129] Port fast_clk in module sc_util_v1_0_4_sample_cycle_ratio is either unconnected or has no load
WARNING: [Synth 8-7129] Port aclk in module sc_util_v1_0_4_pipeline__parameterized12 is either unconnected or has no load
WARNING: [Synth 8-7129] Port aclken in module sc_util_v1_0_4_pipeline__parameterized12 is either unconnected or has no load
WARNING: [Synth 8-7129] Port areset in module sc_util_v1_0_4_pipeline__parameterized12 is either unconnected or has no load
WARNING: [Synth 8-7129] Port aclk in module sc_node_v1_0_17_reg_slice3 is either unconnected or has no load
WARNING: [Synth 8-7129] Port aclken in module sc_node_v1_0_17_reg_slice3 is either unconnected or has no load
WARNING: [Synth 8-7129] Port areset in module sc_node_v1_0_17_reg_slice3 is either unconnected or has no load
WARNING: [Synth 8-7129] Port aclk in module sc_util_v1_0_4_pipeline__parameterized11 is either unconnected or has no load
WARNING: [Synth 8-7129] Port aclken in module sc_util_v1_0_4_pipeline__parameterized11 is either unconnected or has no load
WARNING: [Synth 8-7129] Port areset in module sc_util_v1_0_4_pipeline__parameterized11 is either unconnected or has no load
WARNING: [Synth 8-7129] Port aclk in module sc_node_v1_0_17_reg_slice3__parameterized1 is either unconnected or has no load
WARNING: [Synth 8-7129] Port aclken in module sc_node_v1_0_17_reg_slice3__parameterized1 is either unconnected or has no load
WARNING: [Synth 8-7129] Port areset in module sc_node_v1_0_17_reg_slice3__parameterized1 is either unconnected or has no load
WARNING: [Synth 8-7129] Port fifo_req_reqsend[18] in module sc_node_v1_0_17_downsizer is either unconnected or has no load
WARNING: [Synth 8-7129] Port fifo_req_reqsend[17] in module sc_node_v1_0_17_downsizer is either unconnected or has no load
WARNING: [Synth 8-7129] Port fifo_req_reqsend[16] in module sc_node_v1_0_17_downsizer is either unconnected or has no load
WARNING: [Synth 8-7129] Port fifo_req_reqsend[15] in module sc_node_v1_0_17_downsizer is either unconnected or has no load
WARNING: [Synth 8-7129] Port fifo_req_reqsend[14] in module sc_node_v1_0_17_downsizer is either unconnected or has no load
WARNING: [Synth 8-7129] Port fifo_req_reqsend[13] in module sc_node_v1_0_17_downsizer is either unconnected or has no load
WARNING: [Synth 8-7129] Port fifo_req_reqsend[12] in module sc_node_v1_0_17_downsizer is either unconnected or has no load
WARNING: [Synth 8-7129] Port fifo_req_reqsend[11] in module sc_node_v1_0_17_downsizer is either unconnected or has no load
WARNING: [Synth 8-7129] Port fifo_req_reqsend[10] in module sc_node_v1_0_17_downsizer is either unconnected or has no load
WARNING: [Synth 8-7129] Port fifo_req_reqsend[9] in module sc_node_v1_0_17_downsizer is either unconnected or has no load
WARNING: [Synth 8-7129] Port fifo_req_reqsend[8] in module sc_node_v1_0_17_downsizer is either unconnected or has no load
WARNING: [Synth 8-7129] Port fifo_req_reqsend[7] in module sc_node_v1_0_17_downsizer is either unconnected or has no load
WARNING: [Synth 8-7129] Port fifo_req_reqsend[2] in module sc_node_v1_0_17_downsizer is either unconnected or has no load
WARNING: [Synth 8-7129] Port areset in module sc_node_v1_0_17_fi_regulator is either unconnected or has no load
WARNING: [Synth 8-7129] Port sleep in module xpm_memory_base is either unconnected or has no load
WARNING: [Synth 8-7129] Port rsta in module xpm_memory_base is either unconnected or has no load
WARNING: [Synth 8-7129] Port regcea in module xpm_memory_base is either unconnected or has no load
WARNING: [Synth 8-7129] Port injectsbiterra in module xpm_memory_base is either unconnected or has no load
WARNING: [Synth 8-7129] Port injectdbiterra in module xpm_memory_base is either unconnected or has no load
WARNING: [Synth 8-7129] Port clkb in module xpm_memory_base is either unconnected or has no load
WARNING: [Synth 8-7129] Port rstb in module xpm_memory_base is either unconnected or has no load
WARNING: [Synth 8-7129] Port enb in module xpm_memory_base is either unconnected or has no load
WARNING: [Synth 8-7129] Port regceb in module xpm_memory_base is either unconnected or has no load
WARNING: [Synth 8-7129] Port web[0] in module xpm_memory_base is either unconnected or has no load
WARNING: [Synth 8-7129] Port dinb[0] in module xpm_memory_base is either unconnected or has no load
WARNING: [Synth 8-7129] Port injectsbiterrb in module xpm_memory_base is either unconnected or has no load
WARNING: [Synth 8-7129] Port injectdbiterrb in module xpm_memory_base is either unconnected or has no load
WARNING: [Synth 8-7129] Port s_axis_arb_tdata[15] in module sc_node_v1_0_17_si_handler__parameterized8 is either unconnected or has no load
WARNING: [Synth 8-7129] Port s_axis_arb_tdata[14] in module sc_node_v1_0_17_si_handler__parameterized8 is either unconnected or has no load
WARNING: [Synth 8-7129] Port s_axis_arb_tdata[13] in module sc_node_v1_0_17_si_handler__parameterized8 is either unconnected or has no load
WARNING: [Synth 8-7129] Port s_axis_arb_tdata[12] in module sc_node_v1_0_17_si_handler__parameterized8 is either unconnected or has no load
WARNING: [Synth 8-7129] Port s_axis_arb_tdata[11] in module sc_node_v1_0_17_si_handler__parameterized8 is either unconnected or has no load
WARNING: [Synth 8-7129] Port s_axis_arb_tdata[10] in module sc_node_v1_0_17_si_handler__parameterized8 is either unconnected or has no load
WARNING: [Synth 8-7129] Port s_axis_arb_tdata[9] in module sc_node_v1_0_17_si_handler__parameterized8 is either unconnected or has no load
WARNING: [Synth 8-7129] Port s_axis_arb_tdata[8] in module sc_node_v1_0_17_si_handler__parameterized8 is either unconnected or has no load
WARNING: [Synth 8-7129] Port s_axis_arb_tdata[7] in module sc_node_v1_0_17_si_handler__parameterized8 is either unconnected or has no load
WARNING: [Synth 8-7129] Port s_axis_arb_tdata[6] in module sc_node_v1_0_17_si_handler__parameterized8 is either unconnected or has no load
WARNING: [Synth 8-7129] Port s_axis_arb_tdata[5] in module sc_node_v1_0_17_si_handler__parameterized8 is either unconnected or has no load
WARNING: [Synth 8-7129] Port s_axis_arb_tdata[4] in module sc_node_v1_0_17_si_handler__parameterized8 is either unconnected or has no load
WARNING: [Synth 8-7129] Port s_axis_arb_tdata[3] in module sc_node_v1_0_17_si_handler__parameterized8 is either unconnected or has no load
WARNING: [Synth 8-7129] Port s_axis_arb_tdata[2] in module sc_node_v1_0_17_si_handler__parameterized8 is either unconnected or has no load
WARNING: [Synth 8-7129] Port m_axis_arb_tready in module sc_node_v1_0_17_si_handler__parameterized8 is either unconnected or has no load
WARNING: [Synth 8-7129] Port aclk in module sc_util_v1_0_4_axic_register_slice is either unconnected or has no load
WARNING: [Synth 8-7129] Port areset in module sc_util_v1_0_4_axic_register_slice is either unconnected or has no load
WARNING: [Synth 8-7129] Port aclken in module sc_util_v1_0_4_axic_register_slice is either unconnected or has no load
WARNING: [Synth 8-7129] Port m_sc_aclken in module sc_node_v1_0_17_top__parameterized13 is either unconnected or has no load
WARNING: [Synth 8-7129] Port s_sc_payld[150] in module sc_node_v1_0_17_ingress__parameterized12 is either unconnected or has no load
WARNING: [Synth 8-7129] Port s_sc_payld[149] in module sc_node_v1_0_17_ingress__parameterized12 is either unconnected or has no load
WARNING: [Synth 8-7129] Port s_sc_payld[148] in module sc_node_v1_0_17_ingress__parameterized12 is either unconnected or has no load
WARNING: [Synth 8-7129] Port s_sc_payld[147] in module sc_node_v1_0_17_ingress__parameterized12 is either unconnected or has no load
WARNING: [Synth 8-7129] Port s_sc_payld[146] in module sc_node_v1_0_17_ingress__parameterized12 is either unconnected or has no load
WARNING: [Synth 8-7129] Port s_sc_payld[145] in module sc_node_v1_0_17_ingress__parameterized12 is either unconnected or has no load
WARNING: [Synth 8-7129] Port s_sc_payld[144] in module sc_node_v1_0_17_ingress__parameterized12 is either unconnected or has no load
WARNING: [Synth 8-7129] Port s_sc_payld[143] in module sc_node_v1_0_17_ingress__parameterized12 is either unconnected or has no load
WARNING: [Synth 8-7129] Port s_sc_payld[142] in module sc_node_v1_0_17_ingress__parameterized12 is either unconnected or has no load
WARNING: [Synth 8-7129] Port s_sc_payld[141] in module sc_node_v1_0_17_ingress__parameterized12 is either unconnected or has no load
WARNING: [Synth 8-7129] Port s_sc_payld[140] in module sc_node_v1_0_17_ingress__parameterized12 is either unconnected or has no load
WARNING: [Synth 8-7129] Port s_sc_payld[139] in module sc_node_v1_0_17_ingress__parameterized12 is either unconnected or has no load
WARNING: [Synth 8-7129] Port s_sc_payld[138] in module sc_node_v1_0_17_ingress__parameterized12 is either unconnected or has no load
WARNING: [Synth 8-7129] Port s_sc_payld[137] in module sc_node_v1_0_17_ingress__parameterized12 is either unconnected or has no load
WARNING: [Synth 8-7129] Port s_sc_payld[136] in module sc_node_v1_0_17_ingress__parameterized12 is either unconnected or has no load
WARNING: [Synth 8-7129] Port s_sc_payld[135] in module sc_node_v1_0_17_ingress__parameterized12 is either unconnected or has no load
WARNING: [Synth 8-7129] Port s_sc_payld[134] in module sc_node_v1_0_17_ingress__parameterized12 is either unconnected or has no load
WARNING: [Synth 8-7129] Port s_sc_payld[133] in module sc_node_v1_0_17_ingress__parameterized12 is either unconnected or has no load
INFO: [Common 17-14] Message 'Synth 8-7129' appears 100 times and further instances of the messages will be disabled. Use the Tcl command set_msg_config to change the current settings.
---------------------------------------------------------------------------------
Finished RTL Elaboration : Time (s): cpu = 00:00:36 ; elapsed = 00:00:48 . Memory (MB): peak = 2210.836 ; gain = 699.398
---------------------------------------------------------------------------------
---------------------------------------------------------------------------------
Start Handling Custom Attributes
---------------------------------------------------------------------------------
---------------------------------------------------------------------------------
Finished Handling Custom Attributes : Time (s): cpu = 00:00:37 ; elapsed = 00:00:49 . Memory (MB): peak = 2210.836 ; gain = 699.398
---------------------------------------------------------------------------------
---------------------------------------------------------------------------------
Finished RTL Optimization Phase 1 : Time (s): cpu = 00:00:37 ; elapsed = 00:00:49 . Memory (MB): peak = 2210.836 ; gain = 699.398
---------------------------------------------------------------------------------
Netlist sorting complete. Time (s): cpu = 00:00:04 ; elapsed = 00:00:05 . Memory (MB): peak = 2392.277 ; gain = 0.000
INFO: [Netlist 29-17] Analyzing 13 Unisim elements for replacement
INFO: [Netlist 29-28] Unisim Transformation completed in 0 CPU seconds
INFO: [Project 1-570] Preparing netlist for logic optimization

Processing XDC Constraints
Initializing timing engine
Parsing XDC File [c:/Users/Samarth/Desktop/IIIT_Intern/Tutorial_matrix/Vivado_files/demo_matrix/demo_matrix.gen/sources_1/bd/matrix/ip/matrix_axi_smc_0/ooc.xdc] for cell 'inst'
Finished Parsing XDC File [c:/Users/Samarth/Desktop/IIIT_Intern/Tutorial_matrix/Vivado_files/demo_matrix/demo_matrix.gen/sources_1/bd/matrix/ip/matrix_axi_smc_0/ooc.xdc] for cell 'inst'
Parsing XDC File [c:/Users/Samarth/Desktop/IIIT_Intern/Tutorial_matrix/Vivado_files/demo_matrix/demo_matrix.gen/sources_1/bd/matrix/ip/matrix_axi_smc_0/bd_0/ip/ip_1/bd_fb28_psr_aclk_0_board.xdc] for cell 'inst/clk_map/psr_aclk/U0'
Finished Parsing XDC File [c:/Users/Samarth/Desktop/IIIT_Intern/Tutorial_matrix/Vivado_files/demo_matrix/demo_matrix.gen/sources_1/bd/matrix/ip/matrix_axi_smc_0/bd_0/ip/ip_1/bd_fb28_psr_aclk_0_board.xdc] for cell 'inst/clk_map/psr_aclk/U0'
Parsing XDC File [c:/Users/Samarth/Desktop/IIIT_Intern/Tutorial_matrix/Vivado_files/demo_matrix/demo_matrix.gen/sources_1/bd/matrix/ip/matrix_axi_smc_0/bd_0/ip/ip_1/bd_fb28_psr_aclk_0.xdc] for cell 'inst/clk_map/psr_aclk/U0'
Finished Parsing XDC File [c:/Users/Samarth/Desktop/IIIT_Intern/Tutorial_matrix/Vivado_files/demo_matrix/demo_matrix.gen/sources_1/bd/matrix/ip/matrix_axi_smc_0/bd_0/ip/ip_1/bd_fb28_psr_aclk_0.xdc] for cell 'inst/clk_map/psr_aclk/U0'
INFO: [Project 1-236] Implementation specific constraints were found while reading constraint file [c:/Users/Samarth/Desktop/IIIT_Intern/Tutorial_matrix/Vivado_files/demo_matrix/demo_matrix.gen/sources_1/bd/matrix/ip/matrix_axi_smc_0/bd_0/ip/ip_1/bd_fb28_psr_aclk_0.xdc]. These constraints will be ignored for synthesis but will be used in implementation. Impacted constraints are listed in the file [.Xil/matrix_axi_smc_0_propImpl.xdc].
Resolution: To avoid this warning, move constraints listed in [.Xil/matrix_axi_smc_0_propImpl.xdc] to another XDC file and exclude this new file from synthesis with the used_in_synthesis property (File Properties dialog in GUI) and re-run elaboration/synthesis.
Parsing XDC File [c:/Users/Samarth/Desktop/IIIT_Intern/Tutorial_matrix/Vivado_files/demo_matrix/demo_matrix.gen/sources_1/bd/matrix/ip/matrix_axi_smc_0/smartconnect.xdc] for cell 'inst'
Finished Parsing XDC File [c:/Users/Samarth/Desktop/IIIT_Intern/Tutorial_matrix/Vivado_files/demo_matrix/demo_matrix.gen/sources_1/bd/matrix/ip/matrix_axi_smc_0/smartconnect.xdc] for cell 'inst'
Parsing XDC File [C:/Users/Samarth/Desktop/IIIT_Intern/Tutorial_matrix/Vivado_files/demo_matrix/demo_matrix.runs/matrix_axi_smc_0_synth_1/dont_touch.xdc]
Finished Parsing XDC File [C:/Users/Samarth/Desktop/IIIT_Intern/Tutorial_matrix/Vivado_files/demo_matrix/demo_matrix.runs/matrix_axi_smc_0_synth_1/dont_touch.xdc]
INFO: [Project 1-236] Implementation specific constraints were found while reading constraint file [C:/Xilinx_2024_ent/Vivado/2024.2/data/ip/xpm/xpm_memory/tcl/xpm_memory_xdc.tcl]. These constraints will be ignored for synthesis but will be used in implementation. Impacted constraints are listed in the file [.Xil/matrix_axi_smc_0_propImpl.xdc].
Resolution: To avoid this warning, move constraints listed in [.Xil/matrix_axi_smc_0_propImpl.xdc] to another XDC file and exclude this new file from synthesis with the used_in_synthesis property (File Properties dialog in GUI) and re-run elaboration/synthesis.
INFO: [Project 1-1714] 49 XPM XDC files have been applied to the design.
Completed Processing XDC Constraints

Netlist sorting complete. Time (s): cpu = 00:00:00 ; elapsed = 00:00:00.026 . Memory (MB): peak = 2844.191 ; gain = 0.000
INFO: [Project 1-111] Unisim Transformation Summary:
  A total of 13 instances were transformed.
  FDR => FDRE: 12 instances
  SRL16 => SRL16E: 1 instance 

Constraint Validation Runtime : Time (s): cpu = 00:00:01 ; elapsed = 00:00:01 . Memory (MB): peak = 2867.441 ; gain = 23.250
INFO: [Designutils 20-5008] Incremental synthesis strategy off
---------------------------------------------------------------------------------
Finished Constraint Validation : Time (s): cpu = 00:01:40 ; elapsed = 00:02:04 . Memory (MB): peak = 2867.441 ; gain = 1356.004
---------------------------------------------------------------------------------
---------------------------------------------------------------------------------
Start Loading Part and Timing Information
---------------------------------------------------------------------------------
Loading part: xczu28dr-ffvg1517-2-e
INFO: [Synth 8-6742] Reading net delay rules and data
---------------------------------------------------------------------------------
Finished Loading Part and Timing Information : Time (s): cpu = 00:01:40 ; elapsed = 00:02:04 . Memory (MB): peak = 2867.441 ; gain = 1356.004
---------------------------------------------------------------------------------
---------------------------------------------------------------------------------
Start Applying 'set_property' XDC Constraints
---------------------------------------------------------------------------------
Applied set_property KEEP_HIERARCHY = SOFT for inst. (constraint file  C:/Users/Samarth/Desktop/IIIT_Intern/Tutorial_matrix/Vivado_files/demo_matrix/demo_matrix.runs/matrix_axi_smc_0_synth_1/dont_touch.xdc, line 210).
Applied set_property KEEP_HIERARCHY = SOFT for inst/m00_nodes/m00_ar_node/inst/m_sc_xpm_cdc_async_rst_inst. (constraint file  auto generated constraint).
Applied set_property KEEP_HIERARCHY = SOFT for inst/m00_nodes/m00_aw_node/inst/m_sc_xpm_cdc_async_rst_inst. (constraint file  auto generated constraint).
Applied set_property KEEP_HIERARCHY = SOFT for inst/m00_nodes/m00_b_node/inst/m_sc_xpm_cdc_async_rst_inst. (constraint file  auto generated constraint).
Applied set_property KEEP_HIERARCHY = SOFT for inst/m00_nodes/m00_r_node/inst/m_sc_xpm_cdc_async_rst_inst. (constraint file  auto generated constraint).
Applied set_property KEEP_HIERARCHY = SOFT for inst/m00_nodes/m00_w_node/inst/m_sc_xpm_cdc_async_rst_inst. (constraint file  auto generated constraint).
Applied set_property KEEP_HIERARCHY = SOFT for inst/s00_nodes/s00_ar_node/inst/m_sc_xpm_cdc_async_rst_inst. (constraint file  auto generated constraint).
Applied set_property KEEP_HIERARCHY = SOFT for inst/s00_nodes/s00_aw_node/inst/m_sc_xpm_cdc_async_rst_inst. (constraint file  auto generated constraint).
Applied set_property KEEP_HIERARCHY = SOFT for inst/s00_nodes/s00_b_node/inst/m_sc_xpm_cdc_async_rst_inst. (constraint file  auto generated constraint).
Applied set_property KEEP_HIERARCHY = SOFT for inst/s00_nodes/s00_r_node/inst/m_sc_xpm_cdc_async_rst_inst. (constraint file  auto generated constraint).
Applied set_property KEEP_HIERARCHY = SOFT for inst/s00_nodes/s00_w_node/inst/m_sc_xpm_cdc_async_rst_inst. (constraint file  auto generated constraint).
Applied set_property KEEP_HIERARCHY = SOFT for inst/s01_nodes/s01_ar_node/inst/m_sc_xpm_cdc_async_rst_inst. (constraint file  auto generated constraint).
Applied set_property KEEP_HIERARCHY = SOFT for inst/s01_nodes/s01_aw_node/inst/m_sc_xpm_cdc_async_rst_inst. (constraint file  auto generated constraint).
Applied set_property KEEP_HIERARCHY = SOFT for inst/s01_nodes/s01_b_node/inst/m_sc_xpm_cdc_async_rst_inst. (constraint file  auto generated constraint).
Applied set_property KEEP_HIERARCHY = SOFT for inst/s01_nodes/s01_r_node/inst/m_sc_xpm_cdc_async_rst_inst. (constraint file  auto generated constraint).
Applied set_property KEEP_HIERARCHY = SOFT for inst/s01_nodes/s01_w_node/inst/m_sc_xpm_cdc_async_rst_inst. (constraint file  auto generated constraint).
Applied set_property KEEP_HIERARCHY = SOFT for inst/switchboards/i_nodes/i_ar_node/inst/m_sc_xpm_cdc_async_rst_inst. (constraint file  auto generated constraint).
Applied set_property KEEP_HIERARCHY = SOFT for inst/switchboards/i_nodes/i_aw_node/inst/m_sc_xpm_cdc_async_rst_inst. (constraint file  auto generated constraint).
Applied set_property KEEP_HIERARCHY = SOFT for inst/switchboards/i_nodes/i_b_node/inst/m_sc_xpm_cdc_async_rst_inst. (constraint file  auto generated constraint).
Applied set_property KEEP_HIERARCHY = SOFT for inst/switchboards/i_nodes/i_r_node/inst/m_sc_xpm_cdc_async_rst_inst. (constraint file  auto generated constraint).
Applied set_property KEEP_HIERARCHY = SOFT for inst/switchboards/i_nodes/i_w_node/inst/m_sc_xpm_cdc_async_rst_inst. (constraint file  auto generated constraint).
Applied set_property KEEP_HIERARCHY = SOFT for inst/m00_nodes/m00_ar_node/inst/s_sc_xpm_cdc_async_rst_inst. (constraint file  auto generated constraint).
Applied set_property KEEP_HIERARCHY = SOFT for inst/m00_nodes/m00_aw_node/inst/s_sc_xpm_cdc_async_rst_inst. (constraint file  auto generated constraint).
Applied set_property KEEP_HIERARCHY = SOFT for inst/m00_nodes/m00_b_node/inst/s_sc_xpm_cdc_async_rst_inst. (constraint file  auto generated constraint).
Applied set_property KEEP_HIERARCHY = SOFT for inst/m00_nodes/m00_r_node/inst/s_sc_xpm_cdc_async_rst_inst. (constraint file  auto generated constraint).
Applied set_property KEEP_HIERARCHY = SOFT for inst/m00_nodes/m00_w_node/inst/s_sc_xpm_cdc_async_rst_inst. (constraint file  auto generated constraint).
Applied set_property KEEP_HIERARCHY = SOFT for inst/s00_nodes/s00_ar_node/inst/s_sc_xpm_cdc_async_rst_inst. (constraint file  auto generated constraint).
Applied set_property KEEP_HIERARCHY = SOFT for inst/s00_nodes/s00_aw_node/inst/s_sc_xpm_cdc_async_rst_inst. (constraint file  auto generated constraint).
Applied set_property KEEP_HIERARCHY = SOFT for inst/s00_nodes/s00_b_node/inst/s_sc_xpm_cdc_async_rst_inst. (constraint file  auto generated constraint).
Applied set_property KEEP_HIERARCHY = SOFT for inst/s00_nodes/s00_r_node/inst/s_sc_xpm_cdc_async_rst_inst. (constraint file  auto generated constraint).
Applied set_property KEEP_HIERARCHY = SOFT for inst/s00_nodes/s00_w_node/inst/s_sc_xpm_cdc_async_rst_inst. (constraint file  auto generated constraint).
Applied set_property KEEP_HIERARCHY = SOFT for inst/s01_nodes/s01_ar_node/inst/s_sc_xpm_cdc_async_rst_inst. (constraint file  auto generated constraint).
Applied set_property KEEP_HIERARCHY = SOFT for inst/s01_nodes/s01_aw_node/inst/s_sc_xpm_cdc_async_rst_inst. (constraint file  auto generated constraint).
Applied set_property KEEP_HIERARCHY = SOFT for inst/s01_nodes/s01_b_node/inst/s_sc_xpm_cdc_async_rst_inst. (constraint file  auto generated constraint).
Applied set_property KEEP_HIERARCHY = SOFT for inst/s01_nodes/s01_r_node/inst/s_sc_xpm_cdc_async_rst_inst. (constraint file  auto generated constraint).
Applied set_property KEEP_HIERARCHY = SOFT for inst/s01_nodes/s01_w_node/inst/s_sc_xpm_cdc_async_rst_inst. (constraint file  auto generated constraint).
Applied set_property KEEP_HIERARCHY = SOFT for inst/switchboards/i_nodes/i_ar_node/inst/s_sc_xpm_cdc_async_rst_inst. (constraint file  auto generated constraint).
Applied set_property KEEP_HIERARCHY = SOFT for inst/switchboards/i_nodes/i_aw_node/inst/s_sc_xpm_cdc_async_rst_inst. (constraint file  auto generated constraint).
Applied set_property KEEP_HIERARCHY = SOFT for inst/switchboards/i_nodes/i_b_node/inst/s_sc_xpm_cdc_async_rst_inst. (constraint file  auto generated constraint).
Applied set_property KEEP_HIERARCHY = SOFT for inst/switchboards/i_nodes/i_r_node/inst/s_sc_xpm_cdc_async_rst_inst. (constraint file  auto generated constraint).
Applied set_property KEEP_HIERARCHY = SOFT for inst/switchboards/i_nodes/i_w_node/inst/s_sc_xpm_cdc_async_rst_inst. (constraint file  auto generated constraint).
Applied set_property KEEP_HIERARCHY = SOFT for inst/m00_exit_pipeline/m00_exit/inst/xpm_cdc_async_rst_inst. (constraint file  auto generated constraint).
Applied set_property KEEP_HIERARCHY = SOFT for inst/s00_entry_pipeline/s00_mmu/inst/xpm_cdc_async_rst_inst. (constraint file  auto generated constraint).
Applied set_property KEEP_HIERARCHY = SOFT for inst/s00_entry_pipeline/s00_si_converter/inst/xpm_cdc_async_rst_inst. (constraint file  auto generated constraint).
Applied set_property KEEP_HIERARCHY = SOFT for inst/s00_entry_pipeline/s00_transaction_regulator/inst/xpm_cdc_async_rst_inst. (constraint file  auto generated constraint).
Applied set_property KEEP_HIERARCHY = SOFT for inst/s01_entry_pipeline/s01_mmu/inst/xpm_cdc_async_rst_inst. (constraint file  auto generated constraint).
Applied set_property KEEP_HIERARCHY = SOFT for inst/s01_entry_pipeline/s01_si_converter/inst/xpm_cdc_async_rst_inst. (constraint file  auto generated constraint).
Applied set_property KEEP_HIERARCHY = SOFT for inst/s01_entry_pipeline/s01_transaction_regulator/inst/xpm_cdc_async_rst_inst. (constraint file  auto generated constraint).
Applied set_property KEEP_HIERARCHY = SOFT for inst/switchboards/i_nodes/i_w_node/inst/inst_si_handler/\gen_si_handler.gen_request_fifos.gen_req_fifo[0].inst_req_fifo /\gen_xpm_memory_fifo.inst_fifo /\gen_mem_rep[0].inst_xpm_memory . (constraint file  auto generated constraint).
Applied set_property KEEP_HIERARCHY = SOFT for inst/switchboards/i_nodes/i_w_node/inst/inst_si_handler/\gen_si_handler.gen_request_fifos.gen_req_fifo[1].inst_req_fifo /\gen_xpm_memory_fifo.inst_fifo /\gen_mem_rep[0].inst_xpm_memory . (constraint file  auto generated constraint).
---------------------------------------------------------------------------------
Finished applying 'set_property' XDC Constraints : Time (s): cpu = 00:01:40 ; elapsed = 00:02:04 . Memory (MB): peak = 2867.441 ; gain = 1356.004
---------------------------------------------------------------------------------
INFO: [Synth 8-802] inferred FSM for state register 'w_state_reg' in module 'sc_exit_v1_0_16_axilite_conv'
INFO: [Synth 8-802] inferred FSM for state register 'r_state_reg' in module 'sc_exit_v1_0_16_axilite_conv'
INFO: [Synth 8-802] inferred FSM for state register 'gen_axi.gen_write.write_cs_reg' in module 'sc_mmu_v1_0_14_decerr_slave'
INFO: [Synth 8-802] inferred FSM for state register 'gen_endpoint.w_state_reg' in module 'sc_mmu_v1_0_14_top'
INFO: [Synth 8-802] inferred FSM for state register 'gen_endpoint.r_state_reg' in module 'sc_mmu_v1_0_14_top'
INFO: [Synth 8-4490] FSM extraction disabled for register 'gen_pipelined.state_reg' through user attribute
INFO: [Synth 8-4490] FSM extraction disabled for register 'gen_pipelined.state_reg' through user attribute
INFO: [Synth 8-4490] FSM extraction disabled for register 'gen_pipelined.state_reg' through user attribute
INFO: [Synth 8-4490] FSM extraction disabled for register 'gen_pipelined.state_reg' through user attribute
INFO: [Synth 8-4490] FSM extraction disabled for register 'gen_pipelined.state_reg' through user attribute
INFO: [Synth 8-4490] FSM extraction disabled for register 'gen_pipelined.state_reg' through user attribute
INFO: [Synth 8-4490] FSM extraction disabled for register 'gen_pipelined.state_reg' through user attribute
INFO: [Synth 8-4490] FSM extraction disabled for register 'gen_pipelined.state_reg' through user attribute
INFO: [Synth 8-4490] FSM extraction disabled for register 'gen_pipelined.state_reg' through user attribute
INFO: [Synth 8-4490] FSM extraction disabled for register 'gen_pipelined.state_reg' through user attribute
INFO: [Synth 8-4490] FSM extraction disabled for register 'gen_pipelined.state_reg' through user attribute
INFO: [Synth 8-4490] FSM extraction disabled for register 'gen_pipelined.state_reg' through user attribute
INFO: [Synth 8-802] inferred FSM for state register 'gen_endpoint.w_state_reg' in module 'sc_mmu_v1_0_14_top__parameterized0'
INFO: [Synth 8-802] inferred FSM for state register 'gen_endpoint.r_state_reg' in module 'sc_mmu_v1_0_14_top__parameterized0'
INFO: [Synth 8-4490] FSM extraction disabled for register 'gen_pipelined.state_reg' through user attribute
INFO: [Synth 8-4490] FSM extraction disabled for register 'gen_pipelined.state_reg' through user attribute
---------------------------------------------------------------------------------------------------
                   State |                     New Encoding |                Previous Encoding 
---------------------------------------------------------------------------------------------------
                  W_IDLE |                              000 | 00000000000000000000000000000000
                    W_RX |                              001 | 00000000000000000000000000000001
                    W_TX |                              010 | 00000000000000000000000000000010
              W_COMPLETE |                              011 | 00000000000000000000000000000100
               W_RECOVER |                              100 | 00000000000000000000000000000011
---------------------------------------------------------------------------------------------------
INFO: [Synth 8-3354] encoded FSM with state register 'w_state_reg' using encoding 'sequential' in module 'sc_exit_v1_0_16_axilite_conv'
---------------------------------------------------------------------------------------------------
                   State |                     New Encoding |                Previous Encoding 
---------------------------------------------------------------------------------------------------
                  R_IDLE |                               00 | 00000000000000000000000000000000
                    R_RX |                               01 | 00000000000000000000000000000001
                    R_TX |                               10 | 00000000000000000000000000000010
---------------------------------------------------------------------------------------------------
INFO: [Synth 8-3354] encoded FSM with state register 'r_state_reg' using encoding 'sequential' in module 'sc_exit_v1_0_16_axilite_conv'
---------------------------------------------------------------------------------------------------
                   State |                     New Encoding |                Previous Encoding 
---------------------------------------------------------------------------------------------------
            P_WRITE_IDLE |                              001 |                               00
            P_WRITE_DATA |                              010 |                               01
            P_WRITE_RESP |                              100 |                               10
---------------------------------------------------------------------------------------------------
INFO: [Synth 8-3354] encoded FSM with state register 'gen_axi.gen_write.write_cs_reg' using encoding 'one-hot' in module 'sc_mmu_v1_0_14_decerr_slave'
---------------------------------------------------------------------------------------------------
                   State |                     New Encoding |                Previous Encoding 
---------------------------------------------------------------------------------------------------
                  iSTATE |                               00 | 00000000000000000000000000000000
*
                 W_STALL |                               01 | 00000000000000000000000000000001
               W_PENDING |                               10 | 00000000000000000000000000000010
                W_DECERR |                               11 | 00000000000000000000000000000011
---------------------------------------------------------------------------------------------------
INFO: [Synth 8-3354] encoded FSM with state register 'gen_endpoint.w_state_reg' using encoding 'sequential' in module 'sc_mmu_v1_0_14_top'
---------------------------------------------------------------------------------------------------
                   State |                     New Encoding |                Previous Encoding 
---------------------------------------------------------------------------------------------------
                  iSTATE |                             0001 | 00000000000000000000000000000000
*
                 R_STALL |                             0010 | 00000000000000000000000000000001
               R_PENDING |                             0100 | 00000000000000000000000000000010
                R_DECERR |                             1000 | 00000000000000000000000000000011
---------------------------------------------------------------------------------------------------
INFO: [Synth 8-3354] encoded FSM with state register 'gen_endpoint.r_state_reg' using encoding 'one-hot' in module 'sc_mmu_v1_0_14_top'
---------------------------------------------------------------------------------------------------
                   State |                     New Encoding |                Previous Encoding 
---------------------------------------------------------------------------------------------------
                  iSTATE |                               00 | 00000000000000000000000000000000
*
                 W_STALL |                               01 | 00000000000000000000000000000001
               W_PENDING |                               10 | 00000000000000000000000000000010
                W_DECERR |                               11 | 00000000000000000000000000000011
---------------------------------------------------------------------------------------------------
INFO: [Synth 8-3354] encoded FSM with state register 'gen_endpoint.w_state_reg' using encoding 'sequential' in module 'sc_mmu_v1_0_14_top__parameterized0'
---------------------------------------------------------------------------------------------------
                   State |                     New Encoding |                Previous Encoding 
---------------------------------------------------------------------------------------------------
                  iSTATE |                             0001 | 00000000000000000000000000000000
*
                 R_STALL |                             0010 | 00000000000000000000000000000001
               R_PENDING |                             0100 | 00000000000000000000000000000010
                R_DECERR |                             1000 | 00000000000000000000000000000011
---------------------------------------------------------------------------------------------------
INFO: [Synth 8-3354] encoded FSM with state register 'gen_endpoint.r_state_reg' using encoding 'one-hot' in module 'sc_mmu_v1_0_14_top__parameterized0'
---------------------------------------------------------------------------------
Finished RTL Optimization Phase 2 : Time (s): cpu = 00:01:47 ; elapsed = 00:02:18 . Memory (MB): peak = 2867.441 ; gain = 1356.004
---------------------------------------------------------------------------------
---------------------------------------------------------------------------------
Start RTL Component Statistics 
---------------------------------------------------------------------------------
Detailed RTL Component Info : 
+---Adders : 
	   2 Input   32 Bit       Adders := 2     
	   2 Input   12 Bit       Adders := 2     
	   2 Input    9 Bit       Adders := 3     
	   2 Input    8 Bit       Adders := 20    
	   3 Input    8 Bit       Adders := 2     
	   4 Input    8 Bit       Adders := 6     
	   2 Input    7 Bit       Adders := 8     
	   3 Input    6 Bit       Adders := 4     
	   2 Input    6 Bit       Adders := 1     
	   3 Input    5 Bit       Adders := 6     
	   2 Input    5 Bit       Adders := 2     
	   4 Input    5 Bit       Adders := 4     
	   2 Input    4 Bit       Adders := 46    
	   3 Input    4 Bit       Adders := 4     
	   2 Input    3 Bit       Adders := 14    
	   2 Input    2 Bit       Adders := 7     
	   3 Input    2 Bit       Adders := 1     
	   3 Input    1 Bit       Adders := 7     
	   2 Input    1 Bit       Adders := 5     
+---XORs : 
	   2 Input      1 Bit         XORs := 92    
+---Registers : 
	             2178 Bit    Registers := 20    
	              512 Bit    Registers := 3     
	              224 Bit    Registers := 2     
	              183 Bit    Registers := 2     
	              181 Bit    Registers := 1     
	              170 Bit    Registers := 1     
	              148 Bit    Registers := 4     
	              128 Bit    Registers := 4     
	               64 Bit    Registers := 10    
	               47 Bit    Registers := 1     
	               33 Bit    Registers := 1     
	               32 Bit    Registers := 3     
	               28 Bit    Registers := 1     
	               23 Bit    Registers := 2     
	               20 Bit    Registers := 2     
	               19 Bit    Registers := 1     
	               16 Bit    Registers := 21    
	               13 Bit    Registers := 1     
	               12 Bit    Registers := 5     
	                9 Bit    Registers := 4     
	                8 Bit    Registers := 42    
	                7 Bit    Registers := 11    
	                6 Bit    Registers := 1     
	                5 Bit    Registers := 16    
	                4 Bit    Registers := 50    
	                3 Bit    Registers := 76    
	                2 Bit    Registers := 28    
	                1 Bit    Registers := 424   
+---Muxes : 
	   2 Input 2178 Bit        Muxes := 10    
	   2 Input  512 Bit        Muxes := 2     
	   2 Input  165 Bit        Muxes := 4     
	   2 Input  162 Bit        Muxes := 2     
	   2 Input  151 Bit        Muxes := 3     
	   2 Input  148 Bit        Muxes := 2     
	   2 Input  128 Bit        Muxes := 22    
	   2 Input   64 Bit        Muxes := 4     
	   2 Input   40 Bit        Muxes := 10    
	   2 Input   32 Bit        Muxes := 4     
	   3 Input   32 Bit        Muxes := 1     
	   2 Input   23 Bit        Muxes := 2     
	   2 Input   20 Bit        Muxes := 2     
	   2 Input   16 Bit        Muxes := 31    
	   4 Input   16 Bit        Muxes := 2     
	   3 Input   13 Bit        Muxes := 1     
	   2 Input   13 Bit        Muxes := 1     
	   2 Input   12 Bit        Muxes := 9     
	   5 Input   12 Bit        Muxes := 1     
	   2 Input    9 Bit        Muxes := 6     
	   5 Input    9 Bit        Muxes := 1     
	   2 Input    8 Bit        Muxes := 177   
	   7 Input    8 Bit        Muxes := 4     
	   4 Input    8 Bit        Muxes := 4     
	   3 Input    8 Bit        Muxes := 1     
	   2 Input    7 Bit        Muxes := 35    
	   4 Input    7 Bit        Muxes := 16    
	   2 Input    6 Bit        Muxes := 1     
	   2 Input    5 Bit        Muxes := 13    
	   4 Input    4 Bit        Muxes := 6     
	   2 Input    4 Bit        Muxes := 48    
	   5 Input    4 Bit        Muxes := 2     
	   4 Input    3 Bit        Muxes := 14    
	   2 Input    3 Bit        Muxes := 12    
	   5 Input    3 Bit        Muxes := 1     
	   2 Input    2 Bit        Muxes := 68    
	   4 Input    2 Bit        Muxes := 8     
	   3 Input    2 Bit        Muxes := 2     
	   6 Input    1 Bit        Muxes := 110   
	   4 Input    1 Bit        Muxes := 30    
	   7 Input    1 Bit        Muxes := 20    
	   3 Input    1 Bit        Muxes := 33    
	   2 Input    1 Bit        Muxes := 436   
	  12 Input    1 Bit        Muxes := 14    
	   5 Input    1 Bit        Muxes := 15    
---------------------------------------------------------------------------------
Finished RTL Component Statistics 
---------------------------------------------------------------------------------
---------------------------------------------------------------------------------
Start Part Resource Summary
---------------------------------------------------------------------------------
Part Resources:
DSPs: 4272 (col length:192)
BRAMs: 2160 (col length: RAMB18 192 RAMB36 96)
---------------------------------------------------------------------------------
Finished Part Resource Summary
---------------------------------------------------------------------------------
---------------------------------------------------------------------------------
Start Cross Boundary and Area Optimization
---------------------------------------------------------------------------------
WARNING: [Synth 8-7080] Parallel synthesis criteria is not met
---------------------------------------------------------------------------------
Finished Cross Boundary and Area Optimization : Time (s): cpu = 00:02:45 ; elapsed = 00:03:20 . Memory (MB): peak = 2867.441 ; gain = 1356.004
---------------------------------------------------------------------------------
---------------------------------------------------------------------------------
Start ROM, RAM, DSP, Shift Register and Retiming Reporting
---------------------------------------------------------------------------------

Distributed RAM: Preliminary Mapping Report (see note below)
+-----------------------------------------------------------------------------------------------------------------------------------------------------------------------------------------------------------------+----------------------------------+----------------+----------------------+---------------+
|Module Name                                                                                                                                                                                                      | RTL Object                       | Inference      | Size (Depth x Width) | Primitives    | 
+-----------------------------------------------------------------------------------------------------------------------------------------------------------------------------------------------------------------+----------------------------------+----------------+----------------------+---------------+
|inst/i_0/\switchboards/i_nodes/i_w_node/inst /\inst_si_handler/gen_si_handler.gen_request_fifos.gen_req_fifo[0].inst_req_fifo/gen_xpm_memory_fifo.inst_fifo/gen_mem_rep[0].inst_xpm_memory /xpm_memory_base_inst | gen_wr_a.gen_word_narrow.mem_reg | User Attribute | 4 x 1                | RAM16X1D x 1  | 
|inst/i_0/\switchboards/i_nodes/i_w_node/inst /\inst_si_handler/gen_si_handler.gen_request_fifos.gen_req_fifo[1].inst_req_fifo/gen_xpm_memory_fifo.inst_fifo/gen_mem_rep[0].inst_xpm_memory /xpm_memory_base_inst | gen_wr_a.gen_word_narrow.mem_reg | User Attribute | 4 x 1                | RAM16X1D x 1  | 
+-----------------------------------------------------------------------------------------------------------------------------------------------------------------------------------------------------------------+----------------------------------+----------------+----------------------+---------------+

Note: The table above is a preliminary report that shows the Distributed RAMs at the current stage of the synthesis flow. Some Distributed RAMs may be reimplemented as non Distributed RAM primitives later in the synthesis flow. Multiple instantiated RAMs are reported only once.
---------------------------------------------------------------------------------
Finished ROM, RAM, DSP, Shift Register and Retiming Reporting
---------------------------------------------------------------------------------
---------------------------------------------------------------------------------
Start Applying XDC Timing Constraints
---------------------------------------------------------------------------------
---------------------------------------------------------------------------------
Finished Applying XDC Timing Constraints : Time (s): cpu = 00:02:59 ; elapsed = 00:03:57 . Memory (MB): peak = 2952.863 ; gain = 1441.426
---------------------------------------------------------------------------------
---------------------------------------------------------------------------------
Start Timing Optimization
---------------------------------------------------------------------------------
---------------------------------------------------------------------------------
Finished Timing Optimization : Time (s): cpu = 00:03:04 ; elapsed = 00:04:10 . Memory (MB): peak = 3015.367 ; gain = 1503.930
---------------------------------------------------------------------------------
---------------------------------------------------------------------------------
Start ROM, RAM, DSP, Shift Register and Retiming Reporting
---------------------------------------------------------------------------------

Distributed RAM: Final Mapping Report
+-----------------------------------------------------------------------------------------------------------------------------------------------------------------------------------------------------------------+----------------------------------+----------------+----------------------+---------------+
|Module Name                                                                                                                                                                                                      | RTL Object                       | Inference      | Size (Depth x Width) | Primitives    | 
+-----------------------------------------------------------------------------------------------------------------------------------------------------------------------------------------------------------------+----------------------------------+----------------+----------------------+---------------+
|inst/i_0/\switchboards/i_nodes/i_w_node/inst /\inst_si_handler/gen_si_handler.gen_request_fifos.gen_req_fifo[0].inst_req_fifo/gen_xpm_memory_fifo.inst_fifo/gen_mem_rep[0].inst_xpm_memory /xpm_memory_base_inst | gen_wr_a.gen_word_narrow.mem_reg | User Attribute | 4 x 1                | RAM16X1D x 1  | 
|inst/i_0/\switchboards/i_nodes/i_w_node/inst /\inst_si_handler/gen_si_handler.gen_request_fifos.gen_req_fifo[1].inst_req_fifo/gen_xpm_memory_fifo.inst_fifo/gen_mem_rep[0].inst_xpm_memory /xpm_memory_base_inst | gen_wr_a.gen_word_narrow.mem_reg | User Attribute | 4 x 1                | RAM16X1D x 1  | 
+-----------------------------------------------------------------------------------------------------------------------------------------------------------------------------------------------------------------+----------------------------------+----------------+----------------------+---------------+

---------------------------------------------------------------------------------
Finished ROM, RAM, DSP, Shift Register and Retiming Reporting
---------------------------------------------------------------------------------
---------------------------------------------------------------------------------
Start Technology Mapping
---------------------------------------------------------------------------------
---------------------------------------------------------------------------------
Finished Technology Mapping : Time (s): cpu = 00:03:08 ; elapsed = 00:04:15 . Memory (MB): peak = 3035.438 ; gain = 1524.000
---------------------------------------------------------------------------------
---------------------------------------------------------------------------------
Start IO Insertion
---------------------------------------------------------------------------------
---------------------------------------------------------------------------------
Start Flattening Before IO Insertion
---------------------------------------------------------------------------------
---------------------------------------------------------------------------------
Finished Flattening Before IO Insertion
---------------------------------------------------------------------------------
---------------------------------------------------------------------------------
Start Final Netlist Cleanup
---------------------------------------------------------------------------------
---------------------------------------------------------------------------------
Finished Final Netlist Cleanup
---------------------------------------------------------------------------------
---------------------------------------------------------------------------------
Finished IO Insertion : Time (s): cpu = 00:03:11 ; elapsed = 00:04:18 . Memory (MB): peak = 3155.086 ; gain = 1643.648
---------------------------------------------------------------------------------
---------------------------------------------------------------------------------
Start Renaming Generated Instances
---------------------------------------------------------------------------------
---------------------------------------------------------------------------------
Finished Renaming Generated Instances : Time (s): cpu = 00:03:11 ; elapsed = 00:04:18 . Memory (MB): peak = 3155.086 ; gain = 1643.648
---------------------------------------------------------------------------------
---------------------------------------------------------------------------------
Start Rebuilding User Hierarchy
---------------------------------------------------------------------------------
---------------------------------------------------------------------------------
Finished Rebuilding User Hierarchy : Time (s): cpu = 00:03:11 ; elapsed = 00:04:18 . Memory (MB): peak = 3155.086 ; gain = 1643.648
---------------------------------------------------------------------------------
---------------------------------------------------------------------------------
Start Renaming Generated Ports
---------------------------------------------------------------------------------
---------------------------------------------------------------------------------
Finished Renaming Generated Ports : Time (s): cpu = 00:03:11 ; elapsed = 00:04:19 . Memory (MB): peak = 3155.086 ; gain = 1643.648
---------------------------------------------------------------------------------
---------------------------------------------------------------------------------
Start Handling Custom Attributes
---------------------------------------------------------------------------------
---------------------------------------------------------------------------------
Finished Handling Custom Attributes : Time (s): cpu = 00:03:12 ; elapsed = 00:04:19 . Memory (MB): peak = 3155.086 ; gain = 1643.648
---------------------------------------------------------------------------------
---------------------------------------------------------------------------------
Start Renaming Generated Nets
---------------------------------------------------------------------------------
---------------------------------------------------------------------------------
Finished Renaming Generated Nets : Time (s): cpu = 00:03:12 ; elapsed = 00:04:19 . Memory (MB): peak = 3155.086 ; gain = 1643.648
---------------------------------------------------------------------------------
---------------------------------------------------------------------------------
Start ROM, RAM, DSP, Shift Register and Retiming Reporting
---------------------------------------------------------------------------------

Dynamic Shift Register Report:
+------------+---------------+--------+------------+--------+---------+--------+--------+--------+
|Module Name | RTL Name      | Length | Data Width | SRL16E | SRLC32E | Mux F7 | Mux F8 | Mux F9 | 
+------------+---------------+--------+------------+--------+---------+--------+--------+--------+
|dsrl        | shift_reg_reg | 16     | 1          | 1      | 0       | 0      | 0      | 0      | 
|dsrl__1     | shift_reg_reg | 32     | 1          | 0      | 1       | 0      | 0      | 0      | 
+------------+---------------+--------+------------+--------+---------+--------+--------+--------+

---------------------------------------------------------------------------------
Finished ROM, RAM, DSP, Shift Register and Retiming Reporting
---------------------------------------------------------------------------------
---------------------------------------------------------------------------------
Start Writing Synthesis Report
---------------------------------------------------------------------------------

Report BlackBoxes: 
+-+--------------+----------+
| |BlackBox name |Instances |
+-+--------------+----------+
+-+--------------+----------+

Report Cell Usage: 
+------+---------+------+
|      |Cell     |Count |
+------+---------+------+
|1     |LUT1     |   163|
|2     |LUT2     |   686|
|3     |LUT3     |   783|
|4     |LUT4     |   520|
|5     |LUT5     |   541|
|6     |LUT6     |   808|
|7     |RAM16X1D |     2|
|8     |SRL16    |     1|
|9     |SRL16E   |   136|
|10    |SRLC32E  |   404|
|11    |FDCE     |   141|
|12    |FDR      |     4|
|13    |FDRE     |  2979|
|14    |FDSE     |   132|
+------+---------+------+
---------------------------------------------------------------------------------
Finished Writing Synthesis Report : Time (s): cpu = 00:03:12 ; elapsed = 00:04:19 . Memory (MB): peak = 3155.086 ; gain = 1643.648
---------------------------------------------------------------------------------
Synthesis finished with 0 errors, 0 critical warnings and 9347 warnings.
Synthesis Optimization Runtime : Time (s): cpu = 00:01:43 ; elapsed = 00:03:20 . Memory (MB): peak = 3155.086 ; gain = 987.043
Synthesis Optimization Complete : Time (s): cpu = 00:03:12 ; elapsed = 00:04:19 . Memory (MB): peak = 3155.086 ; gain = 1643.648
INFO: [Project 1-571] Translating synthesized netlist
Netlist sorting complete. Time (s): cpu = 00:00:00 ; elapsed = 00:00:00.335 . Memory (MB): peak = 3155.086 ; gain = 0.000
INFO: [Netlist 29-17] Analyzing 7 Unisim elements for replacement
INFO: [Netlist 29-28] Unisim Transformation completed in 0 CPU seconds
INFO: [Project 1-570] Preparing netlist for logic optimization
INFO: [Opt 31-138] Pushed 0 inverter(s) to 0 load pin(s).
Netlist sorting complete. Time (s): cpu = 00:00:00 ; elapsed = 00:00:00.003 . Memory (MB): peak = 3155.086 ; gain = 0.000
INFO: [Project 1-111] Unisim Transformation Summary:
  A total of 7 instances were transformed.
  FDR => FDRE: 4 instances
  RAM16X1D => RAM32X1D (RAMD32(x2)): 2 instances
  SRL16 => SRL16E: 1 instance 

Synth Design complete | Checksum: c63aa6ad
INFO: [Common 17-83] Releasing license: Synthesis
201 Infos, 116 Warnings, 0 Critical Warnings and 0 Errors encountered.
synth_design completed successfully
INFO: [Common 17-600] The following parameters have non-default value.
tcl.statsThreshold
Write ShapeDB Complete: Time (s): cpu = 00:00:00 ; elapsed = 00:00:00.009 . Memory (MB): peak = 3155.086 ; gain = 0.000
INFO: [Common 17-1381] The checkpoint 'C:/Users/Samarth/Desktop/IIIT_Intern/Tutorial_matrix/Vivado_files/demo_matrix/demo_matrix.runs/matrix_axi_smc_0_synth_1/matrix_axi_smc_0.dcp' has been generated.
INFO: [Coretcl 2-1648] Added synthesis output to IP cache for IP matrix_axi_smc_0, cache-ID = e69e0e695f6c01ee
INFO: [Coretcl 2-1174] Renamed 791 cell refs.
Write ShapeDB Complete: Time (s): cpu = 00:00:00 ; elapsed = 00:00:00.009 . Memory (MB): peak = 3155.086 ; gain = 0.000
INFO: [Common 17-1381] The checkpoint 'C:/Users/Samarth/Desktop/IIIT_Intern/Tutorial_matrix/Vivado_files/demo_matrix/demo_matrix.runs/matrix_axi_smc_0_synth_1/matrix_axi_smc_0.dcp' has been generated.
INFO: [Vivado 12-24828] Executing command : report_utilization -file matrix_axi_smc_0_utilization_synth.rpt -pb matrix_axi_smc_0_utilization_synth.pb
INFO: [Common 17-206] Exiting Vivado at Mon Jun  2 21:52:16 2025...
