  **** HLS Build v2024.2 5238294
INFO: [HLS 200-2005] Using work_dir C:/Users/Samarth/Desktop/IIIT_Intern/Tutorial_matrix/matrix_8_unopt/matrix_8_unopt 
INFO: [HLS 200-1505] Using default flow_target 'vivado'
Resolution: For help on HLS 200-1505 see docs.xilinx.com/access/sources/dita/topic?Doc_Version=2024.2%20English&url=ug1448-hls-guidance&resourceid=200-1505.html
INFO: [HLS 200-1465] Applying ini 'syn.file=matrix.cpp' from C:/Users/Samarth/Desktop/IIIT_Intern/Tutorial_matrix/matrix_8_unopt/hls_config.cfg(7)
INFO: [HLS 200-10] Adding design file 'C:/Users/Samarth/Desktop/IIIT_Intern/Tutorial_matrix/matrix_8_unopt/matrix.cpp' to the project
INFO: [HLS 200-1465] Applying ini 'syn.file=matrix.h' from C:/Users/Samarth/Desktop/IIIT_Intern/Tutorial_matrix/matrix_8_unopt/hls_config.cfg(8)
INFO: [HLS 200-10] Adding design file 'C:/Users/Samarth/Desktop/IIIT_Intern/Tutorial_matrix/matrix_8_unopt/matrix.h' to the project
INFO: [HLS 200-1465] Applying ini 'tb.file=matrix_tb.cpp' from C:/Users/Samarth/Desktop/IIIT_Intern/Tutorial_matrix/matrix_8_unopt/hls_config.cfg(9)
INFO: [HLS 200-10] Adding test bench file 'C:/Users/Samarth/Desktop/IIIT_Intern/Tutorial_matrix/matrix_8_unopt/matrix_tb.cpp' to the project
INFO: [HLS 200-1465] Applying ini 'syn.top=matrixmul_8_unopt' from C:/Users/Samarth/Desktop/IIIT_Intern/Tutorial_matrix/matrix_8_unopt/hls_config.cfg(11)
INFO: [HLS 200-1465] Applying ini 'flow_target=vivado' from C:/Users/Samarth/Desktop/IIIT_Intern/Tutorial_matrix/matrix_8_unopt/hls_config.cfg(4)
INFO: [HLS 200-1505] Using flow_target 'vivado'
Resolution: For help on HLS 200-1505 see docs.xilinx.com/access/sources/dita/topic?Doc_Version=2024.2%20English&url=ug1448-hls-guidance&resourceid=200-1505.html
INFO: [HLS 200-1465] Applying ini 'part=xczu28dr-ffvg1517-2-e' from C:/Users/Samarth/Desktop/IIIT_Intern/Tutorial_matrix/matrix_8_unopt/hls_config.cfg(1)
INFO: [HLS 200-1611] Setting target device to 'xczu28dr-ffvg1517-2-e'
INFO: [HLS 200-1465] Applying ini 'csim.code_analyzer=0' from C:/Users/Samarth/Desktop/IIIT_Intern/Tutorial_matrix/matrix_8_unopt/hls_config.cfg(10)
INFO: [HLS 200-1465] Applying ini 'package.output.format=ip_catalog' from C:/Users/Samarth/Desktop/IIIT_Intern/Tutorial_matrix/matrix_8_unopt/hls_config.cfg(5)
INFO: [HLS 200-1465] Applying ini 'syn.array_partition.throughput_driven=off' from C:/Users/Samarth/Desktop/IIIT_Intern/Tutorial_matrix/matrix_8_unopt/hls_config.cfg(12)
INFO: [HLS 200-1465] Applying ini 'syn.compile.enable_auto_rewind=0' from C:/Users/Samarth/Desktop/IIIT_Intern/Tutorial_matrix/matrix_8_unopt/hls_config.cfg(13)
INFO: [HLS 200-111] Finished File checks and directory preparation: CPU user time: 3 seconds. CPU system time: 1 seconds. Elapsed time: 3.438 seconds; current allocated memory: 184.000 MB.
INFO: [HLS 200-10] Analyzing design file 'matrix.cpp' ... 
INFO: [HLS 200-111] Finished Source Code Analysis and Preprocessing: CPU user time: 0 seconds. CPU system time: 0 seconds. Elapsed time: 5.372 seconds; current allocated memory: 187.156 MB.
INFO: [HLS 200-777] Using interface defaults for 'Vivado' flow target.
INFO: [HLS 200-1995] There were 385 instructions in the design after the 'Compile/Link' phase of compilation. See the Design Size Report for more details: C:/Users/Samarth/Desktop/IIIT_Intern/Tutorial_matrix/matrix_8_unopt/matrix_8_unopt/hls/syn/report/csynth_design_size.rpt
INFO: [HLS 200-1995] There were 173 instructions in the design after the 'Unroll/Inline (step 1)' phase of compilation. See the Design Size Report for more details: C:/Users/Samarth/Desktop/IIIT_Intern/Tutorial_matrix/matrix_8_unopt/matrix_8_unopt/hls/syn/report/csynth_design_size.rpt
INFO: [HLS 200-1995] There were 147 instructions in the design after the 'Unroll/Inline (step 2)' phase of compilation. See the Design Size Report for more details: C:/Users/Samarth/Desktop/IIIT_Intern/Tutorial_matrix/matrix_8_unopt/matrix_8_unopt/hls/syn/report/csynth_design_size.rpt
INFO: [HLS 200-1995] There were 138 instructions in the design after the 'Unroll/Inline (step 3)' phase of compilation. See the Design Size Report for more details: C:/Users/Samarth/Desktop/IIIT_Intern/Tutorial_matrix/matrix_8_unopt/matrix_8_unopt/hls/syn/report/csynth_design_size.rpt
INFO: [HLS 200-1995] There were 138 instructions in the design after the 'Unroll/Inline (step 4)' phase of compilation. See the Design Size Report for more details: C:/Users/Samarth/Desktop/IIIT_Intern/Tutorial_matrix/matrix_8_unopt/matrix_8_unopt/hls/syn/report/csynth_design_size.rpt
INFO: [HLS 200-1995] There were 138 instructions in the design after the 'Array/Struct (step 1)' phase of compilation. See the Design Size Report for more details: C:/Users/Samarth/Desktop/IIIT_Intern/Tutorial_matrix/matrix_8_unopt/matrix_8_unopt/hls/syn/report/csynth_design_size.rpt
INFO: [HLS 200-1995] There were 138 instructions in the design after the 'Array/Struct (step 2)' phase of compilation. See the Design Size Report for more details: C:/Users/Samarth/Desktop/IIIT_Intern/Tutorial_matrix/matrix_8_unopt/matrix_8_unopt/hls/syn/report/csynth_design_size.rpt
INFO: [HLS 200-1995] There were 138 instructions in the design after the 'Array/Struct (step 3)' phase of compilation. See the Design Size Report for more details: C:/Users/Samarth/Desktop/IIIT_Intern/Tutorial_matrix/matrix_8_unopt/matrix_8_unopt/hls/syn/report/csynth_design_size.rpt
INFO: [HLS 200-1995] There were 138 instructions in the design after the 'Array/Struct (step 4)' phase of compilation. See the Design Size Report for more details: C:/Users/Samarth/Desktop/IIIT_Intern/Tutorial_matrix/matrix_8_unopt/matrix_8_unopt/hls/syn/report/csynth_design_size.rpt
INFO: [HLS 200-1995] There were 138 instructions in the design after the 'Array/Struct (step 5)' phase of compilation. See the Design Size Report for more details: C:/Users/Samarth/Desktop/IIIT_Intern/Tutorial_matrix/matrix_8_unopt/matrix_8_unopt/hls/syn/report/csynth_design_size.rpt
INFO: [HLS 200-1995] There were 133 instructions in the design after the 'Performance (step 1)' phase of compilation. See the Design Size Report for more details: C:/Users/Samarth/Desktop/IIIT_Intern/Tutorial_matrix/matrix_8_unopt/matrix_8_unopt/hls/syn/report/csynth_design_size.rpt
INFO: [HLS 200-1995] There were 168 instructions in the design after the 'Performance (step 2)' phase of compilation. See the Design Size Report for more details: C:/Users/Samarth/Desktop/IIIT_Intern/Tutorial_matrix/matrix_8_unopt/matrix_8_unopt/hls/syn/report/csynth_design_size.rpt
INFO: [HLS 200-1995] There were 161 instructions in the design after the 'Performance (step 3)' phase of compilation. See the Design Size Report for more details: C:/Users/Samarth/Desktop/IIIT_Intern/Tutorial_matrix/matrix_8_unopt/matrix_8_unopt/hls/syn/report/csynth_design_size.rpt
INFO: [HLS 200-1995] There were 161 instructions in the design after the 'Performance (step 4)' phase of compilation. See the Design Size Report for more details: C:/Users/Samarth/Desktop/IIIT_Intern/Tutorial_matrix/matrix_8_unopt/matrix_8_unopt/hls/syn/report/csynth_design_size.rpt
INFO: [HLS 200-1995] There were 148 instructions in the design after the 'HW Transforms (step 1)' phase of compilation. See the Design Size Report for more details: C:/Users/Samarth/Desktop/IIIT_Intern/Tutorial_matrix/matrix_8_unopt/matrix_8_unopt/hls/syn/report/csynth_design_size.rpt
INFO: [HLS 200-1995] There were 169 instructions in the design after the 'HW Transforms (step 2)' phase of compilation. See the Design Size Report for more details: C:/Users/Samarth/Desktop/IIIT_Intern/Tutorial_matrix/matrix_8_unopt/matrix_8_unopt/hls/syn/report/csynth_design_size.rpt
INFO: [HLS 214-376] automatically set the pipeline for Loop< loop_input_A2> at matrix.cpp:17:18 
INFO: [HLS 214-376] automatically set the pipeline for Loop< loop_input_B2> at matrix.cpp:24:18 
INFO: [HLS 214-376] automatically set the pipeline for Loop< loop2> at matrix.cpp:33:10 
INFO: [HLS 214-376] automatically set the pipeline for Loop< loop_output_C2> at matrix.cpp:45:19 
INFO: [HLS 214-291] Loop 'loop3' is marked as complete unroll implied by the pipeline pragma (matrix.cpp:35:11)
INFO: [HLS 214-186] Unrolling loop 'loop3' (matrix.cpp:35:11) in function 'matrixmul_8_unopt' completely with a factor of 8 (matrix.cpp:3:0)
INFO: [HLS 200-111] Finished Compiling Optimization and Transform: CPU user time: 0 seconds. CPU system time: 0 seconds. Elapsed time: 9.803 seconds; current allocated memory: 189.141 MB.
INFO: [HLS 200-111] Finished Checking Pragmas: CPU user time: 0 seconds. CPU system time: 0 seconds. Elapsed time: 0.004 seconds; current allocated memory: 189.148 MB.
INFO: [HLS 200-10] Starting code transformations ...
INFO: [HLS 200-111] Finished Standard Transforms: CPU user time: 0 seconds. CPU system time: 0 seconds. Elapsed time: 0.181 seconds; current allocated memory: 193.508 MB.
INFO: [HLS 200-10] Checking synthesizability ...
INFO: [HLS 200-111] Finished Checking Synthesizability: CPU user time: 0 seconds. CPU system time: 0 seconds. Elapsed time: 0.06 seconds; current allocated memory: 195.164 MB.
INFO: [HLS 200-111] Finished Loop, function and other optimizations: CPU user time: 0 seconds. CPU system time: 0 seconds. Elapsed time: 0.118 seconds; current allocated memory: 216.602 MB.
INFO: [HLS 200-2061] Successfully converted nested loops 'loop_input_A1'(matrix.cpp:16:17) and 'loop_input_A2'(matrix.cpp:17:18) in function 'matrixmul_8_unopt' into perfectly nested loops.
INFO: [HLS 200-2061] Successfully converted nested loops 'loop_input_B1'(matrix.cpp:23:17) and 'loop_input_B2'(matrix.cpp:24:18) in function 'matrixmul_8_unopt' into perfectly nested loops.
INFO: [HLS 200-2061] Successfully converted nested loops 'loop1'(matrix.cpp:32:9) and 'loop2'(matrix.cpp:33:10) in function 'matrixmul_8_unopt' into perfectly nested loops.
INFO: [HLS 200-2061] Successfully converted nested loops 'loop_output_C1'(matrix.cpp:44:18) and 'loop_output_C2'(matrix.cpp:45:19) in function 'matrixmul_8_unopt' into perfectly nested loops.
INFO: [XFORM 203-541] Flattening a loop nest 'loop_input_A1' (matrix.cpp:16:17) in function 'matrixmul_8_unopt'.
INFO: [XFORM 203-541] Flattening a loop nest 'loop_input_B1' (matrix.cpp:23:17) in function 'matrixmul_8_unopt'.
INFO: [XFORM 203-541] Flattening a loop nest 'loop1' (matrix.cpp:32:9) in function 'matrixmul_8_unopt'.
INFO: [XFORM 203-541] Flattening a loop nest 'loop_output_C1' (matrix.cpp:44:18) in function 'matrixmul_8_unopt'.
INFO: [HLS 200-111] Finished Architecture Synthesis: CPU user time: 0 seconds. CPU system time: 0 seconds. Elapsed time: 0.264 seconds; current allocated memory: 216.605 MB.
INFO: [HLS 200-10] Starting hardware synthesis ...
INFO: [HLS 200-10] Synthesizing 'matrixmul_8_unopt' ...
INFO: [SYN 201-201] Setting up clock 'default' with a period of 10ns.
INFO: [HLS 200-10] ----------------------------------------------------------------
INFO: [HLS 200-42] -- Implementing module 'matrixmul_8_unopt' 
INFO: [HLS 200-10] ----------------------------------------------------------------
INFO: [SCHED 204-11] Starting scheduling ...
INFO: [HLS 200-1457] Automatically inferring inferring RAM_1WNR storage type for array 'input_B'. Use bind_storage pragma to override this type.
INFO: [HLS 200-1457] Automatically inferring inferring RAM_1WNR storage type for array 'input_A'. Use bind_storage pragma to override this type.
INFO: [SCHED 204-61] Pipelining loop 'loop_input_A1_loop_input_A2'.
INFO: [SCHED 204-61] Pipelining loop 'loop_input_B1_loop_input_B2'.
INFO: [SCHED 204-61] Pipelining loop 'loop1_loop2'.
INFO: [SCHED 204-61] Pipelining loop 'loop_output_C1_loop_output_C2'.
INFO: [HLS 200-1470] Pipelining result : Target II = NA, Final II = 1, Depth = 2, loop 'loop_input_A1_loop_input_A2'
INFO: [HLS 200-1470] Pipelining result : Target II = NA, Final II = 1, Depth = 2, loop 'loop_input_B1_loop_input_B2'
INFO: [HLS 200-1470] Pipelining result : Target II = NA, Final II = 1, Depth = 38, loop 'loop1_loop2'
INFO: [HLS 200-1470] Pipelining result : Target II = NA, Final II = 1, Depth = 3, loop 'loop_output_C1_loop_output_C2'
INFO: [SCHED 204-11] Finished scheduling.
INFO: [HLS 200-111] Finished Scheduling: CPU user time: 0 seconds. CPU system time: 0 seconds. Elapsed time: 1.324 seconds; current allocated memory: 216.605 MB.
INFO: [BIND 205-100] Starting micro-architecture generation ...
INFO: [BIND 205-101] Performing variable lifetime analysis.
INFO: [BIND 205-101] Exploring resource sharing.
INFO: [BIND 205-101] Binding ...
INFO: [BIND 205-100] Finished micro-architecture generation.
INFO: [HLS 200-111] Finished Binding: CPU user time: 0 seconds. CPU system time: 0 seconds. Elapsed time: 0.156 seconds; current allocated memory: 216.605 MB.
INFO: [HLS 200-10] ----------------------------------------------------------------
INFO: [HLS 200-10] -- Generating RTL for module 'matrixmul_8_unopt' 
INFO: [HLS 200-10] ----------------------------------------------------------------
WARNING: [RTGEN 206-101] Design contains AXI ports. Reset is fixed to synchronous and active low.
INFO: [RTGEN 206-500] Setting interface mode on port 'matrixmul_8_unopt/in_A_V_data_V' to 'axis' (register, both mode).
INFO: [RTGEN 206-500] Setting interface mode on port 'matrixmul_8_unopt/in_A_V_keep_V' to 'axis' (register, both mode).
INFO: [RTGEN 206-500] Setting interface mode on port 'matrixmul_8_unopt/in_A_V_strb_V' to 'axis' (register, both mode).
INFO: [RTGEN 206-500] Setting interface mode on port 'matrixmul_8_unopt/in_A_V_last_V' to 'axis' (register, both mode).
INFO: [RTGEN 206-500] Setting interface mode on port 'matrixmul_8_unopt/out_C_V_data_V' to 'axis' (register, both mode).
INFO: [RTGEN 206-500] Setting interface mode on port 'matrixmul_8_unopt/out_C_V_keep_V' to 'axis' (register, both mode).
INFO: [RTGEN 206-500] Setting interface mode on port 'matrixmul_8_unopt/out_C_V_strb_V' to 'axis' (register, both mode).
INFO: [RTGEN 206-500] Setting interface mode on port 'matrixmul_8_unopt/out_C_V_last_V' to 'axis' (register, both mode).
INFO: [RTGEN 206-500] Setting interface mode on function 'matrixmul_8_unopt' to 'ap_ctrl_none'.
INFO: [RTGEN 206-100] Generating core module 'fadd_32ns_32ns_32_4_full_dsp_1': 8 instance(s).
INFO: [RTGEN 206-100] Generating core module 'fmul_32ns_32ns_32_3_max_dsp_1': 8 instance(s).
INFO: [RTGEN 206-100] Finished creating RTL model for 'matrixmul_8_unopt'.
INFO: [HLS 200-2167] Implementing memory 'matrixmul_8_unopt_input_A_RAM_1WNR_AUTO_1R1W' using auto RAMs with 7 copies to ensure enough ports to satisfy II or latency constraints.
INFO: [RTMG 210-278] Implementing memory 'matrixmul_8_unopt_output_C_RAM_AUTO_1R1W' using auto RAMs.
INFO: [HLS 200-111] Finished Creating RTL model: CPU user time: 1 seconds. CPU system time: 0 seconds. Elapsed time: 0.597 seconds; current allocated memory: 221.348 MB.
INFO: [HLS 200-111] Finished Generating all RTL models: CPU user time: 0 seconds. CPU system time: 1 seconds. Elapsed time: 1.13 seconds; current allocated memory: 228.660 MB.
INFO: [HLS 200-111] Finished Updating report files: CPU user time: 1 seconds. CPU system time: 0 seconds. Elapsed time: 0.852 seconds; current allocated memory: 231.402 MB.
INFO: [VHDL 208-304] Generating VHDL RTL for matrixmul_8_unopt.
INFO: [VLOG 209-307] Generating Verilog RTL for matrixmul_8_unopt.
INFO: [HLS 200-790] **** Loop Constraint Status: All loop constraints were satisfied.
INFO: [HLS 200-789] **** Estimated Fmax: 142.53 MHz
INFO: [HLS 200-112] Total CPU user time: 5 seconds. Total CPU system time: 2 seconds. Total elapsed time: 23.478 seconds; peak allocated memory: 231.500 MB.
INFO: [v++ 60-791] Total elapsed time: 0h 0m 29s
