  **** HLS Build v2024.2 5238294
INFO: [HLS 200-2005] Using work_dir C:/Users/Samarth/Desktop/IIIT_Intern/Tutorial_matrix/matrix_8_unopt/matrix_8_unopt 
INFO: [HLS 200-1505] Using default flow_target 'vivado'
Resolution: For help on HLS 200-1505 see docs.xilinx.com/access/sources/dita/topic?Doc_Version=2024.2%20English&url=ug1448-hls-guidance&resourceid=200-1505.html
INFO: [HLS 200-1465] Applying ini 'syn.file=matrix.cpp' from C:/Users/Samarth/Desktop/IIIT_Intern/Tutorial_matrix/matrix_8_unopt/hls_config.cfg(7)
INFO: [HLS 200-10] Adding design file 'C:/Users/Samarth/Desktop/IIIT_Intern/Tutorial_matrix/matrix_8_unopt/matrix.cpp' to the project
INFO: [HLS 200-1465] Applying ini 'syn.file=matrix.h' from C:/Users/Samarth/Desktop/IIIT_Intern/Tutorial_matrix/matrix_8_unopt/hls_config.cfg(8)
INFO: [HLS 200-10] Adding design file 'C:/Users/Samarth/Desktop/IIIT_Intern/Tutorial_matrix/matrix_8_unopt/matrix.h' to the project
INFO: [HLS 200-1465] Applying ini 'tb.file=matrix_tb.cpp' from C:/Users/Samarth/Desktop/IIIT_Intern/Tutorial_matrix/matrix_8_unopt/hls_config.cfg(9)
INFO: [HLS 200-10] Adding test bench file 'C:/Users/Samarth/Desktop/IIIT_Intern/Tutorial_matrix/matrix_8_unopt/matrix_tb.cpp' to the project
INFO: [HLS 200-1465] Applying ini 'syn.top=matrixmul_100_unopt' from C:/Users/Samarth/Desktop/IIIT_Intern/Tutorial_matrix/matrix_8_unopt/hls_config.cfg(11)
INFO: [HLS 200-1465] Applying ini 'flow_target=vivado' from C:/Users/Samarth/Desktop/IIIT_Intern/Tutorial_matrix/matrix_8_unopt/hls_config.cfg(4)
INFO: [HLS 200-1505] Using flow_target 'vivado'
Resolution: For help on HLS 200-1505 see docs.xilinx.com/access/sources/dita/topic?Doc_Version=2024.2%20English&url=ug1448-hls-guidance&resourceid=200-1505.html
INFO: [HLS 200-1465] Applying ini 'part=xczu28dr-ffvg1517-2-e' from C:/Users/Samarth/Desktop/IIIT_Intern/Tutorial_matrix/matrix_8_unopt/hls_config.cfg(1)
INFO: [HLS 200-1611] Setting target device to 'xczu28dr-ffvg1517-2-e'
INFO: [HLS 200-1465] Applying ini 'csim.code_analyzer=0' from C:/Users/Samarth/Desktop/IIIT_Intern/Tutorial_matrix/matrix_8_unopt/hls_config.cfg(10)
INFO: [HLS 200-1465] Applying ini 'package.output.format=ip_catalog' from C:/Users/Samarth/Desktop/IIIT_Intern/Tutorial_matrix/matrix_8_unopt/hls_config.cfg(5)
INFO: [HLS 200-1465] Applying ini 'syn.array_partition.throughput_driven=off' from C:/Users/Samarth/Desktop/IIIT_Intern/Tutorial_matrix/matrix_8_unopt/hls_config.cfg(12)
INFO: [HLS 200-1465] Applying ini 'syn.compile.enable_auto_rewind=0' from C:/Users/Samarth/Desktop/IIIT_Intern/Tutorial_matrix/matrix_8_unopt/hls_config.cfg(13)
INFO: [HLS 200-1465] Applying ini 'syn.compile.pipeline_flush_in_task=never' from C:/Users/Samarth/Desktop/IIIT_Intern/Tutorial_matrix/matrix_8_unopt/hls_config.cfg(15)
INFO: [HLS 200-1465] Applying ini 'syn.compile.pipeline_loops=100000000' from C:/Users/Samarth/Desktop/IIIT_Intern/Tutorial_matrix/matrix_8_unopt/hls_config.cfg(14)
INFO: [XFORM 203-1171] Pipeline the innermost loop with trip count more than 100000000 or its parent loop when its trip count is less than or equal 100000000.
INFO: [SIM 211-2] *************** CSIM start ***************
INFO: [SIM 211-4] CSIM will launch CLANG as the compiler.
INFO: [HLS 200-2036] Building debug C Simulation binaries
   Compiling ../../../../matrix_tb.cpp in debug mode
   Compiling ../../../../matrix.cpp in debug mode
   Generating csim.exe
In file included from ../../../../matrix_tb.cpp:1:
In file included from ../../../../matrix.h:3:
In file included from C:/Xilinx_2024_ent/Vitis/2024.2/include/ap_int.h:10:
In file included from C:/Xilinx_2024_ent/Vitis/2024.2/include/etc/ap_common.h:658:
In file included from C:/Xilinx_2024_ent/Vitis/2024.2/include/etc/ap_private.h:68:
In file included from C:/Xilinx_2024_ent/Vitis/2024.2/include/hls_half.h:26:
In file included from C:/Xilinx_2024_ent/Vitis/2024.2/include/etc/hls_half_fpo.h:19:
In file included from C:/Xilinx_2024_ent/Vitis/2024.2/include/hls_fpo.h:140:
In file included from C:/Xilinx_2024_ent/Vitis/2024.2/include/floating_point_v7_1_bitacc_cmodel.h:150:
C:/Xilinx_2024_ent/Vitis/2024.2/include/gmp.h:58:9: warning: '__GMP_LIBGMP_DLL' macro redefined [-Wmacro-redefined]
#define __GMP_LIBGMP_DLL  0
        ^
C:/Xilinx_2024_ent/Vitis/2024.2/include/floating_point_v7_1_bitacc_cmodel.h:142:9: note: previous definition is here
#define __GMP_LIBGMP_DLL 1
        ^
1 warning generated.
In file included from ../../../../matrix.cpp:1:
In file included from ../../../../matrix.h:3:
In file included from C:/Xilinx_2024_ent/Vitis/2024.2/include/ap_int.h:10:
In file included from C:/Xilinx_2024_ent/Vitis/2024.2/include/etc/ap_common.h:658:
In file included from C:/Xilinx_2024_ent/Vitis/2024.2/include/etc/ap_private.h:68:
In file included from C:/Xilinx_2024_ent/Vitis/2024.2/include/hls_half.h:26:
In file included from C:/Xilinx_2024_ent/Vitis/2024.2/include/etc/hls_half_fpo.h:19:
In file included from C:/Xilinx_2024_ent/Vitis/2024.2/include/hls_fpo.h:140:
In file included from C:/Xilinx_2024_ent/Vitis/2024.2/include/floating_point_v7_1_bitacc_cmodel.h:150:
C:/Xilinx_2024_ent/Vitis/2024.2/include/gmp.h:58:9: warning: '__GMP_LIBGMP_DLL' macro redefined [-Wmacro-redefined]
#define __GMP_LIBGMP_DLL  0
        ^
C:/Xilinx_2024_ent/Vitis/2024.2/include/floating_point_v7_1_bitacc_cmodel.h:142:9: note: previous definition is here
#define __GMP_LIBGMP_DLL 1
        ^
1 warning generated.
No errors!! Average RMSE over 10 runs: 0.000032
INFO [HLS SIM]: The maximum depth reached by any hls::stream() instance in the design is 20000
INFO: [SIM 211-1] CSim done with 0 errors.
INFO: [SIM 211-3] *************** CSIM finish ***************
INFO: [HLS 200-112] Total CPU user time: 2 seconds. Total CPU system time: 1 seconds. Total elapsed time: 11.201 seconds; peak allocated memory: 184.145 MB.
INFO: [vitis-run 60-791] Total elapsed time: 0h 0m 16s
