  **** HLS Build v2024.2 5238294
INFO: [HLS 200-2005] Using work_dir C:/Users/Samarth/Desktop/IIIT_Intern/Tutorial_matrix/matrix_100_opt/matrix_100_opt 
INFO: [HLS 200-1505] Using default flow_target 'vivado'
Resolution: For help on HLS 200-1505 see docs.xilinx.com/access/sources/dita/topic?Doc_Version=2024.2%20English&url=ug1448-hls-guidance&resourceid=200-1505.html
INFO: [HLS 200-1465] Applying ini 'syn.file=matrix.cpp' from C:/Users/Samarth/Desktop/IIIT_Intern/Tutorial_matrix/matrix_100_opt/hls_config.cfg(7)
INFO: [HLS 200-10] Adding design file 'C:/Users/Samarth/Desktop/IIIT_Intern/Tutorial_matrix/matrix_100_opt/matrix.cpp' to the project
INFO: [HLS 200-1465] Applying ini 'syn.file=matrix.h' from C:/Users/Samarth/Desktop/IIIT_Intern/Tutorial_matrix/matrix_100_opt/hls_config.cfg(8)
INFO: [HLS 200-10] Adding design file 'C:/Users/Samarth/Desktop/IIIT_Intern/Tutorial_matrix/matrix_100_opt/matrix.h' to the project
INFO: [HLS 200-1465] Applying ini 'tb.file=matrix_tb.cpp' from C:/Users/Samarth/Desktop/IIIT_Intern/Tutorial_matrix/matrix_100_opt/hls_config.cfg(9)
INFO: [HLS 200-10] Adding test bench file 'C:/Users/Samarth/Desktop/IIIT_Intern/Tutorial_matrix/matrix_100_opt/matrix_tb.cpp' to the project
INFO: [HLS 200-1465] Applying ini 'syn.top=matrixmul_100_opt' from C:/Users/Samarth/Desktop/IIIT_Intern/Tutorial_matrix/matrix_100_opt/hls_config.cfg(11)
INFO: [HLS 200-1465] Applying ini 'flow_target=vivado' from C:/Users/Samarth/Desktop/IIIT_Intern/Tutorial_matrix/matrix_100_opt/hls_config.cfg(4)
INFO: [HLS 200-1505] Using flow_target 'vivado'
Resolution: For help on HLS 200-1505 see docs.xilinx.com/access/sources/dita/topic?Doc_Version=2024.2%20English&url=ug1448-hls-guidance&resourceid=200-1505.html
INFO: [HLS 200-1465] Applying ini 'part=xczu28dr-ffvg1517-2-e' from C:/Users/Samarth/Desktop/IIIT_Intern/Tutorial_matrix/matrix_100_opt/hls_config.cfg(1)
INFO: [HLS 200-1611] Setting target device to 'xczu28dr-ffvg1517-2-e'
INFO: [HLS 200-1465] Applying ini 'csim.code_analyzer=0' from C:/Users/Samarth/Desktop/IIIT_Intern/Tutorial_matrix/matrix_100_opt/hls_config.cfg(10)
INFO: [HLS 200-1465] Applying ini 'package.output.format=ip_catalog' from C:/Users/Samarth/Desktop/IIIT_Intern/Tutorial_matrix/matrix_100_opt/hls_config.cfg(5)
INFO: [HLS 200-1465] Applying ini 'syn.unroll.tripcount_threshold=10000' from C:/Users/Samarth/Desktop/IIIT_Intern/Tutorial_matrix/matrix_100_opt/hls_config.cfg(12)
INFO: [XFORM 203-502] Automatic unrolling enabled: cut-off trip count is 10000.
INFO: [HLS 200-111] Finished File checks and directory preparation: CPU user time: 2 seconds. CPU system time: 1 seconds. Elapsed time: 3.126 seconds; current allocated memory: 183.266 MB.
INFO: [HLS 200-10] Analyzing design file 'matrix.cpp' ... 
INFO: [HLS 200-111] Finished Source Code Analysis and Preprocessing: CPU user time: 1 seconds. CPU system time: 0 seconds. Elapsed time: 7.301 seconds; current allocated memory: 186.344 MB.
INFO: [HLS 200-777] Using interface defaults for 'Vivado' flow target.
INFO: [HLS 200-1995] There were 387 instructions in the design after the 'Compile/Link' phase of compilation. See the Design Size Report for more details: C:/Users/Samarth/Desktop/IIIT_Intern/Tutorial_matrix/matrix_100_opt/matrix_100_opt/hls/syn/report/csynth_design_size.rpt
INFO: [HLS 200-1995] There were 761 instructions in the design after the 'Unroll/Inline (step 1)' phase of compilation. See the Design Size Report for more details: C:/Users/Samarth/Desktop/IIIT_Intern/Tutorial_matrix/matrix_100_opt/matrix_100_opt/hls/syn/report/csynth_design_size.rpt
INFO: [HLS 200-1995] There were 736 instructions in the design after the 'Unroll/Inline (step 2)' phase of compilation. See the Design Size Report for more details: C:/Users/Samarth/Desktop/IIIT_Intern/Tutorial_matrix/matrix_100_opt/matrix_100_opt/hls/syn/report/csynth_design_size.rpt
INFO: [HLS 200-1995] There were 728 instructions in the design after the 'Unroll/Inline (step 3)' phase of compilation. See the Design Size Report for more details: C:/Users/Samarth/Desktop/IIIT_Intern/Tutorial_matrix/matrix_100_opt/matrix_100_opt/hls/syn/report/csynth_design_size.rpt
INFO: [HLS 200-1995] There were 728 instructions in the design after the 'Unroll/Inline (step 4)' phase of compilation. See the Design Size Report for more details: C:/Users/Samarth/Desktop/IIIT_Intern/Tutorial_matrix/matrix_100_opt/matrix_100_opt/hls/syn/report/csynth_design_size.rpt
INFO: [HLS 200-1995] There were 21,926 instructions in the design after the 'Array/Struct (step 1)' phase of compilation. See the Design Size Report for more details: C:/Users/Samarth/Desktop/IIIT_Intern/Tutorial_matrix/matrix_100_opt/matrix_100_opt/hls/syn/report/csynth_design_size.rpt
INFO: [HLS 200-1995] There were 2,126 instructions in the design after the 'Array/Struct (step 2)' phase of compilation. See the Design Size Report for more details: C:/Users/Samarth/Desktop/IIIT_Intern/Tutorial_matrix/matrix_100_opt/matrix_100_opt/hls/syn/report/csynth_design_size.rpt
INFO: [HLS 200-1995] There were 2,126 instructions in the design after the 'Array/Struct (step 3)' phase of compilation. See the Design Size Report for more details: C:/Users/Samarth/Desktop/IIIT_Intern/Tutorial_matrix/matrix_100_opt/matrix_100_opt/hls/syn/report/csynth_design_size.rpt
INFO: [HLS 200-1995] There were 2,126 instructions in the design after the 'Array/Struct (step 4)' phase of compilation. See the Design Size Report for more details: C:/Users/Samarth/Desktop/IIIT_Intern/Tutorial_matrix/matrix_100_opt/matrix_100_opt/hls/syn/report/csynth_design_size.rpt
INFO: [HLS 200-1995] There were 2,125 instructions in the design after the 'Array/Struct (step 5)' phase of compilation. See the Design Size Report for more details: C:/Users/Samarth/Desktop/IIIT_Intern/Tutorial_matrix/matrix_100_opt/matrix_100_opt/hls/syn/report/csynth_design_size.rpt
INFO: [HLS 200-1995] There were 2,120 instructions in the design after the 'Performance' phase of compilation. See the Design Size Report for more details: C:/Users/Samarth/Desktop/IIIT_Intern/Tutorial_matrix/matrix_100_opt/matrix_100_opt/hls/syn/report/csynth_design_size.rpt
WARNING: [HLS 200-1995] There were 106,041 instructions in the design after the 'Performance (step 2)' phase of compilation. See the Design Size Report for more details: C:/Users/Samarth/Desktop/IIIT_Intern/Tutorial_matrix/matrix_100_opt/matrix_100_opt/hls/syn/report/csynth_design_size.rpt
INFO: [HLS 200-1995] There were 95,148 instructions in the design after the 'Performance (step 3)' phase of compilation. See the Design Size Report for more details: C:/Users/Samarth/Desktop/IIIT_Intern/Tutorial_matrix/matrix_100_opt/matrix_100_opt/hls/syn/report/csynth_design_size.rpt
INFO: [HLS 200-1995] There were 95,148 instructions in the design after the 'Performance (step 4)' phase of compilation. See the Design Size Report for more details: C:/Users/Samarth/Desktop/IIIT_Intern/Tutorial_matrix/matrix_100_opt/matrix_100_opt/hls/syn/report/csynth_design_size.rpt
