INFO: [HLS 200-10] Running 'C:/Xilinx_HLS/Vivado/2019.2/bin/unwrapped/win64.o/vivado_hls.exe'
INFO: [HLS 200-10] For user 'Samarth' on host 'samarth-asus' (Windows NT_amd64 version 6.2) on Thu Mar 27 12:29:59 +0530 2025
INFO: [HLS 200-10] In directory 'C:/Users/Samarth/OneDrive/Desktop/IIT/IIIT_Intern/Training/Lab1'
Sourcing Tcl script 'C:/Users/Samarth/OneDrive/Desktop/IIT/IIIT_Intern/Training/Lab1/live_find/solution1/export.tcl'
INFO: [HLS 200-10] Opening project 'C:/Users/Samarth/OneDrive/Desktop/IIT/IIIT_Intern/Training/Lab1/live_find'.
INFO: [HLS 200-10] Opening solution 'C:/Users/Samarth/OneDrive/Desktop/IIT/IIIT_Intern/Training/Lab1/live_find/solution1'.
INFO: [SYN 201-201] Setting up clock 'default' with a period of 10ns.
INFO: [SYN 201-201] Setting up clock 'default' with an uncertainty of 1.25ns.
INFO: [HLS 200-10] Setting target device to 'xc7z020-clg484-1'
INFO: [HLS 200-435] Setting 'config_sdx -optimization_level' configuration: config_export -vivado_optimization_level=2
INFO: [HLS 200-435] Setting 'config_sdx -target' configuration: config_export -vivado_optimization_level=2
INFO: [HLS 200-435] Setting 'config_sdx -target' configuration: set_clock_uncertainty default
INFO: [IMPL 213-8] Exporting RTL as a Vivado IP.

****** Vivado v2019.2 (64-bit)
  **** SW Build 2708876 on Wed Nov  6 21:40:23 MST 2019
  **** IP Build 2700528 on Thu Nov  7 00:09:20 MST 2019
    ** Copyright 1986-2019 Xilinx, Inc. All Rights Reserved.

source run_ippack.tcl -notrace
INFO: [IP_Flow 19-234] Refreshing IP repositories
INFO: [IP_Flow 19-1704] No user IP repositories specified
INFO: [IP_Flow 19-2313] Loaded Vivado IP repository 'C:/Xilinx_HLS/Vivado/2019.2/data/ip'.
INFO: [Common 17-206] Exiting Vivado at Thu Mar 27 12:30:14 2025...
