05/22/25 15:57:16: Running xcd server. This server was built by gradle.
05/22/25 15:57:16: Server was asked to start on port: '60764'
05/22/25 15:57:16: Server is using token UUID: '23ec8bfe-c479-4b86-a380-d23dcaabc3cf'
05/22/25 15:57:16: SESSION_MGR: creating session with session uuid: '6d04a3e9-ade5-4ab9-8d63-1f78fcd2ec76' and name 'default'
05/22/25 15:57:16: Attempting to start server on port '60764'
05/22/25 15:57:16: Running Dispatch Server
05/22/25 15:57:16: Version 2.2.0
05/22/25 15:57:17: Dispatch Server: Accepted socket connection from client
05/22/25 15:57:17: Starting Socket connection
05/22/25 15:57:17: EXCHANGE_TOKEN received, server token: 23ec8bfe-c479-4b86-a380-d23dcaabc3cf, passed token: 23ec8bfe-c479-4b86-a380-d23dcaabc3cf
05/22/25 15:57:18: DISPATCH_HANDLER: Adding handler from function makeHandler in library xv_system_diagram
05/22/25 15:57:18: SESSION_MGR: creating session with session uuid: '2854ab23-3db0-4ad7-b4d5-8bb71be39987' and name 'vitis-run_compile_matrixmul_3'
05/22/25 15:57:18: KERNEL_SVC: creating session with uuid: '2854ab23-3db0-4ad7-b4d5-8bb71be39987' and name 'vitis-run_compile_matrixmul_3'
05/22/25 15:57:18: GUIDANCE_SMGR: creating guidance session with uuid: '2854ab23-3db0-4ad7-b4d5-8bb71be39987' and name 'vitis-run_compile_matrixmul_3'
05/22/25 15:57:18: SYSTEM_DIAGRAM: creating session with uuid: '2854ab23-3db0-4ad7-b4d5-8bb71be39987' and name 'vitis-run_compile_matrixmul_3'
05/22/25 15:57:23: Dispatch Server: Accepted socket connection from client
05/22/25 15:57:23: Starting Socket connection
05/22/25 15:57:39: SESSION_MGR: closing session for UUID '2854ab23-3db0-4ad7-b4d5-8bb71be39987' with name 'vitis-run_compile_matrixmul_3'
05/22/25 15:57:39: KERNEL_SVC: closing session for UUID '2854ab23-3db0-4ad7-b4d5-8bb71be39987' with name 'vitis-run_compile_matrixmul_3'
05/22/25 15:57:39: GUIDANCE_SMGR: closing session for UUID '2854ab23-3db0-4ad7-b4d5-8bb71be39987' with name 'vitis-run_compile_matrixmul_3'
05/22/25 15:57:39: SYSTEM_DIAGRAM: closing session for UUID '2854ab23-3db0-4ad7-b4d5-8bb71be39987' with name 'vitis-run_compile_matrixmul_3'
05/22/25 15:57:39: STOP_SERVER received, server token: 23ec8bfe-c479-4b86-a380-d23dcaabc3cf, passed token: 23ec8bfe-c479-4b86-a380-d23dcaabc3cf
05/22/25 15:57:39: Socket received request to stop server.
05/22/25 15:57:39: Dispatch Server: do_await_stop
05/22/25 15:57:39: SERVER: destructor for server bound to port 60764
05/22/25 15:57:47: Running xcd server. This server was built by gradle.
05/22/25 15:57:47: Server was asked to start on port: '60785'
05/22/25 15:57:47: Server is using token UUID: 'd0bb711c-12bf-49ee-a998-c0d44871637c'
05/22/25 15:57:47: SESSION_MGR: creating session with session uuid: '6d04a3e9-ade5-4ab9-8d63-1f78fcd2ec76' and name 'default'
05/22/25 15:57:47: Attempting to start server on port '60785'
05/22/25 15:57:47: Running Dispatch Server
05/22/25 15:57:47: Version 2.2.0
05/22/25 15:57:48: Dispatch Server: Accepted socket connection from client
05/22/25 15:57:48: Starting Socket connection
05/22/25 15:57:48: EXCHANGE_TOKEN received, server token: d0bb711c-12bf-49ee-a998-c0d44871637c, passed token: d0bb711c-12bf-49ee-a998-c0d44871637c
05/22/25 15:57:49: DISPATCH_HANDLER: Adding handler from function makeHandler in library xv_system_diagram
05/22/25 15:57:49: SESSION_MGR: creating session with session uuid: '032b1898-f98b-4434-8df3-00eed914cc5d' and name 'v++_compile_matrixmul_3'
05/22/25 15:57:49: KERNEL_SVC: creating session with uuid: '032b1898-f98b-4434-8df3-00eed914cc5d' and name 'v++_compile_matrixmul_3'
05/22/25 15:57:49: GUIDANCE_SMGR: creating guidance session with uuid: '032b1898-f98b-4434-8df3-00eed914cc5d' and name 'v++_compile_matrixmul_3'
05/22/25 15:57:49: SYSTEM_DIAGRAM: creating session with uuid: '032b1898-f98b-4434-8df3-00eed914cc5d' and name 'v++_compile_matrixmul_3'
05/22/25 15:57:53: Dispatch Server: Accepted socket connection from client
05/22/25 15:57:53: Starting Socket connection
05/22/25 15:58:16: SESSION_MGR: closing session for UUID '032b1898-f98b-4434-8df3-00eed914cc5d' with name 'v++_compile_matrixmul_3'
05/22/25 15:58:16: KERNEL_SVC: closing session for UUID '032b1898-f98b-4434-8df3-00eed914cc5d' with name 'v++_compile_matrixmul_3'
05/22/25 15:58:16: GUIDANCE_SMGR: closing session for UUID '032b1898-f98b-4434-8df3-00eed914cc5d' with name 'v++_compile_matrixmul_3'
05/22/25 15:58:16: SYSTEM_DIAGRAM: closing session for UUID '032b1898-f98b-4434-8df3-00eed914cc5d' with name 'v++_compile_matrixmul_3'
05/22/25 15:58:17: STOP_SERVER received, server token: d0bb711c-12bf-49ee-a998-c0d44871637c, passed token: d0bb711c-12bf-49ee-a998-c0d44871637c
05/22/25 15:58:17: Socket received request to stop server.
05/22/25 15:58:17: Dispatch Server: do_await_stop
05/22/25 15:58:17: SERVER: destructor for server bound to port 60785
