Execute     source -notrace -encoding utf-8 C:/Xilinx_2024_ent/Vitis/2024.2/tps/tcl/tcl8.6/clock.tcl 
Execute       source -encoding utf-8 C:/Xilinx_2024_ent/Vitis/2024.2/tps/tcl/tcl8/8.5/msgcat-1.6.1.tm 
Execute         source C:/Xilinx_2024_ent/Vitis/2024.2/tps/tcl/tcllib1.11.1/amazon-s3/pkgIndex.tcl 
Execute         source C:/Xilinx_2024_ent/Vitis/2024.2/tps/tcl/tcllib1.11.1/asn/pkgIndex.tcl 
Execute         source C:/Xilinx_2024_ent/Vitis/2024.2/tps/tcl/tcllib1.11.1/base32/pkgIndex.tcl 
Execute         source C:/Xilinx_2024_ent/Vitis/2024.2/tps/tcl/tcllib1.11.1/base64/pkgIndex.tcl 
Execute         source C:/Xilinx_2024_ent/Vitis/2024.2/tps/tcl/tcllib1.11.1/bee/pkgIndex.tcl 
Execute         source C:/Xilinx_2024_ent/Vitis/2024.2/tps/tcl/tcllib1.11.1/bench/pkgIndex.tcl 
Execute         source C:/Xilinx_2024_ent/Vitis/2024.2/tps/tcl/tcllib1.11.1/bibtex/pkgIndex.tcl 
Execute         source C:/Xilinx_2024_ent/Vitis/2024.2/tps/tcl/tcllib1.11.1/cache/pkgIndex.tcl 
Execute         source C:/Xilinx_2024_ent/Vitis/2024.2/tps/tcl/tcllib1.11.1/cmdline/pkgIndex.tcl 
Execute         source C:/Xilinx_2024_ent/Vitis/2024.2/tps/tcl/tcllib1.11.1/comm/pkgIndex.tcl 
Execute         source C:/Xilinx_2024_ent/Vitis/2024.2/tps/tcl/tcllib1.11.1/control/pkgIndex.tcl 
Execute         source C:/Xilinx_2024_ent/Vitis/2024.2/tps/tcl/tcllib1.11.1/counter/pkgIndex.tcl 
Execute         source C:/Xilinx_2024_ent/Vitis/2024.2/tps/tcl/tcllib1.11.1/crc/pkgIndex.tcl 
Execute         source C:/Xilinx_2024_ent/Vitis/2024.2/tps/tcl/tcllib1.11.1/csv/pkgIndex.tcl 
Execute         source C:/Xilinx_2024_ent/Vitis/2024.2/tps/tcl/tcllib1.11.1/dns/pkgIndex.tcl 
Execute         source C:/Xilinx_2024_ent/Vitis/2024.2/tps/tcl/tcllib1.11.1/docstrip/pkgIndex.tcl 
Execute         source C:/Xilinx_2024_ent/Vitis/2024.2/tps/tcl/tcllib1.11.1/doctools/pkgIndex.tcl 
Execute         source C:/Xilinx_2024_ent/Vitis/2024.2/tps/tcl/tcllib1.11.1/exif/pkgIndex.tcl 
Execute         source C:/Xilinx_2024_ent/Vitis/2024.2/tps/tcl/tcllib1.11.1/fileutil/pkgIndex.tcl 
Execute         source C:/Xilinx_2024_ent/Vitis/2024.2/tps/tcl/tcllib1.11.1/ftp/pkgIndex.tcl 
Execute         source C:/Xilinx_2024_ent/Vitis/2024.2/tps/tcl/tcllib1.11.1/ftpd/pkgIndex.tcl 
Execute         source C:/Xilinx_2024_ent/Vitis/2024.2/tps/tcl/tcllib1.11.1/fumagic/pkgIndex.tcl 
Execute         source C:/Xilinx_2024_ent/Vitis/2024.2/tps/tcl/tcllib1.11.1/grammar_fa/pkgIndex.tcl 
Execute         source C:/Xilinx_2024_ent/Vitis/2024.2/tps/tcl/tcllib1.11.1/grammar_me/pkgIndex.tcl 
Execute         source C:/Xilinx_2024_ent/Vitis/2024.2/tps/tcl/tcllib1.11.1/grammar_peg/pkgIndex.tcl 
Execute         source C:/Xilinx_2024_ent/Vitis/2024.2/tps/tcl/tcllib1.11.1/html/pkgIndex.tcl 
Execute         source C:/Xilinx_2024_ent/Vitis/2024.2/tps/tcl/tcllib1.11.1/htmlparse/pkgIndex.tcl 
Execute         source C:/Xilinx_2024_ent/Vitis/2024.2/tps/tcl/tcllib1.11.1/http/pkgIndex.tcl 
Execute         source C:/Xilinx_2024_ent/Vitis/2024.2/tps/tcl/tcllib1.11.1/ident/pkgIndex.tcl 
Execute         source C:/Xilinx_2024_ent/Vitis/2024.2/tps/tcl/tcllib1.11.1/inifile/pkgIndex.tcl 
Execute         source C:/Xilinx_2024_ent/Vitis/2024.2/tps/tcl/tcllib1.11.1/interp/pkgIndex.tcl 
Execute         source C:/Xilinx_2024_ent/Vitis/2024.2/tps/tcl/tcllib1.11.1/irc/pkgIndex.tcl 
Execute         source C:/Xilinx_2024_ent/Vitis/2024.2/tps/tcl/tcllib1.11.1/javascript/pkgIndex.tcl 
Execute         source C:/Xilinx_2024_ent/Vitis/2024.2/tps/tcl/tcllib1.11.1/jpeg/pkgIndex.tcl 
Execute         source C:/Xilinx_2024_ent/Vitis/2024.2/tps/tcl/tcllib1.11.1/json/pkgIndex.tcl 
Execute         source C:/Xilinx_2024_ent/Vitis/2024.2/tps/tcl/tcllib1.11.1/ldap/pkgIndex.tcl 
Execute         source C:/Xilinx_2024_ent/Vitis/2024.2/tps/tcl/tcllib1.11.1/log/pkgIndex.tcl 
Execute         source C:/Xilinx_2024_ent/Vitis/2024.2/tps/tcl/tcllib1.11.1/map/pkgIndex.tcl 
Execute         source C:/Xilinx_2024_ent/Vitis/2024.2/tps/tcl/tcllib1.11.1/mapproj/pkgIndex.tcl 
Execute         source C:/Xilinx_2024_ent/Vitis/2024.2/tps/tcl/tcllib1.11.1/math/pkgIndex.tcl 
Execute         source C:/Xilinx_2024_ent/Vitis/2024.2/tps/tcl/tcllib1.11.1/md4/pkgIndex.tcl 
Execute         source C:/Xilinx_2024_ent/Vitis/2024.2/tps/tcl/tcllib1.11.1/md5/pkgIndex.tcl 
Execute         source C:/Xilinx_2024_ent/Vitis/2024.2/tps/tcl/tcllib1.11.1/md5crypt/pkgIndex.tcl 
Execute         source C:/Xilinx_2024_ent/Vitis/2024.2/tps/tcl/tcllib1.11.1/mime/pkgIndex.tcl 
Execute         source C:/Xilinx_2024_ent/Vitis/2024.2/tps/tcl/tcllib1.11.1/multiplexer/pkgIndex.tcl 
Execute         source C:/Xilinx_2024_ent/Vitis/2024.2/tps/tcl/tcllib1.11.1/ncgi/pkgIndex.tcl 
Execute         source C:/Xilinx_2024_ent/Vitis/2024.2/tps/tcl/tcllib1.11.1/nmea/pkgIndex.tcl 
Execute         source C:/Xilinx_2024_ent/Vitis/2024.2/tps/tcl/tcllib1.11.1/nns/pkgIndex.tcl 
Execute         source C:/Xilinx_2024_ent/Vitis/2024.2/tps/tcl/tcllib1.11.1/nntp/pkgIndex.tcl 
Execute         source C:/Xilinx_2024_ent/Vitis/2024.2/tps/tcl/tcllib1.11.1/ntp/pkgIndex.tcl 
Execute         source C:/Xilinx_2024_ent/Vitis/2024.2/tps/tcl/tcllib1.11.1/otp/pkgIndex.tcl 
Execute         source C:/Xilinx_2024_ent/Vitis/2024.2/tps/tcl/tcllib1.11.1/page/pkgIndex.tcl 
Execute         source C:/Xilinx_2024_ent/Vitis/2024.2/tps/tcl/tcllib1.11.1/pluginmgr/pkgIndex.tcl 
Execute         source C:/Xilinx_2024_ent/Vitis/2024.2/tps/tcl/tcllib1.11.1/png/pkgIndex.tcl 
Execute         source C:/Xilinx_2024_ent/Vitis/2024.2/tps/tcl/tcllib1.11.1/pop3/pkgIndex.tcl 
Execute         source C:/Xilinx_2024_ent/Vitis/2024.2/tps/tcl/tcllib1.11.1/pop3d/pkgIndex.tcl 
Execute         source C:/Xilinx_2024_ent/Vitis/2024.2/tps/tcl/tcllib1.11.1/profiler/pkgIndex.tcl 
Execute         source C:/Xilinx_2024_ent/Vitis/2024.2/tps/tcl/tcllib1.11.1/rcs/pkgIndex.tcl 
Execute         source C:/Xilinx_2024_ent/Vitis/2024.2/tps/tcl/tcllib1.11.1/report/pkgIndex.tcl 
Execute         source C:/Xilinx_2024_ent/Vitis/2024.2/tps/tcl/tcllib1.11.1/ripemd/pkgIndex.tcl 
Execute         source C:/Xilinx_2024_ent/Vitis/2024.2/tps/tcl/tcllib1.11.1/sasl/pkgIndex.tcl 
Execute         source C:/Xilinx_2024_ent/Vitis/2024.2/tps/tcl/tcllib1.11.1/sha1/pkgIndex.tcl 
Execute         source C:/Xilinx_2024_ent/Vitis/2024.2/tps/tcl/tcllib1.11.1/simulation/pkgIndex.tcl 
Execute         source C:/Xilinx_2024_ent/Vitis/2024.2/tps/tcl/tcllib1.11.1/smtpd/pkgIndex.tcl 
Execute         source C:/Xilinx_2024_ent/Vitis/2024.2/tps/tcl/tcllib1.11.1/snit/pkgIndex.tcl 
Execute         source C:/Xilinx_2024_ent/Vitis/2024.2/tps/tcl/tcllib1.11.1/soundex/pkgIndex.tcl 
Execute         source C:/Xilinx_2024_ent/Vitis/2024.2/tps/tcl/tcllib1.11.1/stooop/pkgIndex.tcl 
Execute         source C:/Xilinx_2024_ent/Vitis/2024.2/tps/tcl/tcllib1.11.1/stringprep/pkgIndex.tcl 
Execute         source C:/Xilinx_2024_ent/Vitis/2024.2/tps/tcl/tcllib1.11.1/struct/pkgIndex.tcl 
Execute         source C:/Xilinx_2024_ent/Vitis/2024.2/tps/tcl/tcllib1.11.1/tar/pkgIndex.tcl 
Execute         source C:/Xilinx_2024_ent/Vitis/2024.2/tps/tcl/tcllib1.11.1/term/pkgIndex.tcl 
Execute         source C:/Xilinx_2024_ent/Vitis/2024.2/tps/tcl/tcllib1.11.1/textutil/pkgIndex.tcl 
Execute         source C:/Xilinx_2024_ent/Vitis/2024.2/tps/tcl/tcllib1.11.1/tie/pkgIndex.tcl 
Execute         source C:/Xilinx_2024_ent/Vitis/2024.2/tps/tcl/tcllib1.11.1/tiff/pkgIndex.tcl 
Execute         source C:/Xilinx_2024_ent/Vitis/2024.2/tps/tcl/tcllib1.11.1/transfer/pkgIndex.tcl 
Execute         source C:/Xilinx_2024_ent/Vitis/2024.2/tps/tcl/tcllib1.11.1/treeql/pkgIndex.tcl 
Execute         source C:/Xilinx_2024_ent/Vitis/2024.2/tps/tcl/tcllib1.11.1/try/pkgIndex.tcl 
Execute         source C:/Xilinx_2024_ent/Vitis/2024.2/tps/tcl/tcllib1.11.1/uev/pkgIndex.tcl 
Execute         source C:/Xilinx_2024_ent/Vitis/2024.2/tps/tcl/tcllib1.11.1/units/pkgIndex.tcl 
Execute         source C:/Xilinx_2024_ent/Vitis/2024.2/tps/tcl/tcllib1.11.1/uri/pkgIndex.tcl 
Execute         source C:/Xilinx_2024_ent/Vitis/2024.2/tps/tcl/tcllib1.11.1/uuid/pkgIndex.tcl 
Execute         source C:/Xilinx_2024_ent/Vitis/2024.2/tps/tcl/tcllib1.11.1/wip/pkgIndex.tcl 
Execute         source C:/Xilinx_2024_ent/Vitis/2024.2/tps/tcl/tcllib1.11.1/yaml/pkgIndex.tcl 
Execute         source C:/Xilinx_2024_ent/Vitis/2024.2/tps/tcl/tcllib1.11.1/pkgIndex.tcl 
Execute         source C:/Xilinx_2024_ent/Vitis/2024.2/tps/tcl/tk8.6/pkgIndex.tcl 
Execute         source C:/Xilinx_2024_ent/Vitis/2024.2/tps/tcl/tcl8.6/http1.0/pkgIndex.tcl 
Execute         source C:/Xilinx_2024_ent/Vitis/2024.2/tps/tcl/tcl8.6/opt0.4/pkgIndex.tcl 
Execute         source C:/Xilinx_2024_ent/Vitis/2024.2/tps/tcl/tcl8.6/pkgs/win/thread2.8.7/pkgIndex.tcl 
Execute       source C:/Xilinx_2024_ent/Vitis/2024.2/tps/tcl/tcllib1.11.1/amazon-s3/pkgIndex.tcl 
Execute       source C:/Xilinx_2024_ent/Vitis/2024.2/tps/tcl/tcllib1.11.1/asn/pkgIndex.tcl 
Execute       source C:/Xilinx_2024_ent/Vitis/2024.2/tps/tcl/tcllib1.11.1/base32/pkgIndex.tcl 
Execute       source C:/Xilinx_2024_ent/Vitis/2024.2/tps/tcl/tcllib1.11.1/base64/pkgIndex.tcl 
Execute       source C:/Xilinx_2024_ent/Vitis/2024.2/tps/tcl/tcllib1.11.1/bee/pkgIndex.tcl 
Execute       source C:/Xilinx_2024_ent/Vitis/2024.2/tps/tcl/tcllib1.11.1/bench/pkgIndex.tcl 
Execute       source C:/Xilinx_2024_ent/Vitis/2024.2/tps/tcl/tcllib1.11.1/bibtex/pkgIndex.tcl 
Execute       source C:/Xilinx_2024_ent/Vitis/2024.2/tps/tcl/tcllib1.11.1/cache/pkgIndex.tcl 
Execute       source C:/Xilinx_2024_ent/Vitis/2024.2/tps/tcl/tcllib1.11.1/cmdline/pkgIndex.tcl 
Execute       source C:/Xilinx_2024_ent/Vitis/2024.2/tps/tcl/tcllib1.11.1/comm/pkgIndex.tcl 
Execute       source C:/Xilinx_2024_ent/Vitis/2024.2/tps/tcl/tcllib1.11.1/control/pkgIndex.tcl 
Execute       source C:/Xilinx_2024_ent/Vitis/2024.2/tps/tcl/tcllib1.11.1/counter/pkgIndex.tcl 
Execute       source C:/Xilinx_2024_ent/Vitis/2024.2/tps/tcl/tcllib1.11.1/crc/pkgIndex.tcl 
Execute       source C:/Xilinx_2024_ent/Vitis/2024.2/tps/tcl/tcllib1.11.1/csv/pkgIndex.tcl 
Execute       source C:/Xilinx_2024_ent/Vitis/2024.2/tps/tcl/tcllib1.11.1/dns/pkgIndex.tcl 
Execute       source C:/Xilinx_2024_ent/Vitis/2024.2/tps/tcl/tcllib1.11.1/docstrip/pkgIndex.tcl 
Execute       source C:/Xilinx_2024_ent/Vitis/2024.2/tps/tcl/tcllib1.11.1/doctools/pkgIndex.tcl 
Execute       source C:/Xilinx_2024_ent/Vitis/2024.2/tps/tcl/tcllib1.11.1/exif/pkgIndex.tcl 
Execute       source C:/Xilinx_2024_ent/Vitis/2024.2/tps/tcl/tcllib1.11.1/fileutil/pkgIndex.tcl 
Execute       source C:/Xilinx_2024_ent/Vitis/2024.2/tps/tcl/tcllib1.11.1/ftp/pkgIndex.tcl 
Execute       source C:/Xilinx_2024_ent/Vitis/2024.2/tps/tcl/tcllib1.11.1/ftpd/pkgIndex.tcl 
Execute       source C:/Xilinx_2024_ent/Vitis/2024.2/tps/tcl/tcllib1.11.1/fumagic/pkgIndex.tcl 
Execute       source C:/Xilinx_2024_ent/Vitis/2024.2/tps/tcl/tcllib1.11.1/grammar_fa/pkgIndex.tcl 
Execute       source C:/Xilinx_2024_ent/Vitis/2024.2/tps/tcl/tcllib1.11.1/grammar_me/pkgIndex.tcl 
Execute       source C:/Xilinx_2024_ent/Vitis/2024.2/tps/tcl/tcllib1.11.1/grammar_peg/pkgIndex.tcl 
Execute       source C:/Xilinx_2024_ent/Vitis/2024.2/tps/tcl/tcllib1.11.1/html/pkgIndex.tcl 
Execute       source C:/Xilinx_2024_ent/Vitis/2024.2/tps/tcl/tcllib1.11.1/htmlparse/pkgIndex.tcl 
Execute       source C:/Xilinx_2024_ent/Vitis/2024.2/tps/tcl/tcllib1.11.1/http/pkgIndex.tcl 
Execute       source C:/Xilinx_2024_ent/Vitis/2024.2/tps/tcl/tcllib1.11.1/ident/pkgIndex.tcl 
Execute       source C:/Xilinx_2024_ent/Vitis/2024.2/tps/tcl/tcllib1.11.1/inifile/pkgIndex.tcl 
Execute       source C:/Xilinx_2024_ent/Vitis/2024.2/tps/tcl/tcllib1.11.1/interp/pkgIndex.tcl 
Execute       source C:/Xilinx_2024_ent/Vitis/2024.2/tps/tcl/tcllib1.11.1/irc/pkgIndex.tcl 
Execute       source C:/Xilinx_2024_ent/Vitis/2024.2/tps/tcl/tcllib1.11.1/javascript/pkgIndex.tcl 
Execute       source C:/Xilinx_2024_ent/Vitis/2024.2/tps/tcl/tcllib1.11.1/jpeg/pkgIndex.tcl 
Execute       source C:/Xilinx_2024_ent/Vitis/2024.2/tps/tcl/tcllib1.11.1/json/pkgIndex.tcl 
Execute       source C:/Xilinx_2024_ent/Vitis/2024.2/tps/tcl/tcllib1.11.1/ldap/pkgIndex.tcl 
Execute       source C:/Xilinx_2024_ent/Vitis/2024.2/tps/tcl/tcllib1.11.1/log/pkgIndex.tcl 
Execute       source C:/Xilinx_2024_ent/Vitis/2024.2/tps/tcl/tcllib1.11.1/map/pkgIndex.tcl 
Execute       source C:/Xilinx_2024_ent/Vitis/2024.2/tps/tcl/tcllib1.11.1/mapproj/pkgIndex.tcl 
Execute       source C:/Xilinx_2024_ent/Vitis/2024.2/tps/tcl/tcllib1.11.1/math/pkgIndex.tcl 
Execute       source C:/Xilinx_2024_ent/Vitis/2024.2/tps/tcl/tcllib1.11.1/md4/pkgIndex.tcl 
Execute       source C:/Xilinx_2024_ent/Vitis/2024.2/tps/tcl/tcllib1.11.1/md5/pkgIndex.tcl 
Execute       source C:/Xilinx_2024_ent/Vitis/2024.2/tps/tcl/tcllib1.11.1/md5crypt/pkgIndex.tcl 
Execute       source C:/Xilinx_2024_ent/Vitis/2024.2/tps/tcl/tcllib1.11.1/mime/pkgIndex.tcl 
Execute       source C:/Xilinx_2024_ent/Vitis/2024.2/tps/tcl/tcllib1.11.1/multiplexer/pkgIndex.tcl 
Execute       source C:/Xilinx_2024_ent/Vitis/2024.2/tps/tcl/tcllib1.11.1/ncgi/pkgIndex.tcl 
Execute       source C:/Xilinx_2024_ent/Vitis/2024.2/tps/tcl/tcllib1.11.1/nmea/pkgIndex.tcl 
Execute       source C:/Xilinx_2024_ent/Vitis/2024.2/tps/tcl/tcllib1.11.1/nns/pkgIndex.tcl 
Execute       source C:/Xilinx_2024_ent/Vitis/2024.2/tps/tcl/tcllib1.11.1/nntp/pkgIndex.tcl 
Execute       source C:/Xilinx_2024_ent/Vitis/2024.2/tps/tcl/tcllib1.11.1/ntp/pkgIndex.tcl 
Execute       source C:/Xilinx_2024_ent/Vitis/2024.2/tps/tcl/tcllib1.11.1/otp/pkgIndex.tcl 
Execute       source C:/Xilinx_2024_ent/Vitis/2024.2/tps/tcl/tcllib1.11.1/page/pkgIndex.tcl 
Execute       source C:/Xilinx_2024_ent/Vitis/2024.2/tps/tcl/tcllib1.11.1/pluginmgr/pkgIndex.tcl 
Execute       source C:/Xilinx_2024_ent/Vitis/2024.2/tps/tcl/tcllib1.11.1/png/pkgIndex.tcl 
Execute       source C:/Xilinx_2024_ent/Vitis/2024.2/tps/tcl/tcllib1.11.1/pop3/pkgIndex.tcl 
Execute       source C:/Xilinx_2024_ent/Vitis/2024.2/tps/tcl/tcllib1.11.1/pop3d/pkgIndex.tcl 
Execute       source C:/Xilinx_2024_ent/Vitis/2024.2/tps/tcl/tcllib1.11.1/profiler/pkgIndex.tcl 
Execute       source C:/Xilinx_2024_ent/Vitis/2024.2/tps/tcl/tcllib1.11.1/rcs/pkgIndex.tcl 
Execute       source C:/Xilinx_2024_ent/Vitis/2024.2/tps/tcl/tcllib1.11.1/report/pkgIndex.tcl 
Execute       source C:/Xilinx_2024_ent/Vitis/2024.2/tps/tcl/tcllib1.11.1/ripemd/pkgIndex.tcl 
Execute       source C:/Xilinx_2024_ent/Vitis/2024.2/tps/tcl/tcllib1.11.1/sasl/pkgIndex.tcl 
Execute       source C:/Xilinx_2024_ent/Vitis/2024.2/tps/tcl/tcllib1.11.1/sha1/pkgIndex.tcl 
Execute       source C:/Xilinx_2024_ent/Vitis/2024.2/tps/tcl/tcllib1.11.1/simulation/pkgIndex.tcl 
Execute       source C:/Xilinx_2024_ent/Vitis/2024.2/tps/tcl/tcllib1.11.1/smtpd/pkgIndex.tcl 
Execute       source C:/Xilinx_2024_ent/Vitis/2024.2/tps/tcl/tcllib1.11.1/snit/pkgIndex.tcl 
Execute       source C:/Xilinx_2024_ent/Vitis/2024.2/tps/tcl/tcllib1.11.1/soundex/pkgIndex.tcl 
Execute       source C:/Xilinx_2024_ent/Vitis/2024.2/tps/tcl/tcllib1.11.1/stooop/pkgIndex.tcl 
Execute       source C:/Xilinx_2024_ent/Vitis/2024.2/tps/tcl/tcllib1.11.1/stringprep/pkgIndex.tcl 
Execute       source C:/Xilinx_2024_ent/Vitis/2024.2/tps/tcl/tcllib1.11.1/struct/pkgIndex.tcl 
Execute       source C:/Xilinx_2024_ent/Vitis/2024.2/tps/tcl/tcllib1.11.1/tar/pkgIndex.tcl 
Execute       source C:/Xilinx_2024_ent/Vitis/2024.2/tps/tcl/tcllib1.11.1/term/pkgIndex.tcl 
Execute       source C:/Xilinx_2024_ent/Vitis/2024.2/tps/tcl/tcllib1.11.1/textutil/pkgIndex.tcl 
Execute       source C:/Xilinx_2024_ent/Vitis/2024.2/tps/tcl/tcllib1.11.1/tie/pkgIndex.tcl 
Execute       source C:/Xilinx_2024_ent/Vitis/2024.2/tps/tcl/tcllib1.11.1/tiff/pkgIndex.tcl 
Execute       source C:/Xilinx_2024_ent/Vitis/2024.2/tps/tcl/tcllib1.11.1/transfer/pkgIndex.tcl 
Execute       source C:/Xilinx_2024_ent/Vitis/2024.2/tps/tcl/tcllib1.11.1/treeql/pkgIndex.tcl 
Execute       source C:/Xilinx_2024_ent/Vitis/2024.2/tps/tcl/tcllib1.11.1/try/pkgIndex.tcl 
Execute       source C:/Xilinx_2024_ent/Vitis/2024.2/tps/tcl/tcllib1.11.1/uev/pkgIndex.tcl 
Execute       source C:/Xilinx_2024_ent/Vitis/2024.2/tps/tcl/tcllib1.11.1/units/pkgIndex.tcl 
Execute       source C:/Xilinx_2024_ent/Vitis/2024.2/tps/tcl/tcllib1.11.1/uri/pkgIndex.tcl 
Execute       source C:/Xilinx_2024_ent/Vitis/2024.2/tps/tcl/tcllib1.11.1/uuid/pkgIndex.tcl 
Execute       source C:/Xilinx_2024_ent/Vitis/2024.2/tps/tcl/tcllib1.11.1/wip/pkgIndex.tcl 
Execute       source C:/Xilinx_2024_ent/Vitis/2024.2/tps/tcl/tcllib1.11.1/yaml/pkgIndex.tcl 
Execute       source C:/Xilinx_2024_ent/Vitis/2024.2/tps/tcl/tcllib1.11.1/pkgIndex.tcl 
Execute       source C:/Xilinx_2024_ent/Vitis/2024.2/tps/tcl/tk8.6/pkgIndex.tcl 
Execute       source C:/Xilinx_2024_ent/Vitis/2024.2/tps/tcl/tcl8.6/http1.0/pkgIndex.tcl 
Execute       source C:/Xilinx_2024_ent/Vitis/2024.2/tps/tcl/tcl8.6/opt0.4/pkgIndex.tcl 
Execute       source C:/Xilinx_2024_ent/Vitis/2024.2/tps/tcl/tcl8.6/pkgs/win/thread2.8.7/pkgIndex.tcl 
Command     ap_source done; 0.126 sec.
INFO-FLOW: Workspace C:/Users/Samarth/Desktop/IIIT_Intern/Tutorial_matrix/matrix_100_opt/matrix_100_opt/hls opened at Fri May 30 16:38:02 +0530 2025
Execute     send_msg_by_id INFO @200-1505@%s%s default  vivado 
INFO: [HLS 200-1505] Using default flow_target 'vivado'
Command   open_solution done; 0.157 sec.
Execute   apply_ini C:/Users/Samarth/Desktop/IIIT_Intern/Tutorial_matrix/matrix_100_opt/hls_config.cfg 
Execute     send_msg_by_id INFO @200-1465@%s 'syn.file=matrix.cpp' from C:/Users/Samarth/Desktop/IIIT_Intern/Tutorial_matrix/matrix_100_opt/hls_config.cfg(7) 
INFO: [HLS 200-1465] Applying ini 'syn.file=matrix.cpp' from C:/Users/Samarth/Desktop/IIIT_Intern/Tutorial_matrix/matrix_100_opt/hls_config.cfg(7)
Execute     add_files C:/Users/Samarth/Desktop/IIIT_Intern/Tutorial_matrix/matrix_100_opt/matrix.cpp 
INFO: [HLS 200-10] Adding design file 'C:/Users/Samarth/Desktop/IIIT_Intern/Tutorial_matrix/matrix_100_opt/matrix.cpp' to the project
Execute     send_msg_by_id INFO @200-1465@%s 'syn.file=matrix.h' from C:/Users/Samarth/Desktop/IIIT_Intern/Tutorial_matrix/matrix_100_opt/hls_config.cfg(8) 
INFO: [HLS 200-1465] Applying ini 'syn.file=matrix.h' from C:/Users/Samarth/Desktop/IIIT_Intern/Tutorial_matrix/matrix_100_opt/hls_config.cfg(8)
Execute     add_files C:/Users/Samarth/Desktop/IIIT_Intern/Tutorial_matrix/matrix_100_opt/matrix.h 
INFO: [HLS 200-10] Adding design file 'C:/Users/Samarth/Desktop/IIIT_Intern/Tutorial_matrix/matrix_100_opt/matrix.h' to the project
Execute     send_msg_by_id INFO @200-1465@%s 'tb.file=matrix_tb.cpp' from C:/Users/Samarth/Desktop/IIIT_Intern/Tutorial_matrix/matrix_100_opt/hls_config.cfg(9) 
INFO: [HLS 200-1465] Applying ini 'tb.file=matrix_tb.cpp' from C:/Users/Samarth/Desktop/IIIT_Intern/Tutorial_matrix/matrix_100_opt/hls_config.cfg(9)
Execute     add_files -tb C:/Users/Samarth/Desktop/IIIT_Intern/Tutorial_matrix/matrix_100_opt/matrix_tb.cpp 
INFO: [HLS 200-10] Adding test bench file 'C:/Users/Samarth/Desktop/IIIT_Intern/Tutorial_matrix/matrix_100_opt/matrix_tb.cpp' to the project
Execute     send_msg_by_id INFO @200-1465@%s 'syn.top=matrixmul_100_opt' from C:/Users/Samarth/Desktop/IIIT_Intern/Tutorial_matrix/matrix_100_opt/hls_config.cfg(11) 
INFO: [HLS 200-1465] Applying ini 'syn.top=matrixmul_100_opt' from C:/Users/Samarth/Desktop/IIIT_Intern/Tutorial_matrix/matrix_100_opt/hls_config.cfg(11)
Execute     set_top matrixmul_100_opt 
Execute     send_msg_by_id INFO @200-1465@%s 'flow_target=vivado' from C:/Users/Samarth/Desktop/IIIT_Intern/Tutorial_matrix/matrix_100_opt/hls_config.cfg(4) 
INFO: [HLS 200-1465] Applying ini 'flow_target=vivado' from C:/Users/Samarth/Desktop/IIIT_Intern/Tutorial_matrix/matrix_100_opt/hls_config.cfg(4)
Execute     send_msg_by_id INFO @200-1505@%s%s  vivado 
INFO: [HLS 200-1505] Using flow_target 'vivado'
Execute     send_msg_by_id INFO @200-1465@%s 'part=xczu28dr-ffvg1517-2-e' from C:/Users/Samarth/Desktop/IIIT_Intern/Tutorial_matrix/matrix_100_opt/hls_config.cfg(1) 
INFO: [HLS 200-1465] Applying ini 'part=xczu28dr-ffvg1517-2-e' from C:/Users/Samarth/Desktop/IIIT_Intern/Tutorial_matrix/matrix_100_opt/hls_config.cfg(1)
Execute     set_part xczu28dr-ffvg1517-2-e 
Execute       create_platform xczu28dr-ffvg1517-2-e -board  
DBG:HLSDevice: Trying to load device library: C:/Xilinx_2024_ent/Vitis/2024.2\lib\win64.o\xv_hlsvwrap.dll
DBG:HLSDevice: first parts/arch.xml in RDI_DATADIR: C:/Xilinx_2024_ent/Vivado/2024.2/data/parts/arch.xml
DBG:HLSDevice: init success
INFO: [HLS 200-1611] Setting target device to 'xczu28dr-ffvg1517-2-e'
Command       create_platform done; 1.327 sec.
Execute       source C:/Xilinx_2024_ent/Vitis/2024.2/common/technology/xilinx/common/xilinx.gen 
Execute         source C:/Xilinx_2024_ent/Vitis/2024.2/common/technology/xilinx/interface/plb46.gen 
Execute         source C:/Xilinx_2024_ent/Vitis/2024.2/common/technology/xilinx/interface/axi4.gen 
Execute         source C:/Xilinx_2024_ent/Vitis/2024.2/common/technology/xilinx/interface/nativeAXI4.gen 
Execute           source C:/Xilinx_2024_ent/Vitis/2024.2/common/technology/xilinx/interface/saxilite.gen 
Execute         source C:/Xilinx_2024_ent/Vitis/2024.2/common/technology/xilinx/scripts/xilinxcoregen.gen 
Execute         source C:/Xilinx_2024_ent/Vitis/2024.2/common/technology/xilinx/interface/XilEDKCoreGen.gen 
Execute         source C:/Xilinx_2024_ent/Vitis/2024.2/common/technology/xilinx/ip/dds_compiler.gen 
Execute         source C:/Xilinx_2024_ent/Vitis/2024.2/common/technology/xilinx/ip/util.gen 
Execute         source C:/Xilinx_2024_ent/Vitis/2024.2/common/technology/xilinx/ip/xfft.gen 
Execute         source C:/Xilinx_2024_ent/Vitis/2024.2/common/technology/xilinx/ip/xfir.gen 
Execute         source C:/Xilinx_2024_ent/Vitis/2024.2/common/technology/xilinx/DSP48/dsp48.gen 
Command       ap_source done; 0.114 sec.
Execute       ap_part_info -name xczu28dr-ffvg1517-2-e -data info 
Execute       config_compile -quiet -complex-mul-dsp=0 
Command     set_part done; 1.51 sec.
Execute     send_msg_by_id INFO @200-1465@%s 'csim.code_analyzer=0' from C:/Users/Samarth/Desktop/IIIT_Intern/Tutorial_matrix/matrix_100_opt/hls_config.cfg(10) 
INFO: [HLS 200-1465] Applying ini 'csim.code_analyzer=0' from C:/Users/Samarth/Desktop/IIIT_Intern/Tutorial_matrix/matrix_100_opt/hls_config.cfg(10)
Execute     config_csim -code_analyzer=0 
Execute     send_msg_by_id INFO @200-1465@%s 'package.output.format=ip_catalog' from C:/Users/Samarth/Desktop/IIIT_Intern/Tutorial_matrix/matrix_100_opt/hls_config.cfg(5) 
INFO: [HLS 200-1465] Applying ini 'package.output.format=ip_catalog' from C:/Users/Samarth/Desktop/IIIT_Intern/Tutorial_matrix/matrix_100_opt/hls_config.cfg(5)
Execute     config_export -format=ip_catalog 
Execute     send_msg_by_id INFO @200-1465@%s 'syn.unroll.tripcount_threshold=10000' from C:/Users/Samarth/Desktop/IIIT_Intern/Tutorial_matrix/matrix_100_opt/hls_config.cfg(12) 
INFO: [HLS 200-1465] Applying ini 'syn.unroll.tripcount_threshold=10000' from C:/Users/Samarth/Desktop/IIIT_Intern/Tutorial_matrix/matrix_100_opt/hls_config.cfg(12)
Execute     config_unroll -tripcount_threshold=10000 
INFO: [XFORM 203-502] Automatic unrolling enabled: cut-off trip count is 10000.
Command   apply_ini done; 1.575 sec.
Execute   apply_ini C:/Users/Samarth/Desktop/IIIT_Intern/Tutorial_matrix/matrix_100_opt/matrix_100_opt/hls/config.cmdline 
Execute   ::AP::init_summary_file csynth 
Execute     AP::app_get_file_relativeroot [AP::app_get_root] {}
Execute   csynth_design 
INFO-FLOW: Running SLX 'csynth' proc: ::SLX::run_csynth
Execute     elaborate -effort=medium -skip_syncheck=0 -keep_printf=0 -skip_cdt=0 -skip_transform=0 -ng=0 -g=0 -opt_fp=0 -from_csynth_design=1 
INFO: [HLS 200-111] Finished File checks and directory preparation: CPU user time: 2 seconds. CPU system time: 1 seconds. Elapsed time: 3.126 seconds; current allocated memory: 183.266 MB.
Execute       set_directive_top matrixmul_100_opt -name=matrixmul_100_opt 
Execute       source C:/Xilinx_2024_ent/Vitis/2024.2/tps/tcl/tcllib1.11.1/yaml/huddle.tcl 
Execute       source C:/Xilinx_2024_ent/Vitis/2024.2/tps/tcl/tcllib1.11.1/yaml/json2huddle.tcl 
INFO: [HLS 200-10] Analyzing design file 'matrix.cpp' ... 
INFO-FLOW: Compiling one TU...
INFO-FLOW: Handling matrix.cpp as C++
Execute       ap_part_info -name xczu28dr-ffvg1517-2-e -data info 
INFO-FLOW: Running: GCC PP 39
INFO-FLOW: Source preprocessing
INFO-FLOW: run_clang exec: C:/Xilinx_2024_ent/Vitis/2024.2/win64/tools/clang-3.9-csynth/bin/clang matrix.cpp -foptimization-record-file=C:/Users/Samarth/Desktop/IIIT_Intern/Tutorial_matrix/matrix_100_opt/matrix_100_opt/hls/.autopilot/db/matrix.cpp.clang.diag.yml -mllvm -pass-remarks-missed=reflow|pasta|unroll|inline -mllvm -pass-remarks=reflow|pasta|unroll|inline -fno-limit-debug-info --sysroot C:/Xilinx_2024_ent/Vitis/2024.2/tps/mingw/8.3.0/win64.o/nt -fhls -fno-exceptions -insert-hls-directive=C:/Users/Samarth/Desktop/IIIT_Intern/Tutorial_matrix/matrix_100_opt/matrix_100_opt/hls/.autopilot/db/all.directive.json -E -fno-math-errno -c -emit-llvm -mllvm -disable-llvm-optzns -Werror=implicit-function-declaration -Werror=implicit-hls-streams -Werror=return-type -Wpragmas -Wunused-parameter -Wdump-hls-pragmas -Wno-error=dump-hls-pragmas -hls-clock-period=10 -fno-threadsafe-statics -fno-use-cxa-atexit -std=gnu++14 -target fpga64-xilinx-mingw32 -fno-threadsafe-statics -fno-use-cxa-atexit -D__VITIS_HLS__ -DAESL_SYN -D__SYNTHESIS__ -D__HLS_SYN__ -I C:/Xilinx_2024_ent/Vitis/2024.2/common/technology/autopilot -I C:/Xilinx_2024_ent/Vitis/2024.2/common/technology/autopilot/ap_sysc -include etc/autopilot_ssdm_op.h -D__DSP48E2__ -I /usr/include/x86_64-linux-gnu -o C:/Users/Samarth/Desktop/IIIT_Intern/Tutorial_matrix/matrix_100_opt/matrix_100_opt/hls/.autopilot/db/matrix.pp.0.cpp {-hls-platform-db-name=C:/Xilinx_2024_ent/Vitis/2024.2\common/technology\xilinx/common/platform.db} -hls-platform-name=zynquplus_medium -device-resource-info=BRAM_2160.000000_DSP_4272.000000_FF_850560.000000_LUT_425280.000000_SLICE_53160.000000_URAM_80.000000 -device-name-info=xczu28dr-ffvg1517-2-e > C:/Users/Samarth/Desktop/IIIT_Intern/Tutorial_matrix/matrix_100_opt/matrix_100_opt/hls/.autopilot/db/matrix.cpp.clang.out.log 2> C:/Users/Samarth/Desktop/IIIT_Intern/Tutorial_matrix/matrix_100_opt/matrix_100_opt/hls/.autopilot/db/matrix.cpp.clang.err.log
INFO-FLOW: Done: GCC PP 39 time: 1.5 seconds per iteration
INFO-FLOW: Source syntax check for synthesis
INFO-FLOW: run_clang exec: C:/Xilinx_2024_ent/Vitis/2024.2/win64/tools/clang-3.9-csynth/bin/clang -foptimization-record-file=C:/Users/Samarth/Desktop/IIIT_Intern/Tutorial_matrix/matrix_100_opt/matrix_100_opt/hls/.autopilot/db/clang.diag.yml -mllvm -pass-remarks-missed=reflow|pasta|unroll|inline -mllvm -pass-remarks=reflow|pasta|unroll|inline -fsyntax-only -fhls -target fpga64-xilinx-linux-gnu C:/Users/Samarth/Desktop/IIIT_Intern/Tutorial_matrix/matrix_100_opt/matrix_100_opt/hls/.autopilot/db/matrix.pp.0.cpp {-hls-platform-db-name=C:/Xilinx_2024_ent/Vitis/2024.2\common/technology\xilinx/common/platform.db} -hls-platform-name=zynquplus_medium -device-resource-info=BRAM_2160.000000_DSP_4272.000000_FF_850560.000000_LUT_425280.000000_SLICE_53160.000000_URAM_80.000000 -device-name-info=xczu28dr-ffvg1517-2-e > C:/Users/Samarth/Desktop/IIIT_Intern/Tutorial_matrix/matrix_100_opt/matrix_100_opt/hls/.autopilot/db/clang.out.log 2> C:/Users/Samarth/Desktop/IIIT_Intern/Tutorial_matrix/matrix_100_opt/matrix_100_opt/hls/.autopilot/db/clang.err.log
Execute       clang_tidy xilinx-systemc-detector -desc systemc-detector C:/Users/Samarth/Desktop/IIIT_Intern/Tutorial_matrix/matrix_100_opt/matrix_100_opt/hls/.autopilot/db/matrix.pp.0.cpp std=gnu++14 -target fpga  -directive=C:/Users/Samarth/Desktop/IIIT_Intern/Tutorial_matrix/matrix_100_opt/matrix_100_opt/hls/.autopilot/db/.systemc_flag 
INFO-FLOW: exec C:/Xilinx_2024_ent/Vitis/2024.2/win64/tools/clang-3.9-csynth/bin/clang-tidy -header-filter=.* --checks=-*,xilinx-systemc-detector -import-directive=C:/Users/Samarth/Desktop/IIIT_Intern/Tutorial_matrix/matrix_100_opt/matrix_100_opt/hls/.autopilot/db/.systemc_flag -fix-errors C:/Users/Samarth/Desktop/IIIT_Intern/Tutorial_matrix/matrix_100_opt/matrix_100_opt/hls/.autopilot/db/matrix.pp.0.cpp -- -std=gnu++14 -target fpga -fhls -ferror-limit=0
Command       clang_tidy done; 0.716 sec.
INFO-FLOW: Running: clang-tidy CDT preprocess 39
Execute       clang_tidy xilinx-directive2pragma -desc directive2pragma C:/Users/Samarth/Desktop/IIIT_Intern/Tutorial_matrix/matrix_100_opt/matrix_100_opt/hls/.autopilot/db/matrix.pp.0.cpp std=gnu++14 -target fpga  -directive=C:/Users/Samarth/Desktop/IIIT_Intern/Tutorial_matrix/matrix_100_opt/matrix_100_opt/hls/.autopilot/db/all.directive.json 
INFO-FLOW: exec C:/Xilinx_2024_ent/Vitis/2024.2/win64/tools/clang-3.9-csynth/bin/clang-tidy -header-filter=.* --checks=-*,xilinx-directive2pragma -import-directive=C:/Users/Samarth/Desktop/IIIT_Intern/Tutorial_matrix/matrix_100_opt/matrix_100_opt/hls/.autopilot/db/all.directive.json -fix-errors C:/Users/Samarth/Desktop/IIIT_Intern/Tutorial_matrix/matrix_100_opt/matrix_100_opt/hls/.autopilot/db/matrix.pp.0.cpp -- -std=gnu++14 -target fpga -fhls -ferror-limit=0
Command       clang_tidy done; 1.021 sec.
INFO-FLOW: Done: clang-tidy CDT preprocess 39 time: 1 seconds per iteration
INFO-FLOW: Calling xilinx-label-all-loops ... 
INFO-FLOW: Calling xilinx-aggregate-on-hls-vector ... 
Execute       clang_tidy -errorcheck -desc loop-label xilinx-label-all-loops,xilinx-aggregate-on-hls-vector,,xilinx-warn-mayneed-no-ctor-attribute C:/Users/Samarth/Desktop/IIIT_Intern/Tutorial_matrix/matrix_100_opt/matrix_100_opt/hls/.autopilot/db/matrix.pp.0.cpp std=gnu++14 -target fpga  
INFO-FLOW: run_clang exec: C:/Xilinx_2024_ent/Vitis/2024.2/win64/tools/clang-3.9-csynth/bin/clang-tidy -export-fixes=C:/Users/Samarth/Desktop/IIIT_Intern/Tutorial_matrix/matrix_100_opt/matrix_100_opt/hls/.autopilot/db/matrix.pp.0.cpp.clang-tidy.loop-label.diag.yml -header-filter=.* --checks=-*,xilinx-label-all-loops,xilinx-aggregate-on-hls-vector,,xilinx-warn-mayneed-no-ctor-attribute -fix-errors C:/Users/Samarth/Desktop/IIIT_Intern/Tutorial_matrix/matrix_100_opt/matrix_100_opt/hls/.autopilot/db/matrix.pp.0.cpp -- -std=gnu++14 -target fpga -fhls -ferror-limit=0 > C:/Users/Samarth/Desktop/IIIT_Intern/Tutorial_matrix/matrix_100_opt/matrix_100_opt/hls/.autopilot/db/matrix.pp.0.cpp.clang-tidy.loop-label.out.log 2> C:/Users/Samarth/Desktop/IIIT_Intern/Tutorial_matrix/matrix_100_opt/matrix_100_opt/hls/.autopilot/db/matrix.pp.0.cpp.clang-tidy.loop-label.err.log
Execute         source C:/Xilinx_2024_ent/Vitis/2024.2/tps/tcl/tcllib1.11.1/yaml/yaml.tcl 
Command       clang_tidy done; 1.262 sec.
INFO-FLOW: run_clang exec: C:/Xilinx_2024_ent/Vitis/2024.2/win64/tools/clang-3.9-csynth/bin/xilinx-dataflow-lawyer -export-fixes=C:/Users/Samarth/Desktop/IIIT_Intern/Tutorial_matrix/matrix_100_opt/matrix_100_opt/hls/.autopilot/db/matrix.pp.0.cpp.xilinx-dataflow-lawyer.diag.yml C:/Users/Samarth/Desktop/IIIT_Intern/Tutorial_matrix/matrix_100_opt/matrix_100_opt/hls/.autopilot/db/matrix.pp.0.cpp -- -std=gnu++14 -target fpga -fhls -ferror-limit=0 -fstrict-dataflow > C:/Users/Samarth/Desktop/IIIT_Intern/Tutorial_matrix/matrix_100_opt/matrix_100_opt/hls/.autopilot/db/matrix.pp.0.cpp.xilinx-dataflow-lawyer.out.log 2> C:/Users/Samarth/Desktop/IIIT_Intern/Tutorial_matrix/matrix_100_opt/matrix_100_opt/hls/.autopilot/db/matrix.pp.0.cpp.xilinx-dataflow-lawyer.err.log
Execute       ap_part_info -name xczu28dr-ffvg1517-2-e -data info 
INFO-FLOW: compiling source code to llvm bc
INFO-FLOW: run_clang exec: C:/Xilinx_2024_ent/Vitis/2024.2/win64/tools/clang-3.9-csynth/bin/clang -foptimization-record-file=C:/Users/Samarth/Desktop/IIIT_Intern/Tutorial_matrix/matrix_100_opt/matrix_100_opt/hls/.autopilot/db/matrix.pp.0.cpp.clang.diag.yml -mllvm -pass-remarks-missed=reflow|pasta|unroll|inline -mllvm -pass-remarks=reflow|pasta|unroll|inline -fno-limit-debug-info -fhls -flto -fno-exceptions -Wno-error=c++11-narrowing -hls-emit-hint-scope C:/Users/Samarth/Desktop/IIIT_Intern/Tutorial_matrix/matrix_100_opt/matrix_100_opt/hls/.autopilot/db/matrix.pp.0.cpp -fno-math-errno -c -emit-llvm -mllvm -disable-llvm-optzns -Werror=implicit-function-declaration -Werror=implicit-hls-streams -Werror=return-type -Wpragmas -Wunused-parameter -Wdump-hls-pragmas -Wno-error=dump-hls-pragmas -hls-clock-period=10 -fno-threadsafe-statics -fno-use-cxa-atexit -std=gnu++14 -target fpga64-xilinx-linux-gnu -D__VITIS_HLS__ -DAESL_SYN -D__SYNTHESIS__ -D__HLS_SYN__ -I C:/Xilinx_2024_ent/Vitis/2024.2/common/technology/autopilot -I C:/Xilinx_2024_ent/Vitis/2024.2/common/technology/autopilot/ap_sysc -include etc/autopilot_ssdm_op.h -D__DSP48E2__ -g -o C:/Users/Samarth/Desktop/IIIT_Intern/Tutorial_matrix/matrix_100_opt/matrix_100_opt/hls/.autopilot/db/matrix.bc {-hls-platform-db-name=C:/Xilinx_2024_ent/Vitis/2024.2\common/technology\xilinx/common/platform.db} -hls-platform-name=zynquplus_medium -device-resource-info=BRAM_2160.000000_DSP_4272.000000_FF_850560.000000_LUT_425280.000000_SLICE_53160.000000_URAM_80.000000 -device-name-info=xczu28dr-ffvg1517-2-e > C:/Users/Samarth/Desktop/IIIT_Intern/Tutorial_matrix/matrix_100_opt/matrix_100_opt/hls/.autopilot/db/matrix.pp.0.cpp.clang.out.log 2> C:/Users/Samarth/Desktop/IIIT_Intern/Tutorial_matrix/matrix_100_opt/matrix_100_opt/hls/.autopilot/db/matrix.pp.0.cpp.clang.err.log
INFO: [HLS 200-111] Finished Source Code Analysis and Preprocessing: CPU user time: 1 seconds. CPU system time: 0 seconds. Elapsed time: 7.301 seconds; current allocated memory: 186.344 MB.
INFO-FLOW: Linking Debug ...
INFO-FLOW: Linking dut bc code.
Execute       run_link_or_opt -out C:/Users/Samarth/Desktop/IIIT_Intern/Tutorial_matrix/matrix_100_opt/matrix_100_opt/hls/.autopilot/db/a.g.ld.0.bc -args  "C:/Users/Samarth/Desktop/IIIT_Intern/Tutorial_matrix/matrix_100_opt/matrix_100_opt/hls/.autopilot/db/matrix.g.bc"  
INFO-FLOW: run_clang exec: C:/Xilinx_2024_ent/Vitis/2024.2/win64/tools/clang-3.9-csynth/bin/llvm-link C:/Users/Samarth/Desktop/IIIT_Intern/Tutorial_matrix/matrix_100_opt/matrix_100_opt/hls/.autopilot/db/matrix.g.bc -o C:/Users/Samarth/Desktop/IIIT_Intern/Tutorial_matrix/matrix_100_opt/matrix_100_opt/hls/.autopilot/db/a.g.ld.0.bc > C:/Users/Samarth/Desktop/IIIT_Intern/Tutorial_matrix/matrix_100_opt/matrix_100_opt/hls/.autopilot/db/a.g.ld.0.bc.llvm-link.out.log 2> C:/Users/Samarth/Desktop/IIIT_Intern/Tutorial_matrix/matrix_100_opt/matrix_100_opt/hls/.autopilot/db/a.g.ld.0.bc.llvm-link.err.log
Command       run_link_or_opt done; 0.148 sec.
Execute       run_link_or_opt -opt -out C:/Users/Samarth/Desktop/IIIT_Intern/Tutorial_matrix/matrix_100_opt/matrix_100_opt/hls/.autopilot/db/a.g.ld.1.lower.bc -args C:/Users/Samarth/Desktop/IIIT_Intern/Tutorial_matrix/matrix_100_opt/matrix_100_opt/hls/.autopilot/db/a.g.ld.0.bc -reflow-lower-math-intrinsics 
INFO-FLOW: run_clang exec: C:/Xilinx_2024_ent/Vitis/2024.2/win64/tools/clang-3.9-csynth/bin/opt -pass-remarks-missed=reflow|pasta|unroll|inline -pass-remarks=reflow|pasta|unroll|inline -pass-remarks-output=C:/Users/Samarth/Desktop/IIIT_Intern/Tutorial_matrix/matrix_100_opt/matrix_100_opt/hls/.autopilot/db/a.g.ld.1.lower.bc.opt.diag.yml C:/Users/Samarth/Desktop/IIIT_Intern/Tutorial_matrix/matrix_100_opt/matrix_100_opt/hls/.autopilot/db/a.g.ld.0.bc -reflow-lower-math-intrinsics -o C:/Users/Samarth/Desktop/IIIT_Intern/Tutorial_matrix/matrix_100_opt/matrix_100_opt/hls/.autopilot/db/a.g.ld.1.lower.bc > C:/Users/Samarth/Desktop/IIIT_Intern/Tutorial_matrix/matrix_100_opt/matrix_100_opt/hls/.autopilot/db/a.g.ld.1.lower.bc.opt.out.log 2> C:/Users/Samarth/Desktop/IIIT_Intern/Tutorial_matrix/matrix_100_opt/matrix_100_opt/hls/.autopilot/db/a.g.ld.1.lower.bc.opt.err.log
INFO-FLOW: Running: gen_design_size_report post-opt
INFO-FLOW: Done: gen_design_size_report post-opt time: 0 seconds per iteration
Command       run_link_or_opt done; 0.182 sec.
INFO-FLOW: Linking math bc lib
Execute       run_link_or_opt -out C:/Users/Samarth/Desktop/IIIT_Intern/Tutorial_matrix/matrix_100_opt/matrix_100_opt/hls/.autopilot/db/a.g.ld.2.m1.bc -args C:/Users/Samarth/Desktop/IIIT_Intern/Tutorial_matrix/matrix_100_opt/matrix_100_opt/hls/.autopilot/db/a.g.ld.1.lower.bc -only-needed C:/Xilinx_2024_ent/Vitis/2024.2/win64/lib/libhlsm_39.bc C:/Xilinx_2024_ent/Vitis/2024.2/win64/lib/libhlsmc++_39.bc 
INFO-FLOW: run_clang exec: C:/Xilinx_2024_ent/Vitis/2024.2/win64/tools/clang-3.9-csynth/bin/llvm-link C:/Users/Samarth/Desktop/IIIT_Intern/Tutorial_matrix/matrix_100_opt/matrix_100_opt/hls/.autopilot/db/a.g.ld.1.lower.bc -only-needed C:/Xilinx_2024_ent/Vitis/2024.2/win64/lib/libhlsm_39.bc C:/Xilinx_2024_ent/Vitis/2024.2/win64/lib/libhlsmc++_39.bc -o C:/Users/Samarth/Desktop/IIIT_Intern/Tutorial_matrix/matrix_100_opt/matrix_100_opt/hls/.autopilot/db/a.g.ld.2.m1.bc > C:/Users/Samarth/Desktop/IIIT_Intern/Tutorial_matrix/matrix_100_opt/matrix_100_opt/hls/.autopilot/db/a.g.ld.2.m1.bc.llvm-link.out.log 2> C:/Users/Samarth/Desktop/IIIT_Intern/Tutorial_matrix/matrix_100_opt/matrix_100_opt/hls/.autopilot/db/a.g.ld.2.m1.bc.llvm-link.err.log
Command       run_link_or_opt done; 2.155 sec.
Execute       run_link_or_opt -opt -out C:/Users/Samarth/Desktop/IIIT_Intern/Tutorial_matrix/matrix_100_opt/matrix_100_opt/hls/.autopilot/db/a.g.ld.3.fpc.bc -args C:/Users/Samarth/Desktop/IIIT_Intern/Tutorial_matrix/matrix_100_opt/matrix_100_opt/hls/.autopilot/db/a.g.ld.2.m1.bc -reflow-globaldce -hls-top-function-name=matrixmul_100_opt -reflow-float-conversion 
INFO-FLOW: run_clang exec: C:/Xilinx_2024_ent/Vitis/2024.2/win64/tools/clang-3.9-csynth/bin/opt -pass-remarks-missed=reflow|pasta|unroll|inline -pass-remarks=reflow|pasta|unroll|inline -pass-remarks-output=C:/Users/Samarth/Desktop/IIIT_Intern/Tutorial_matrix/matrix_100_opt/matrix_100_opt/hls/.autopilot/db/a.g.ld.3.fpc.bc.opt.diag.yml C:/Users/Samarth/Desktop/IIIT_Intern/Tutorial_matrix/matrix_100_opt/matrix_100_opt/hls/.autopilot/db/a.g.ld.2.m1.bc -reflow-globaldce -hls-top-function-name=matrixmul_100_opt -reflow-float-conversion -o C:/Users/Samarth/Desktop/IIIT_Intern/Tutorial_matrix/matrix_100_opt/matrix_100_opt/hls/.autopilot/db/a.g.ld.3.fpc.bc > C:/Users/Samarth/Desktop/IIIT_Intern/Tutorial_matrix/matrix_100_opt/matrix_100_opt/hls/.autopilot/db/a.g.ld.3.fpc.bc.opt.out.log 2> C:/Users/Samarth/Desktop/IIIT_Intern/Tutorial_matrix/matrix_100_opt/matrix_100_opt/hls/.autopilot/db/a.g.ld.3.fpc.bc.opt.err.log
INFO-FLOW: Running: gen_design_size_report post-opt
INFO-FLOW: Done: gen_design_size_report post-opt time: 0 seconds per iteration
Command       run_link_or_opt done; 0.933 sec.
Execute       run_link_or_opt -out C:/Users/Samarth/Desktop/IIIT_Intern/Tutorial_matrix/matrix_100_opt/matrix_100_opt/hls/.autopilot/db/a.g.ld.4.m2.bc -args C:/Users/Samarth/Desktop/IIIT_Intern/Tutorial_matrix/matrix_100_opt/matrix_100_opt/hls/.autopilot/db/a.g.ld.3.fpc.bc -only-needed C:/Xilinx_2024_ent/Vitis/2024.2/win64/lib/libfloatconversion_39.bc 
INFO-FLOW: run_clang exec: C:/Xilinx_2024_ent/Vitis/2024.2/win64/tools/clang-3.9-csynth/bin/llvm-link C:/Users/Samarth/Desktop/IIIT_Intern/Tutorial_matrix/matrix_100_opt/matrix_100_opt/hls/.autopilot/db/a.g.ld.3.fpc.bc -only-needed C:/Xilinx_2024_ent/Vitis/2024.2/win64/lib/libfloatconversion_39.bc -o C:/Users/Samarth/Desktop/IIIT_Intern/Tutorial_matrix/matrix_100_opt/matrix_100_opt/hls/.autopilot/db/a.g.ld.4.m2.bc > C:/Users/Samarth/Desktop/IIIT_Intern/Tutorial_matrix/matrix_100_opt/matrix_100_opt/hls/.autopilot/db/a.g.ld.4.m2.bc.llvm-link.out.log 2> C:/Users/Samarth/Desktop/IIIT_Intern/Tutorial_matrix/matrix_100_opt/matrix_100_opt/hls/.autopilot/db/a.g.ld.4.m2.bc.llvm-link.err.log
Execute       run_link_or_opt -opt -out C:/Users/Samarth/Desktop/IIIT_Intern/Tutorial_matrix/matrix_100_opt/matrix_100_opt/hls/.autopilot/db/a.g.ld.5.gdce.bc -args C:/Users/Samarth/Desktop/IIIT_Intern/Tutorial_matrix/matrix_100_opt/matrix_100_opt/hls/.autopilot/db/a.g.ld.4.m2.bc -reflow-globaldce -hls-top-function-name=matrixmul_100_opt 
INFO-FLOW: run_clang exec: C:/Xilinx_2024_ent/Vitis/2024.2/win64/tools/clang-3.9-csynth/bin/opt -pass-remarks-missed=reflow|pasta|unroll|inline -pass-remarks=reflow|pasta|unroll|inline -pass-remarks-output=C:/Users/Samarth/Desktop/IIIT_Intern/Tutorial_matrix/matrix_100_opt/matrix_100_opt/hls/.autopilot/db/a.g.ld.5.gdce.bc.opt.diag.yml C:/Users/Samarth/Desktop/IIIT_Intern/Tutorial_matrix/matrix_100_opt/matrix_100_opt/hls/.autopilot/db/a.g.ld.4.m2.bc -reflow-globaldce -hls-top-function-name=matrixmul_100_opt -o C:/Users/Samarth/Desktop/IIIT_Intern/Tutorial_matrix/matrix_100_opt/matrix_100_opt/hls/.autopilot/db/a.g.ld.5.gdce.bc > C:/Users/Samarth/Desktop/IIIT_Intern/Tutorial_matrix/matrix_100_opt/matrix_100_opt/hls/.autopilot/db/a.g.ld.5.gdce.bc.opt.out.log 2> C:/Users/Samarth/Desktop/IIIT_Intern/Tutorial_matrix/matrix_100_opt/matrix_100_opt/hls/.autopilot/db/a.g.ld.5.gdce.bc.opt.err.log
INFO-FLOW: Running: gen_design_size_report post-opt
INFO-FLOW: Done: gen_design_size_report post-opt time: 0 seconds per iteration
Execute       send_msg_by_id INFO @200-777@%s Vivado 
INFO: [HLS 200-777] Using interface defaults for 'Vivado' flow target.
Execute       is_m_axi_addr64 
INFO-FLOW: Doing LTO.
INFO-FLOW: run_clang (background poll_ms 5000) exec: C:/Xilinx_2024_ent/Vitis/2024.2/win64/tools/clang-3.9-csynth/bin/clang -foptimization-record-file=C:/Users/Samarth/Desktop/IIIT_Intern/Tutorial_matrix/matrix_100_opt/matrix_100_opt/hls/.autopilot/db/a.g.ld.0.bc.clang.reflow.diag.yml -mllvm -pass-remarks-missed=reflow|pasta|unroll|inline -mllvm -pass-remarks=reflow|pasta|unroll|inline -fhls -mllvm -hls-top-function-name=matrixmul_100_opt -mllvm -hls-db-dir -mllvm C:/Users/Samarth/Desktop/IIIT_Intern/Tutorial_matrix/matrix_100_opt/matrix_100_opt/hls/.autopilot/db -emit-llvm -c -target fpga64-xilinx-none -mllvm -xcl-xmlinfo=C:/Users/Samarth/Desktop/IIIT_Intern/Tutorial_matrix/matrix_100_opt/matrix_100_opt/hls/.autopilot/db/kernel.internal.xml -mllvm -top-io-mapping-info=C:/Users/Samarth/Desktop/IIIT_Intern/Tutorial_matrix/matrix_100_opt/matrix_100_opt/hls/.autopilot/db/top-io-fe.xml -mllvm -hls-bitcode-version=3.1 -mllvm -reflow-enable-slave-interface-default-setting=true -mllvm -gen-kernel-xml=false -mllvm -default-maxi-offset=slave -mllvm -maxi-latency=0 -mllvm -hls-maxi-data-size-in-bits=8 -mllvm -hls-maxi-max-data-size-in-bits=1024 -mllvm -hls-max-widen-size-in-bits=0 -mllvm -xcl-kernel-max-mem-ports=0 -mllvm -maxi-read-trans=16 -mllvm -maxi-write-trans=16 -mllvm -maxi-read-burst-len=16 -mllvm -maxi-write-burst-len=16 -mllvm -reflow-enable-saxi-64bits=0 -mllvm -reflow-basic-block-instr-threshold=200000 -mllvm -reflow-auto-pipeline-threshold=64 -mllvm -reflow-enable-maxi-auto-id-channel=0 -mllvm -reflow-bdd-simplify-threshold=1048576 -mllvm -reflow-fanout-threshold=16 -mllvm -reflow-complete-threshold=4 -mllvm -reflow-array-promotion-threshold=64 -mllvm -assume-maxi-align=1 -mllvm -reflow-enable-dataflow-strict-mode-checking=1 -ftime-report -mllvm -time-passes -mllvm -reflow-auto-array-partition-mode=default -mllvm -reflow-enable-auto-small-array-partition=true -mllvm -reflow-enable-auto-array-promotion=true -mllvm -reflow-enable-auto-array-partition-for-flatten=true -mllvm -reflow-enable-auto-parallel-performance-driven=true -mllvm -reflow-enable-partition-for-automation=true -mllvm -reflow-aggregate-bitwidth-threshold=4096 -mllvm -reflow-reserved-saxilite-registers=0 -mllvm -enable-reflow-auto-loop-pipeline -mllvm -reflow-max-unroll-threshold=409600 -mllvm -auto-unroll-tripcount-threshold=10000 -mllvm -reflow-assume-no-address-wrap=true -mllvm -reflow-enable-occurrence-inference=true -mllvm -reflow-emit-hint-scope=true -mllvm -reflow-enable-codegen-with-if=true -mllvm -reflow-enable-dataflow-canon=true -mllvm -reflow-enable-dataflow-canon2=true -mllvm -hls -mllvm -disable-inlined-alloca-merging=true -mllvm -default-clock-period=10 -mllvm -use_read_first_ram_in_loop=1 -mllvm -default-clock-uncertainty=2.7 -x ir C:/Users/Samarth/Desktop/IIIT_Intern/Tutorial_matrix/matrix_100_opt/matrix_100_opt/hls/.autopilot/db/a.g.ld.5.gdce.bc -o C:/Users/Samarth/Desktop/IIIT_Intern/Tutorial_matrix/matrix_100_opt/matrix_100_opt/hls/.autopilot/db/a.g.lto.bc {-hls-platform-db-name=C:/Xilinx_2024_ent/Vitis/2024.2\common/technology\xilinx/common/platform.db} -hls-platform-name=zynquplus_medium -device-resource-info=BRAM_2160.000000_DSP_4272.000000_FF_850560.000000_LUT_425280.000000_SLICE_53160.000000_URAM_80.000000 -device-name-info=xczu28dr-ffvg1517-2-e 2> C:/Users/Samarth/Desktop/IIIT_Intern/Tutorial_matrix/matrix_100_opt/matrix_100_opt/hls/.autopilot/db/a.g.ld.0.bc.clang.reflow.err.log bg_poll_cmd: ::AP::poll_clang_39_closed_source
Execute       send_msg_by_id INFO @200-1995@%s%s%s 387 Compile/Link C:/Users/Samarth/Desktop/IIIT_Intern/Tutorial_matrix/matrix_100_opt/matrix_100_opt/hls/syn/report/csynth_design_size.rpt 
INFO: [HLS 200-1995] There were 387 instructions in the design after the 'Compile/Link' phase of compilation. See the Design Size Report for more details: C:/Users/Samarth/Desktop/IIIT_Intern/Tutorial_matrix/matrix_100_opt/matrix_100_opt/hls/syn/report/csynth_design_size.rpt
Execute       send_msg_by_id INFO @200-1995@%s%s%s 761 Unroll/Inline (step 1) C:/Users/Samarth/Desktop/IIIT_Intern/Tutorial_matrix/matrix_100_opt/matrix_100_opt/hls/syn/report/csynth_design_size.rpt 
INFO: [HLS 200-1995] There were 761 instructions in the design after the 'Unroll/Inline (step 1)' phase of compilation. See the Design Size Report for more details: C:/Users/Samarth/Desktop/IIIT_Intern/Tutorial_matrix/matrix_100_opt/matrix_100_opt/hls/syn/report/csynth_design_size.rpt
Execute       send_msg_by_id INFO @200-1995@%s%s%s 736 Unroll/Inline (step 2) C:/Users/Samarth/Desktop/IIIT_Intern/Tutorial_matrix/matrix_100_opt/matrix_100_opt/hls/syn/report/csynth_design_size.rpt 
INFO: [HLS 200-1995] There were 736 instructions in the design after the 'Unroll/Inline (step 2)' phase of compilation. See the Design Size Report for more details: C:/Users/Samarth/Desktop/IIIT_Intern/Tutorial_matrix/matrix_100_opt/matrix_100_opt/hls/syn/report/csynth_design_size.rpt
Execute       send_msg_by_id INFO @200-1995@%s%s%s 728 Unroll/Inline (step 3) C:/Users/Samarth/Desktop/IIIT_Intern/Tutorial_matrix/matrix_100_opt/matrix_100_opt/hls/syn/report/csynth_design_size.rpt 
INFO: [HLS 200-1995] There were 728 instructions in the design after the 'Unroll/Inline (step 3)' phase of compilation. See the Design Size Report for more details: C:/Users/Samarth/Desktop/IIIT_Intern/Tutorial_matrix/matrix_100_opt/matrix_100_opt/hls/syn/report/csynth_design_size.rpt
Execute       send_msg_by_id INFO @200-1995@%s%s%s 728 Unroll/Inline (step 4) C:/Users/Samarth/Desktop/IIIT_Intern/Tutorial_matrix/matrix_100_opt/matrix_100_opt/hls/syn/report/csynth_design_size.rpt 
INFO: [HLS 200-1995] There were 728 instructions in the design after the 'Unroll/Inline (step 4)' phase of compilation. See the Design Size Report for more details: C:/Users/Samarth/Desktop/IIIT_Intern/Tutorial_matrix/matrix_100_opt/matrix_100_opt/hls/syn/report/csynth_design_size.rpt
Execute       send_msg_by_id INFO @200-1995@%s%s%s 21,926 Array/Struct (step 1) C:/Users/Samarth/Desktop/IIIT_Intern/Tutorial_matrix/matrix_100_opt/matrix_100_opt/hls/syn/report/csynth_design_size.rpt 
INFO: [HLS 200-1995] There were 21,926 instructions in the design after the 'Array/Struct (step 1)' phase of compilation. See the Design Size Report for more details: C:/Users/Samarth/Desktop/IIIT_Intern/Tutorial_matrix/matrix_100_opt/matrix_100_opt/hls/syn/report/csynth_design_size.rpt
Execute       send_msg_by_id INFO @200-1995@%s%s%s 2,126 Array/Struct (step 2) C:/Users/Samarth/Desktop/IIIT_Intern/Tutorial_matrix/matrix_100_opt/matrix_100_opt/hls/syn/report/csynth_design_size.rpt 
INFO: [HLS 200-1995] There were 2,126 instructions in the design after the 'Array/Struct (step 2)' phase of compilation. See the Design Size Report for more details: C:/Users/Samarth/Desktop/IIIT_Intern/Tutorial_matrix/matrix_100_opt/matrix_100_opt/hls/syn/report/csynth_design_size.rpt
Execute       send_msg_by_id INFO @200-1995@%s%s%s 2,126 Array/Struct (step 3) C:/Users/Samarth/Desktop/IIIT_Intern/Tutorial_matrix/matrix_100_opt/matrix_100_opt/hls/syn/report/csynth_design_size.rpt 
INFO: [HLS 200-1995] There were 2,126 instructions in the design after the 'Array/Struct (step 3)' phase of compilation. See the Design Size Report for more details: C:/Users/Samarth/Desktop/IIIT_Intern/Tutorial_matrix/matrix_100_opt/matrix_100_opt/hls/syn/report/csynth_design_size.rpt
Execute       send_msg_by_id INFO @200-1995@%s%s%s 2,126 Array/Struct (step 4) C:/Users/Samarth/Desktop/IIIT_Intern/Tutorial_matrix/matrix_100_opt/matrix_100_opt/hls/syn/report/csynth_design_size.rpt 
INFO: [HLS 200-1995] There were 2,126 instructions in the design after the 'Array/Struct (step 4)' phase of compilation. See the Design Size Report for more details: C:/Users/Samarth/Desktop/IIIT_Intern/Tutorial_matrix/matrix_100_opt/matrix_100_opt/hls/syn/report/csynth_design_size.rpt
Execute       send_msg_by_id INFO @200-1995@%s%s%s 2,125 Array/Struct (step 5) C:/Users/Samarth/Desktop/IIIT_Intern/Tutorial_matrix/matrix_100_opt/matrix_100_opt/hls/syn/report/csynth_design_size.rpt 
INFO: [HLS 200-1995] There were 2,125 instructions in the design after the 'Array/Struct (step 5)' phase of compilation. See the Design Size Report for more details: C:/Users/Samarth/Desktop/IIIT_Intern/Tutorial_matrix/matrix_100_opt/matrix_100_opt/hls/syn/report/csynth_design_size.rpt
Execute       send_msg_by_id INFO @200-1995@%s%s%s 2,120 Performance C:/Users/Samarth/Desktop/IIIT_Intern/Tutorial_matrix/matrix_100_opt/matrix_100_opt/hls/syn/report/csynth_design_size.rpt 
INFO: [HLS 200-1995] There were 2,120 instructions in the design after the 'Performance' phase of compilation. See the Design Size Report for more details: C:/Users/Samarth/Desktop/IIIT_Intern/Tutorial_matrix/matrix_100_opt/matrix_100_opt/hls/syn/report/csynth_design_size.rpt
Execute       send_msg_by_id WARNING @200-1995@%s%s%s 106,041 Performance (step 2) C:/Users/Samarth/Desktop/IIIT_Intern/Tutorial_matrix/matrix_100_opt/matrix_100_opt/hls/syn/report/csynth_design_size.rpt 
WARNING: [HLS 200-1995] There were 106,041 instructions in the design after the 'Performance (step 2)' phase of compilation. See the Design Size Report for more details: C:/Users/Samarth/Desktop/IIIT_Intern/Tutorial_matrix/matrix_100_opt/matrix_100_opt/hls/syn/report/csynth_design_size.rpt
Execute       send_msg_by_id INFO @200-1995@%s%s%s 95,148 Performance (step 3) C:/Users/Samarth/Desktop/IIIT_Intern/Tutorial_matrix/matrix_100_opt/matrix_100_opt/hls/syn/report/csynth_design_size.rpt 
INFO: [HLS 200-1995] There were 95,148 instructions in the design after the 'Performance (step 3)' phase of compilation. See the Design Size Report for more details: C:/Users/Samarth/Desktop/IIIT_Intern/Tutorial_matrix/matrix_100_opt/matrix_100_opt/hls/syn/report/csynth_design_size.rpt
Execute       send_msg_by_id INFO @200-1995@%s%s%s 95,148 Performance (step 4) C:/Users/Samarth/Desktop/IIIT_Intern/Tutorial_matrix/matrix_100_opt/matrix_100_opt/hls/syn/report/csynth_design_size.rpt 
