INFO-FLOW: Workspace C:/Users/Samarth/OneDrive/Desktop/IIT/IIIT_Intern/Training/Lab2/MatrixMul/solution1 opened at Fri Apr 18 15:23:24 +0530 2025
Execute     config_clock -quiet -name default -period 10 -default=false 
INFO: [SYN 201-201] Setting up clock 'default' with a period of 10ns.
Execute     config_clock -quiet -name default -uncertainty 1.25 
INFO: [SYN 201-201] Setting up clock 'default' with an uncertainty of 1.25ns.
Execute     open_platform DefaultPlatform 
Execute     import_lib C:/Xilinx_HLS/Vivado/2019.2/common/technology/xilinx/zynq/zynq 
Execute       source C:/Xilinx_HLS/Vivado/2019.2/common/technology/xilinx/common/xilinx.lib 
Execute         source C:/Xilinx_HLS/Vivado/2019.2/common/technology/xilinx/interface/xilinx_interface.lib 
Execute           source C:/Xilinx_HLS/Vivado/2019.2/common/technology/xilinx/interface/plb46.lib 
Execute           source C:/Xilinx_HLS/Vivado/2019.2/common/technology/xilinx/interface/fsl.lib 
Execute           source C:/Xilinx_HLS/Vivado/2019.2/common/technology/xilinx/interface/axi4.lib 
Execute           source C:/Xilinx_HLS/Vivado/2019.2/common/technology/xilinx/interface/maxi.lib 
Execute           source C:/Xilinx_HLS/Vivado/2019.2/common/technology/xilinx/interface/saxilite.lib 
Execute         source C:/Xilinx_HLS/Vivado/2019.2/common/technology/xilinx/common/dsp48.lib 
Execute         source C:/Xilinx_HLS/Vivado/2019.2/common/technology/xilinx/ip/dds_compiler.lib 
Execute         source C:/Xilinx_HLS/Vivado/2019.2/common/technology/xilinx/ip/xfft.lib 
Execute         source C:/Xilinx_HLS/Vivado/2019.2/common/technology/xilinx/ip/xfir.lib 
Execute       source C:/Xilinx_HLS/Vivado/2019.2/common/technology/xilinx/common/xilinx.hlp 
Execute         source C:/Xilinx_HLS/Vivado/2019.2/common/technology/xilinx/common/target_info.tcl 
Execute         source C:/Xilinx_HLS/Vivado/2019.2/common/technology/xilinx/interface/xilinx_interface.hlp 
Execute           source C:/Xilinx_HLS/Vivado/2019.2/common/technology/xilinx/interface/maxi.hlp 
Execute           source C:/Xilinx_HLS/Vivado/2019.2/common/technology/xilinx/interface/saxilite.hlp 
Execute         source C:/Xilinx_HLS/Vivado/2019.2/common/technology/xilinx/common/dsp48.hlp 
Execute       source C:/Xilinx_HLS/Vivado/2019.2/common/technology/xilinx/zynq/dsp48e1.hlp 
Execute       source C:/Xilinx_HLS/Vivado/2019.2/common/technology/xilinx/common/xilinx.hlp 
Execute         source C:/Xilinx_HLS/Vivado/2019.2/common/technology/xilinx/common/target_info.tcl 
Execute         source C:/Xilinx_HLS/Vivado/2019.2/common/technology/xilinx/interface/xilinx_interface.hlp 
Execute           source C:/Xilinx_HLS/Vivado/2019.2/common/technology/xilinx/interface/maxi.hlp 
Execute           source C:/Xilinx_HLS/Vivado/2019.2/common/technology/xilinx/interface/saxilite.hlp 
Execute         source C:/Xilinx_HLS/Vivado/2019.2/common/technology/xilinx/common/dsp48.hlp 
Execute     source C:/Xilinx_HLS/Vivado/2019.2/common/technology/xilinx/zynq/zynq.gen 
Execute       source C:/Xilinx_HLS/Vivado/2019.2/common/technology/xilinx/common/xilinx.gen 
Execute         source C:/Xilinx_HLS/Vivado/2019.2/common/technology/xilinx/interface/plb46.gen 
Execute         source C:/Xilinx_HLS/Vivado/2019.2/common/technology/xilinx/interface/fsl.gen 
Execute         source C:/Xilinx_HLS/Vivado/2019.2/common/technology/xilinx/interface/axi4.gen 
Execute         source C:/Xilinx_HLS/Vivado/2019.2/common/technology/xilinx/interface/nativeAXI4.gen 
Execute           source C:/Xilinx_HLS/Vivado/2019.2/common/technology/xilinx/interface/saxilite.gen 
Execute           source C:/Xilinx_HLS/Vivado/2019.2/common/technology/xilinx/interface/maxi.gen 
Execute         source C:/Xilinx_HLS/Vivado/2019.2/common/technology/xilinx/scripts/xilinxcoregen.gen 
Execute         source C:/Xilinx_HLS/Vivado/2019.2/common/technology/xilinx/interface/XilEDKCoreGen.gen 
Execute         source C:/Xilinx_HLS/Vivado/2019.2/common/technology/xilinx/ip/dds_compiler.gen 
Execute         source C:/Xilinx_HLS/Vivado/2019.2/common/technology/xilinx/ip/util.gen 
Execute         source C:/Xilinx_HLS/Vivado/2019.2/common/technology/xilinx/ip/xfft.gen 
Execute         source C:/Xilinx_HLS/Vivado/2019.2/common/technology/xilinx/ip/xfir.gen 
Execute         source C:/Xilinx_HLS/Vivado/2019.2/common/technology/xilinx/common/dsp48.gen 
Execute     open_platform DefaultPlatform 
Execute     import_lib C:/Xilinx_HLS/Vivado/2019.2/common/technology/xilinx/zynq/zynq_fpv6 
Execute       source C:/Xilinx_HLS/Vivado/2019.2/common/technology/xilinx/common/xilinx_fp.lib 
Execute       source C:/Xilinx_HLS/Vivado/2019.2/common/technology/xilinx/common/xilinx_fp.hlp 
Execute         source C:/Xilinx_HLS/Vivado/2019.2/common/technology/xilinx/common/xilinx.hlp 
Execute           source C:/Xilinx_HLS/Vivado/2019.2/common/technology/xilinx/common/target_info.tcl 
Execute           source C:/Xilinx_HLS/Vivado/2019.2/common/technology/xilinx/interface/xilinx_interface.hlp 
Execute             source C:/Xilinx_HLS/Vivado/2019.2/common/technology/xilinx/interface/maxi.hlp 
Execute             source C:/Xilinx_HLS/Vivado/2019.2/common/technology/xilinx/interface/saxilite.hlp 
Execute           source C:/Xilinx_HLS/Vivado/2019.2/common/technology/xilinx/common/dsp48.hlp 
Execute     source C:/Xilinx_HLS/Vivado/2019.2/common/technology/xilinx/zynq/zynq_fpv6.gen 
Execute       source C:/Xilinx_HLS/Vivado/2019.2/common/technology/xilinx/common/xilinx_fp.gen 
Execute     set_part xc7z020-clg484-1 
Execute       ap_part_info -name xc7z020-clg484-1 -data single -quiet 
Command       ap_part_info done; 0.431 sec.
Execute       ap_part_info -name xc7z020-clg484-1 -data info 
Execute       add_library xilinx/zynq/zynq:xc7z020:-clg484:-1 
Execute         get_default_platform 
Execute         ap_part_info -data single -name xc7z020-clg484-1 
Execute         ap_part_info -name xc7z020-clg484-1 -data resources 
Execute         ap_part_info -name xc7z020-clg484-1 -data info 
Execute         ap_part_info -name xc7z020-clg484-1 -data info 
Execute         config_chip_info -quiet -resource {SLICE 13300} {LUT 53200} {FF 106400} {DSP48E 220} {BRAM 280} {URAM 0} 
Execute         ap_part_info -name xc7z020-clg484-1 -data info 
Execute         config_chip_info -quiet -speed slow 
Execute       add_library xilinx/zynq/zynq_fpv6 
Execute         get_default_platform 
INFO: [HLS 200-10] Setting target device to 'xc7z020-clg484-1'
Execute       ap_part_info -name xc7z020-clg484-1 -data info 
Execute       get_default_platform 
Command     set_part done; 0.538 sec.
Execute     ap_part_info -data single -name xc7z020-clg484-1 
Execute     ap_part_info -name xc7z020-clg484-1 -data resources 
Execute     ap_part_info -name xc7z020-clg484-1 -data info 
Execute     ap_part_info -name xc7z020-clg484-1 -data info 
Execute     config_chip_info -quiet -resource {SLICE 13300} {LUT 53200} {FF 106400} {DSP48E 220} {BRAM 280} {URAM 0} 
Execute     ap_part_info -name xc7z020-clg484-1 -data info 
Execute     config_chip_info -quiet -speed slow 
Execute     config_export -format=ip_catalog 
Execute     config_export -rtl=verilog 
Execute     config_export -version=1.1.0 
Command   open_solution done; 0.708 sec.
Execute   set_part xc7z020-clg484-1 
Execute     ap_part_info -name xc7z020-clg484-1 -data single -quiet 
Execute     ap_part_info -name xc7z020-clg484-1 -data info 
Execute     add_library xilinx/zynq/zynq:xc7z020:-clg484:-1 
Execute       get_default_platform 
Execute       ap_part_info -data single -name xc7z020-clg484-1 
Execute       ap_part_info -name xc7z020-clg484-1 -data resources 
Execute       ap_part_info -name xc7z020-clg484-1 -data info 
Execute       ap_part_info -name xc7z020-clg484-1 -data info 
Execute       config_chip_info -quiet -resource {SLICE 13300} {LUT 53200} {FF 106400} {DSP48E 220} {BRAM 280} {URAM 0} 
Execute       ap_part_info -name xc7z020-clg484-1 -data info 
Execute       config_chip_info -quiet -speed slow 
Execute     add_library xilinx/zynq/zynq_fpv6 
Execute       get_default_platform 
Execute     ap_part_info -name xc7z020-clg484-1 -data info 
Execute     get_default_platform 
Command   set_part done; 0.125 sec.
Execute   create_clock -period 10 -name default 
Execute   config_export -format ip_catalog -rtl verilog -version 1.1.0 
Execute   set_clock_uncertainty 1.25 
Execute   csynth_design 
Execute     get_config_compile -dump_cfg 
Execute     get_config_compile -effort 
Execute     get_config_compile -enable_clang39 
Execute     get_config_compile -g 
Execute     get_config_compile -ng 
Execute     get_config_compile -opt_fp 
Execute     get_config_compile -skip_cdt 
Execute     get_config_compile -skip_syncheck 
Execute     get_config_compile -skip_transform 
Execute     get_config_compile -keep_printf 
Execute     elaborate -effort=medium -skip_syncheck=0 -keep_printf=0 -skip_cdt=0 -skip_transform=0 -ng=0 -g=0 -opt_fp=0 -from_csynth_design=1 
Execute       get_config_schedule -relax_ii_for_timing 
INFO: [SCHED 204-61] Option 'relax_ii_for_timing' is enabled, will increase II to preserve clock frequency constraints.
Execute       get_config_schedule -suppress_dependence_error_break 
INFO: [HLS 200-10] Analyzing design file 'MatrixMul/matrix_mul.cpp' ... 
INFO-FLOW: Compiling one TU...
Execute       is_m_axi_addr64 
INFO-FLOW: Handling MatrixMul/matrix_mul.cpp as C++
Execute       ap_part_info -name xc7z020-clg484-1 -data info 
Execute       is_encrypted MatrixMul/matrix_mul.cpp 
Execute       ap_part_info -name xc7z020-clg484-1 -data info 
INFO-FLOW: Running: GCC PP
INFO-FLOW: Source preprocessing
Execute       clang  -fno-limit-debug-info -gcc-toolchain "C:/Xilinx_HLS/Vivado/2019.2/msys" -hls  -fno-exceptions  -D__llvm__  -E "MatrixMul/matrix_mul.cpp"     -fno-math-errno -c -emit-llvm -O0  -mllvm -disable-llvm-optzns -fno-threadsafe-statics  -fno-use-cxa-atexit  -fno-threadsafe-statics -fno-use-cxa-atexit -D__CLANG_3_1__ -D__cdecl= -DAESL_SYN -D__SYNTHESIS__ -D__HLS_SYN__ -I "C:/Xilinx_HLS/Vivado/2019.2/common/technology/autopilot" -I "C:/Xilinx_HLS/Vivado/2019.2/common/technology/autopilot/ap_sysc" -include etc/autopilot_ssdm_op.h -D__DSP48E1__  -o "C:/Users/Samarth/OneDrive/Desktop/IIT/IIIT_Intern/Training/Lab2/MatrixMul/solution1/.autopilot/db/matrix_mul.pp.0.cpp" 
INFO-FLOW: exec C:/Xilinx_HLS/Vivado/2019.2/win64/tools/clang/bin/clang -fno-limit-debug-info -gcc-toolchain C:/Xilinx_HLS/Vivado/2019.2/msys -hls -fno-exceptions -D__llvm__ -E MatrixMul/matrix_mul.cpp -fno-math-errno -c -emit-llvm -O0 -mllvm -disable-llvm-optzns -fno-threadsafe-statics -fno-use-cxa-atexit -fno-threadsafe-statics -fno-use-cxa-atexit -D__CLANG_3_1__ -D__cdecl= -DAESL_SYN -D__SYNTHESIS__ -D__HLS_SYN__ -I C:/Xilinx_HLS/Vivado/2019.2/common/technology/autopilot -I C:/Xilinx_HLS/Vivado/2019.2/common/technology/autopilot/ap_sysc -include etc/autopilot_ssdm_op.h -D__DSP48E1__ -o C:/Users/Samarth/OneDrive/Desktop/IIT/IIIT_Intern/Training/Lab2/MatrixMul/solution1/.autopilot/db/matrix_mul.pp.0.cpp
Command       clang done; 0.658 sec.
Execute       tidy_31 xilinx-xfmat-array-geometry C:/Users/Samarth/OneDrive/Desktop/IIT/IIIT_Intern/Training/Lab2/MatrixMul/solution1/.autopilot/db/matrix_mul.pp.0.cpp std=gnu++98 
INFO-FLOW: exec C:/Xilinx_HLS/Vivado/2019.2/win64/tools/clang-3.9-csynth/bin/tidy-3.1 -header-filter=.* -checks=-*,xilinx-xfmat-array-geometry -quiet -fix C:/Users/Samarth/OneDrive/Desktop/IIT/IIIT_Intern/Training/Lab2/MatrixMul/solution1/.autopilot/db/matrix_mul.pp.0.cpp -- -std=gnu++98 -fhls -ferror-limit=0
Command       tidy_31 done; 0.391 sec.
INFO-FLOW: Syntax Checking before pre-processing...
Execute       clang -syntaxcheck -src C:/Users/Samarth/OneDrive/Desktop/IIT/IIIT_Intern/Training/Lab2/MatrixMul/solution1/.autopilot/db/matrix_mul.pp.0.cpp  -fno-limit-debug-info -gcc-toolchain "C:/Xilinx_HLS/Vivado/2019.2/msys" -hls    -fno-math-errno -c -emit-llvm -O0  -mllvm -disable-llvm-optzns -fno-threadsafe-statics  -fno-use-cxa-atexit  -fno-threadsafe-statics -fno-use-cxa-atexit -D__CLANG_3_1__ -D__cdecl= -DAESL_SYN -D__SYNTHESIS__ -D__HLS_SYN__ -I "C:/Xilinx_HLS/Vivado/2019.2/common/technology/autopilot" -I "C:/Xilinx_HLS/Vivado/2019.2/common/technology/autopilot/ap_sysc" -include etc/autopilot_ssdm_op.h -D__DSP48E1__  "C:/Users/Samarth/OneDrive/Desktop/IIT/IIIT_Intern/Training/Lab2/MatrixMul/solution1/.autopilot/db/matrix_mul.pp.0.cpp"  -o "C:/Users/Samarth/OneDrive/Desktop/IIT/IIIT_Intern/Training/Lab2/MatrixMul/solution1/.autopilot/db/useless.bc"  
INFO-FLOW: exec C:/Xilinx_HLS/Vivado/2019.2/win64/tools/clang/bin/clang -fno-limit-debug-info -gcc-toolchain C:/Xilinx_HLS/Vivado/2019.2/msys -hls -fno-math-errno -c -emit-llvm -O0 -mllvm -disable-llvm-optzns -fno-threadsafe-statics -fno-use-cxa-atexit -fno-threadsafe-statics -fno-use-cxa-atexit -D__CLANG_3_1__ -D__cdecl= -DAESL_SYN -D__SYNTHESIS__ -D__HLS_SYN__ -I C:/Xilinx_HLS/Vivado/2019.2/common/technology/autopilot -I C:/Xilinx_HLS/Vivado/2019.2/common/technology/autopilot/ap_sysc -include etc/autopilot_ssdm_op.h -D__DSP48E1__ C:/Users/Samarth/OneDrive/Desktop/IIT/IIIT_Intern/Training/Lab2/MatrixMul/solution1/.autopilot/db/matrix_mul.pp.0.cpp -o C:/Users/Samarth/OneDrive/Desktop/IIT/IIIT_Intern/Training/Lab2/MatrixMul/solution1/.autopilot/db/useless.bc
Command       clang done; 0.794 sec.
INFO-FLOW: Done: GCC PP time: 1.8 seconds per iteration
Execute       source C:/Xilinx_HLS/Vivado/2019.2/tps/tcl/tcllib1.11.1/yaml/huddle.tcl 
Execute       source C:/Xilinx_HLS/Vivado/2019.2/tps/tcl/tcllib1.11.1/yaml/json2huddle.tcl 
Execute         source C:/Xilinx_HLS/Vivado/2019.2/tps/tcl/tcllib1.11.1/try/try.tcl 
Execute       list_core -type functional_unit 
Execute       tidy_31 xilinx-systemc-detector C:/Users/Samarth/OneDrive/Desktop/IIT/IIIT_Intern/Training/Lab2/MatrixMul/solution1/.autopilot/db/matrix_mul.pp.0.cpp std=gnu++98 -directive=C:/Users/Samarth/OneDrive/Desktop/IIT/IIIT_Intern/Training/Lab2/MatrixMul/solution1/.autopilot/db/.systemc_flag 
INFO-FLOW: exec C:/Xilinx_HLS/Vivado/2019.2/win64/tools/clang-3.9-csynth/bin/tidy-3.1 -header-filter=.* -checks=-*,xilinx-systemc-detector -import-directive=C:/Users/Samarth/OneDrive/Desktop/IIT/IIIT_Intern/Training/Lab2/MatrixMul/solution1/.autopilot/db/.systemc_flag -quiet -fix-errors C:/Users/Samarth/OneDrive/Desktop/IIT/IIIT_Intern/Training/Lab2/MatrixMul/solution1/.autopilot/db/matrix_mul.pp.0.cpp -- -std=gnu++98 -fhls -ferror-limit=0
Command       tidy_31 done; 0.344 sec.
INFO-FLOW: Running: tidy-3.1 CDT preprocess
Execute       tidy_31 xilinx-directive2pragma C:/Users/Samarth/OneDrive/Desktop/IIT/IIIT_Intern/Training/Lab2/MatrixMul/solution1/.autopilot/db/matrix_mul.pp.0.cpp std=gnu++98 -directive=C:/Users/Samarth/OneDrive/Desktop/IIT/IIIT_Intern/Training/Lab2/MatrixMul/solution1/.autopilot/db/all.directive.json 
INFO-FLOW: exec C:/Xilinx_HLS/Vivado/2019.2/win64/tools/clang-3.9-csynth/bin/tidy-3.1 -header-filter=.* -checks=-*,xilinx-directive2pragma -import-directive=C:/Users/Samarth/OneDrive/Desktop/IIT/IIIT_Intern/Training/Lab2/MatrixMul/solution1/.autopilot/db/all.directive.json -quiet -fix-errors C:/Users/Samarth/OneDrive/Desktop/IIT/IIIT_Intern/Training/Lab2/MatrixMul/solution1/.autopilot/db/matrix_mul.pp.0.cpp -- -std=gnu++98 -fhls -ferror-limit=0
Command       tidy_31 done; 0.326 sec.
Execute       get_config_dataflow -strict_mode 
Execute       ap_eval exec -ignorestderr C:/Xilinx_HLS/Vivado/2019.2/win64/tools/clang-3.9-csynth/bin/xilinx-dataflow-lawyer -export-fixes=C:/Users/Samarth/OneDrive/Desktop/IIT/IIIT_Intern/Training/Lab2/MatrixMul/solution1/.autopilot/db/xilinx-dataflow-lawyer.matrix_mul.pp.0.cpp.diag.yml C:/Users/Samarth/OneDrive/Desktop/IIT/IIIT_Intern/Training/Lab2/MatrixMul/solution1/.autopilot/db/matrix_mul.pp.0.cpp -- -std=gnu++98 -fhls -ferror-limit=0 -fstrict-dataflow > C:/Users/Samarth/OneDrive/Desktop/IIT/IIIT_Intern/Training/Lab2/MatrixMul/solution1/.autopilot/db/xilinx-dataflow-lawyer.matrix_mul.pp.0.cpp.out.log 2> C:/Users/Samarth/OneDrive/Desktop/IIT/IIIT_Intern/Training/Lab2/MatrixMul/solution1/.autopilot/db/xilinx-dataflow-lawyer.matrix_mul.pp.0.cpp.err.log 
Command       ap_eval done; 0.318 sec.
Execute       tidy_31 -errorcheck xilinx-constantarray-param,xilinx-resource-pragma-transformer,xilinx-xfmat-array-geometry C:/Users/Samarth/OneDrive/Desktop/IIT/IIIT_Intern/Training/Lab2/MatrixMul/solution1/.autopilot/db/matrix_mul.pp.0.cpp std=gnu++98 
Execute         ap_eval exec -ignorestderr C:/Xilinx_HLS/Vivado/2019.2/win64/tools/clang-3.9-csynth/bin/tidy-3.1 -export-fixes=C:/Users/Samarth/OneDrive/Desktop/IIT/IIIT_Intern/Training/Lab2/MatrixMul/solution1/.autopilot/db/tidy-3.1.matrix_mul.pp.0.cpp.diag.yml -header-filter=.* -checks=-*,xilinx-constantarray-param,xilinx-resource-pragma-transformer,xilinx-xfmat-array-geometry -quiet -fix-errors C:/Users/Samarth/OneDrive/Desktop/IIT/IIIT_Intern/Training/Lab2/MatrixMul/solution1/.autopilot/db/matrix_mul.pp.0.cpp -- -std=gnu++98 -fhls -ferror-limit=0 > C:/Users/Samarth/OneDrive/Desktop/IIT/IIIT_Intern/Training/Lab2/MatrixMul/solution1/.autopilot/db/tidy-3.1.matrix_mul.pp.0.cpp.out.log 2> C:/Users/Samarth/OneDrive/Desktop/IIT/IIIT_Intern/Training/Lab2/MatrixMul/solution1/.autopilot/db/tidy-3.1.matrix_mul.pp.0.cpp.err.log 
Command         ap_eval done; 0.438 sec.
Execute         ap_eval exec -ignorestderr C:/Xilinx_HLS/Vivado/2019.2/win64/tools/clang-3.9-csynth/bin/xilinx-legacy-rewriter C:/Users/Samarth/OneDrive/Desktop/IIT/IIIT_Intern/Training/Lab2/MatrixMul/solution1/.autopilot/db/matrix_mul.pp.0.cpp -- -std=gnu++98 -fhls -ferror-limit=0 > C:/Users/Samarth/OneDrive/Desktop/IIT/IIIT_Intern/Training/Lab2/MatrixMul/solution1/.autopilot/db/xilinx-legacy-rewriter.matrix_mul.pp.0.cpp.out.log 2> C:/Users/Samarth/OneDrive/Desktop/IIT/IIIT_Intern/Training/Lab2/MatrixMul/solution1/.autopilot/db/xilinx-legacy-rewriter.matrix_mul.pp.0.cpp.err.log 
Command         ap_eval done; 0.236 sec.
Command       tidy_31 done; 0.679 sec.
INFO-FLOW: Done: tidy-3.1 CDT preprocess time: 1.3 seconds per iteration
INFO-FLOW: Pragma Handling...
Execute       tidy_31 xilinx-ssdm-intrinsics-arguments C:/Users/Samarth/OneDrive/Desktop/IIT/IIIT_Intern/Training/Lab2/MatrixMul/solution1/.autopilot/db/matrix_mul.pragma.1.cpp std=gnu++98 
INFO-FLOW: exec C:/Xilinx_HLS/Vivado/2019.2/win64/tools/clang-3.9-csynth/bin/tidy-3.1 -header-filter=.* -checks=-*,xilinx-ssdm-intrinsics-arguments -quiet -fix-errors C:/Users/Samarth/OneDrive/Desktop/IIT/IIIT_Intern/Training/Lab2/MatrixMul/solution1/.autopilot/db/matrix_mul.pragma.1.cpp -- -std=gnu++98 -fhls -ferror-limit=0
Command       tidy_31 done; 0.712 sec.
Execute       ap_part_info -name xc7z020-clg484-1 -data info 
INFO-FLOW: Processing labels
Execute       clang -src C:/Users/Samarth/OneDrive/Desktop/IIT/IIIT_Intern/Training/Lab2/MatrixMul/solution1/.autopilot/db/matrix_mul.pragma.2.cpp  -fno-limit-debug-info -gcc-toolchain C:/Xilinx_HLS/Vivado/2019.2/msys -hls -hls-analyze-label -hls-analyze-pragma -fno-exceptions  -D__llvm__  -w  "C:/Users/Samarth/OneDrive/Desktop/IIT/IIIT_Intern/Training/Lab2/MatrixMul/solution1/.autopilot/db/matrix_mul.pragma.2.cpp"    -fno-math-errno -c -emit-llvm -O0  -mllvm -disable-llvm-optzns -fno-threadsafe-statics  -fno-use-cxa-atexit -DAESL_SYN -D__SYNTHESIS__ -D__HLS_SYN__ -I "C:/Xilinx_HLS/Vivado/2019.2/common/technology/autopilot" -I "C:/Xilinx_HLS/Vivado/2019.2/common/technology/autopilot/ap_sysc" -include etc/autopilot_ssdm_op.h -D__DSP48E1__ -g -o "C:/Users/Samarth/OneDrive/Desktop/IIT/IIIT_Intern/Training/Lab2/MatrixMul/solution1/.autopilot/db/matrix_mul.bc" 
INFO-FLOW: exec C:/Xilinx_HLS/Vivado/2019.2/win64/tools/clang/bin/clang -fno-limit-debug-info -gcc-toolchain C:/Xilinx_HLS/Vivado/2019.2/msys -hls -hls-analyze-label -hls-analyze-pragma -fno-exceptions -D__llvm__ -w C:/Users/Samarth/OneDrive/Desktop/IIT/IIIT_Intern/Training/Lab2/MatrixMul/solution1/.autopilot/db/matrix_mul.pragma.2.cpp -fno-math-errno -c -emit-llvm -O0 -mllvm -disable-llvm-optzns -fno-threadsafe-statics -fno-use-cxa-atexit -DAESL_SYN -D__SYNTHESIS__ -D__HLS_SYN__ -I C:/Xilinx_HLS/Vivado/2019.2/common/technology/autopilot -I C:/Xilinx_HLS/Vivado/2019.2/common/technology/autopilot/ap_sysc -include etc/autopilot_ssdm_op.h -D__DSP48E1__ -g -o C:/Users/Samarth/OneDrive/Desktop/IIT/IIIT_Intern/Training/Lab2/MatrixMul/solution1/.autopilot/db/matrix_mul.bc
Command       clang done; 0.883 sec.
INFO-FLOW: Linking Debug ...
Execute       llvm-ld C:/Users/Samarth/OneDrive/Desktop/IIT/IIIT_Intern/Training/Lab2/MatrixMul/solution1/.autopilot/db/matrix_mul.g.bc -hls-opt -except-internalize matrixmul_5 -LC:/Xilinx_HLS/Vivado/2019.2/win64/lib -lhlsm -lhlsmc++ -o C:/Users/Samarth/OneDrive/Desktop/IIT/IIIT_Intern/Training/Lab2/MatrixMul/solution1/.autopilot/db/a.g 
Command       llvm-ld done; 0.708 sec.
INFO: [HLS 200-111] Finished Linking Time (s): cpu = 00:00:01 ; elapsed = 00:00:07 . Memory (MB): peak = 186.406 ; gain = 97.062
INFO: [HLS 200-111] Finished Checking Pragmas Time (s): cpu = 00:00:01 ; elapsed = 00:00:07 . Memory (MB): peak = 186.406 ; gain = 97.062
Execute       get_config_sdx -target 
Execute       opt_and_import_c a -opt_level=2 -skip_syncheck=0 -ng=0 -keep_printf=0 
Execute         cleanup_all_models 
INFO: [HLS 200-10] Starting code transformations ...
Execute         transform -promote-dbg-pointer C:/Users/Samarth/OneDrive/Desktop/IIT/IIIT_Intern/Training/Lab2/MatrixMul/solution1/.autopilot/db/a.pp.bc -o C:/Users/Samarth/OneDrive/Desktop/IIT/IIIT_Intern/Training/Lab2/MatrixMul/solution1/.autopilot/db/a.pp.0.bc -f 
Execute         llvm-ld C:/Users/Samarth/OneDrive/Desktop/IIT/IIIT_Intern/Training/Lab2/MatrixMul/solution1/.autopilot/db/a.pp.0.bc -disable-opt -LC:/Xilinx_HLS/Vivado/2019.2/win64/lib -lfloatconversion -o C:/Users/Samarth/OneDrive/Desktop/IIT/IIIT_Intern/Training/Lab2/MatrixMul/solution1/.autopilot/db/a.g.0 
Command         llvm-ld done; 0.357 sec.
INFO-FLOW: Running Standard Transforms...
Execute         transform -hls -share-std-xform -demangle-name -inline-byval-memcpy -always-inline -promote-dbg-pointer -interface-preproc -mem2reg -scalarrepl -mem2reg -keep-read-access -instcombine -dce -promote-dbg-pointer -bitop-raise -loop-simplify -indvarspre -indvars -loop-simplify -xunroll -constprop -instcombine -simplifycfg -indvars -simplifycfg -dce -globaldce -basicaa -simplifycfg -mem2reg -globalopt -global-constprop -deadargelim -instcombine -simplifycfg -prune-eh -simplifycfg -scalarrepl -instcombine -reassociate -licm -simplifycfg -loop-simplify -indvars -instcombine -simplifycfg -mem2reg -loop-simplify -indvars -instcombine -gvn -gvn -instcombine -adce -break-crit-edges -simplifycfg -loop-delete -global-array-opt -dce -dse -adce -find-syn-modules -top matrixmul_5 -deadargelim -mem2reg -instcombine -dce -presyn-prepare -auto-rom-infer -interface-preproc -syn-check -check-rec-only -find-region -simplifycfg -func-extr -function-inline -globaldce -mem2reg -instcombine -dce -gvn -globaldce -adce -adse -constprop -instcombine -bit-constprop -instcombine -dce -simplifycfg -bitop-raise -simplifycfg -dce -loop-delete -reassociate -globalopt -global-privatize -mem2reg -dce -global-constprop -pointer-simplify -constprop -dce -func-inst -deadargelim -auto-shift-reg-idiom -promote-dbg-pointer -norm-name C:/Users/Samarth/OneDrive/Desktop/IIT/IIIT_Intern/Training/Lab2/MatrixMul/solution1/.autopilot/db/a.g.0.bc -o C:/Users/Samarth/OneDrive/Desktop/IIT/IIIT_Intern/Training/Lab2/MatrixMul/solution1/.autopilot/db/a.g.1.bc -f -phase std-opt 
INFO: [HLS 200-111] Finished Standard Transforms Time (s): cpu = 00:00:01 ; elapsed = 00:00:08 . Memory (MB): peak = 186.406 ; gain = 97.062
INFO: [HLS 200-10] Checking synthesizability ...
INFO-FLOW: Checking Synthesizability 1/2..
Execute         transform -hls -syn-check -check-rec-only -disaggr -scalarrepl -norm-name -dce -mem2reg -instcombine -function-uniquify -directive-preproc -mem2reg -dse -dce -auto-rom-infer -dce -pag -array-normalize -instcombine -dce -warn-fifo-pointer -array-seg-normalize -instcombine -dce -array-flatten -instcombine -dce -array-burst -dce -deadargelim -promote-global-argument -simplifycfg -mem2reg -globaldce -dce -deadargelim -dce -instcombine -function-inline -globaldce -dce -doublePtrSimplify -doublePtrElim -dce -doublePtrSimplify -promote-dbg-pointer -dce -scalarrepl -dse -adse -instcombine -ptrLegalization -simplifycfg -dce -instcombine -pointer-simplify -ptrArgReplace -dce -instcombine -resolve-double-ptr -disaggr -scalarrepl -norm-name -dce -mem2reg -instcombine -ptrLegalization -simplifycfg -deadargelim -instcombine -dce -inst-simplify -function-uniquify -directive-preproc -mem2reg -dse -dce -globaldce -check-dspbuiltin C:/Users/Samarth/OneDrive/Desktop/IIT/IIIT_Intern/Training/Lab2/MatrixMul/solution1/.autopilot/db/a.g.1.bc -o C:/Users/Samarth/OneDrive/Desktop/IIT/IIIT_Intern/Training/Lab2/MatrixMul/solution1/.autopilot/db/a.g.2.prechk.bc -f 
INFO-FLOW: Checking Synthesizability 2/2..
Execute         transform -syn-check C:/Users/Samarth/OneDrive/Desktop/IIT/IIIT_Intern/Training/Lab2/MatrixMul/solution1/.autopilot/db/a.g.2.prechk.bc -o C:/Users/Samarth/OneDrive/Desktop/IIT/IIIT_Intern/Training/Lab2/MatrixMul/solution1/.autopilot/db/a.g.2.bc -f -phase syn-check 
WARNING: [SYNCHK 200-23] MatrixMul/matrix_mul.cpp:329: variable-indexed range selection may cause suboptimal QoR.
INFO: [SYNCHK 200-10] 0 error(s), 1 warning(s).
INFO: [HLS 200-111] Finished Checking Synthesizability Time (s): cpu = 00:00:01 ; elapsed = 00:00:08 . Memory (MB): peak = 186.406 ; gain = 97.062
INFO-FLOW: Compiler optimizing ...
INFO-FLOW: Share syncheck's 1.bc for syn flow: copy C:/Users/Samarth/OneDrive/Desktop/IIT/IIIT_Intern/Training/Lab2/MatrixMul/solution1/.autopilot/db/a.g.1.bc to C:/Users/Samarth/OneDrive/Desktop/IIT/IIIT_Intern/Training/Lab2/MatrixMul/solution1/.autopilot/db/a.o.1.bc
INFO-FLOW: Presyn 1...
Execute         transform -hls -tmp C:/Users/Samarth/OneDrive/Desktop/IIT/IIIT_Intern/Training/Lab2/MatrixMul/solution1/.autopilot/db -interface-port-rename -type-info -function-uniquify -directive-preproc -mem2reg -dse -dce -disaggr -scalarrepl -norm-name -deadargelim -mem2reg -instcombine -dce -simplifycfg -auto-rom-infer -dce -function-uniquify -resource-proc -clib-intrinsic-prepare -dce -func-buffer -dce -pag -array-normalize -func-legal -instcombine -gvn -constprop -dce -simplifycfg -mem2reg -globaldce -resolve-double-ptr -dce -deadargelim -dce -instcombine -ptrArgReplace -mem2reg -dce -array-seg-normalize -deadargelim -instcombine -dce -pointer-simplify -dce -port-alignment -dce -interface-preproc -data-pack -instcombine -dce -basicaa -aggr-aa -aggrmodref-aa -aggr-aa -gvn -gvn -basicaa -aggr-aa -aggrmodref-aa -aggr-aa -dse -adse -adce -loop-simplify -indvars -instcombine -gvn -loop-simplify -mem2reg -dce -find-region -instcombine -auto-loop-pipeline -inst-simplify -interface-preproc -cfgopt -instcombine -indvars -auto-loop-unroll -loop-simplify -loop-bound -xunroll -constprop -instcombine -simplifycfg -indvars -simplifycfg -dce -globaldce -clean-region -attach-range -gvn -inst-simplify -constprop -simplifycfg -dce -pointer-simplify -dce -globalopt -constprop -dce -array-promote -constprop -dce -ptrArgReplace -mem2reg -simplifycfg -dce -auto-par -instcombine -dce -array-transform-check -array-reshape -instcombine -simplifycfg -dce -ptrArgReplace -deadargelim -mem2reg -instcombine -simplifycfg -dce -indvars -loop-simplify -loop-bound -xunroll -constprop -instcombine -simplifycfg -indvars -simplifycfg -dce -globaldce -basicaa -aggr-aa -aggrmodref-aa -aggr-aa -dse -duplicate-dataflow-processes -globaldce -instcombine -array-partition -instcombine -simplifycfg -dce -ptrArgReplace -global-constprop -deadargelim -mem2reg -func-legal -dce -global-constprop -deadargelim -mem2reg -simplifycfg -dce -merge-param -deadargelim -globalopt -constprop -dce -array-promote -constprop -dce -ptrArgReplace -mem2reg -simplifycfg -dce -mem-intrinsic-preproc -dce -global-internalize -global-privatize -mem2reg -globaldce -promote-global-argument -ptrArgReplace -mem2reg -dce -globalopt -mergereturn -simplify-global-access -mem2reg -dce -pointer-simplify -dce -functionattrs -basicaa -aggr-aa -aggrmodref-aa -aggr-aa -gvn -gvn -basicaa -aggr-aa -aggrmodref-aa -aggr-aa -dse -adse -adce -dce -norm-name -function-inline -complex-op-raise -inst-simplify -globaldce -func-inst -constprop -instcombine -simplifycfg -dce -func-legal -dce -loop-bound -arraycheck -bitwidthmin -on-by-dataflow -loop-delete -instcombine -simplifycfg -globaldce -dce -gvn -deadargelim -dce -loop-simplify -clean-region -simplifycfg -propagate-stable-arguments -loop-stream -instcombine -simplifycfg -dce -globaldce -duplicate-dataflow-processes -stream-intrinsic-preproc -dce -check-ap-stream -loop-simplify -eliminate-keepreads -extract-dataflow-in-loop -loop-simplify -dce -gvn -deadargelim -dse -check-dataflow-syntax -legalize-stream-variable -legalize-global -extract-subproc -dce -dead-channel-elimination -canonicalize-gep -globaldce -dce -gvn -deadargelim -annotate-dataflow-channels -scalar-propagation -deadargelim -globaldce -mem2reg -check-dataflow-channels -function-stream -dce -globaldce -prop-fifo-spec -internal-stream-gen -canonicalize-gep -globaldce -dce -gvn -deadargelim -mergereturn -indvars -loop-simplify -instcombine -array-stream -array-seg-normalize -array-partition -func-legal -instcombine -simplifycfg -dce -bundle-memfifo-ops -deadargelim -function-uniquify -directive-preproc -mem2reg -dse -dce -group-axi-access -licm -simplifycfg -dce -loop-delete -norm-name C:/Users/Samarth/OneDrive/Desktop/IIT/IIIT_Intern/Training/Lab2/MatrixMul/solution1/.autopilot/db/a.o.1.bc -o C:/Users/Samarth/OneDrive/Desktop/IIT/IIIT_Intern/Training/Lab2/MatrixMul/solution1/.autopilot/db/a.o.1.tmp.bc -f 
INFO: [XFORM 203-502] Unrolling all sub-loops inside loop 'loop2' (MatrixMul/matrix_mul.cpp:312) in function 'matrixmul_5' for pipelining.
INFO: [HLS 200-489] Unrolling loop 'loop3' (MatrixMul/matrix_mul.cpp:315) in function 'matrixmul_5' completely with a factor of 8.
INFO: [XFORM 203-101] Partitioning array 'input_A.V' (MatrixMul/matrix_mul.cpp:278) in dimension 2 completely.
INFO: [XFORM 203-101] Partitioning array 'input_B.V' (MatrixMul/matrix_mul.cpp:280) in dimension 1 completely.
Command         transform done; 0.257 sec.
INFO-FLOW: Presyn 2...
Execute         transform -hls -keep-callgraph -scalarrepl -mem2reg -port-alignment -attach-range -dce -pipe-mux-gen -indvars -loop-bound -inst-simplify -instcombine -dce -merge-array-access -mem2reg -dce -clean-region -mergereturn -if-conv -instcombine -dce -constprop -basicaa -aggr-aa -aggrmodref-aa -aggr-aa -gvn -gvn -basicaa -aggr-aa -aggrmodref-aa -aggr-aa -dse -adse -adce -scalarrepl -mem2reg -global-constprop -deadargelim -deadargelim -instcombine -dce -simplifycfg -ptrArgReplace -mem2reg -function-inline -globaldce -mem2reg -instcombine -dce -expr-balance -instcombine -dce -bitwidthmin -interface-preproc -directive-preproc -inst-rectify -instcombine -dce -functionattrs -constprop -instcombine -bit-constprop -simplify-global-access -globalopt -globaldce -inst-simplify -instcombine -elimdeaddata -dce -loop-delete -simplifycfg -loop-simplify -auto-burst -norm-name C:/Users/Samarth/OneDrive/Desktop/IIT/IIIT_Intern/Training/Lab2/MatrixMul/solution1/.autopilot/db/a.o.1.tmp.bc -o C:/Users/Samarth/OneDrive/Desktop/IIT/IIIT_Intern/Training/Lab2/MatrixMul/solution1/.autopilot/db/a.o.2.bc -f -phase presyn 
INFO: [XFORM 203-401] Performing if-conversion on hyperblock from (MatrixMul/matrix_mul.cpp:290:46) to (MatrixMul/matrix_mul.cpp:295:4) in function 'matrixmul_5'... converting 10 basic blocks.
INFO: [XFORM 203-401] Performing if-conversion on hyperblock from (MatrixMul/matrix_mul.cpp:300:46) to (MatrixMul/matrix_mul.cpp:305:4) in function 'matrixmul_5'... converting 10 basic blocks.
INFO: [XFORM 203-401] Performing if-conversion on hyperblock from (MatrixMul/matrix_mul.cpp:326:48) to (MatrixMul/matrix_mul.cpp:326:41) in function 'matrixmul_5'... converting 10 basic blocks.
Command         transform done; 0.174 sec.
INFO: [HLS 200-111] Finished Pre-synthesis Time (s): cpu = 00:00:02 ; elapsed = 00:00:08 . Memory (MB): peak = 186.406 ; gain = 97.062
INFO-FLOW: Building ssdm...
Execute         transform -hls -function-uniquify -auto-function-inline -globaldce -ptrArgReplace -mem2reg -dce -reset-lda -loop-simplify -indvars -licm -loop-dep -loop-bound -licm -loop-simplify -flattenloopnest -array-flatten -gvn -instcombine -dce -array-map -dce -func-legal -gvn -adce -instcombine -cfgopt -simplifycfg -loop-simplify -array-burst -promote-global-argument -dce -ptrLegalization -axi4-lower -array-seg-normalize -basicaa -aggrmodref-aa -globalsmodref-aa -aggr-aa -gvn -gvn -basicaa -aggrmodref-aa -globalsmodref-aa -aggr-aa -dse -adse -adce -licm -inst-simplify -dce -globaldce -instcombine -array-stream -eliminate-keepreads -instcombine -dce -deadargelim -doublePtrSimplify -doublePtrElim -dce -doublePtrSimplify -promote-dbg-pointer -dce -scalarrepl -mem2reg -disaggr -norm-name -mem2reg -instcombine -dse -adse -adce -ptrLegalization -dce -auto-rom-infer -array-flatten -dce -instcombine -check-doubleptr -loop-rot -constprop -cfgopt -simplifycfg -loop-simplify -indvars -pointer-simplify -dce -loop-bound -loop-simplify -loop-preproc -constprop -global-constprop -gvn -mem2reg -instcombine -dce -loop-bound -loop-merge -dce -bitwidthmin -deadargelim -dce -canonicalize-dataflow -dce -scalar-propagation -deadargelim -globaldce -mem2reg -read-loop-dep -interface-preproc -directive-preproc -interface-gen -bram-byte-enable -deadargelim -inst-simplify -dce -gvn -mem2reg -instcombine -dce -adse -loop-bound -instcombine -cfgopt -simplifycfg -loop-simplify -clean-region -io-protocol -find-region -mem2reg -bitop-raise -complex-op-raise -inst-simplify -inst-rectify -instcombine -adce -deadargelim -loop-simplify -phi-opt -bitop-raise -cfgopt -simplifycfg -strip-dead-prototypes -interface-lower -bitop-lower -intrinsic-lower -auto-function-inline -basicaa -aggrmodref-aa -globalsmodref-aa -aggr-aa -inst-simplify -simplifycfg -loop-simplify -mergereturn -inst-simplify -inst-rectify -dce -load-elim -bitop-lower -loop-rewind -pointer-simplify -dce -cfgopt -dce -loop-bound -loop-dep -read-loop-dep -dce -check-stream -norm-name -legalize -validate-dataflow -inst-clarity -bitwidth -dump-loop-dep-to-ir -check-all-ssdm -cdfg-build C:/Users/Samarth/OneDrive/Desktop/IIT/IIIT_Intern/Training/Lab2/MatrixMul/solution1/.autopilot/db/a.o.2.bc -o C:/Users/Samarth/OneDrive/Desktop/IIT/IIIT_Intern/Training/Lab2/MatrixMul/solution1/.autopilot/db/a.o.3.bc -f -phase build-ssdm 
INFO: [XFORM 203-541] Flattening a loop nest 'loop_input_A1' (MatrixMul/matrix_mul.cpp:289:45) in function 'matrixmul_5'.
INFO: [XFORM 203-541] Flattening a loop nest 'loop_input_B1' (MatrixMul/matrix_mul.cpp:299:45) in function 'matrixmul_5'.
INFO: [XFORM 203-541] Flattening a loop nest 'loop1' (MatrixMul/matrix_mul.cpp:311:39) in function 'matrixmul_5'.
INFO: [XFORM 203-541] Flattening a loop nest 'loop_output_C1' (MatrixMul/matrix_mul.cpp:325:48) in function 'matrixmul_5'.
INFO: [HLS 200-472] Inferring partial write operation for 'output_C.V' (MatrixMul/matrix_mul.cpp:320:4)
INFO: [HLS 200-472] Inferring partial write operation for 'input_A[0].V' (MatrixMul/matrix_mul.cpp:295:4)
INFO: [HLS 200-472] Inferring partial write operation for 'input_B[0].V' (MatrixMul/matrix_mul.cpp:305:4)
Command         transform done; 0.438 sec.
INFO: [HLS 200-111] Finished Architecture Synthesis Time (s): cpu = 00:00:02 ; elapsed = 00:00:09 . Memory (MB): peak = 186.406 ; gain = 97.062
INFO-FLOW: Finish building internal data model.
Command       opt_and_import_c done; 1.535 sec.
Command     elaborate done; 7.513 sec.
Execute     autosyn -from_csynth_design=1 
INFO: [HLS 200-10] Starting hardware synthesis ...
INFO-FLOW: Synthesizing C/C++ design ...
INFO: [HLS 200-10] Synthesizing 'matrixmul_5' ...
Execute       ap_set_top_model matrixmul_5 
Execute       get_model_list matrixmul_5 -filter all-wo-channel -topdown 
Execute       preproc_iomode -model matrixmul_5 
Execute       get_model_list matrixmul_5 -filter all-wo-channel 
INFO-FLOW: Model list for configure: matrixmul_5
INFO-FLOW: Configuring Module : matrixmul_5 ...
Execute       set_default_model matrixmul_5 
Execute       apply_spec_resource_limit matrixmul_5 
INFO-FLOW: Model list for preprocess: matrixmul_5
INFO-FLOW: Preprocessing Module: matrixmul_5 ...
Execute       set_default_model matrixmul_5 
Execute       cdfg_preprocess -model matrixmul_5 
Execute       rtl_gen_preprocess matrixmul_5 
INFO-FLOW: Model list for synthesis: matrixmul_5
INFO: [HLS 200-10] ----------------------------------------------------------------
INFO: [HLS 200-42] -- Implementing module 'matrixmul_5' 
INFO: [HLS 200-10] ----------------------------------------------------------------
Execute       set_default_model matrixmul_5 
Execute       schedule -model matrixmul_5 
INFO: [SCHED 204-11] Starting scheduling ...
INFO: [SCHED 204-61] Pipelining loop 'loop_input_A1_loop_input_A2'.
INFO: [SCHED 204-61] Pipelining result : Target II = 1, Final II = 1, Depth = 4.
INFO: [SCHED 204-61] Pipelining loop 'loop_input_B1_loop_input_B2'.
INFO: [SCHED 204-61] Pipelining result : Target II = 1, Final II = 1, Depth = 4.
INFO: [SCHED 204-61] Pipelining loop 'loop1_loop2'.
INFO: [SCHED 204-61] Pipelining result : Target II = 1, Final II = 1, Depth = 5.
INFO: [SCHED 204-61] Pipelining loop 'loop_output_C1_loop_output_C2'.
INFO: [SCHED 204-61] Pipelining result : Target II = 1, Final II = 1, Depth = 6.
INFO: [SCHED 204-11] Finished scheduling.
Command       schedule done; 0.28 sec.
INFO: [HLS 200-111]  Elapsed time: 9.055 seconds; current allocated memory: 124.995 MB.
Execute       syn_report -verbosereport -o C:/Users/Samarth/OneDrive/Desktop/IIT/IIIT_Intern/Training/Lab2/MatrixMul/solution1/.autopilot/db/matrixmul_5.verbose.sched.rpt 
Execute       db_write -o C:/Users/Samarth/OneDrive/Desktop/IIT/IIIT_Intern/Training/Lab2/MatrixMul/solution1/.autopilot/db/matrixmul_5.sched.adb -f 
INFO-FLOW: Finish scheduling matrixmul_5.
Execute       set_default_model matrixmul_5 
Execute       bind -model matrixmul_5 
BIND OPTION: model=matrixmul_5
INFO: [BIND 205-100] Starting micro-architecture generation ...
INFO: [BIND 205-101] Performing variable lifetime analysis.
INFO: [BIND 205-101] Exploring resource sharing.
INFO: [BIND 205-101] Binding ...
INFO: [BIND 205-100] Finished micro-architecture generation.
INFO: [HLS 200-111]  Elapsed time: 0.226 seconds; current allocated memory: 126.428 MB.
Execute       syn_report -verbosereport -o C:/Users/Samarth/OneDrive/Desktop/IIT/IIIT_Intern/Training/Lab2/MatrixMul/solution1/.autopilot/db/matrixmul_5.verbose.bind.rpt 
Command       syn_report done; 0.108 sec.
Execute       db_write -o C:/Users/Samarth/OneDrive/Desktop/IIT/IIIT_Intern/Training/Lab2/MatrixMul/solution1/.autopilot/db/matrixmul_5.bind.adb -f 
INFO-FLOW: Finish binding matrixmul_5.
Execute       get_model_list matrixmul_5 -filter all-wo-channel 
INFO-FLOW: Preprocessing for RTLGen ...
Execute       rtl_gen_preprocess matrixmul_5 
INFO-FLOW: Model list for RTL generation: matrixmul_5
INFO: [HLS 200-10] ----------------------------------------------------------------
INFO: [HLS 200-10] -- Generating RTL for module 'matrixmul_5' 
INFO: [HLS 200-10] ----------------------------------------------------------------
Execute       get_config_rtl -module_prefix 
Execute       get_config_rtl -module_auto_prefix 
Execute       create_rtl_model matrixmul_5 -vendor xilinx -mg_file C:/Users/Samarth/OneDrive/Desktop/IIT/IIIT_Intern/Training/Lab2/MatrixMul/solution1/.autopilot/db/matrixmul_5.compgen.tcl 
INFO: [RTGEN 206-500] Setting interface mode on port 'matrixmul_5/in_A_V_data' to 'axis' (register, both mode).
INFO: [RTGEN 206-500] Setting interface mode on port 'matrixmul_5/in_A_V_last_V' to 'axis' (register, both mode).
INFO: [RTGEN 206-500] Setting interface mode on port 'matrixmul_5/out_C_V_data' to 'axis' (register, both mode).
INFO: [RTGEN 206-500] Setting interface mode on port 'matrixmul_5/out_C_V_last_V' to 'axis' (register, both mode).
INFO: [RTGEN 206-500] Setting interface mode on function 'matrixmul_5' to 'ap_ctrl_none'.
INFO: [SYN 201-210] Renamed object name 'matrixmul_5_input_A_0_V' to 'matrixmul_5_inputbkb' due to the length limit 20
INFO: [SYN 201-210] Renamed object name 'matrixmul_5_input_A_1_V' to 'matrixmul_5_inputcud' due to the length limit 20
INFO: [SYN 201-210] Renamed object name 'matrixmul_5_input_A_2_V' to 'matrixmul_5_inputdEe' due to the length limit 20
INFO: [SYN 201-210] Renamed object name 'matrixmul_5_input_A_3_V' to 'matrixmul_5_inputeOg' due to the length limit 20
INFO: [SYN 201-210] Renamed object name 'matrixmul_5_input_A_4_V' to 'matrixmul_5_inputfYi' due to the length limit 20
INFO: [SYN 201-210] Renamed object name 'matrixmul_5_input_A_5_V' to 'matrixmul_5_inputg8j' due to the length limit 20
INFO: [SYN 201-210] Renamed object name 'matrixmul_5_input_A_6_V' to 'matrixmul_5_inputhbi' due to the length limit 20
INFO: [SYN 201-210] Renamed object name 'matrixmul_5_input_A_7_V' to 'matrixmul_5_inputibs' due to the length limit 20
INFO: [SYN 201-210] Renamed object name 'matrixmul_5_input_B_0_V' to 'matrixmul_5_inputjbC' due to the length limit 20
INFO: [SYN 201-210] Renamed object name 'matrixmul_5_input_B_1_V' to 'matrixmul_5_inputkbM' due to the length limit 20
INFO: [SYN 201-210] Renamed object name 'matrixmul_5_input_B_2_V' to 'matrixmul_5_inputlbW' due to the length limit 20
INFO: [SYN 201-210] Renamed object name 'matrixmul_5_input_B_3_V' to 'matrixmul_5_inputmb6' due to the length limit 20
INFO: [SYN 201-210] Renamed object name 'matrixmul_5_input_B_4_V' to 'matrixmul_5_inputncg' due to the length limit 20
INFO: [SYN 201-210] Renamed object name 'matrixmul_5_input_B_5_V' to 'matrixmul_5_inputocq' due to the length limit 20
INFO: [SYN 201-210] Renamed object name 'matrixmul_5_input_B_6_V' to 'matrixmul_5_inputpcA' due to the length limit 20
INFO: [SYN 201-210] Renamed object name 'matrixmul_5_input_B_7_V' to 'matrixmul_5_inputqcK' due to the length limit 20
INFO: [SYN 201-210] Renamed object name 'matrixmul_5_output_C_V' to 'matrixmul_5_outpurcU' due to the length limit 20
INFO: [SYN 201-210] Renamed object name 'matrixmul_5_fpext_32ns_64_2_1' to 'matrixmul_5_fpextsc4' due to the length limit 20
INFO: [RTGEN 206-100] Generating core module 'matrixmul_5_fpextsc4': 1 instance(s).
INFO: [RTGEN 206-100] Finished creating RTL model for 'matrixmul_5'.
Command       create_rtl_model done; 0.608 sec.
INFO: [HLS 200-111]  Elapsed time: 0.833 seconds; current allocated memory: 129.116 MB.
Execute       source C:/Users/Samarth/OneDrive/Desktop/IIT/IIIT_Intern/Training/Lab2/MatrixMul/solution1/.autopilot/db/matrixmul_5.rtl_wrap.cfg.tcl 
Execute       gen_rtl matrixmul_5 -istop -style xilinx -tracefl mytrace -tracefmt vcd -traceopt all -f -lang sc -o C:/Users/Samarth/OneDrive/Desktop/IIT/IIIT_Intern/Training/Lab2/MatrixMul/solution1/syn/systemc/matrixmul_5 -synmodules matrixmul_5 
Execute       gen_rtl matrixmul_5 -istop -style xilinx -f -lang vhdl -o C:/Users/Samarth/OneDrive/Desktop/IIT/IIIT_Intern/Training/Lab2/MatrixMul/solution1/syn/vhdl/matrixmul_5 
Execute       gen_rtl matrixmul_5 -istop -style xilinx -f -lang vlog -o C:/Users/Samarth/OneDrive/Desktop/IIT/IIIT_Intern/Training/Lab2/MatrixMul/solution1/syn/verilog/matrixmul_5 
Execute       syn_report -csynth -model matrixmul_5 -o C:/Users/Samarth/OneDrive/Desktop/IIT/IIIT_Intern/Training/Lab2/MatrixMul/solution1/syn/report/matrixmul_5_csynth.rpt 
Execute       syn_report -rtlxml -model matrixmul_5 -o C:/Users/Samarth/OneDrive/Desktop/IIT/IIIT_Intern/Training/Lab2/MatrixMul/solution1/syn/report/matrixmul_5_csynth.xml 
Execute       syn_report -verbosereport -model matrixmul_5 -o C:/Users/Samarth/OneDrive/Desktop/IIT/IIIT_Intern/Training/Lab2/MatrixMul/solution1/.autopilot/db/matrixmul_5.verbose.rpt 
Command       syn_report done; 0.15 sec.
Execute       db_write -model matrixmul_5 -f -o C:/Users/Samarth/OneDrive/Desktop/IIT/IIIT_Intern/Training/Lab2/MatrixMul/solution1/.autopilot/db/matrixmul_5.adb 
Command       db_write done; 0.145 sec.
Execute       gen_tb_info matrixmul_5 -p C:/Users/Samarth/OneDrive/Desktop/IIT/IIIT_Intern/Training/Lab2/MatrixMul/solution1/.autopilot/db -o C:/Users/Samarth/OneDrive/Desktop/IIT/IIIT_Intern/Training/Lab2/MatrixMul/solution1/.autopilot/db/matrixmul_5 
Execute       export_constraint_db -f -tool general -o C:/Users/Samarth/OneDrive/Desktop/IIT/IIIT_Intern/Training/Lab2/MatrixMul/solution1/.autopilot/db/matrixmul_5.constraint.tcl 
Execute       syn_report -designview -model matrixmul_5 -o C:/Users/Samarth/OneDrive/Desktop/IIT/IIIT_Intern/Training/Lab2/MatrixMul/solution1/.autopilot/db/matrixmul_5.design.xml 
Execute       get_config_rtl -disable_wave_debug 
Execute       syn_report -wcfg -model matrixmul_5 -o C:/Users/Samarth/OneDrive/Desktop/IIT/IIIT_Intern/Training/Lab2/MatrixMul/solution1/.autopilot/db/matrixmul_5_dataflow_ana.wcfg 
Execute       syn_report -protoinst -model matrixmul_5 -o C:/Users/Samarth/OneDrive/Desktop/IIT/IIIT_Intern/Training/Lab2/MatrixMul/solution1/.autopilot/db/matrixmul_5.protoinst 
Execute       get_config_debug -directory 
Execute       sc_get_clocks matrixmul_5 
Execute       get_config_export -vivado_clock 
Execute       sc_get_portdomain matrixmul_5 
INFO-FLOW: Model list for RTL component generation: matrixmul_5
INFO-FLOW: Handling components in module [matrixmul_5] ... 
Execute       source C:/Users/Samarth/OneDrive/Desktop/IIT/IIIT_Intern/Training/Lab2/MatrixMul/solution1/.autopilot/db/matrixmul_5.compgen.tcl 
INFO-FLOW: Found component matrixmul_5_fpextsc4.
INFO-FLOW: Append model matrixmul_5_fpextsc4
INFO-FLOW: Found component matrixmul_5_inputbkb.
INFO-FLOW: Append model matrixmul_5_inputbkb
INFO-FLOW: Found component matrixmul_5_outpurcU.
INFO-FLOW: Append model matrixmul_5_outpurcU
INFO-FLOW: Found component regslice_core.
INFO-FLOW: Append model regslice_core
INFO-FLOW: Append model matrixmul_5
INFO-FLOW: Generating RTL model list ...
INFO-FLOW: All models in this session: matrixmul_5_fpextsc4 matrixmul_5_inputbkb matrixmul_5_outpurcU regslice_core matrixmul_5
INFO-FLOW: To file: write model matrixmul_5_fpextsc4
INFO-FLOW: To file: write model matrixmul_5_inputbkb
INFO-FLOW: To file: write model matrixmul_5_outpurcU
INFO-FLOW: To file: write model regslice_core
INFO-FLOW: To file: write model matrixmul_5
INFO-FLOW: Finished generating RTL model list.


INFO-FLOW: RTL Generation done.
INFO-FLOW: CAS Generation done.
INFO-FLOW: CBC Generation done.
Execute       syn_report -model matrixmul_5 -printsummary 
INFO: [HLS 200-790] **** Loop Constraint Status: All loop constraints were satisfied.
INFO: [HLS 200-789] **** Estimated Fmax: 115.34 MHz
INFO-FLOW: DBG:CMD: auto_generate_csynth_design
INFO-FLOW: DBG:CMD:     auto_generate --sim-model -phase csynth_design -d C:/Users/Samarth/OneDrive/Desktop/IIT/IIIT_Intern/Training/Lab2/MatrixMul/solution1
Execute       source C:/Users/Samarth/OneDrive/Desktop/IIT/IIIT_Intern/Training/Lab2/MatrixMul/solution1/.autopilot/db/global.setting.tcl 
INFO-FLOW: DBG:CMD: read_platform_lib C:/Users/Samarth/OneDrive/Desktop/IIT/IIIT_Intern/Training/Lab2/MatrixMul/solution1/.autopilot/db/global.setting.tcl
Execute       source C:/Xilinx_HLS/Vivado/2019.2/common/technology/generic/autopilot/common.gen 
Execute         source C:/Xilinx_HLS/Vivado/2019.2/common/technology/generic/autopilot/APCoreGen.gen 
Execute       source C:/Xilinx_HLS/Vivado/2019.2/common/technology/generic/autopilot/op.gen 
Execute       source C:/Xilinx_HLS/Vivado/2019.2/common/technology/generic/autopilot/op_simcore.gen 
Execute       source C:/Xilinx_HLS/Vivado/2019.2/common/technology/generic/autopilot/interface.gen 
Execute       source C:/Users/Samarth/OneDrive/Desktop/IIT/IIIT_Intern/Training/Lab2/MatrixMul/solution1/.autopilot/db/global.setting.tcl 
Execute       source C:/Xilinx_HLS/Vivado/2019.2/common/technology/xilinx/zynq/zynq.gen 
Execute         source C:/Xilinx_HLS/Vivado/2019.2/common/technology/xilinx/common/xilinx.gen 
Execute           source C:/Xilinx_HLS/Vivado/2019.2/common/technology/xilinx/interface/plb46.gen 
Execute           source C:/Xilinx_HLS/Vivado/2019.2/common/technology/xilinx/interface/fsl.gen 
Execute           source C:/Xilinx_HLS/Vivado/2019.2/common/technology/xilinx/interface/axi4.gen 
Execute           source C:/Xilinx_HLS/Vivado/2019.2/common/technology/xilinx/interface/nativeAXI4.gen 
Execute             source C:/Xilinx_HLS/Vivado/2019.2/common/technology/xilinx/interface/saxilite.gen 
Execute             source C:/Xilinx_HLS/Vivado/2019.2/common/technology/xilinx/interface/maxi.gen 
Execute           source C:/Xilinx_HLS/Vivado/2019.2/common/technology/xilinx/scripts/xilinxcoregen.gen 
Execute           source C:/Xilinx_HLS/Vivado/2019.2/common/technology/xilinx/interface/XilEDKCoreGen.gen 
Execute           source C:/Xilinx_HLS/Vivado/2019.2/common/technology/xilinx/ip/dds_compiler.gen 
Execute           source C:/Xilinx_HLS/Vivado/2019.2/common/technology/xilinx/ip/util.gen 
Execute           source C:/Xilinx_HLS/Vivado/2019.2/common/technology/xilinx/ip/xfft.gen 
Execute           source C:/Xilinx_HLS/Vivado/2019.2/common/technology/xilinx/ip/xfir.gen 
Execute           source C:/Xilinx_HLS/Vivado/2019.2/common/technology/xilinx/common/dsp48.gen 
Execute       source C:/Xilinx_HLS/Vivado/2019.2/common/technology/xilinx/zynq/zynq_fpv6.gen 
Execute         source C:/Xilinx_HLS/Vivado/2019.2/common/technology/xilinx/common/xilinx_fp.gen 
INFO-FLOW: DBG:CMD:   using AESL_AUTOCG::g_clock_period=10.000 (was NA)
INFO-FLOW: DBG:CMD:       generate_ip_cores sim=1 export=0 expOnly=0 dstVlogDir=syn/verilog
Execute       source C:/Users/Samarth/OneDrive/Desktop/IIT/IIIT_Intern/Training/Lab2/MatrixMul/solution1/.autopilot/db/global.setting.tcl 
Execute       ap_part_info -name xc7z020-clg484-1 -data names -quiet 
Execute       ap_part_info -name xc7z020-clg484-1 -data info -quiet 
Execute       source C:/Users/Samarth/OneDrive/Desktop/IIT/IIIT_Intern/Training/Lab2/MatrixMul/solution1/.autopilot/db/global.setting.tcl 
Execute       source C:/Users/Samarth/OneDrive/Desktop/IIT/IIIT_Intern/Training/Lab2/MatrixMul/solution1/.autopilot/db/global.setting.tcl 
Execute       source C:/Users/Samarth/OneDrive/Desktop/IIT/IIIT_Intern/Training/Lab2/MatrixMul/solution1/.autopilot/db/matrixmul_5.compgen.tcl 
Execute         ap_part_info -name xc7z020-clg484-1 -data names -quiet 
Execute         ap_part_info -name xc7z020-clg484-1 -data info -quiet 
INFO: [RTMG 210-278] Implementing memory 'matrixmul_5_inputbkb_ram (RAM)' using distributed RAMs.
Execute         ap_part_info -name xc7z020-clg484-1 -data names -quiet 
Execute         ap_part_info -name xc7z020-clg484-1 -data info -quiet 
INFO: [RTMG 210-278] Implementing memory 'matrixmul_5_outpurcU_ram (RAM)' using block RAMs.
Execute         ap_part_info -name xc7z020-clg484-1 -data names -quiet 
Execute         ap_part_info -name xc7z020-clg484-1 -data info -quiet 
Command       ap_source done; 0.139 sec.
INFO-FLOW: DBG:CMD:     auto_generate -export -impltomg_flag -rtl both -tool Vivado -pcore_version 1.00.a -phase csynth_design -d C:/Users/Samarth/OneDrive/Desktop/IIT/IIIT_Intern/Training/Lab2/MatrixMul/solution1
Execute       source C:/Users/Samarth/OneDrive/Desktop/IIT/IIIT_Intern/Training/Lab2/MatrixMul/solution1/.autopilot/db/global.setting.tcl 
INFO-FLOW: DBG:CMD: read_platform_lib C:/Users/Samarth/OneDrive/Desktop/IIT/IIIT_Intern/Training/Lab2/MatrixMul/solution1/.autopilot/db/global.setting.tcl
Execute       source C:/Xilinx_HLS/Vivado/2019.2/common/technology/generic/autopilot/common.gen 
Execute         source C:/Xilinx_HLS/Vivado/2019.2/common/technology/generic/autopilot/APCoreGen.gen 
Execute       source C:/Xilinx_HLS/Vivado/2019.2/common/technology/generic/autopilot/op.gen 
Execute       source C:/Xilinx_HLS/Vivado/2019.2/common/technology/generic/autopilot/op_simcore.gen 
Execute       source C:/Xilinx_HLS/Vivado/2019.2/common/technology/generic/autopilot/interface.gen 
Execute       source C:/Users/Samarth/OneDrive/Desktop/IIT/IIIT_Intern/Training/Lab2/MatrixMul/solution1/.autopilot/db/global.setting.tcl 
Execute       source C:/Xilinx_HLS/Vivado/2019.2/common/technology/xilinx/zynq/zynq.gen 
Execute         source C:/Xilinx_HLS/Vivado/2019.2/common/technology/xilinx/common/xilinx.gen 
Execute           source C:/Xilinx_HLS/Vivado/2019.2/common/technology/xilinx/interface/plb46.gen 
Execute           source C:/Xilinx_HLS/Vivado/2019.2/common/technology/xilinx/interface/fsl.gen 
Execute           source C:/Xilinx_HLS/Vivado/2019.2/common/technology/xilinx/interface/axi4.gen 
Execute           source C:/Xilinx_HLS/Vivado/2019.2/common/technology/xilinx/interface/nativeAXI4.gen 
Execute             source C:/Xilinx_HLS/Vivado/2019.2/common/technology/xilinx/interface/saxilite.gen 
Execute             source C:/Xilinx_HLS/Vivado/2019.2/common/technology/xilinx/interface/maxi.gen 
Execute           source C:/Xilinx_HLS/Vivado/2019.2/common/technology/xilinx/scripts/xilinxcoregen.gen 
Execute           source C:/Xilinx_HLS/Vivado/2019.2/common/technology/xilinx/interface/XilEDKCoreGen.gen 
Execute           source C:/Xilinx_HLS/Vivado/2019.2/common/technology/xilinx/ip/dds_compiler.gen 
Execute           source C:/Xilinx_HLS/Vivado/2019.2/common/technology/xilinx/ip/util.gen 
Execute           source C:/Xilinx_HLS/Vivado/2019.2/common/technology/xilinx/ip/xfft.gen 
Execute           source C:/Xilinx_HLS/Vivado/2019.2/common/technology/xilinx/ip/xfir.gen 
Execute           source C:/Xilinx_HLS/Vivado/2019.2/common/technology/xilinx/common/dsp48.gen 
Execute       source C:/Xilinx_HLS/Vivado/2019.2/common/technology/xilinx/zynq/zynq_fpv6.gen 
Execute         source C:/Xilinx_HLS/Vivado/2019.2/common/technology/xilinx/common/xilinx_fp.gen 
INFO-FLOW: DBG:CMD:       initCTypeInfo top_module=matrixmul_5 xml_exists=0
Execute       source C:/Users/Samarth/OneDrive/Desktop/IIT/IIIT_Intern/Training/Lab2/MatrixMul/solution1/.autopilot/db/matrixmul_5.rtl_wrap.cfg.tcl 
Execute       source C:/Users/Samarth/OneDrive/Desktop/IIT/IIIT_Intern/Training/Lab2/MatrixMul/solution1/.autopilot/db/matrixmul_5.rtl_wrap.cfg.tcl 
Execute       source C:/Users/Samarth/OneDrive/Desktop/IIT/IIIT_Intern/Training/Lab2/MatrixMul/solution1/.autopilot/db/matrixmul_5.rtl_wrap.cfg.tcl 
Execute       source C:/Users/Samarth/OneDrive/Desktop/IIT/IIIT_Intern/Training/Lab2/MatrixMul/solution1/.autopilot/db/matrixmul_5.tbgen.tcl 
Execute       source C:/Users/Samarth/OneDrive/Desktop/IIT/IIIT_Intern/Training/Lab2/MatrixMul/solution1/.autopilot/db/matrixmul_5.tbgen.tcl 
INFO-FLOW: DBG:CMD:       export_impl_rtl
INFO-FLOW: DBG:CMD:       generate_ip_cores sim=0 export=0 expOnly=0 dstVlogDir=impl/.verilog
Execute       source C:/Users/Samarth/OneDrive/Desktop/IIT/IIIT_Intern/Training/Lab2/MatrixMul/solution1/.autopilot/db/global.setting.tcl 
Execute       source C:/Users/Samarth/OneDrive/Desktop/IIT/IIIT_Intern/Training/Lab2/MatrixMul/solution1/.autopilot/db/matrixmul_5.compgen.tcl 
Execute         ap_part_info -name xc7z020-clg484-1 -data names -quiet 
Execute         ap_part_info -name xc7z020-clg484-1 -data info -quiet 
INFO-FLOW: DBG:CMD:       generate_ip_cores sim=0 export=1 expOnly=1 dstVlogDir=impl/.pcores/verilog
Execute       source C:/Users/Samarth/OneDrive/Desktop/IIT/IIIT_Intern/Training/Lab2/MatrixMul/solution1/.autopilot/db/global.setting.tcl 
Execute       source C:/Users/Samarth/OneDrive/Desktop/IIT/IIIT_Intern/Training/Lab2/MatrixMul/solution1/.autopilot/db/matrixmul_5.compgen.tcl 
Execute         ap_part_info -name xc7z020-clg484-1 -data names -quiet 
Execute         ap_part_info -name xc7z020-clg484-1 -data info -quiet 
Execute         ap_part_info -name xc7z020-clg484-1 -data names -quiet 
Execute         ap_part_info -name xc7z020-clg484-1 -data info -quiet 
Execute         ap_part_info -name xc7z020-clg484-1 -data names -quiet 
Execute         ap_part_info -name xc7z020-clg484-1 -data info -quiet 
Execute         ap_part_info -name xc7z020-clg484-1 -data names -quiet 
Execute         ap_part_info -name xc7z020-clg484-1 -data info -quiet 
Execute         ap_part_info -name xc7z020-clg484-1 -data names -quiet 
Execute         ap_part_info -name xc7z020-clg484-1 -data info -quiet 
Execute         ap_part_info -name xc7z020-clg484-1 -data names -quiet 
Execute         ap_part_info -name xc7z020-clg484-1 -data info -quiet 
Execute       ap_part_info -name xc7z020-clg484-1 -data names -quiet 
Execute       ap_part_info -name xc7z020-clg484-1 -data info -quiet 
INFO-FLOW: DBG:CMD:       generate_ip_cores sim=0 export=0 expOnly=0 dstVlogDir=impl/.pcores/verilog_sim
Execute       source C:/Users/Samarth/OneDrive/Desktop/IIT/IIIT_Intern/Training/Lab2/MatrixMul/solution1/.autopilot/db/global.setting.tcl 
Execute       source C:/Users/Samarth/OneDrive/Desktop/IIT/IIIT_Intern/Training/Lab2/MatrixMul/solution1/.autopilot/db/matrixmul_5.compgen.tcl 
Execute       ap_part_info -name xc7z020-clg484-1 -data names -quiet 
Execute       ap_part_info -name xc7z020-clg484-1 -data info -quiet 
Execute       ap_part_info -name xc7z020-clg484-1 -data names -quiet 
Execute       ap_part_info -name xc7z020-clg484-1 -data info -quiet 
Execute       source C:/Users/Samarth/OneDrive/Desktop/IIT/IIIT_Intern/Training/Lab2/MatrixMul/solution1/.autopilot/db/global.setting.tcl 
Execute       ap_part_info -name xc7z020-clg484-1 -data names -quiet 
Execute       ap_part_info -name xc7z020-clg484-1 -data info -quiet 
Execute       source C:/Users/Samarth/OneDrive/Desktop/IIT/IIIT_Intern/Training/Lab2/MatrixMul/solution1/.autopilot/db/matrixmul_5.constraint.tcl 
Execute       source C:/Users/Samarth/OneDrive/Desktop/IIT/IIIT_Intern/Training/Lab2/MatrixMul/solution1/.autopilot/db/matrixmul_5.tbgen.tcl 
INFO-FLOW: DBG:CMD:       hasPcoreIpAdapter=false #gSsdmPorts=8
INFO-FLOW: DBG:CMD: Skipping loadAnalyze_DB, #g_database=4
INFO-FLOW: DBG:CMD:       generate_json is_phase_csynth=1 g_has_adaptors=false generate_bd_files=1 #modelList=5 #gSsdmPorts=8
Execute       source C:/Xilinx_HLS/Vivado/2019.2/tps/tcl/tcllib1.11.1/fileutil/fileutil.tcl 
Execute         source C:/Xilinx_HLS/Vivado/2019.2/tps/tcl/tcllib1.11.1/cmdline/cmdline.tcl 
Execute       source C:/Users/Samarth/OneDrive/Desktop/IIT/IIIT_Intern/Training/Lab2/MatrixMul/solution1/.autopilot/db/global.setting.tcl 
Execute       source C:/Users/Samarth/OneDrive/Desktop/IIT/IIIT_Intern/Training/Lab2/MatrixMul/solution1/.autopilot/db/global.setting.tcl 
Execute       get_config_export -xo 
Execute       source C:/Users/Samarth/OneDrive/Desktop/IIT/IIIT_Intern/Training/Lab2/MatrixMul/solution1/.autopilot/db/matrixmul_5.tbgen.tcl 
Execute       source C:/Users/Samarth/OneDrive/Desktop/IIT/IIIT_Intern/Training/Lab2/MatrixMul/solution1/.autopilot/db/matrixmul_5.tbgen.tcl 
Execute       source C:/Users/Samarth/OneDrive/Desktop/IIT/IIIT_Intern/Training/Lab2/MatrixMul/solution1/.autopilot/db/matrixmul_5.tbgen.tcl 
Execute       source C:/Users/Samarth/OneDrive/Desktop/IIT/IIIT_Intern/Training/Lab2/MatrixMul/solution1/.autopilot/db/global.setting.tcl 
Execute       get_config_sdx -target 
Execute       source C:/Users/Samarth/OneDrive/Desktop/IIT/IIIT_Intern/Training/Lab2/MatrixMul/solution1/.autopilot/db/matrixmul_5.rtl_wrap.cfg.tcl 
Execute       source C:/Users/Samarth/OneDrive/Desktop/IIT/IIIT_Intern/Training/Lab2/MatrixMul/solution1/.autopilot/db/matrixmul_5.compgen.dataonly.tcl 
Execute       source C:/Users/Samarth/OneDrive/Desktop/IIT/IIIT_Intern/Training/Lab2/MatrixMul/solution1/.autopilot/db/global.setting.tcl 
Execute       ap_part_info -name xc7z020-clg484-1 -data names -quiet 
Execute       ap_part_info -name xc7z020-clg484-1 -data info -quiet 
Execute       source C:/Users/Samarth/OneDrive/Desktop/IIT/IIIT_Intern/Training/Lab2/MatrixMul/solution1/.autopilot/db/matrixmul_5.constraint.tcl 
Execute       sc_get_clocks matrixmul_5 
Execute       ap_part_info -name xc7z020-clg484-1 -data names -quiet 
Execute       ap_part_info -name xc7z020-clg484-1 -data info -quiet 
Execute       source C:/Users/Samarth/OneDrive/Desktop/IIT/IIIT_Intern/Training/Lab2/MatrixMul/solution1/.autopilot/db/global.setting.tcl 
Execute       get_config_debug -directory 
Execute       source C:/Users/Samarth/OneDrive/Desktop/IIT/IIIT_Intern/Training/Lab2/MatrixMul/solution1/impl/misc/matrixmul_5_ap_fpext_0_no_dsp_32_ip.tcl 
Execute       source C:/Users/Samarth/OneDrive/Desktop/IIT/IIIT_Intern/Training/Lab2/MatrixMul/solution1/.autopilot/db/matrixmul_5.tbgen.tcl 
Execute       get_config_sdx -target 
Execute       get_config_sdx -profile 
Execute       get_config_rtl -kernel_profile 
Execute       get_config_rtl -stall_sig_gen 
Execute       get_config_rtl -profile 
INFO-FLOW: DBG:CMD: add_json_sdx_info kernel file does not exist, skipping opencl info: C:/Users/Samarth/OneDrive/Desktop/IIT/IIIT_Intern/Training/Lab2/MatrixMul/solution1/.autopilot/db/kernel.internal.xml
INFO-FLOW: DBG:CMD:       delete-temp-dirs (skipped for debug)
INFO: [HLS 200-111] Finished generating all RTL models Time (s): cpu = 00:00:04 ; elapsed = 00:00:13 . Memory (MB): peak = 198.473 ; gain = 109.129
INFO: [VHDL 208-304] Generating VHDL RTL for matrixmul_5.
INFO: [VLOG 209-307] Generating Verilog RTL for matrixmul_5.
Command     autosyn done; 3.988 sec.
Command   csynth_design done; 11.511 sec.
Command ap_source done; 12.403 sec.
Execute cleanup_all 
INFO-FLOW: Workspace C:/Users/Samarth/OneDrive/Desktop/IIT/IIIT_Intern/Training/Lab2/MatrixMul/solution1 opened at Fri Apr 18 15:23:48 +0530 2025
Execute     config_clock -quiet -name default -period 10 -default=false 
INFO: [SYN 201-201] Setting up clock 'default' with a period of 10ns.
Execute     config_clock -quiet -name default -uncertainty 1.25 
INFO: [SYN 201-201] Setting up clock 'default' with an uncertainty of 1.25ns.
Execute     open_platform DefaultPlatform 
Execute     import_lib C:/Xilinx_HLS/Vivado/2019.2/common/technology/xilinx/zynq/zynq 
Execute       source C:/Xilinx_HLS/Vivado/2019.2/common/technology/xilinx/common/xilinx.lib 
Execute         source C:/Xilinx_HLS/Vivado/2019.2/common/technology/xilinx/interface/xilinx_interface.lib 
Execute           source C:/Xilinx_HLS/Vivado/2019.2/common/technology/xilinx/interface/plb46.lib 
Execute           source C:/Xilinx_HLS/Vivado/2019.2/common/technology/xilinx/interface/fsl.lib 
Execute           source C:/Xilinx_HLS/Vivado/2019.2/common/technology/xilinx/interface/axi4.lib 
Execute           source C:/Xilinx_HLS/Vivado/2019.2/common/technology/xilinx/interface/maxi.lib 
Execute           source C:/Xilinx_HLS/Vivado/2019.2/common/technology/xilinx/interface/saxilite.lib 
Execute         source C:/Xilinx_HLS/Vivado/2019.2/common/technology/xilinx/common/dsp48.lib 
Execute         source C:/Xilinx_HLS/Vivado/2019.2/common/technology/xilinx/ip/dds_compiler.lib 
Execute         source C:/Xilinx_HLS/Vivado/2019.2/common/technology/xilinx/ip/xfft.lib 
Execute         source C:/Xilinx_HLS/Vivado/2019.2/common/technology/xilinx/ip/xfir.lib 
Execute       source C:/Xilinx_HLS/Vivado/2019.2/common/technology/xilinx/common/xilinx.hlp 
Execute         source C:/Xilinx_HLS/Vivado/2019.2/common/technology/xilinx/common/target_info.tcl 
Execute         source C:/Xilinx_HLS/Vivado/2019.2/common/technology/xilinx/interface/xilinx_interface.hlp 
Execute           source C:/Xilinx_HLS/Vivado/2019.2/common/technology/xilinx/interface/maxi.hlp 
Execute           source C:/Xilinx_HLS/Vivado/2019.2/common/technology/xilinx/interface/saxilite.hlp 
Execute         source C:/Xilinx_HLS/Vivado/2019.2/common/technology/xilinx/common/dsp48.hlp 
Execute       source C:/Xilinx_HLS/Vivado/2019.2/common/technology/xilinx/zynq/dsp48e1.hlp 
Execute       source C:/Xilinx_HLS/Vivado/2019.2/common/technology/xilinx/common/xilinx.hlp 
Execute         source C:/Xilinx_HLS/Vivado/2019.2/common/technology/xilinx/common/target_info.tcl 
Execute         source C:/Xilinx_HLS/Vivado/2019.2/common/technology/xilinx/interface/xilinx_interface.hlp 
Execute           source C:/Xilinx_HLS/Vivado/2019.2/common/technology/xilinx/interface/maxi.hlp 
Execute           source C:/Xilinx_HLS/Vivado/2019.2/common/technology/xilinx/interface/saxilite.hlp 
Execute         source C:/Xilinx_HLS/Vivado/2019.2/common/technology/xilinx/common/dsp48.hlp 
Execute     source C:/Xilinx_HLS/Vivado/2019.2/common/technology/xilinx/zynq/zynq.gen 
Execute       source C:/Xilinx_HLS/Vivado/2019.2/common/technology/xilinx/common/xilinx.gen 
Execute         source C:/Xilinx_HLS/Vivado/2019.2/common/technology/xilinx/interface/plb46.gen 
Execute         source C:/Xilinx_HLS/Vivado/2019.2/common/technology/xilinx/interface/fsl.gen 
Execute         source C:/Xilinx_HLS/Vivado/2019.2/common/technology/xilinx/interface/axi4.gen 
Execute         source C:/Xilinx_HLS/Vivado/2019.2/common/technology/xilinx/interface/nativeAXI4.gen 
Execute           source C:/Xilinx_HLS/Vivado/2019.2/common/technology/xilinx/interface/saxilite.gen 
Execute           source C:/Xilinx_HLS/Vivado/2019.2/common/technology/xilinx/interface/maxi.gen 
Execute         source C:/Xilinx_HLS/Vivado/2019.2/common/technology/xilinx/scripts/xilinxcoregen.gen 
Execute         source C:/Xilinx_HLS/Vivado/2019.2/common/technology/xilinx/interface/XilEDKCoreGen.gen 
Execute         source C:/Xilinx_HLS/Vivado/2019.2/common/technology/xilinx/ip/dds_compiler.gen 
Execute         source C:/Xilinx_HLS/Vivado/2019.2/common/technology/xilinx/ip/util.gen 
Execute         source C:/Xilinx_HLS/Vivado/2019.2/common/technology/xilinx/ip/xfft.gen 
Execute         source C:/Xilinx_HLS/Vivado/2019.2/common/technology/xilinx/ip/xfir.gen 
Execute         source C:/Xilinx_HLS/Vivado/2019.2/common/technology/xilinx/common/dsp48.gen 
Execute     open_platform DefaultPlatform 
Execute     import_lib C:/Xilinx_HLS/Vivado/2019.2/common/technology/xilinx/zynq/zynq_fpv6 
Execute       source C:/Xilinx_HLS/Vivado/2019.2/common/technology/xilinx/common/xilinx_fp.lib 
Execute       source C:/Xilinx_HLS/Vivado/2019.2/common/technology/xilinx/common/xilinx_fp.hlp 
Execute         source C:/Xilinx_HLS/Vivado/2019.2/common/technology/xilinx/common/xilinx.hlp 
Execute           source C:/Xilinx_HLS/Vivado/2019.2/common/technology/xilinx/common/target_info.tcl 
Execute           source C:/Xilinx_HLS/Vivado/2019.2/common/technology/xilinx/interface/xilinx_interface.hlp 
Execute             source C:/Xilinx_HLS/Vivado/2019.2/common/technology/xilinx/interface/maxi.hlp 
Execute             source C:/Xilinx_HLS/Vivado/2019.2/common/technology/xilinx/interface/saxilite.hlp 
Execute           source C:/Xilinx_HLS/Vivado/2019.2/common/technology/xilinx/common/dsp48.hlp 
Execute     source C:/Xilinx_HLS/Vivado/2019.2/common/technology/xilinx/zynq/zynq_fpv6.gen 
Execute       source C:/Xilinx_HLS/Vivado/2019.2/common/technology/xilinx/common/xilinx_fp.gen 
Execute     set_part xc7z020-clg484-1 
Execute       ap_part_info -name xc7z020-clg484-1 -data single -quiet 
Command       ap_part_info done; 0.432 sec.
Execute       ap_part_info -name xc7z020-clg484-1 -data info 
Execute       add_library xilinx/zynq/zynq:xc7z020:-clg484:-1 
Execute         get_default_platform 
Execute         ap_part_info -data single -name xc7z020-clg484-1 
Execute         ap_part_info -name xc7z020-clg484-1 -data resources 
Execute         ap_part_info -name xc7z020-clg484-1 -data info 
Execute         ap_part_info -name xc7z020-clg484-1 -data info 
Execute         config_chip_info -quiet -resource {SLICE 13300} {LUT 53200} {FF 106400} {DSP48E 220} {BRAM 280} {URAM 0} 
Execute         ap_part_info -name xc7z020-clg484-1 -data info 
Execute         config_chip_info -quiet -speed slow 
Execute       add_library xilinx/zynq/zynq_fpv6 
Execute         get_default_platform 
INFO: [HLS 200-10] Setting target device to 'xc7z020-clg484-1'
Execute       ap_part_info -name xc7z020-clg484-1 -data info 
Execute       get_default_platform 
Command     set_part done; 0.551 sec.
Execute     ap_part_info -data single -name xc7z020-clg484-1 
Execute     ap_part_info -name xc7z020-clg484-1 -data resources 
Execute     ap_part_info -name xc7z020-clg484-1 -data info 
Execute     ap_part_info -name xc7z020-clg484-1 -data info 
Execute     config_chip_info -quiet -resource {SLICE 13300} {LUT 53200} {FF 106400} {DSP48E 220} {BRAM 280} {URAM 0} 
Execute     ap_part_info -name xc7z020-clg484-1 -data info 
Execute     config_chip_info -quiet -speed slow 
Execute     config_export -format=ip_catalog 
Execute     config_export -rtl=verilog 
Execute     config_export -version=1.1.0 
Command   open_solution done; 0.699 sec.
Execute   cosim_design -trace_level all 
Execute     source C:/Users/Samarth/OneDrive/Desktop/IIT/IIIT_Intern/Training/Lab2/MatrixMul/solution1/.autopilot/db/global.setting.tcl 
Execute     source C:/Users/Samarth/OneDrive/Desktop/IIT/IIIT_Intern/Training/Lab2/MatrixMul/solution1/.autopilot/db/global.setting.tcl 
Execute     source C:/Users/Samarth/OneDrive/Desktop/IIT/IIIT_Intern/Training/Lab2/MatrixMul/solution1/.autopilot/db/global.setting.tcl 
INFO-FLOW: DBG:CMD: read_platform_lib C:/Users/Samarth/OneDrive/Desktop/IIT/IIIT_Intern/Training/Lab2/MatrixMul/solution1/.autopilot/db/global.setting.tcl
Execute     source C:/Xilinx_HLS/Vivado/2019.2/common/technology/generic/autopilot/common.gen 
Execute       source C:/Xilinx_HLS/Vivado/2019.2/common/technology/generic/autopilot/APCoreGen.gen 
Execute     source C:/Xilinx_HLS/Vivado/2019.2/common/technology/generic/autopilot/op.gen 
Execute     source C:/Xilinx_HLS/Vivado/2019.2/common/technology/generic/autopilot/op_simcore.gen 
Execute     source C:/Xilinx_HLS/Vivado/2019.2/common/technology/generic/autopilot/interface.gen 
Execute     source C:/Users/Samarth/OneDrive/Desktop/IIT/IIIT_Intern/Training/Lab2/MatrixMul/solution1/.autopilot/db/global.setting.tcl 
Execute     source C:/Xilinx_HLS/Vivado/2019.2/common/technology/xilinx/zynq/zynq.gen 
Execute       source C:/Xilinx_HLS/Vivado/2019.2/common/technology/xilinx/common/xilinx.gen 
Execute         source C:/Xilinx_HLS/Vivado/2019.2/common/technology/xilinx/interface/plb46.gen 
Execute         source C:/Xilinx_HLS/Vivado/2019.2/common/technology/xilinx/interface/fsl.gen 
Execute         source C:/Xilinx_HLS/Vivado/2019.2/common/technology/xilinx/interface/axi4.gen 
Execute         source C:/Xilinx_HLS/Vivado/2019.2/common/technology/xilinx/interface/nativeAXI4.gen 
Execute           source C:/Xilinx_HLS/Vivado/2019.2/common/technology/xilinx/interface/saxilite.gen 
Execute           source C:/Xilinx_HLS/Vivado/2019.2/common/technology/xilinx/interface/maxi.gen 
Execute         source C:/Xilinx_HLS/Vivado/2019.2/common/technology/xilinx/scripts/xilinxcoregen.gen 
Execute         source C:/Xilinx_HLS/Vivado/2019.2/common/technology/xilinx/interface/XilEDKCoreGen.gen 
Execute         source C:/Xilinx_HLS/Vivado/2019.2/common/technology/xilinx/ip/dds_compiler.gen 
Execute         source C:/Xilinx_HLS/Vivado/2019.2/common/technology/xilinx/ip/util.gen 
Execute         source C:/Xilinx_HLS/Vivado/2019.2/common/technology/xilinx/ip/xfft.gen 
Execute         source C:/Xilinx_HLS/Vivado/2019.2/common/technology/xilinx/ip/xfir.gen 
Execute         source C:/Xilinx_HLS/Vivado/2019.2/common/technology/xilinx/common/dsp48.gen 
Execute     source C:/Xilinx_HLS/Vivado/2019.2/common/technology/xilinx/zynq/zynq_fpv6.gen 
Execute       source C:/Xilinx_HLS/Vivado/2019.2/common/technology/xilinx/common/xilinx_fp.gen 
INFO-FLOW: DBG:CMD:   using AESL_AUTOCG::g_clock_period=10.000 (was NA)
Execute     ap_part_info -name xc7z020-clg484-1 -data names -quiet 
Execute     ap_part_info -name xc7z020-clg484-1 -data info -quiet 
Execute     source C:/Users/Samarth/OneDrive/Desktop/IIT/IIIT_Intern/Training/Lab2/MatrixMul/solution1/.autopilot/db/global.setting.tcl 
Execute     source C:/Users/Samarth/OneDrive/Desktop/IIT/IIIT_Intern/Training/Lab2/MatrixMul/solution1/.autopilot/db/matrixmul_5.rtl_wrap.cfg.tcl 
Execute     source C:/Users/Samarth/OneDrive/Desktop/IIT/IIIT_Intern/Training/Lab2/MatrixMul/solution1/.autopilot/db/matrixmul_5.tbgen.tcl 
Execute     is_encrypted C:/Users/Samarth/OneDrive/Desktop/IIT/IIIT_Intern/Training/Lab2/MatrixMul/matrix_mul_tb.cpp 
Execute     is_encrypted C:/Users/Samarth/OneDrive/Desktop/IIT/IIIT_Intern/Training/Lab2/MatrixMul/matrix_mul.h 
Execute     is_encrypted C:/Users/Samarth/OneDrive/Desktop/IIT/IIIT_Intern/Training/Lab2/MatrixMul/matrix_mul.cpp 
Execute     source C:/Users/Samarth/OneDrive/Desktop/IIT/IIIT_Intern/Training/Lab2/MatrixMul/solution1/.autopilot/db/matrixmul_5.tbgen.tcl 
Execute     source C:/Users/Samarth/OneDrive/Desktop/IIT/IIIT_Intern/Training/Lab2/MatrixMul/solution1/.autopilot/db/matrixmul_5.tbgen.tcl 
Execute     source C:/Users/Samarth/OneDrive/Desktop/IIT/IIIT_Intern/Training/Lab2/MatrixMul/solution1/.autopilot/db/matrixmul_5.tbgen.tcl 
Execute     source C:/Users/Samarth/OneDrive/Desktop/IIT/IIIT_Intern/Training/Lab2/MatrixMul/solution1/.autopilot/db/matrixmul_5.tbgen.tcl 
Execute     source C:/Users/Samarth/OneDrive/Desktop/IIT/IIIT_Intern/Training/Lab2/MatrixMul/solution1/.autopilot/db/matrixmul_5.tbgen.tcl 
Execute     source C:/Users/Samarth/OneDrive/Desktop/IIT/IIIT_Intern/Training/Lab2/MatrixMul/solution1/.autopilot/db/matrixmul_5.tbgen.tcl 
Execute     source C:/Users/Samarth/OneDrive/Desktop/IIT/IIIT_Intern/Training/Lab2/MatrixMul/solution1/.autopilot/db/matrixmul_5.tbgen.tcl 
INFO: [COSIM 212-47] Using XSIM for RTL simulation.
INFO: [COSIM 212-14] Instrumenting C test bench ...
Execute     ap_part_info -name xc7z020-clg484-1 -data info 
INFO-FLOW: TB processing: C:/Users/Samarth/OneDrive/Desktop/IIT/IIIT_Intern/Training/Lab2/MatrixMul/matrix_mul_tb.cpp C:/Users/Samarth/OneDrive/Desktop/IIT/IIIT_Intern/Training/Lab2/MatrixMul/solution1/./sim/autowrap/testbench/matrix_mul_tb.cpp_pre.cpp
Execute     tidy_31 xilinx-tb-xfmat C:/Users/Samarth/OneDrive/Desktop/IIT/IIIT_Intern/Training/Lab2/MatrixMul/solution1/./sim/autowrap/testbench/matrix_mul_tb.cpp_pre.cpp std=c++11 
INFO-FLOW: exec C:/Xilinx_HLS/Vivado/2019.2/win64/tools/clang-3.9-csynth/bin/tidy-3.1 -header-filter=.* -checks=-*,xilinx-tb-xfmat -quiet -fix-errors C:/Users/Samarth/OneDrive/Desktop/IIT/IIIT_Intern/Training/Lab2/MatrixMul/solution1/./sim/autowrap/testbench/matrix_mul_tb.cpp_pre.cpp -- -std=c++11 -fhls -ferror-limit=0
Command     tidy_31 done; 0.627 sec.
Execute     tidy_31 xilinx-tb31-process C:/Users/Samarth/OneDrive/Desktop/IIT/IIIT_Intern/Training/Lab2/MatrixMul/solution1/./sim/autowrap/testbench/matrix_mul_tb.cpp_pre.cpp.tb.cpp std=c++11 
INFO-FLOW: exec C:/Xilinx_HLS/Vivado/2019.2/win64/tools/clang-3.9-csynth/bin/tidy-3.1 -header-filter=.* -checks=-*,xilinx-tb31-process -quiet -fix-errors C:/Users/Samarth/OneDrive/Desktop/IIT/IIIT_Intern/Training/Lab2/MatrixMul/solution1/./sim/autowrap/testbench/matrix_mul_tb.cpp_pre.cpp.tb.cpp -- -std=c++11 -fhls -ferror-limit=0
Command     tidy_31 done; 1.274 sec.
Execute     ap_part_info -name xc7z020-clg484-1 -data info 
INFO-FLOW: TB processing: C:/Users/Samarth/OneDrive/Desktop/IIT/IIIT_Intern/Training/Lab2/MatrixMul/matrix_mul.cpp C:/Users/Samarth/OneDrive/Desktop/IIT/IIIT_Intern/Training/Lab2/MatrixMul/solution1/./sim/autowrap/testbench/matrix_mul.cpp_pre.cpp
Execute     tidy_31 xilinx-tb-xfmat C:/Users/Samarth/OneDrive/Desktop/IIT/IIIT_Intern/Training/Lab2/MatrixMul/solution1/./sim/autowrap/testbench/matrix_mul.cpp_pre.cpp std=c++11 
INFO-FLOW: exec C:/Xilinx_HLS/Vivado/2019.2/win64/tools/clang-3.9-csynth/bin/tidy-3.1 -header-filter=.* -checks=-*,xilinx-tb-xfmat -quiet -fix-errors C:/Users/Samarth/OneDrive/Desktop/IIT/IIIT_Intern/Training/Lab2/MatrixMul/solution1/./sim/autowrap/testbench/matrix_mul.cpp_pre.cpp -- -std=c++11 -fhls -ferror-limit=0
Command     tidy_31 done; 1.243 sec.
Execute     tidy_31 xilinx-tb31-process C:/Users/Samarth/OneDrive/Desktop/IIT/IIIT_Intern/Training/Lab2/MatrixMul/solution1/./sim/autowrap/testbench/matrix_mul.cpp_pre.cpp.tb.cpp std=c++11 
INFO-FLOW: exec C:/Xilinx_HLS/Vivado/2019.2/win64/tools/clang-3.9-csynth/bin/tidy-3.1 -header-filter=.* -checks=-*,xilinx-tb31-process -quiet -fix-errors C:/Users/Samarth/OneDrive/Desktop/IIT/IIIT_Intern/Training/Lab2/MatrixMul/solution1/./sim/autowrap/testbench/matrix_mul.cpp_pre.cpp.tb.cpp -- -std=c++11 -fhls -ferror-limit=0
Command     tidy_31 done; 1.19 sec.
Execute     source C:/Users/Samarth/OneDrive/Desktop/IIT/IIIT_Intern/Training/Lab2/MatrixMul/solution1/.autopilot/db/global.setting.tcl 
Execute     source C:/Users/Samarth/OneDrive/Desktop/IIT/IIIT_Intern/Training/Lab2/MatrixMul/solution1/.autopilot/db/matrixmul_5.rtl_wrap.cfg.tcl 
Execute     source C:/Users/Samarth/OneDrive/Desktop/IIT/IIIT_Intern/Training/Lab2/MatrixMul/solution1/.autopilot/db/matrixmul_5.rtl_wrap.cfg.tcl 
Execute     source C:/Users/Samarth/OneDrive/Desktop/IIT/IIIT_Intern/Training/Lab2/MatrixMul/solution1/.autopilot/db/matrixmul_5.rtl_wrap.cfg.tcl 
Execute     source C:/Users/Samarth/OneDrive/Desktop/IIT/IIIT_Intern/Training/Lab2/MatrixMul/solution1/.autopilot/db/matrixmul_5.tbgen.tcl 
Execute     source C:/Users/Samarth/OneDrive/Desktop/IIT/IIIT_Intern/Training/Lab2/MatrixMul/solution1/.autopilot/db/matrixmul_5.tbgen.tcl 
Execute     ap_part_info -name xc7z020-clg484-1 -data info 
Execute     source .run_sim.tcl 
INFO: [COSIM 212-302] Starting C TB testing ... 
Command     ap_source done; 2.246 sec.
INFO: [COSIM 212-333] Generating C post check test bench ...
Execute     ap_part_info -name xc7z020-clg484-1 -data info 
INFO: [COSIM 212-12] Generating RTL test bench ...
Execute     source C:/Users/Samarth/OneDrive/Desktop/IIT/IIIT_Intern/Training/Lab2/MatrixMul/solution1/.autopilot/db/matrixmul_5.tbgen.tcl 
Execute     source C:/Users/Samarth/OneDrive/Desktop/IIT/IIIT_Intern/Training/Lab2/MatrixMul/solution1/.autopilot/db/matrixmul_5.tbgen.tcl 
Execute     source C:/Users/Samarth/OneDrive/Desktop/IIT/IIIT_Intern/Training/Lab2/MatrixMul/solution1/.autopilot/db/matrixmul_5.tbgen.tcl 
Execute     source C:/Users/Samarth/OneDrive/Desktop/IIT/IIIT_Intern/Training/Lab2/MatrixMul/solution1/.autopilot/db/matrixmul_5.tbgen.tcl 
Execute     source ../tv/cdatafile/ref.tcl 
Execute     source C:/Users/Samarth/OneDrive/Desktop/IIT/IIIT_Intern/Training/Lab2/MatrixMul/solution1/.autopilot/db/matrixmul_5.tbgen.tcl 
Execute     source C:/Users/Samarth/OneDrive/Desktop/IIT/IIIT_Intern/Training/Lab2/MatrixMul/solution1/.autopilot/db/matrixmul_5.tbgen.tcl 
Execute     source C:/Users/Samarth/OneDrive/Desktop/IIT/IIIT_Intern/Training/Lab2/MatrixMul/solution1/.autopilot/db/matrixmul_5.tbgen.tcl 
Execute     source C:/Users/Samarth/OneDrive/Desktop/IIT/IIIT_Intern/Training/Lab2/MatrixMul/solution1/.autopilot/db/matrixmul_5.tbgen.tcl 
Execute     source C:/Users/Samarth/OneDrive/Desktop/IIT/IIIT_Intern/Training/Lab2/MatrixMul/solution1/.autopilot/db/matrixmul_5.tbgen.tcl 
Execute     source C:/Users/Samarth/OneDrive/Desktop/IIT/IIIT_Intern/Training/Lab2/MatrixMul/solution1/.autopilot/db/matrixmul_5.tbgen.tcl 
Execute     source C:/Users/Samarth/OneDrive/Desktop/IIT/IIIT_Intern/Training/Lab2/MatrixMul/solution1/.autopilot/db/matrixmul_5.tbgen.tcl 
Execute     source C:/Users/Samarth/OneDrive/Desktop/IIT/IIIT_Intern/Training/Lab2/MatrixMul/solution1/.autopilot/db/matrixmul_5.tbgen.tcl 
Execute     source C:/Users/Samarth/OneDrive/Desktop/IIT/IIIT_Intern/Training/Lab2/MatrixMul/solution1/.autopilot/db/matrixmul_5.tbgen.tcl 
Execute     source C:/Users/Samarth/OneDrive/Desktop/IIT/IIIT_Intern/Training/Lab2/MatrixMul/solution1/.autopilot/db/matrixmul_5.tbgen.tcl 
Execute     source C:/Users/Samarth/OneDrive/Desktop/IIT/IIIT_Intern/Training/Lab2/MatrixMul/solution1/.autopilot/db/matrixmul_5.tbgen.tcl 
Execute     source C:/Users/Samarth/OneDrive/Desktop/IIT/IIIT_Intern/Training/Lab2/MatrixMul/solution1/.autopilot/db/matrixmul_5.tbgen.tcl 
Execute     source C:/Users/Samarth/OneDrive/Desktop/IIT/IIIT_Intern/Training/Lab2/MatrixMul/solution1/.autopilot/db/matrixmul_5.tbgen.tcl 
Execute     source C:/Users/Samarth/OneDrive/Desktop/IIT/IIIT_Intern/Training/Lab2/MatrixMul/solution1/.autopilot/db/matrixmul_5.tbgen.tcl 
Execute     source C:/Users/Samarth/OneDrive/Desktop/IIT/IIIT_Intern/Training/Lab2/MatrixMul/solution1/.autopilot/db/matrixmul_5.tbgen.tcl 
Execute     source C:/Users/Samarth/OneDrive/Desktop/IIT/IIIT_Intern/Training/Lab2/MatrixMul/solution1/.autopilot/db/matrixmul_5.tbgen.tcl 
Execute     source ../tv/cdatafile/ref.tcl 
Execute     source C:/Users/Samarth/OneDrive/Desktop/IIT/IIIT_Intern/Training/Lab2/MatrixMul/solution1/.autopilot/db/matrixmul_5.tbgen.tcl 
Execute     source C:/Users/Samarth/OneDrive/Desktop/IIT/IIIT_Intern/Training/Lab2/MatrixMul/solution1/.autopilot/db/matrixmul_5.tbgen.tcl 
Execute     source C:/Users/Samarth/OneDrive/Desktop/IIT/IIIT_Intern/Training/Lab2/MatrixMul/solution1/.autopilot/db/matrixmul_5.tbgen.tcl 
Execute     source C:/Users/Samarth/OneDrive/Desktop/IIT/IIIT_Intern/Training/Lab2/MatrixMul/solution1/.autopilot/db/matrixmul_5.tbgen.tcl 
Execute     source C:/Users/Samarth/OneDrive/Desktop/IIT/IIIT_Intern/Training/Lab2/MatrixMul/solution1/.autopilot/db/matrixmul_5.tbgen.tcl 
Execute     source C:/Users/Samarth/OneDrive/Desktop/IIT/IIIT_Intern/Training/Lab2/MatrixMul/solution1/.autopilot/db/matrixmul_5.tbgen.tcl 
Execute     source C:/Users/Samarth/OneDrive/Desktop/IIT/IIIT_Intern/Training/Lab2/MatrixMul/solution1/.autopilot/db/matrixmul_5.tbgen.tcl 
Execute     source C:/Users/Samarth/OneDrive/Desktop/IIT/IIIT_Intern/Training/Lab2/MatrixMul/solution1/.autopilot/db/matrixmul_5.tbgen.tcl 
Execute     source C:/Users/Samarth/OneDrive/Desktop/IIT/IIIT_Intern/Training/Lab2/MatrixMul/solution1/.autopilot/db/matrixmul_5.tbgen.tcl 
Execute     source C:/Users/Samarth/OneDrive/Desktop/IIT/IIIT_Intern/Training/Lab2/MatrixMul/solution1/.autopilot/db/matrixmul_5.tbgen.tcl 
Execute     source C:/Users/Samarth/OneDrive/Desktop/IIT/IIIT_Intern/Training/Lab2/MatrixMul/solution1/.autopilot/db/matrixmul_5.tbgen.tcl 
Execute     ap_part_info -name xc7z020-clg484-1 -data names -quiet 
Execute     ap_part_info -name xc7z020-clg484-1 -data info -quiet 
Execute     source C:/Users/Samarth/OneDrive/Desktop/IIT/IIIT_Intern/Training/Lab2/MatrixMul/solution1/.autopilot/db/matrixmul_5.tbgen.tcl 
INFO: [COSIM 212-1] *** C/RTL co-simulation file generation completed. ***
Execute     source .run_sim.tcl 
Execute       source check_sim.tcl 
Execute       source .sim.status.tcl 
INFO: [COSIM 212-323] Starting verilog simulation. 
INFO: [COSIM 212-15] Starting XSIM ...
INFO: [COSIM 212-316] Starting C post checking ...
ERROR: [COSIM 212-361] C TB post check failed, nonzero return value '1'.
Command     ap_source done; error code: 1; 15.511 sec.
ERROR: [COSIM 212-4] *** C/RTL co-simulation finished: FAIL ***
INFO: [COSIM 212-211] II is measurable only when transaction number is greater than 1 in RTL simulation. Otherwise, they will be marked as all NA. If user wants to calculate them, please make sure there are at least 2 transactions in RTL simulation.
Command   cosim_design done; error code: 2; 44.34 sec.
Command ap_source done; error code: 1; 45.044 sec.
Execute cleanup_all 
INFO-FLOW: Workspace C:/Users/Samarth/OneDrive/Desktop/IIT/IIIT_Intern/Training/Lab2/MatrixMul/solution1 opened at Tue May 13 13:05:05 +0530 2025
Execute     config_clock -quiet -name default -period 10 -default=false 
INFO: [SYN 201-201] Setting up clock 'default' with a period of 10ns.
Execute     config_clock -quiet -name default -uncertainty 1.25 
INFO: [SYN 201-201] Setting up clock 'default' with an uncertainty of 1.25ns.
Execute     open_platform DefaultPlatform 
Execute     import_lib C:/Xilinx_HLS/Vivado/2019.2/common/technology/xilinx/zynq/zynq 
Execute       source C:/Xilinx_HLS/Vivado/2019.2/common/technology/xilinx/common/xilinx.lib 
Execute         source C:/Xilinx_HLS/Vivado/2019.2/common/technology/xilinx/interface/xilinx_interface.lib 
Execute           source C:/Xilinx_HLS/Vivado/2019.2/common/technology/xilinx/interface/plb46.lib 
Execute           source C:/Xilinx_HLS/Vivado/2019.2/common/technology/xilinx/interface/fsl.lib 
Execute           source C:/Xilinx_HLS/Vivado/2019.2/common/technology/xilinx/interface/axi4.lib 
Execute           source C:/Xilinx_HLS/Vivado/2019.2/common/technology/xilinx/interface/maxi.lib 
Execute           source C:/Xilinx_HLS/Vivado/2019.2/common/technology/xilinx/interface/saxilite.lib 
Execute         source C:/Xilinx_HLS/Vivado/2019.2/common/technology/xilinx/common/dsp48.lib 
Execute         source C:/Xilinx_HLS/Vivado/2019.2/common/technology/xilinx/ip/dds_compiler.lib 
Execute         source C:/Xilinx_HLS/Vivado/2019.2/common/technology/xilinx/ip/xfft.lib 
Execute         source C:/Xilinx_HLS/Vivado/2019.2/common/technology/xilinx/ip/xfir.lib 
Execute       source C:/Xilinx_HLS/Vivado/2019.2/common/technology/xilinx/common/xilinx.hlp 
Execute         source C:/Xilinx_HLS/Vivado/2019.2/common/technology/xilinx/common/target_info.tcl 
Execute         source C:/Xilinx_HLS/Vivado/2019.2/common/technology/xilinx/interface/xilinx_interface.hlp 
Execute           source C:/Xilinx_HLS/Vivado/2019.2/common/technology/xilinx/interface/maxi.hlp 
Execute           source C:/Xilinx_HLS/Vivado/2019.2/common/technology/xilinx/interface/saxilite.hlp 
Execute         source C:/Xilinx_HLS/Vivado/2019.2/common/technology/xilinx/common/dsp48.hlp 
Execute       source C:/Xilinx_HLS/Vivado/2019.2/common/technology/xilinx/zynq/dsp48e1.hlp 
Execute       source C:/Xilinx_HLS/Vivado/2019.2/common/technology/xilinx/common/xilinx.hlp 
Execute         source C:/Xilinx_HLS/Vivado/2019.2/common/technology/xilinx/common/target_info.tcl 
Execute         source C:/Xilinx_HLS/Vivado/2019.2/common/technology/xilinx/interface/xilinx_interface.hlp 
Execute           source C:/Xilinx_HLS/Vivado/2019.2/common/technology/xilinx/interface/maxi.hlp 
Execute           source C:/Xilinx_HLS/Vivado/2019.2/common/technology/xilinx/interface/saxilite.hlp 
Execute         source C:/Xilinx_HLS/Vivado/2019.2/common/technology/xilinx/common/dsp48.hlp 
Command     import_lib done; 0.164 sec.
Execute     source C:/Xilinx_HLS/Vivado/2019.2/common/technology/xilinx/zynq/zynq.gen 
Execute       source C:/Xilinx_HLS/Vivado/2019.2/common/technology/xilinx/common/xilinx.gen 
Execute         source C:/Xilinx_HLS/Vivado/2019.2/common/technology/xilinx/interface/plb46.gen 
Execute         source C:/Xilinx_HLS/Vivado/2019.2/common/technology/xilinx/interface/fsl.gen 
Execute         source C:/Xilinx_HLS/Vivado/2019.2/common/technology/xilinx/interface/axi4.gen 
Execute         source C:/Xilinx_HLS/Vivado/2019.2/common/technology/xilinx/interface/nativeAXI4.gen 
Execute           source C:/Xilinx_HLS/Vivado/2019.2/common/technology/xilinx/interface/saxilite.gen 
Execute           source C:/Xilinx_HLS/Vivado/2019.2/common/technology/xilinx/interface/maxi.gen 
Execute         source C:/Xilinx_HLS/Vivado/2019.2/common/technology/xilinx/scripts/xilinxcoregen.gen 
Execute         source C:/Xilinx_HLS/Vivado/2019.2/common/technology/xilinx/interface/XilEDKCoreGen.gen 
Execute         source C:/Xilinx_HLS/Vivado/2019.2/common/technology/xilinx/ip/dds_compiler.gen 
Execute         source C:/Xilinx_HLS/Vivado/2019.2/common/technology/xilinx/ip/util.gen 
Execute         source C:/Xilinx_HLS/Vivado/2019.2/common/technology/xilinx/ip/xfft.gen 
Execute         source C:/Xilinx_HLS/Vivado/2019.2/common/technology/xilinx/ip/xfir.gen 
Execute         source C:/Xilinx_HLS/Vivado/2019.2/common/technology/xilinx/common/dsp48.gen 
Command       ap_source done; 0.339 sec.
Command     ap_source done; 0.34 sec.
Execute     open_platform DefaultPlatform 
Execute     import_lib C:/Xilinx_HLS/Vivado/2019.2/common/technology/xilinx/zynq/zynq_fpv6 
Execute       source C:/Xilinx_HLS/Vivado/2019.2/common/technology/xilinx/common/xilinx_fp.lib 
Execute       source C:/Xilinx_HLS/Vivado/2019.2/common/technology/xilinx/common/xilinx_fp.hlp 
Execute         source C:/Xilinx_HLS/Vivado/2019.2/common/technology/xilinx/common/xilinx.hlp 
Execute           source C:/Xilinx_HLS/Vivado/2019.2/common/technology/xilinx/common/target_info.tcl 
Execute           source C:/Xilinx_HLS/Vivado/2019.2/common/technology/xilinx/interface/xilinx_interface.hlp 
Execute             source C:/Xilinx_HLS/Vivado/2019.2/common/technology/xilinx/interface/maxi.hlp 
Execute             source C:/Xilinx_HLS/Vivado/2019.2/common/technology/xilinx/interface/saxilite.hlp 
Execute           source C:/Xilinx_HLS/Vivado/2019.2/common/technology/xilinx/common/dsp48.hlp 
Execute     source C:/Xilinx_HLS/Vivado/2019.2/common/technology/xilinx/zynq/zynq_fpv6.gen 
Execute       source C:/Xilinx_HLS/Vivado/2019.2/common/technology/xilinx/common/xilinx_fp.gen 
Execute     set_part xc7z020-clg484-1 
Execute       ap_part_info -name xc7z020-clg484-1 -data single -quiet 
Command       ap_part_info done; 0.562 sec.
Execute       ap_part_info -name xc7z020-clg484-1 -data info 
Execute       add_library xilinx/zynq/zynq:xc7z020:-clg484:-1 
Execute         get_default_platform 
Execute         ap_part_info -data single -name xc7z020-clg484-1 
Execute         ap_part_info -name xc7z020-clg484-1 -data resources 
Execute         ap_part_info -name xc7z020-clg484-1 -data info 
Execute         ap_part_info -name xc7z020-clg484-1 -data info 
Execute         config_chip_info -quiet -resource {SLICE 13300} {LUT 53200} {FF 106400} {DSP48E 220} {BRAM 280} {URAM 0} 
Execute         ap_part_info -name xc7z020-clg484-1 -data info 
Execute         config_chip_info -quiet -speed slow 
Execute       add_library xilinx/zynq/zynq_fpv6 
Execute         get_default_platform 
INFO: [HLS 200-10] Setting target device to 'xc7z020-clg484-1'
Execute       ap_part_info -name xc7z020-clg484-1 -data info 
Execute       get_default_platform 
Command     set_part done; 0.776 sec.
Execute     ap_part_info -data single -name xc7z020-clg484-1 
Execute     ap_part_info -name xc7z020-clg484-1 -data resources 
Execute     ap_part_info -name xc7z020-clg484-1 -data info 
Execute     ap_part_info -name xc7z020-clg484-1 -data info 
Execute     config_chip_info -quiet -resource {SLICE 13300} {LUT 53200} {FF 106400} {DSP48E 220} {BRAM 280} {URAM 0} 
Execute     ap_part_info -name xc7z020-clg484-1 -data info 
Execute     config_chip_info -quiet -speed slow 
Execute     config_export -format=ip_catalog 
Execute     config_export -rtl=verilog 
Execute     config_export -version=1.1.0 
Command   open_solution done; 1.49 sec.
Execute   csim_design -quiet 
Execute     source C:/Users/Samarth/OneDrive/Desktop/IIT/IIIT_Intern/Training/Lab2/MatrixMul/solution1/.autopilot/db/global.setting.tcl 
INFO: [SIM 211-2] *************** CSIM start ***************
INFO: [SIM 211-4] CSIM will launch GCC as the compiler.
Execute     source csim/.lst_opt.tcl 
Execute     is_encrypted C:/Users/Samarth/OneDrive/Desktop/IIT/IIIT_Intern/Training/Lab2/MatrixMul/matrix_mul_tb.cpp 
Execute     is_xip C:/Users/Samarth/OneDrive/Desktop/IIT/IIIT_Intern/Training/Lab2/MatrixMul/matrix_mul_tb.cpp 
Execute     is_encrypted C:/Users/Samarth/OneDrive/Desktop/IIT/IIIT_Intern/Training/Lab2/MatrixMul/matrix_mul.h 
Execute     is_xip C:/Users/Samarth/OneDrive/Desktop/IIT/IIIT_Intern/Training/Lab2/MatrixMul/matrix_mul.h 
Execute     is_encrypted C:/Users/Samarth/OneDrive/Desktop/IIT/IIIT_Intern/Training/Lab2/MatrixMul/matrix_mul.cpp 
Execute     is_xip C:/Users/Samarth/OneDrive/Desktop/IIT/IIIT_Intern/Training/Lab2/MatrixMul/matrix_mul.cpp 
Execute     ap_part_info -name xc7z020-clg484-1 -data info 
Execute     source run_sim.tcl 
Command     ap_source done; 0.434 sec.
INFO: [SIM 211-1] CSim done with 0 errors.
INFO: [SIM 211-3] *************** CSIM finish ***************
Command   csim_design done; 14.991 sec.
Command ap_source done; 16.517 sec.
Execute cleanup_all 
