#-----------------------------------------------------------
# Vivado v2019.2 (64-bit)
# SW Build 2708876 on Wed Nov  6 21:40:23 MST 2019
# IP Build 2700528 on Thu Nov  7 00:09:20 MST 2019
# Start of session at: Fri Apr 18 15:24:04 2025
# Process ID: 46428
# Current directory: C:/Users/Samarth/OneDrive/Desktop/IIT/IIIT_Intern/Training/Lab2/MatrixMul/solution1/.autopilot/db/ip_tmp
# Command line: vivado.exe  -notrace -mode batch -source run_vivado_gen_ip.tcl
# Log file: C:/Users/Samarth/OneDrive/Desktop/IIT/IIIT_Intern/Training/Lab2/MatrixMul/solution1/.autopilot/db/ip_tmp/vivado.log
# Journal file: C:/Users/Samarth/OneDrive/Desktop/IIT/IIIT_Intern/Training/Lab2/MatrixMul/solution1/.autopilot/db/ip_tmp\vivado.jou
#-----------------------------------------------------------
source run_vivado_gen_ip.tcl -notrace
INFO: [ProjectBase 1-489] The host OS only allows 260 characters in a normal path. The project is stored in a path with more than 80 characters. If you experience issues with IP, Block Designs, or files not being found, please consider moving the project to a location with a shorter path. Alternately consider using the OS subst command to map part of the path to a drive letter.
Current project path is 'C:/Users/Samarth/OneDrive/Desktop/IIT/IIIT_Intern/Training/Lab2/MatrixMul/solution1/.autopilot/db/ip_tmp'
create_project: Time (s): cpu = 00:00:02 ; elapsed = 00:00:06 . Memory (MB): peak = 426.766 ; gain = 132.977
INFO: [IP_Flow 19-234] Refreshing IP repositories
INFO: [IP_Flow 19-1704] No user IP repositories specified
INFO: [IP_Flow 19-2313] Loaded Vivado IP repository 'C:/XILINX~1/Vivado/2019.2/data/ip'.
WARNING: [IP_Flow 19-4832] The IP name 'matrixmul_5_ap_fpext_0_no_dsp_32' you have specified is long. The Windows operating system has path length limitations. It is recommended you use shorter names to reduce the likelihood of issues.
INFO: [IP_Flow 19-1686] Generating 'Synthesis' target for IP 'matrixmul_5_ap_fpext_0_no_dsp_32'...
INFO: [IP_Flow 19-1686] Generating 'Simulation' target for IP 'matrixmul_5_ap_fpext_0_no_dsp_32'...
INFO: [Common 17-206] Exiting Vivado at Fri Apr 18 15:24:16 2025...
