#-----------------------------------------------------------
# Vivado v2024.2 (64-bit)
# SW Build 5239630 on Fri Nov 08 22:35:27 MST 2024
# IP Build 5239520 on Sun Nov 10 16:12:51 MST 2024
# SharedData Build 5239561 on Fri Nov 08 14:39:27 MST 2024
# Start of session at: Sat May 31 22:49:01 2025
# Process ID         : 24660
# Current directory  : C:/Users/Samarth/Desktop/IIIT_Intern/Tutorial_matrix/matrix_8_unopt/matrix_8_unopt/hls/impl/ip
# Command line       : vivado.exe -notrace -mode batch -source run_ippack.tcl
# Log file           : C:/Users/Samarth/Desktop/IIIT_Intern/Tutorial_matrix/matrix_8_unopt/matrix_8_unopt/hls/impl/ip/vivado.log
# Journal file       : C:/Users/Samarth/Desktop/IIIT_Intern/Tutorial_matrix/matrix_8_unopt/matrix_8_unopt/hls/impl/ip\vivado.jou
# Running On         : Samarth-Asus
# Platform           : Windows Server 2016 or Windows 10
# Operating System   : 26100
# Processor Detail   : 12th Gen Intel(R) Core(TM) i5-12500H
# CPU Frequency      : 3110 MHz
# CPU Physical cores : 12
# CPU Logical cores  : 16
# Host memory        : 16785 MB
# Swap memory        : 20401 MB
# Total Virtual      : 37186 MB
# Available Virtual  : 19197 MB
#-----------------------------------------------------------
source run_ippack.tcl -notrace
INFO: calling package_hls_ip ip_types=vitis sysgen json_file=C:/Users/Samarth/Desktop/IIIT_Intern/Tutorial_matrix/matrix_8_unopt/matrix_8_unopt/hls/hls_data.json outdir=C:/Users/Samarth/Desktop/IIIT_Intern/Tutorial_matrix/matrix_8_unopt/matrix_8_unopt/hls/impl/ip srcdir=C:/Users/Samarth/Desktop/IIIT_Intern/Tutorial_matrix/matrix_8_unopt/matrix_8_unopt/hls sort_interfaces_ports=false
INFO: Copied 1 ipmisc file(s) to C:/Users/Samarth/Desktop/IIIT_Intern/Tutorial_matrix/matrix_8_unopt/matrix_8_unopt/hls/impl/ip/misc
INFO: Copied 7 verilog file(s) to C:/Users/Samarth/Desktop/IIIT_Intern/Tutorial_matrix/matrix_8_unopt/matrix_8_unopt/hls/impl/ip/hdl/verilog
INFO: Copied 5 vhdl file(s) to C:/Users/Samarth/Desktop/IIIT_Intern/Tutorial_matrix/matrix_8_unopt/matrix_8_unopt/hls/impl/ip/hdl/vhdl
Generating 2 subcores in C:/Users/Samarth/Desktop/IIIT_Intern/Tutorial_matrix/matrix_8_unopt/matrix_8_unopt/hls/impl/ip/hdl/ip.tmp:
impl/misc/matrixmul_100_unopt_fadd_32ns_32ns_32_4_full_dsp_1_ip.tcl
impl/misc/matrixmul_100_unopt_fmul_32ns_32ns_32_3_max_dsp_1_ip.tcl
INFO: [ProjectBase 1-489] The host OS only allows 260 characters in a normal path. The project is stored in a path with more than 80 characters. If you experience issues with IP, Block Designs, or files not being found, please consider moving the project to a location with a shorter path. Alternately consider using the OS subst command to map part of the path to a drive letter.
Current project path is 'C:/Users/Samarth/Desktop/IIIT_Intern/Tutorial_matrix/matrix_8_unopt/matrix_8_unopt/hls/impl/ip/hdl/ip.tmp'
create_project: Time (s): cpu = 00:00:05 ; elapsed = 00:00:10 . Memory (MB): peak = 446.371 ; gain = 123.602
INFO: Using COE_DIR=C:/Users/Samarth/Desktop/IIIT_Intern/Tutorial_matrix/matrix_8_unopt/matrix_8_unopt/hls/impl/ip/hdl/verilog
INFO: Generating matrixmul_100_unopt_fadd_32ns_32ns_32_4_full_dsp_1_ip via file impl/misc/matrixmul_100_unopt_fadd_32ns_32ns_32_4_full_dsp_1_ip.tcl
INFO: [IP_Flow 19-234] Refreshing IP repositories
INFO: [IP_Flow 19-1704] No user IP repositories specified
INFO: [IP_Flow 19-2313] Loaded Vivado IP repository 'C:/Xilinx_2024_ent/Vivado/2024.2/data/ip'.
WARNING: [IP_Flow 19-4832] The IP name 'matrixmul_100_unopt_fadd_32ns_32ns_32_4_full_dsp_1_ip' you have specified is long. The Windows operating system has path length limitations. It is recommended you use shorter names to reduce the likelihood of issues.
create_ip: Time (s): cpu = 00:00:03 ; elapsed = 00:00:10 . Memory (MB): peak = 502.855 ; gain = 56.484
INFO: [IP_Flow 19-1686] Generating 'Synthesis' target for IP 'matrixmul_100_unopt_fadd_32ns_32ns_32_4_full_dsp_1_ip'...
INFO: [IP_Flow 19-1686] Generating 'Simulation' target for IP 'matrixmul_100_unopt_fadd_32ns_32ns_32_4_full_dsp_1_ip'...
INFO: Done generating matrixmul_100_unopt_fadd_32ns_32ns_32_4_full_dsp_1_ip via file impl/misc/matrixmul_100_unopt_fadd_32ns_32ns_32_4_full_dsp_1_ip.tcl
INFO: Generating matrixmul_100_unopt_fmul_32ns_32ns_32_3_max_dsp_1_ip via file impl/misc/matrixmul_100_unopt_fmul_32ns_32ns_32_3_max_dsp_1_ip.tcl
WARNING: [IP_Flow 19-4832] The IP name 'matrixmul_100_unopt_fmul_32ns_32ns_32_3_max_dsp_1_ip' you have specified is long. The Windows operating system has path length limitations. It is recommended you use shorter names to reduce the likelihood of issues.
INFO: [IP_Flow 19-1686] Generating 'Synthesis' target for IP 'matrixmul_100_unopt_fmul_32ns_32ns_32_3_max_dsp_1_ip'...
INFO: [IP_Flow 19-1686] Generating 'Simulation' target for IP 'matrixmul_100_unopt_fmul_32ns_32ns_32_3_max_dsp_1_ip'...
INFO: Done generating matrixmul_100_unopt_fmul_32ns_32ns_32_3_max_dsp_1_ip via file impl/misc/matrixmul_100_unopt_fmul_32ns_32ns_32_3_max_dsp_1_ip.tcl
INFO: Import ports from HDL: C:/Users/Samarth/Desktop/IIIT_Intern/Tutorial_matrix/matrix_8_unopt/matrix_8_unopt/hls/impl/ip/hdl/vhdl/matrixmul_100_unopt.vhd (matrixmul_100_unopt)
INFO: Add clock interface ap_clk
INFO: Add reset interface ap_rst_n
INFO: Add axi4stream interface in_A
INFO: Add axi4stream interface out_C
INFO: [IP_Flow 19-234] Refreshing IP repositories
INFO: [IP_Flow 19-1704] No user IP repositories specified
INFO: [IP_Flow 19-2313] Loaded Vivado IP repository 'C:/Xilinx_2024_ent/Vivado/2024.2/data/ip'.
INFO: Calling post_process_vitis to specialize IP
INFO: Calling post_process_sysgen to specialize IP
Generating sysgen info xml from json file
INFO: Created IP C:/Users/Samarth/Desktop/IIIT_Intern/Tutorial_matrix/matrix_8_unopt/matrix_8_unopt/hls/impl/ip/component.xml
INFO: Created IP archive C:/Users/Samarth/Desktop/IIIT_Intern/Tutorial_matrix/matrix_8_unopt/matrix_8_unopt/hls/impl/ip/xilinx_com_hls_matrixmul_100_unopt_1_0.zip
INFO: [Common 17-206] Exiting Vivado at Sat May 31 22:49:32 2025...
