dfgPass::INFOR: DFG Pass going to run on Module: C:\Users\Samarth\Desktop\IIIT_Intern\matrix_vitis\hls_component2\matrixmul_3\hls\csim\code_analyzer\.internal\instrument\app_0\project.symbols.bc
dfgPass::INFOR:     Parsing the provided input trace files...
dfgPass::INFOR:     Initializing InstructionCounter...
dfgPass::VERBO:     +0 is not a loop
dfgPass::VERBO:     +0 is not a loop
dfgPass::VERBO:     +0 is not a loop
dfgPass::VERBO:     +0 is not a loop
dfgPass::VERBO:     +1 is not an innermost loop
dfgPass::VERBO:     +2 fails R.hasBlockSchema
dfgPass::VERBO:     +3 is not an innermost loop
dfgPass::VERBO:     +4 fails R.hasBlockSchema
dfgPass::VERBO:     +5 is not an innermost loop
dfgPass::VERBO:     +6 fails R.hasBlockSchema
dfgPass::VERBO:     +7 is not an innermost loop
dfgPass::VERBO:     +8 fails R.hasBlockSchema
dfgPass::VERBO:     +9 is not an innermost loop
dfgPass::VERBO:       - BEFORE BREAK
dfgPass::VERBO:       - for.cond1
dfgPass::VERBO:         - memlocal of :col:0
dfgPass::VERBO:         - LCV conditional branch 6:48
dfgPass::VERBO:       - AFTER BREAK
dfgPass::VERBO:       - for.body3
dfgPass::VERBO:         - invalid TR:4:0
dfgPass::VERBO:     +0 is not a loop
dfgPass::VERBO:     +1 is not an innermost loop
dfgPass::VERBO:     +2 is not an innermost loop
dfgPass::VERBO:       - BEFORE BREAK
dfgPass::VERBO:       - for.cond4
dfgPass::VERBO:         - memlocal of :index:0
dfgPass::VERBO:         - LCV conditional branch 6:48
dfgPass::VERBO:       - AFTER BREAK
dfgPass::VERBO:       - for.body6
dfgPass::VERBO:         - memlocal of :input_A:0
dfgPass::VERBO:         - memlocal of :row:0
dfgPass::VERBO:         - memlocal of :index:0
dfgPass::VERBO:         - memlocal of :input_B:0
dfgPass::VERBO:         - memlocal of :index:0
dfgPass::VERBO:         - memlocal of :col:0
dfgPass::VERBO:         - memlocal of :res:0
dfgPass::VERBO:         - memlocal of :res:1
dfgPass::VERBO:       - AFTER BREAK
dfgPass::VERBO:       - for.inc
dfgPass::VERBO:         - memlocal of :index:0
dfgPass::VERBO:         - memlocal of :index:1
dfgPass::VERBO:       - AFTER BREAK
dfgPass::VERBO:     +0 is not a loop
dfgPass::VERBO:     +0 is not a loop
dfgPass::VERBO:     +0 is not a loop
dfgPass::VERBO:     +0 is not a loop
dfgPass::VERBO:     +0 is not a loop
dfgPass::VERBO:     +0 is not a loop
dfgPass::VERBO:     +0 is not a loop
dfgPass::VERBO:     +0 is not a loop
dfgPass::VERBO:     +0 is not a loop
dfgPass::VERBO:     +0 is not a loop
dfgPass::VERBO:     +0 is not a loop
dfgPass::VERBO:     +0 is not a loop
dfgPass::VERBO:     +0 is not a loop
dfgPass::VERBO:     +0 is not a loop
dfgPass::VERBO:     +0 is not a loop
dfgPass::VERBO:     +0 is not a loop
dfgPass::VERBO:     +0 is not a loop
dfgPass::VERBO:     +0 is not a loop
dfgPass::VERBO:     +0 is not a loop
dfgPass::VERBO:     _ZN11ap_int_baseILi1ELb0EE18checkOverflowBaseCIiEEvT_ is skipped for analysis (only accesses local vars)
dfgPass::VERBO:     +0 is not a loop
dfgPass::VERBO:     +0 is not a loop
dfgPass::VERBO:     +0 is not a loop
dfgPass::VERBO:     _ZN10ap_privateILi1ELb0ELb1EE10set_canaryEv is skipped for analysis (only accesses local vars)
dfgPass::VERBO:     _ZN10ap_privateILi1ELb0ELb1EE12check_canaryEv is skipped for analysis (only accesses local vars)
dfgPass::VERBO:     +0 is not a loop
dfgPass::VERBO:     +0 is not a loop
dfgPass::VERBO:     +0 is not a loop
dfgPass::VERBO:     +0 is not a loop
dfgPass::VERBO:     +0 is not a loop
dfgPass::VERBO:     +0 is not a loop
dfgPass::VERBO:     +0 is not a loop
dfgPass::VERBO:     +0 is not a loop
dfgPass::VERBO:     +0 is not a loop
dfgPass::VERBO:     +0 is not a loop
dfgPass::VERBO:     +0 is not a loop
dfgPass::VERBO:     +0 is not a loop
dfgPass::VERBO:     +0 is not a loop
dfgPass::VERBO:     +0 is not a loop
dfgPass::VERBO:     +0 is not a loop
dfgPass::VERBO:     +0 is not a loop
dfgPass::VERBO:     +1 is not an innermost loop
dfgPass::VERBO:     +2 fails R.hasBlockSchema
dfgPass::VERBO:     +3 is not an innermost loop
dfgPass::VERBO:     +4 is not an innermost loop
dfgPass::VERBO:       - BEFORE BREAK
dfgPass::VERBO:       - for.cond34
dfgPass::VERBO:         - memlocal of :index:0
dfgPass::VERBO:         - LCV conditional branch 6:48
dfgPass::VERBO:       - AFTER BREAK
dfgPass::VERBO:       - for.body36
dfgPass::VERBO:         - memlocal of :row:0
dfgPass::VERBO:         - memlocal of :index:0
dfgPass::VERBO:         - memlocal offset is invalid:0:4
dfgPass::VERBO:         - memlocal of :index:0
dfgPass::VERBO:         - memlocal of :col:0
dfgPass::VERBO:         - memlocal offset is invalid:0:4
dfgPass::VERBO:         - memlocal of :res:0
dfgPass::VERBO:         - memlocal of :res:1
dfgPass::VERBO:       - AFTER BREAK
dfgPass::VERBO:       - for.inc45
dfgPass::VERBO:         - memlocal of :index:0
dfgPass::VERBO:         - memlocal of :index:1
dfgPass::VERBO:       - AFTER BREAK
dfgPass::VERBO:     +6 is not an innermost loop
dfgPass::VERBO:       - BEFORE BREAK
dfgPass::VERBO:       - for.cond12
dfgPass::VERBO:         - memlocal of :col:0
dfgPass::VERBO:         - LCV conditional branch 6:48
dfgPass::VERBO:       - AFTER BREAK
dfgPass::VERBO:       - for.body14
dfgPass::VERBO:         - memlocal of :in_A:0
dfgPass::VERBO:         - invalid TR:4:0
dfgPass::VERBO:     +8 is not an innermost loop
dfgPass::VERBO:       - BEFORE BREAK
dfgPass::VERBO:       - for.cond1
dfgPass::VERBO:         - memlocal of :col:0
dfgPass::VERBO:         - LCV conditional branch 6:48
dfgPass::VERBO:       - AFTER BREAK
dfgPass::VERBO:       - for.body3
dfgPass::VERBO:         - memlocal of :in_A:0
dfgPass::VERBO:         - invalid TR:4:0
dfgPass::INFOR:     Parsing trace...
dfgPass::INFOR:     End of the trace parse
