INFO: [HLS 200-10] Running 'C:/Xilinx_HLS/Vivado/2019.2/bin/unwrapped/win64.o/vivado_hls.exe'
INFO: [HLS 200-10] For user 'Samarth' on host 'samarth-asus' (Windows NT_amd64 version 6.2) on Tue May 13 13:05:05 +0530 2025
INFO: [HLS 200-10] In directory 'C:/Users/Samarth/OneDrive/Desktop/IIT/IIIT_Intern/Training/Lab2'
Sourcing Tcl script 'C:/Users/Samarth/OneDrive/Desktop/IIT/IIIT_Intern/Training/Lab2/MatrixMul/solution1/csim.tcl'
INFO: [HLS 200-10] Opening project 'C:/Users/Samarth/OneDrive/Desktop/IIT/IIIT_Intern/Training/Lab2/MatrixMul'.
INFO: [HLS 200-10] Opening solution 'C:/Users/Samarth/OneDrive/Desktop/IIT/IIIT_Intern/Training/Lab2/MatrixMul/solution1'.
INFO: [SYN 201-201] Setting up clock 'default' with a period of 10ns.
INFO: [SYN 201-201] Setting up clock 'default' with an uncertainty of 1.25ns.
INFO: [HLS 200-10] Setting target device to 'xc7z020-clg484-1'
INFO: [SIM 211-2] *************** CSIM start ***************
INFO: [SIM 211-4] CSIM will launch GCC as the compiler.
   Compiling ../../../matrix_mul_tb.cpp in debug mode
   Compiling ../../../matrix_mul.cpp in debug mode
   Generating csim.exe
In file included from C:/Xilinx_HLS/Vivado/2019.2/include/floating_point_v7_0_bitacc_cmodel.h:143:0,
                 from C:/Xilinx_HLS/Vivado/2019.2/include/hls_fpo.h:186,
                 from C:/Xilinx_HLS/Vivado/2019.2/include/hls_half.h:44,
                 from C:/Xilinx_HLS/Vivado/2019.2/include/etc/ap_private.h:90,
                 from C:/Xilinx_HLS/Vivado/2019.2/include/ap_common.h:641,
                 from C:/Xilinx_HLS/Vivado/2019.2/include/ap_int.h:54,
                 from ../../../matrix_mul.h:3,
                 from ../../../matrix_mul_tb.cpp:1:
C:/Xilinx_HLS/Vivado/2019.2/include/gmp.h:62:0: warning: "__GMP_LIBGMP_DLL" redefined
 #define __GMP_LIBGMP_DLL  0
 
In file included from C:/Xilinx_HLS/Vivado/2019.2/include/hls_fpo.h:186:0,
                 from C:/Xilinx_HLS/Vivado/2019.2/include/hls_half.h:44,
                 from C:/Xilinx_HLS/Vivado/2019.2/include/etc/ap_private.h:90,
                 from C:/Xilinx_HLS/Vivado/2019.2/include/ap_common.h:641,
                 from C:/Xilinx_HLS/Vivado/2019.2/include/ap_int.h:54,
                 from ../../../matrix_mul.h:3,
                 from ../../../matrix_mul_tb.cpp:1:
C:/Xilinx_HLS/Vivado/2019.2/include/floating_point_v7_0_bitacc_cmodel.h:135:0: note: this is the location of the previous definition
 #define __GMP_LIBGMP_DLL 1
 
In file included from C:/Xilinx_HLS/Vivado/2019.2/include/floating_point_v7_0_bitacc_cmodel.h:143:0,
                 from C:/Xilinx_HLS/Vivado/2019.2/include/hls_fpo.h:186,
                 from C:/Xilinx_HLS/Vivado/2019.2/include/hls_half.h:44,
                 from C:/Xilinx_HLS/Vivado/2019.2/include/etc/ap_private.h:90,
                 from C:/Xilinx_HLS/Vivado/2019.2/include/ap_common.h:641,
                 from C:/Xilinx_HLS/Vivado/2019.2/include/ap_int.h:54,
                 from ../../../matrix_mul.h:3,
                 from ../../../matrix_mul.cpp:1:
C:/Xilinx_HLS/Vivado/2019.2/include/gmp.h:62:0: warning: "__GMP_LIBGMP_DLL" redefined
 #define __GMP_LIBGMP_DLL  0
 
In file included from C:/Xilinx_HLS/Vivado/2019.2/include/hls_fpo.h:186:0,
                 from C:/Xilinx_HLS/Vivado/2019.2/include/hls_half.h:44,
                 from C:/Xilinx_HLS/Vivado/2019.2/include/etc/ap_private.h:90,
                 from C:/Xilinx_HLS/Vivado/2019.2/include/ap_common.h:641,
                 from C:/Xilinx_HLS/Vivado/2019.2/include/ap_int.h:54,
                 from ../../../matrix_mul.h:3,
                 from ../../../matrix_mul.cpp:1:
C:/Xilinx_HLS/Vivado/2019.2/include/floating_point_v7_0_bitacc_cmodel.h:135:0: note: this is the location of the previous definition
 #define __GMP_LIBGMP_DLL 1
 
No errors!!
INFO: [SIM 211-1] CSim done with 0 errors.
INFO: [SIM 211-3] *************** CSIM finish ***************
