

================================================================
== Vivado HLS Report for 'find'
================================================================
* Date:           Thu Mar 27 12:27:08 2025

* Version:        2019.2 (Build 2704478 on Wed Nov 06 22:10:23 MST 2019)
* Project:        live_find
* Solution:       solution1
* Product family: zynq
* Target device:  xc7z020-clg484-1


================================================================
== Performance Estimates
================================================================
+ Timing: 
    * Summary: 
    +--------+----------+----------+------------+
    |  Clock |  Target  | Estimated| Uncertainty|
    +--------+----------+----------+------------+
    |ap_clk  | 10.00 ns | 2.473 ns |   1.25 ns  |
    +--------+----------+----------+------------+

+ Latency: 
    * Summary: 
    +---------+---------+----------+----------+-----+-----+---------+
    |  Latency (cycles) |  Latency (absolute) |  Interval | Pipeline|
    |   min   |   max   |    min   |    max   | min | max |   Type  |
    +---------+---------+----------+----------+-----+-----+---------+
    |       65|       65| 0.650 us | 0.650 us |   65|   65|   none  |
    +---------+---------+----------+----------+-----+-----+---------+

    + Detail: 
        * Instance: 
        N/A

        * Loop: 
        +----------+---------+---------+----------+-----------+-----------+------+----------+
        |          |  Latency (cycles) | Iteration|  Initiation Interval  | Trip |          |
        | Loop Name|   min   |   max   |  Latency |  achieved |   target  | Count| Pipelined|
        +----------+---------+---------+----------+-----------+-----------+------+----------+
        |- Loop 1  |       64|       64|         2|          -|          -|    32|    no    |
        +----------+---------+---------+----------+-----------+-----------+------+----------+

============================================================
+ Verbose Summary: Synthesis Manager
============================================================
InlineROM: 1
ExposeGlobal: 0
============================================================
+ Verbose Summary: CDFG Model
============================================================
IsTopModel: 1
ResetActiveHigh: 1
IsCombinational: 0
IsDatapathOnly: 0
HasWiredReturn: 1
HasMFsm: 0
HasVarLatency: 1
IsPipeline: 0
IsRtlPipelined: 0
IsInstanceOverlapped: 0
IsDontTouch: 0
HasImplIP: 0
IsGatedGlobalClock: 0


============================================================
+ Verbose Summary: Schedule
============================================================
* Number of FSM states : 3
* Pipeline : 0
* Dataflow Pipeline: 0

* FSM state transitions: 
1 --> 2 
2 --> 3 
3 --> 2 

* FSM state operations: 

State 1 <SV = 0> <Delay = 1.76>
ST_1 : Operation 4 [1/1] (0.00ns)   --->   "call void (...)* @_ssdm_op_SpecBitsMap(i8 %val_r), !map !41"   --->   Operation 4 'specbitsmap' <Predicate = true> <Delay = 0.00>
ST_1 : Operation 5 [1/1] (0.00ns)   --->   "call void (...)* @_ssdm_op_SpecBitsMap(i32* %in_vec_V_data_V), !map !47"   --->   Operation 5 'specbitsmap' <Predicate = true> <Delay = 0.00>
ST_1 : Operation 6 [1/1] (0.00ns)   --->   "call void (...)* @_ssdm_op_SpecBitsMap(i1* %in_vec_V_last_V), !map !53"   --->   Operation 6 'specbitsmap' <Predicate = true> <Delay = 0.00>
ST_1 : Operation 7 [1/1] (0.00ns)   --->   "call void (...)* @_ssdm_op_SpecBitsMap(i32* %out_vec_V_data_V), !map !57"   --->   Operation 7 'specbitsmap' <Predicate = true> <Delay = 0.00>
ST_1 : Operation 8 [1/1] (0.00ns)   --->   "call void (...)* @_ssdm_op_SpecBitsMap(i1* %out_vec_V_last_V), !map !61"   --->   Operation 8 'specbitsmap' <Predicate = true> <Delay = 0.00>
ST_1 : Operation 9 [1/1] (0.00ns)   --->   "call void (...)* @_ssdm_op_SpecTopModule([5 x i8]* @find_str) nounwind"   --->   Operation 9 'spectopmodule' <Predicate = true> <Delay = 0.00>
ST_1 : Operation 10 [1/1] (0.00ns)   --->   "%val_read = call i8 @_ssdm_op_Read.axis.i8(i8 %val_r)"   --->   Operation 10 'read' 'val_read' <Predicate = true> <Delay = 0.00> <Core = "AXI4Stream">   --->   Core 5 'AXI4Stream' <Latency = 0> <II = 1> <Delay = 1.00> <Adapter> <Opcode : >
ST_1 : Operation 11 [1/1] (0.00ns)   --->   "call void (...)* @_ssdm_op_SpecInterface(i32 0, [13 x i8]* @p_str, i32 0, i32 0, [1 x i8]* @p_str1, i32 0, i32 0, [1 x i8]* @p_str1, [1 x i8]* @p_str1, [1 x i8]* @p_str1, i32 0, i32 0, i32 0, i32 0, [1 x i8]* @p_str1, [1 x i8]* @p_str1) nounwind" [live_find/find_ip.cpp:6]   --->   Operation 11 'specinterface' <Predicate = true> <Delay = 0.00>
ST_1 : Operation 12 [1/1] (0.00ns)   --->   "%sext_ln9 = sext i8 %val_read to i32" [live_find/find_ip.cpp:9]   --->   Operation 12 'sext' 'sext_ln9' <Predicate = true> <Delay = 0.00>
ST_1 : Operation 13 [1/1] (0.00ns)   --->   "call void (...)* @_ssdm_op_SpecInterface(i8 %val_r, [5 x i8]* @p_str2, i32 1, i32 1, [5 x i8]* @p_str3, i32 0, i32 0, [1 x i8]* @p_str1, [1 x i8]* @p_str1, [1 x i8]* @p_str1, i32 0, i32 0, i32 0, i32 0, [1 x i8]* @p_str1, [1 x i8]* @p_str1) nounwind" [live_find/find_ip.cpp:9]   --->   Operation 13 'specinterface' <Predicate = true> <Delay = 0.00>
ST_1 : Operation 14 [1/1] (0.00ns)   --->   "call void (...)* @_ssdm_op_SpecInterface(i32* %out_vec_V_data_V, i1* %out_vec_V_last_V, [5 x i8]* @p_str2, i32 1, i32 1, [5 x i8]* @p_str3, i32 0, i32 0, [1 x i8]* @p_str1, [1 x i8]* @p_str1, [1 x i8]* @p_str1, i32 0, i32 0, i32 0, i32 0, [1 x i8]* @p_str1, [1 x i8]* @p_str1) nounwind" [live_find/find_ip.cpp:10]   --->   Operation 14 'specinterface' <Predicate = true> <Delay = 0.00>
ST_1 : Operation 15 [1/1] (0.00ns)   --->   "call void (...)* @_ssdm_op_SpecInterface(i32* %in_vec_V_data_V, i1* %in_vec_V_last_V, [5 x i8]* @p_str2, i32 1, i32 1, [5 x i8]* @p_str3, i32 0, i32 0, [1 x i8]* @p_str1, [1 x i8]* @p_str1, [1 x i8]* @p_str1, i32 0, i32 0, i32 0, i32 0, [1 x i8]* @p_str1, [1 x i8]* @p_str1) nounwind" [live_find/find_ip.cpp:11]   --->   Operation 15 'specinterface' <Predicate = true> <Delay = 0.00>
ST_1 : Operation 16 [1/1] (1.76ns)   --->   "br label %1" [live_find/find_ip.cpp:16]   --->   Operation 16 'br' <Predicate = true> <Delay = 1.76>

State 2 <SV = 1> <Delay = 2.47>
ST_2 : Operation 17 [1/1] (0.00ns)   --->   "%i_0 = phi i6 [ 0, %0 ], [ %i, %2 ]"   --->   Operation 17 'phi' 'i_0' <Predicate = true> <Delay = 0.00>
ST_2 : Operation 18 [1/1] (1.42ns)   --->   "%icmp_ln16 = icmp eq i6 %i_0, -32" [live_find/find_ip.cpp:16]   --->   Operation 18 'icmp' 'icmp_ln16' <Predicate = true> <Delay = 1.42> <Core = "Cmp">   --->   Core 25 'Cmp' <Latency = 0> <II = 1> <Delay = 1.42> <FuncUnit> <Opcode : 'icmp'> <InPorts = 2> <OutPorts = 1>
ST_2 : Operation 19 [1/1] (0.00ns)   --->   "%empty = call i32 (...)* @_ssdm_op_SpecLoopTripCount(i64 32, i64 32, i64 32)"   --->   Operation 19 'speclooptripcount' 'empty' <Predicate = true> <Delay = 0.00>
ST_2 : Operation 20 [1/1] (1.82ns)   --->   "%i = add i6 %i_0, 1" [live_find/find_ip.cpp:16]   --->   Operation 20 'add' 'i' <Predicate = true> <Delay = 1.82> <Core = "AddSub">   --->   Core 14 'AddSub' <Latency = 0> <II = 1> <Delay = 1.82> <FuncUnit> <Opcode : 'add' 'sub'> <InPorts = 2> <OutPorts = 1>
ST_2 : Operation 21 [1/1] (0.00ns)   --->   "br i1 %icmp_ln16, label %3, label %2" [live_find/find_ip.cpp:16]   --->   Operation 21 'br' <Predicate = true> <Delay = 0.00>
ST_2 : Operation 22 [1/1] (0.00ns)   --->   "%empty_2 = call { i32, i1 } @_ssdm_op_Read.axis.volatile.i32P.i1P(i32* %in_vec_V_data_V, i1* %in_vec_V_last_V)" [live_find/find_ip.cpp:19]   --->   Operation 22 'read' 'empty_2' <Predicate = (!icmp_ln16)> <Delay = 0.00> <Core = "AXI4Stream">   --->   Core 5 'AXI4Stream' <Latency = 0> <II = 1> <Delay = 1.00> <Adapter> <Opcode : >
ST_2 : Operation 23 [1/1] (0.00ns) (grouped into LUT with out node icmp_ln879)   --->   "%tmp_data_V = extractvalue { i32, i1 } %empty_2, 0" [live_find/find_ip.cpp:19]   --->   Operation 23 'extractvalue' 'tmp_data_V' <Predicate = (!icmp_ln16)> <Delay = 0.00>
ST_2 : Operation 24 [1/1] (2.47ns) (out node of the LUT)   --->   "%icmp_ln879 = icmp eq i32 %tmp_data_V, %sext_ln9" [live_find/find_ip.cpp:22]   --->   Operation 24 'icmp' 'icmp_ln879' <Predicate = (!icmp_ln16)> <Delay = 2.47> <Core = "Cmp">   --->   Core 25 'Cmp' <Latency = 0> <II = 1> <Delay = 1.42> <FuncUnit> <Opcode : 'icmp'> <InPorts = 2> <OutPorts = 1>
ST_2 : Operation 25 [1/1] (0.00ns)   --->   "%tmp_data_V_1 = zext i1 %icmp_ln879 to i32" [live_find/find_ip.cpp:22]   --->   Operation 25 'zext' 'tmp_data_V_1' <Predicate = (!icmp_ln16)> <Delay = 0.00>
ST_2 : Operation 26 [1/1] (1.42ns)   --->   "%tmp_last_V = icmp eq i6 %i_0, 31" [live_find/find_ip.cpp:32]   --->   Operation 26 'icmp' 'tmp_last_V' <Predicate = (!icmp_ln16)> <Delay = 1.42> <Core = "Cmp">   --->   Core 25 'Cmp' <Latency = 0> <II = 1> <Delay = 1.42> <FuncUnit> <Opcode : 'icmp'> <InPorts = 2> <OutPorts = 1>
ST_2 : Operation 27 [2/2] (0.00ns)   --->   "call void @_ssdm_op_Write.axis.volatile.i32P.i1P(i32* %out_vec_V_data_V, i1* %out_vec_V_last_V, i32 %tmp_data_V_1, i1 %tmp_last_V)" [live_find/find_ip.cpp:42]   --->   Operation 27 'write' <Predicate = (!icmp_ln16)> <Delay = 0.00> <Core = "AXI4Stream">   --->   Core 5 'AXI4Stream' <Latency = 0> <II = 1> <Delay = 1.00> <Adapter> <Opcode : >
ST_2 : Operation 28 [1/1] (0.00ns)   --->   "ret void" [live_find/find_ip.cpp:44]   --->   Operation 28 'ret' <Predicate = (icmp_ln16)> <Delay = 0.00>

State 3 <SV = 2> <Delay = 0.00>
ST_3 : Operation 29 [1/2] (0.00ns)   --->   "call void @_ssdm_op_Write.axis.volatile.i32P.i1P(i32* %out_vec_V_data_V, i1* %out_vec_V_last_V, i32 %tmp_data_V_1, i1 %tmp_last_V)" [live_find/find_ip.cpp:42]   --->   Operation 29 'write' <Predicate = true> <Delay = 0.00> <Core = "AXI4Stream">   --->   Core 5 'AXI4Stream' <Latency = 0> <II = 1> <Delay = 1.00> <Adapter> <Opcode : >
ST_3 : Operation 30 [1/1] (0.00ns)   --->   "br label %1" [live_find/find_ip.cpp:16]   --->   Operation 30 'br' <Predicate = true> <Delay = 0.00>


============================================================
+ Verbose Summary: Timing violations
============================================================
Target clock period: 10ns, clock uncertainty: 1.25ns.

 <State 1>: 1.77ns
The critical path consists of the following:
	multiplexor before 'phi' operation ('i') with incoming values : ('i', live_find/find_ip.cpp:16) [20]  (1.77 ns)

 <State 2>: 2.47ns
The critical path consists of the following:
	axis read on port 'in_vec_V_data_V' (live_find/find_ip.cpp:19) [26]  (0 ns)
	'icmp' operation ('icmp_ln879', live_find/find_ip.cpp:22) [28]  (2.47 ns)

 <State 3>: 0ns
The critical path consists of the following:


============================================================
+ Verbose Summary: Binding
============================================================
N/A
* FSMD analyzer results:
  - Output states:
 - Input state : 
  - Chain level:
	State 1
	State 2
	State 3


============================================================
+ Verbose Summary: Datapath Resource usage 
============================================================
N/A
