05/22/25 15:54:05: Running xcd server. This server was built by gradle.
05/22/25 15:54:05: Server was asked to start on port: '54520'
05/22/25 15:54:05: Server is using token UUID: 'e233e5aa-36f6-11f0-ab7c-089df4a5fce3'
05/22/25 15:54:05: SESSION_MGR: creating session with session uuid: '6d04a3e9-ade5-4ab9-8d63-1f78fcd2ec76' and name 'default'
05/22/25 15:54:05: Attempting to start server on port '54520'
05/22/25 15:54:05: Running Dispatch Server
05/22/25 15:54:05: Version 2.2.0
05/22/25 15:54:05: Dispatch Server: Accepted socket connection from client
05/22/25 15:54:05: Starting Socket connection
05/22/25 15:54:05: EXCHANGE_TOKEN received, server token: e233e5aa-36f6-11f0-ab7c-089df4a5fce3, passed token: e233e5aa-36f6-11f0-ab7c-089df4a5fce3
05/22/25 15:54:05: SESSION_MGR: creating session with session uuid: '623f08c4-91ad-42ad-9554-8d2e02c3fbb5' and name 'Code Analyzer'
05/22/25 15:54:05: KERNEL_SVC: creating session with uuid: '623f08c4-91ad-42ad-9554-8d2e02c3fbb5' and name 'Code Analyzer'
05/22/25 15:54:05: GUIDANCE_SMGR: creating guidance session with uuid: '623f08c4-91ad-42ad-9554-8d2e02c3fbb5' and name 'Code Analyzer'
05/22/25 15:54:05: SESSION_MGR: closing session for UUID '623f08c4-91ad-42ad-9554-8d2e02c3fbb5' with name ''
05/22/25 15:54:05: KERNEL_SVC: closing session for UUID '623f08c4-91ad-42ad-9554-8d2e02c3fbb5' with name ''
05/22/25 15:54:05: GUIDANCE_SMGR: closing session for UUID '623f08c4-91ad-42ad-9554-8d2e02c3fbb5' with name ''
05/22/25 15:54:05: STOP_SERVER received, server token: e233e5aa-36f6-11f0-ab7c-089df4a5fce3, passed token: e233e5aa-36f6-11f0-ab7c-089df4a5fce3
05/22/25 15:54:05: Socket received request to stop server.
05/22/25 15:54:05: Dispatch Server: do_await_stop
05/22/25 15:54:05: SERVER: destructor for server bound to port 54520
05/22/25 15:54:05: Server exiting with status 0.
05/22/25 15:54:05: Closing log file.
05/22/25 15:55:07: Running xcd server. This server was built by gradle.
05/22/25 15:55:07: Server was asked to start on port: '60724'
05/22/25 15:55:07: Server is using token UUID: '079364f6-36f7-11f0-83da-089df4a5fce3'
05/22/25 15:55:07: SESSION_MGR: creating session with session uuid: '6d04a3e9-ade5-4ab9-8d63-1f78fcd2ec76' and name 'default'
05/22/25 15:55:07: Attempting to start server on port '60724'
05/22/25 15:55:07: Running Dispatch Server
05/22/25 15:55:07: Version 2.2.0
05/22/25 15:55:08: Dispatch Server: Accepted socket connection from client
05/22/25 15:55:08: Starting Socket connection
05/22/25 15:55:08: EXCHANGE_TOKEN received, server token: 079364f6-36f7-11f0-83da-089df4a5fce3, passed token: 079364f6-36f7-11f0-83da-089df4a5fce3
05/22/25 15:55:08: SESSION_MGR: creating session with session uuid: '1334c28b-1576-4aee-882b-b83ba0b1de32' and name 'Code Analyzer'
05/22/25 15:55:08: KERNEL_SVC: creating session with uuid: '1334c28b-1576-4aee-882b-b83ba0b1de32' and name 'Code Analyzer'
05/22/25 15:55:08: GUIDANCE_SMGR: creating guidance session with uuid: '1334c28b-1576-4aee-882b-b83ba0b1de32' and name 'Code Analyzer'
05/22/25 15:55:17: SESSION_MGR: closing session for UUID '1334c28b-1576-4aee-882b-b83ba0b1de32' with name ''
05/22/25 15:55:17: KERNEL_SVC: closing session for UUID '1334c28b-1576-4aee-882b-b83ba0b1de32' with name ''
05/22/25 15:55:17: GUIDANCE_SMGR: closing session for UUID '1334c28b-1576-4aee-882b-b83ba0b1de32' with name ''
05/22/25 15:55:17: STOP_SERVER received, server token: 079364f6-36f7-11f0-83da-089df4a5fce3, passed token: 079364f6-36f7-11f0-83da-089df4a5fce3
05/22/25 15:55:17: Socket received request to stop server.
05/22/25 15:55:17: Dispatch Server: do_await_stop
05/22/25 15:55:17: SERVER: destructor for server bound to port 60724
05/22/25 15:55:17: Server exiting with status 0.
05/22/25 15:55:17: Closing log file.
