# 
# Steps log generated by v++
# This log file contains a collection of steps that describe the kernel compilation flow
# Note: Some steps are tagged as internal, these steps are for debugging purposes and 
#       are not expected to be able to run independently.
# 

# The following environment variables are set when running vitis-run
Environment variables :
------------------------------------------
ALLUSERSPROFILE=C:\ProgramData
APPDATA=C:\Users\Samarth\AppData\Roaming
arr.length=0
arr.Ubound=-1
CHARPOP=1
CLion=C:\Users\Samarth\AppData\Local\JetBrains\CLion 242.19890.26\bin;
CMAKE_OBJECT_PATH_MAX=4096
CommonProgramFiles=C:\Program Files\Common Files
CommonProgramFiles(x86)=C:\Program Files (x86)\Common Files
CommonProgramW6432=C:\Program Files\Common Files
COMPUTERNAME=SAMARTH-ASUS
ComSpec=C:\WINDOWS\system32\cmd.exe
CONDA_BAT=C:\Users\Samarth\anaconda3\condabin\conda.bat
CONDA_EXE=C:\Users\Samarth\anaconda3\Scripts\conda.exe
CONDA_SHLVL=0
DriverData=C:\Windows\System32\Drivers\DriverData
EFC_8136_1592913036=1
HDI_APPROOT=C:/Xilinx/Vitis/2024.2
HDI_PROCESSOR=i686
HOMEDRIVE=C:
HOMEPATH=\Users\Samarth
HW_SERVER_DJTG_DISABLE=1
HW_SERVER_FTDIMGR_DISABLE=1
IDE_SKIP_SERVER_LICENSE=1
IGCCSVC_DB=AQAAANCMnd8BFdERjHoAwE/Cl+sBAAAAjc/x18VVVUS9JDL7J3FeUgQAAAACAAAAAAAQZgAAAAEAACAAAADnZG5rmBJfK52JtbkuA/HhctPK3MgmDS2HHtkJpz6ObAAAAAAOgAAAAAIAACAAAABNYqT1ED4SZBwwxHx2OcUVqjCtcqPolzVFcF7jyeCPbWAAAABD/KGRXoKH1gwJQjCMGn5wMXG7fDDH6e2rQSnllOfmt4d6s8XCiTWJDa4hPdEkuIccwlz6CHX8JlEbsHWwOcBKaR2sp3T73bVhiC/eCKXsOHKHyIxNj01YnAG2YniWAK9AAAAAcIk3XzpGgqloI5n3iPwhkv2DKzuYwB4QBGCHZbMuQHkGahGDDKJVBmuzvfyuMw8MXgutkT2PHB15jsjdYADgLA==
INT_VARIABLE_NAME=XILINX_PATH
ISL_IOSTREAMS_RSA=C:/Xilinx/Vitis/2024.2/tps/isl
JAVA_EXE=C:/Xilinx\Vitis\2024.2\tps\win64\jre11.0.16_1\bin\java.exe
JAVA_HOME=C:/Xilinx\Vitis\2024.2\tps\win64\jre11.0.16_1
LC_NUMERIC=C
LOCALAPPDATA=C:\Users\Samarth\AppData\Local
LOGONSERVER=\\SAMARTH-ASUS
LOPPER_DTC_FLAGS=-b 0 -@
NOSPLASH=false
NUMBER_OF_PROCESSORS=16
OneDrive=C:\Users\Samarth\OneDrive - IIT Kanpur
OneDriveCommercial=C:\Users\Samarth\OneDrive - IIT Kanpur
OneDriveConsumer=C:\Users\Samarth\OneDrive
ORIGINAL_XDG_CURRENT_DESKTOP=undefined
OS=Windows_NT
PATH=C:/Xilinx/Vivado/2024.2/tps/win64/binutils-2.26/bin;C:/Xilinx/Vitis/2024.2/bin/../gnu/aarch64/nt/aarch64-linux/bin;C:/Xilinx/Vitis/2024.2/bin/../gnu/ppc64le/4.9.3/win64/bin;C:/Xilinx/Vitis/2024.2/bin/../gnu/aarch32/nt/gcc-arm-linux-gnueabi/bin;C:/Xilinx/Vitis/2024.2/tps/mingw/6.2.0/win64.o/nt/bin;C:/Xilinx/Vivado/2024.2\gnuwin\bin;C:/Xilinx/Vivado/2024.2\gnu\microblaze\nt\bin;C:/Xilinx/Vitis/2024.2/bin;C:/Xilinx/Vitis/2024.2/tps/win64/javafx-sdk-11.0.2/lib;C:/Xilinx/Vitis/2024.2/tps/win64/javafx-sdk-11.0.2/bin;C:/Xilinx/Vitis/2024.2/lib/win64.o;C:/Xilinx/Vitis/2024.2/tps/win64/jre11.0.16_1/bin/server;C:/Xilinx/Vitis/2024.2/tps/win64/jre11.0.16_1/bin;C:\Xilinx\Vitis\2024.2\tps\win64\LOPPER~1.0-P\min_sdk\\usr\bin;C:/Xilinx\Vitis\2024.2\tps\win64\cmake-3.24.2\bin;C:/Xilinx\Vitis\2024.2\gnu\microblaze\nt\bin;C:/Xilinx\Vitis\2024.2\gnu\microblaze\linux_toolchain\nt64_le\bin;C:/Xilinx\Vitis\2024.2\gnu\aarch32\nt\gcc-arm-linux-gnueabi\bin;C:/Xilinx\Vitis\2024.2\gnu\aarch32\nt\gcc-arm-none-eabi\bin;C:/Xilinx\Vitis\2024.2\gnu\aarch64\nt\aarch64-linux\bin;C:/Xilinx\Vitis\2024.2\gnu\aarch64\nt\aarch64-none\bin;C:/Xilinx\Vitis\2024.2\gnu\armr5\nt\gcc-arm-none-eabi\bin;C:/Xilinx\Vitis\2024.2\gnuwin\bin;C:/Xilinx\Vitis\2024.2\tps\win64\python-3.8.3;C:/Xilinx\Vitis\2024.2\tps\win64\libxslt\bin;C:/Xilinx/Vivado/2024.2\bin;C:/Xilinx/Vitis/2024.2\gnu\arm\nt\bin;C:/Xilinx/Vitis/2024.2\gnu\microblaze\linux_toolchain\nt64_be\bin;C:/Xilinx/Vitis/2024.2\gnu\riscv\nt\riscv64-unknown-elf\bin;C:/Xilinx/Vivado/2024.2\tps\win64\python-3.8.3;C:/Xilinx/Vivado/2024.2\tps\win64\git-2.45.0\bin;C:/Xilinx/Vivado/2024.2\tps\win64\cmake-3.24.2\bin;C:/Xilinx/Vitis/2024.2\win64\tools\clang\bin;C:\Users\Samarth\anaconda3\condabin;C:\Program Files\Python312\Scripts\;C:\Program Files\Python312\;C:\WINDOWS\system32;C:\WINDOWS;C:\WINDOWS\System32\Wbem;C:\WINDOWS\System32\WindowsPowerShell\v1.0\ ;C:\Python38;C:\Python38\Scripts;C:\WINDOWS\System32\OpenSSH\;C:\MinGW\bin;C:\Program Files\dotnet\;C:\Program Files\MATLAB\R2024b\bin;C:\Users\Samarth\anaconda3\Scripts;C:\WINDOWS\System32\WindowsPowerShell\v1.0\;C:\Users\Samarth\Downloads\FFmpeg-Builds-latest;C:\Program Files\Git\cmd;C:\Users\Samarth\AppData\Local\Microsoft\WindowsApps;C:\iverilog\bin;C:\iverilog\gtkwave\bin;C:\Program Files\JetBrains\PyCharm 2024.1\bin;;C:\Users\Samarth\AppData\Local\JetBrains\CLion 242.19890.26\bin;C:\Users\Samarth\AppData\Local\Programs\Microsoft VS Code\bin;C:\Users\Samarth\Downloads\FFmpeg-Builds-latest\ffmpeg;C:\ffmpeg\ffmpeg\bin;C:/Xilinx/Vitis/2024.2\tps\mingw\6.2.0\win64.o\nt\bin;C:/Xilinx/Vitis/2024.2\tps\mingw\6.2.0\win64.o\nt\libexec\gcc\x86_64-w64-mingw32\6.2.0
PATHEXT=.COM;.EXE;.BAT;.CMD;.VBS;.VBE;.JS;.JSE;.WSF;.WSH;.MSC;.PY;.PYW
PROCESSOR_ARCHITECTURE=AMD64
PROCESSOR_IDENTIFIER=Intel64 Family 6 Model 154 Stepping 3, GenuineIntel
PROCESSOR_LEVEL=6
PROCESSOR_REVISION=9a03
PRODVERSION_EXE=C:/Xilinx/Vitis/2024.2/bin/unwrapped/win64.o/prodversion.exe
ProgramData=C:\ProgramData
ProgramFiles=C:\Program Files
ProgramFiles(x86)=C:\Program Files (x86)
ProgramW6432=C:\Program Files
PROMPT=$P$G
PSModulePath=C:\Program Files\WindowsPowerShell\Modules;C:\WINDOWS\system32\WindowsPowerShell\v1.0\Modules
PUBLIC=C:\Users\Public
PyCharm=C:\Program Files\JetBrains\PyCharm 2024.1\bin;
PYTHONPATH=;C:/Xilinx/Vitis/2024.2\cli;C:/Xilinx/Vitis/2024.2\cli\python-packages\win64;C:/Xilinx/Vitis/2024.2\cli\python-packages\site-packages;C:/Xilinx/Vitis/2024.2\cli\proto;C:/Xilinx/Vitis/2024.2\scripts\python_pkg;
python_path=;C:/Xilinx/Vitis/2024.2\cli;C:/Xilinx/Vitis/2024.2\cli\python-packages\win64;C:/Xilinx/Vitis/2024.2\cli\python-packages\site-packages;C:/Xilinx/Vitis/2024.2\cli\proto;C:/Xilinx/Vitis/2024.2\scripts\python_pkg;
RDI_APPROOT=C:/Xilinx/Vitis/2024.2
RDI_ARGS= --mode hls --csim --config C:\Users\Samarth\Desktop\IIIT_Intern\matrix_vitis\mat\hls_config.cfg --work_dir matrixmul_3
RDI_ARGS_FUNCTION=RDI_EXEC_DEFAULT
RDI_BASEROOT=C:/Xilinx/Vitis
RDI_BINDIR=C:/Xilinx/Vitis/2024.2/bin
RDI_BINROOT=C:/Xilinx/Vitis/2024.2/bin
RDI_BUILD=yes
RDI_CHECK_PROG=True
RDI_DATADIR=C:/Xilinx/Vitis/2024.2/data
RDI_INSTALLROOT=C:/Xilinx
RDI_INSTALLVER=2024.2
RDI_INSTALLVERSION=2024.2
RDI_JAVACEFROOT=C:/Xilinx/Vitis/2024.2/tps/win64/java-cef-95.0.4638.69
RDI_JAVAFXROOT=C:/Xilinx/Vitis/2024.2/tps/win64/javafx-sdk-11.0.2
RDI_JAVAROOT=C:/Xilinx/Vitis/2024.2/tps/win64/jre11.0.16_1
RDI_JAVA_VERSION=11.0.16_1
RDI_LIBDIR=C:/Xilinx/Vitis/2024.2/lib/win64.o
RDI_MINGW_LIB=C:/Xilinx/Vitis/2024.2\tps\mingw\6.2.0\win64.o\nt\bin;C:/Xilinx/Vitis/2024.2\tps\mingw\6.2.0\win64.o\nt\libexec\gcc\x86_64-w64-mingw32\6.2.0
RDI_OPT_EXT=.o
RDI_OS_ARCH=64
RDI_PLATFORM=win64
RDI_PREPEND_PATH=C:/Xilinx/Vitis/2024.2/bin
RDI_PROG=C:/Xilinx/Vitis/2024.2/bin/unwrapped/win64.o/vitis-run.exe
RDI_PROGNAME=vitis-run.exe
RDI_SESSION_INFO=C:\Xilinx\Vitis\2024.2\bin:SAMARTH-ASUS-22-05-2025_14-12-36.92
RDI_SHARED_DATA=C:/Xilinx/SharedData/2024.2/data
RDI_TPS_ROOT=C:/Xilinx/Vivado/2024.2/tps/win64
RDI_USE_JDK11=1
RDI_VERBOSE=False
RT_LIBPATH=C:/Xilinx/Vitis/2024.2/scripts/rt/data
RT_TCL_PATH=C:/Xilinx/Vitis/2024.2/scripts/rt/base_tcl/tcl
SDKROOT=C:\Xilinx\Vitis\2024.2\tps\win64\LOPPER~1.0-P\min_sdk\
SESSIONNAME=Console
session_string=C:\Users\Samarth\Desktop\IIIT_Intern\matrix_vitis\mat:SAMARTH-ASUS-22-05-2025_14-49-56.80
supports_classic_ide=false
SWIG_LIB=C:\Xilinx\Vitis\2024.2\tps\win64\LOPPER~1.0-P\min_sdk\\usr\lib\swig\4.2.1
SYNTH_COMMON=C:/Xilinx/Vitis/2024.2/scripts/rt/data
SystemDrive=C:
SystemRoot=C:\WINDOWS
TCL_LIBRARY=C:/Xilinx/Vitis/2024.2/tps/tcl/tcl8.6
TCMALLOC_LARGE_ALLOC_REPORT_THRESHOLD=4294967296
TEMP=C:\Users\Samarth\AppData\Local\Temp
THEIA_APP_PROJECT_PATH=C:\Xilinx\Vitis\2024.2\ide\electron-app\win64\resources\app
THEIA_DEFAULT_PLUGINS=local-dir:C:\Xilinx\Vitis\2024.2\ide\electron-app\win64\resources\app\plugins
THEIA_ELECTRON_TOKEN={"value":"9253f2cb-ca18-4d42-a7bc-260d66905711"}
THEIA_ELECTRON_VERSION=15.5.7
THEIA_PLUGINS=local-dir:C:\Users\Samarth\.theia\plugins
TMP=C:\Users\Samarth\AppData\Local\Temp
tooldir=tps\win64\git-2.41.0
TOOLS_CLANG=C:/Xilinx/Vitis/2024.2\win64\tools\clang
TPS_CMAKE=C:/Xilinx/Vivado/2024.2\tps\win64\cmake-3.24.2
TPS_GIT=C:/Xilinx/Vivado/2024.2\tps\win64\git-2.45.0
TPS_LIBXSLT=C:/Xilinx/Vitis/2024.2\tps\win64\libxslt
TPS_PYTHON=C:/Xilinx/Vivado/2024.2\tps\win64\python-3.8.3
USERDOMAIN=SAMARTH-ASUS
USERDOMAIN_ROAMINGPROFILE=SAMARTH-ASUS
USERNAME=Samarth
USERPROFILE=C:\Users\Samarth
VBOX_MSI_INSTALL_PATH=C:\Program Files\Oracle\VirtualBox\
VITISNEW=true
VITIS_HLS_INSTALL=true
VSCODE_API_VERSION=1.53.2
windir=C:\WINDOWS
XILINX_HLS=C:/Xilinx/Vitis/2024.2
XILINX_PLANAHEAD=C:/Xilinx/Vitis/2024.2
XILINX_SDK=C:/Xilinx/Vitis/2024.2
XILINX_VCXX=C:/Xilinx/Vitis/2024.2/vcxx
XILINX_VITIS=C:/Xilinx\Vitis\2024.2
XILINX_VITIS_GIT=C:/Xilinx/Vivado/2024.2\tps\win64\git-2.45.0\bin
XILINX_VITIS_HLS_ENCAPSULATED=1
XILINX_VITIS_VERSION=Vitis v2024.2 (64-bit)
XILINX_VIVADO=C:/Xilinx/Vivado/2024.2
XILINX_VIVADO_HLS=C:/Xilinx/Vivado/2024.2
XIL_CHECK_TCL_DEBUG=False
XIL_NO_OVERRIDE=0
XIL_SUPPRESS_OVERRIDE_WARNINGS=1
XVREDIST=C:/Xilinx/Vitis/2024.2\tps\win64\xvcredist.exe
ZES_ENABLE_SYSMAN=1
_RDI_BINROOT=C:\Xilinx\Vitis\2024.2\bin
_RDI_CWD=C:\Users\Samarth\Desktop\IIIT_Intern\matrix_vitis\mat
_RDI_DONT_SET_XILINX_AS_PATH=True
_RDI_VERSION_PROG=vitis-run
_valid=False
XILINX_CD_CONNECT_ID=58679
XILINX_CD_SESSION=3f4462d3-16c1-41d0-8d32-b67c540e810c


VITIS-RUN command line:
------------------------------------------
C:/Xilinx/Vitis/2024.2/bin/unwrapped/win64.o/vitis-run.exe --mode hls --csim --config C:\Users\Samarth\Desktop\IIIT_Intern\matrix_vitis\mat\hls_config.cfg --work_dir matrixmul_3 

FINAL PROGRAM OPTIONS
--config C:\Users\Samarth\Desktop\IIIT_Intern\matrix_vitis\mat\hls_config.cfg
--csim
--hls.csim.code_analyzer 1
--hls.flow_target vivado
--hls.package.output.format ip_catalog
--hls.package.output.syn false
--hls.syn.file C:/Users/Samarth/Desktop/IIIT_Intern/matrix_vitis/mat_mul.cpp
--hls.syn.file C:/Users/Samarth/Desktop/IIIT_Intern/matrix_vitis/mat_mul.h
--hls.syn.top matrixmul_3
--hls.tb.file C:/Users/Samarth/Desktop/IIIT_Intern/matrix_vitis/mat_mul_tb.cpp
--mode hls
--part xa7z020clg400-1I
--work_dir matrixmul_3

PARSED COMMAND LINE OPTIONS
--mode hls 
--csim 
--config C:\Users\Samarth\Desktop\IIIT_Intern\matrix_vitis\mat\hls_config.cfg 
--work_dir matrixmul_3 

PARSED CONFIG FILE (1) OPTIONS
file: C:\Users\Samarth\Desktop\IIIT_Intern\matrix_vitis\mat\hls_config.cfg
part xa7z020clg400-1I 
hls.flow_target vivado 
hls.package.output.format ip_catalog 
hls.package.output.syn false 
hls.syn.top matrixmul_3 
hls.syn.file C:/Users/Samarth/Desktop/IIIT_Intern/matrix_vitis/mat_mul.cpp 
hls.syn.file C:/Users/Samarth/Desktop/IIIT_Intern/matrix_vitis/mat_mul.h 
hls.tb.file C:/Users/Samarth/Desktop/IIIT_Intern/matrix_vitis/mat_mul_tb.cpp 
hls.csim.code_analyzer 1 


==========================================
new:  steps log generated by v++ for new launch 
timestamp: 22 May 2025 14:50:01

------------------------------------------
V++ command line :
------------------------------------------
C:/Xilinx/Vitis/2024.2/bin/unwrapped/win64.o/v++.exe -c --mode hls --config C:\Users\Samarth\Desktop\IIIT_Intern\matrix_vitis\mat\hls_config.cfg --work_dir matrixmul_3 
  Options from -O    : 
  Options from *.ini : 
  Options from Hw Platform : 

==========================================
new:  steps log generated by v++ for new launch 
timestamp: 22 May 2025 14:50:25

------------------------------------------
VITIS-RUN command line :
------------------------------------------
C:/Xilinx/Vitis/2024.2/bin/unwrapped/win64.o/vitis-run.exe --mode hls --csim --config C:\Users\Samarth\Desktop\IIIT_Intern\matrix_vitis\mat\hls_config.cfg --work_dir matrixmul_3 
  Options from -O    : 
  Options from *.ini : 
  Options from Hw Platform : 

==========================================
new:  steps log generated by v++ for new launch 
timestamp: 22 May 2025 14:53:29

------------------------------------------
V++ command line :
------------------------------------------
C:/Xilinx/Vitis/2024.2/bin/unwrapped/win64.o/v++.exe -c --mode hls --config C:\Users\Samarth\Desktop\IIIT_Intern\matrix_vitis\mat\hls_config.cfg --work_dir matrixmul_3 
  Options from -O    : 
  Options from *.ini : 
  Options from Hw Platform : 

==========================================
new:  steps log generated by v++ for new launch 
timestamp: 22 May 2025 14:53:49

------------------------------------------
VITIS-RUN command line :
------------------------------------------
C:/Xilinx/Vitis/2024.2/bin/unwrapped/win64.o/vitis-run.exe --mode hls --cosim --config C:\Users\Samarth\Desktop\IIIT_Intern\matrix_vitis\mat\hls_config.cfg --work_dir matrixmul_3 
  Options from -O    : 
  Options from *.ini : 
  Options from Hw Platform : 

==========================================
new:  steps log generated by v++ for new launch 
timestamp: 22 May 2025 14:56:55

------------------------------------------
VITIS-RUN command line :
------------------------------------------
C:/Xilinx/Vitis/2024.2/bin/unwrapped/win64.o/vitis-run.exe --mode hls --package --config C:\Users\Samarth\Desktop\IIIT_Intern\matrix_vitis\mat\hls_config.cfg --work_dir matrixmul_3 
  Options from -O    : 
  Options from *.ini : 
  Options from Hw Platform : 

==========================================
new:  steps log generated by v++ for new launch 
timestamp: 22 May 2025 14:57:54
