
C:\Users\Samarth\Desktop\IIIT_Intern\Tutorial_matrix\matrix_8_unopt\matrix_8_unopt\hls\sim\verilog>set PATH= 

C:\Users\Samarth\Desktop\IIIT_Intern\Tutorial_matrix\matrix_8_unopt\matrix_8_unopt\hls\sim\verilog>call C:/Xilinx_2024_ent/Vivado/2024.2/bin/xelab xil_defaultlib.apatb_matrixmul_100_unopt_top glbl -Oenable_linking_all_libraries  -prj matrixmul_100_unopt.prj -L smartconnect_v1_0 -L axi_protocol_checker_v1_1_12 -L axi_protocol_checker_v1_1_13 -L axis_protocol_checker_v1_1_11 -L axis_protocol_checker_v1_1_12 -L xil_defaultlib -L unisims_ver -L xpm  -L floating_point_v7_0_24 -L floating_point_v7_1_19 --lib "ieee_proposed=./ieee_proposed" -s matrixmul_100_unopt  
Vivado Simulator v2024.2.0
Copyright 1986-2022 Xilinx, Inc. All Rights Reserved.
Copyright 2022-2024 Advanced Micro Devices, Inc. All Rights Reserved.
Running: C:/Xilinx_2024_ent/Vivado/2024.2/bin/unwrapped/win64.o/xelab.exe xil_defaultlib.apatb_matrixmul_100_unopt_top glbl -Oenable_linking_all_libraries -prj matrixmul_100_unopt.prj -L smartconnect_v1_0 -L axi_protocol_checker_v1_1_12 -L axi_protocol_checker_v1_1_13 -L axis_protocol_checker_v1_1_11 -L axis_protocol_checker_v1_1_12 -L xil_defaultlib -L unisims_ver -L xpm -L floating_point_v7_0_24 -L floating_point_v7_1_19 --lib ieee_proposed=./ieee_proposed -s matrixmul_100_unopt 
Multi-threading is on. Using 14 slave threads.
INFO: [VRFC 10-2263] Analyzing SystemVerilog file "C:/Users/Samarth/Desktop/IIIT_Intern/Tutorial_matrix/matrix_8_unopt/matrix_8_unopt/hls/sim/verilog/ip/xil_defaultlib/matrixmul_100_unopt_fadd_32ns_32ns_32_4_full_dsp_1_ip.v" into library xil_defaultlib
INFO: [VRFC 10-311] analyzing module matrixmul_100_unopt_fadd_32ns_32ns_32_4_full_dsp_1_ip
INFO: [VRFC 10-2263] Analyzing SystemVerilog file "C:/Users/Samarth/Desktop/IIIT_Intern/Tutorial_matrix/matrix_8_unopt/matrix_8_unopt/hls/sim/verilog/ip/xil_defaultlib/matrixmul_100_unopt_fmul_32ns_32ns_32_3_max_dsp_1_ip.v" into library xil_defaultlib
INFO: [VRFC 10-311] analyzing module matrixmul_100_unopt_fmul_32ns_32ns_32_3_max_dsp_1_ip
INFO: [VRFC 10-2263] Analyzing SystemVerilog file "C:/Users/Samarth/Desktop/IIIT_Intern/Tutorial_matrix/matrix_8_unopt/matrix_8_unopt/hls/sim/verilog/glbl.v" into library work
INFO: [VRFC 10-311] analyzing module glbl
INFO: [VRFC 10-2263] Analyzing SystemVerilog file "C:/Users/Samarth/Desktop/IIIT_Intern/Tutorial_matrix/matrix_8_unopt/matrix_8_unopt/hls/sim/verilog/AESL_axi_s_in_A.v" into library xil_defaultlib
INFO: [VRFC 10-311] analyzing module AESL_axi_s_in_A
INFO: [VRFC 10-2263] Analyzing SystemVerilog file "C:/Users/Samarth/Desktop/IIIT_Intern/Tutorial_matrix/matrix_8_unopt/matrix_8_unopt/hls/sim/verilog/AESL_axi_s_out_C.v" into library xil_defaultlib
INFO: [VRFC 10-311] analyzing module AESL_axi_s_out_C
INFO: [VRFC 10-2263] Analyzing SystemVerilog file "C:/Users/Samarth/Desktop/IIIT_Intern/Tutorial_matrix/matrix_8_unopt/matrix_8_unopt/hls/sim/verilog/AESL_deadlock_idx0_monitor.v" into library xil_defaultlib
INFO: [VRFC 10-311] analyzing module AESL_deadlock_idx0_monitor
INFO: [VRFC 10-2263] Analyzing SystemVerilog file "C:/Users/Samarth/Desktop/IIIT_Intern/Tutorial_matrix/matrix_8_unopt/matrix_8_unopt/hls/sim/verilog/AESL_deadlock_kernel_monitor_top.v" into library xil_defaultlib
INFO: [VRFC 10-311] analyzing module AESL_deadlock_kernel_monitor_top
INFO: [VRFC 10-2263] Analyzing SystemVerilog file "C:/Users/Samarth/Desktop/IIIT_Intern/Tutorial_matrix/matrix_8_unopt/matrix_8_unopt/hls/sim/verilog/AESL_fifo.v" into library xil_defaultlib
INFO: [VRFC 10-311] analyzing module fifo
INFO: [VRFC 10-2263] Analyzing SystemVerilog file "C:/Users/Samarth/Desktop/IIIT_Intern/Tutorial_matrix/matrix_8_unopt/matrix_8_unopt/hls/sim/verilog/matrixmul_100_unopt.autotb.v" into library xil_defaultlib
INFO: [VRFC 10-311] analyzing module apatb_matrixmul_100_unopt_top
INFO: [VRFC 10-2263] Analyzing SystemVerilog file "C:/Users/Samarth/Desktop/IIIT_Intern/Tutorial_matrix/matrix_8_unopt/matrix_8_unopt/hls/sim/verilog/matrixmul_100_unopt.v" into library xil_defaultlib
INFO: [VRFC 10-311] analyzing module matrixmul_100_unopt
INFO: [VRFC 10-2263] Analyzing SystemVerilog file "C:/Users/Samarth/Desktop/IIIT_Intern/Tutorial_matrix/matrix_8_unopt/matrix_8_unopt/hls/sim/verilog/matrixmul_100_unopt_fadd_32ns_32ns_32_4_full_dsp_1.v" into library xil_defaultlib
INFO: [VRFC 10-311] analyzing module matrixmul_100_unopt_fadd_32ns_32ns_32_4_full_dsp_1
INFO: [VRFC 10-2263] Analyzing SystemVerilog file "C:/Users/Samarth/Desktop/IIIT_Intern/Tutorial_matrix/matrix_8_unopt/matrix_8_unopt/hls/sim/verilog/matrixmul_100_unopt_fmul_32ns_32ns_32_3_max_dsp_1.v" into library xil_defaultlib
INFO: [VRFC 10-311] analyzing module matrixmul_100_unopt_fmul_32ns_32ns_32_3_max_dsp_1
INFO: [VRFC 10-2263] Analyzing SystemVerilog file "C:/Users/Samarth/Desktop/IIIT_Intern/Tutorial_matrix/matrix_8_unopt/matrix_8_unopt/hls/sim/verilog/matrixmul_100_unopt_input_A_RAM_AUTO_1R1W.v" into library xil_defaultlib
INFO: [VRFC 10-311] analyzing module matrixmul_100_unopt_input_A_RAM_AUTO_1R1W
INFO: [VRFC 10-2263] Analyzing SystemVerilog file "C:/Users/Samarth/Desktop/IIIT_Intern/Tutorial_matrix/matrix_8_unopt/matrix_8_unopt/hls/sim/verilog/matrixmul_100_unopt_regslice_both.v" into library xil_defaultlib
INFO: [VRFC 10-311] analyzing module matrixmul_100_unopt_regslice_both
INFO: [VRFC 10-2263] Analyzing SystemVerilog file "C:/Users/Samarth/Desktop/IIIT_Intern/Tutorial_matrix/matrix_8_unopt/matrix_8_unopt/hls/sim/verilog/dataflow_monitor.sv" into library xil_defaultlib
INFO: [VRFC 10-311] analyzing module dataflow_monitor
Starting static elaboration
Pass Through NonSizing Optimizer
Completed static elaboration
Starting simulation data flow analysis
Completed simulation data flow analysis
Time Resolution for simulation is 1ps
Compiling package std.standard
Compiling package std.textio
Compiling package ieee.std_logic_1164
Compiling package floating_point_v7_1_19.floating_point_v7_1_19_viv_comp
Compiling package ieee.numeric_std
Compiling package xbip_utils_v3_0_14.xbip_utils_v3_0_14_pkg
Compiling package axi_utils_v2_0_10.axi_utils_v2_0_10_pkg
Compiling package floating_point_v7_1_19.floating_point_v7_1_19_consts
Compiling package ieee.math_real
Compiling package floating_point_v7_1_19.floating_point_v7_1_19_exp_table...
Compiling package mult_gen_v12_0_22.mult_gen_v12_0_22_pkg
Compiling package ieee.std_logic_arith
Compiling package ieee.std_logic_signed
Compiling package floating_point_v7_1_19.floating_point_v7_1_19_pkg
Compiling package floating_point_v7_1_19.flt_utils
Compiling package xbip_pipe_v3_0_10.xbip_pipe_v3_0_10_viv_comp
Compiling package unisim.vcomponents
Compiling package ieee.vital_timing
Compiling package ieee.vital_primitives
Compiling package unisim.vpkg
Compiling package xil_defaultlib.$unit_dataflow_monitor_sv
Compiling module xil_defaultlib.matrixmul_100_unopt_input_A_RAM_...
Compiling architecture muxcy_v of entity unisim.MUXCY [muxcy_default]
Compiling architecture synth of entity xbip_pipe_v3_0_10.xbip_pipe_v3_0_10_viv [\xbip_pipe_v3_0_10_viv(c_has_ce=...]
Compiling architecture rtl of entity floating_point_v7_1_19.delay [\delay(width=7,length=0)\]
Compiling architecture struct of entity floating_point_v7_1_19.carry_chain [\carry_chain(c_xdevicefamily="zy...]
Compiling architecture synth of entity floating_point_v7_1_19.compare_eq_im [\compare_eq_im(c_xdevicefamily="...]
Compiling architecture xorcy_v of entity unisim.XORCY [xorcy_default]
Compiling architecture struct of entity floating_point_v7_1_19.carry_chain [\carry_chain(c_xdevicefamily="zy...]
Compiling architecture synth of entity xbip_pipe_v3_0_10.xbip_pipe_v3_0_10_viv [\xbip_pipe_v3_0_10_viv(c_has_ce=...]
Compiling architecture rtl of entity floating_point_v7_1_19.delay [\delay(length=0)\]
Compiling architecture synth of entity xbip_pipe_v3_0_10.xbip_pipe_v3_0_10_viv [\xbip_pipe_v3_0_10_viv(c_has_ce=...]
Compiling architecture rtl of entity floating_point_v7_1_19.delay [\delay(width=24,length=0,fast_in...]
Compiling architecture synth of entity xbip_pipe_v3_0_10.xbip_pipe_v3_0_10_viv [\xbip_pipe_v3_0_10_viv(c_has_ce=...]
Compiling architecture rtl of entity floating_point_v7_1_19.delay [\delay(width=16,length=0)\]
Compiling architecture dsp48e1_v of entity unisim.DSP48E1 [\DSP48E1(acascreg=0,adreg=0,alum...]
Compiling architecture synth of entity xbip_pipe_v3_0_10.xbip_pipe_v3_0_10_viv [\xbip_pipe_v3_0_10_viv(c_has_ce=...]
Compiling architecture rtl of entity floating_point_v7_1_19.delay [\delay(width=4,length=0)\]
Compiling architecture synth of entity xbip_pipe_v3_0_10.xbip_pipe_v3_0_10_viv [\xbip_pipe_v3_0_10_viv(c_has_ce=...]
Compiling architecture rtl of entity floating_point_v7_1_19.delay [\delay(width=48,length=0)\]
Compiling architecture synth of entity xbip_pipe_v3_0_10.xbip_pipe_v3_0_10_viv [\xbip_pipe_v3_0_10_viv(c_has_ce=...]
Compiling architecture rtl of entity floating_point_v7_1_19.delay [\delay(width=24,length=0)\]
Compiling architecture rtl of entity floating_point_v7_1_19.dsp48e1_wrapper [\dsp48e1_wrapper(c_part="xczu28d...]
Compiling architecture synth of entity xbip_pipe_v3_0_10.xbip_pipe_v3_0_10_viv [\xbip_pipe_v3_0_10_viv(c_has_ce=...]
Compiling architecture rtl of entity floating_point_v7_1_19.delay [\delay(width=13,length=0)\]
Compiling architecture synth of entity xbip_pipe_v3_0_10.xbip_pipe_v3_0_10_viv [\xbip_pipe_v3_0_10_viv(c_has_ce=...]
Compiling architecture rtl of entity floating_point_v7_1_19.delay [\delay(width=27,length=0)\]
Compiling architecture synth of entity floating_point_v7_1_19.align_add_dsp48e1_sgl [\align_add_dsp48e1_sgl(c_xdevice...]
Compiling architecture fdre_v of entity unisim.FDRE [fdre_default]
Compiling architecture fde_v of entity unisim.FDE [fde_default]
Compiling architecture lut5_v of entity unisim.LUT5 [\LUT5(init="00000000000000001111...]
Compiling architecture lut5_v of entity unisim.LUT5 [\LUT5(init="00000000000000000000...]
Compiling architecture synth of entity xbip_pipe_v3_0_10.xbip_pipe_v3_0_10_viv [\xbip_pipe_v3_0_10_viv(c_latency...]
Compiling architecture rtl of entity floating_point_v7_1_19.delay [\delay(width=27)\]
Compiling architecture synth of entity xbip_pipe_v3_0_10.xbip_pipe_v3_0_10_viv [\xbip_pipe_v3_0_10_viv(c_latency...]
Compiling architecture rtl of entity floating_point_v7_1_19.delay [delay_default]
Compiling architecture synth of entity xbip_pipe_v3_0_10.xbip_pipe_v3_0_10_viv [\xbip_pipe_v3_0_10_viv(c_has_ce=...]
Compiling architecture rtl of entity floating_point_v7_1_19.delay [\delay(width=5,length=0)\]
Compiling architecture rtl of entity floating_point_v7_1_19.lead_zero_encode_shift [\lead_zero_encode_shift(ab_fw=24...]
Compiling architecture synth of entity xbip_pipe_v3_0_10.xbip_pipe_v3_0_10_viv [\xbip_pipe_v3_0_10_viv(c_latency...]
Compiling architecture rtl of entity floating_point_v7_1_19.delay [\delay(width=4)\]
Compiling architecture synth of entity xbip_pipe_v3_0_10.xbip_pipe_v3_0_10_viv [\xbip_pipe_v3_0_10_viv(c_latency...]
Compiling architecture rtl of entity floating_point_v7_1_19.delay [\delay(width=3)\]
Compiling architecture lut6_v of entity unisim.LUT6 [\LUT6(init="11111110010101001011...]
Compiling architecture lut5_v of entity unisim.LUT5 [\LUT5(init="00010001010111110000...]
Compiling architecture lut5_v of entity unisim.LUT5 [\LUT5(init="11101110101000001111...]
Compiling architecture synth of entity xbip_pipe_v3_0_10.xbip_pipe_v3_0_10_viv [\xbip_pipe_v3_0_10_viv(c_has_ce=...]
Compiling architecture rtl of entity floating_point_v7_1_19.delay [\delay(width=2,length=0)\]
Compiling architecture dsp48e1_v of entity unisim.DSP48E1 [\DSP48E1(acascreg=0,adreg=0,alum...]
Compiling architecture synth of entity xbip_pipe_v3_0_10.xbip_pipe_v3_0_10_viv [\xbip_pipe_v3_0_10_viv(c_has_ce=...]
Compiling architecture rtl of entity floating_point_v7_1_19.delay [\delay(width=25,length=0)\]
Compiling architecture rtl of entity floating_point_v7_1_19.dsp48e1_wrapper [\dsp48e1_wrapper(a_width=24,c_wi...]
Compiling architecture rtl of entity floating_point_v7_1_19.norm_and_round_dsp48e1_sgl [\norm_and_round_dsp48e1_sgl(c_mu...]
Compiling architecture lut5_v of entity unisim.LUT5 [\LUT5(init="10011001100110011001...]
Compiling architecture lut5_v of entity unisim.LUT5 [\LUT5(init="11111111000000001111...]
Compiling architecture synth of entity xbip_pipe_v3_0_10.xbip_pipe_v3_0_10_viv [\xbip_pipe_v3_0_10_viv(c_has_ce=...]
Compiling architecture rtl of entity floating_point_v7_1_19.delay [\delay(width=9,length=0)\]
Compiling architecture struct of entity floating_point_v7_1_19.carry_chain [\carry_chain(c_xdevicefamily="zy...]
Compiling architecture synth of entity xbip_pipe_v3_0_10.xbip_pipe_v3_0_10_viv [\xbip_pipe_v3_0_10_viv(c_has_ce=...]
Compiling architecture rtl of entity floating_point_v7_1_19.delay [\delay(width=8,length=0)\]
Compiling architecture synth of entity xbip_pipe_v3_0_10.xbip_pipe_v3_0_10_viv [\xbip_pipe_v3_0_10_viv(c_has_ce=...]
Compiling architecture rtl of entity floating_point_v7_1_19.delay [\delay(width=10,length=0)\]
Compiling architecture synth of entity xbip_pipe_v3_0_10.xbip_pipe_v3_0_10_viv [\xbip_pipe_v3_0_10_viv(c_has_ce=...]
Compiling architecture rtl of entity floating_point_v7_1_19.delay [\delay(width=4,length=0,fast_inp...]
Compiling architecture struct of entity floating_point_v7_1_19.carry_chain [\carry_chain(c_xdevicefamily="zy...]
Compiling architecture synth of entity floating_point_v7_1_19.compare_eq_im [\compare_eq_im(c_xdevicefamily="...]
Compiling architecture synth of entity xbip_pipe_v3_0_10.xbip_pipe_v3_0_10_viv [\xbip_pipe_v3_0_10_viv(c_latency...]
Compiling architecture rtl of entity floating_point_v7_1_19.delay [\delay(fast_input=true)\]
Compiling architecture rtl of entity floating_point_v7_1_19.special_detect [\special_detect(c_xdevicefamily=...]
Compiling architecture struct of entity floating_point_v7_1_19.carry_chain [\carry_chain(c_xdevicefamily="zy...]
Compiling architecture synth of entity floating_point_v7_1_19.compare_gt [\compare_gt(c_xdevicefamily="zyn...]
Compiling architecture synth of entity floating_point_v7_1_19.compare [\compare(c_xdevicefamily="zynqup...]
Compiling architecture synth of entity xbip_pipe_v3_0_10.xbip_pipe_v3_0_10_viv [\xbip_pipe_v3_0_10_viv(c_latency...]
Compiling architecture rtl of entity floating_point_v7_1_19.delay [\delay(width=8)\]
Compiling architecture synth of entity xbip_pipe_v3_0_10.xbip_pipe_v3_0_10_viv [\xbip_pipe_v3_0_10_viv(c_latency...]
Compiling architecture rtl of entity floating_point_v7_1_19.delay [\delay(width=9)\]
Compiling architecture synth of entity xbip_pipe_v3_0_10.xbip_pipe_v3_0_10_viv [\xbip_pipe_v3_0_10_viv(c_latency...]
Compiling architecture rtl of entity floating_point_v7_1_19.delay [\delay(width=2,fast_input=true)\]
Compiling architecture synth of entity xbip_pipe_v3_0_10.xbip_pipe_v3_0_10_viv [\xbip_pipe_v3_0_10_viv(c_has_ce=...]
Compiling architecture rtl of entity floating_point_v7_1_19.delay [\delay(length=0,fast_input=true)...]
Compiling architecture synth of entity xbip_pipe_v3_0_10.xbip_pipe_v3_0_10_viv [\xbip_pipe_v3_0_10_viv(c_has_ce=...]
Compiling architecture rtl of entity floating_point_v7_1_19.delay [\delay(width=2,length=0,fast_inp...]
Compiling architecture synth of entity xbip_pipe_v3_0_10.xbip_pipe_v3_0_10_viv [\xbip_pipe_v3_0_10_viv(c_has_ce=...]
Compiling architecture rtl of entity floating_point_v7_1_19.delay [\delay(width=12,length=0)\]
Compiling architecture rtl of entity floating_point_v7_1_19.flt_add_exp_sp [\flt_add_exp_sp(c_xdevicefamily=...]
Compiling architecture synth of entity xbip_pipe_v3_0_10.xbip_pipe_v3_0_10_viv [\xbip_pipe_v3_0_10_viv(c_latency...]
Compiling architecture rtl of entity floating_point_v7_1_19.delay [\delay(width=23)\]
Compiling architecture synth of entity floating_point_v7_1_19.flt_dec_op [\flt_dec_op(c_xdevicefamily="zyn...]
Compiling architecture rtl of entity floating_point_v7_1_19.flt_add_dsp [\flt_add_dsp(c_xdevicefamily="zy...]
Compiling architecture rtl of entity floating_point_v7_1_19.flt_add [\flt_add(c_xdevicefamily="zynqup...]
Compiling module unisims_ver.x_lut1_mux2
Compiling module unisims_ver.LUT1
Compiling architecture synth of entity xbip_pipe_v3_0_10.xbip_pipe_v3_0_10_viv [\xbip_pipe_v3_0_10_viv(c_latency...]
Compiling architecture synth of entity xbip_pipe_v3_0_10.xbip_pipe_v3_0_10_viv [\xbip_pipe_v3_0_10_viv(c_has_ce=...]
Compiling architecture rtl of entity floating_point_v7_1_19.delay [\delay(width=32,length=0)\]
Compiling architecture xilinx of entity floating_point_v7_1_19.floating_point_v7_1_19_viv [\floating_point_v7_1_19_viv(c_xd...]
Compiling architecture xilinx of entity floating_point_v7_1_19.floating_point_v7_1_19 [\floating_point_v7_1_19(c_xdevic...]
Compiling module xil_defaultlib.matrixmul_100_unopt_fadd_32ns_32...
Compiling module xil_defaultlib.matrixmul_100_unopt_fadd_32ns_32...
Compiling architecture dsp48e1_v of entity unisim.DSP48E1 [\DSP48E1(acascreg=0,adreg=0,alum...]
Compiling architecture synth of entity xbip_pipe_v3_0_10.xbip_pipe_v3_0_10_viv [\xbip_pipe_v3_0_10_viv(c_has_ce=...]
Compiling architecture rtl of entity floating_point_v7_1_19.delay [\delay(width=17,length=0)\]
Compiling architecture rtl of entity floating_point_v7_1_19.dsp48e1_wrapper [\dsp48e1_wrapper(a_width=24,b_wi...]
Compiling architecture dsp48e1_v of entity unisim.DSP48E1 [\DSP48E1(acascreg=0,adreg=0,alum...]
Compiling architecture rtl of entity floating_point_v7_1_19.dsp48e1_wrapper [\dsp48e1_wrapper(a_width=24,b_wi...]
Compiling architecture struct of entity floating_point_v7_1_19.fix_mult_dsp48e1_sgl [\fix_mult_dsp48e1_sgl(registers=...]
Compiling architecture rtl of entity floating_point_v7_1_19.fix_mult [\fix_mult(c_xdevicefamily="zynqu...]
Compiling architecture synth of entity xbip_pipe_v3_0_10.xbip_pipe_v3_0_10_viv [\xbip_pipe_v3_0_10_viv(c_has_ce=...]
Compiling architecture rtl of entity floating_point_v7_1_19.delay [\delay(width=8,length=0,fast_inp...]
Compiling architecture struct of entity floating_point_v7_1_19.carry_chain [\carry_chain(c_xdevicefamily="zy...]
Compiling architecture struct of entity floating_point_v7_1_19.carry_chain [\carry_chain(c_xdevicefamily="zy...]
Compiling architecture synth of entity floating_point_v7_1_19.compare_eq_im [\compare_eq_im(c_xdevicefamily="...]
Compiling architecture rtl of entity floating_point_v7_1_19.special_detect [\special_detect(c_xdevicefamily=...]
Compiling architecture synth of entity xbip_pipe_v3_0_10.xbip_pipe_v3_0_10_viv [\xbip_pipe_v3_0_10_viv(c_has_ce=...]
Compiling architecture rtl of entity floating_point_v7_1_19.delay [\delay(width=3,length=0,fast_inp...]
Compiling architecture synth of entity xbip_pipe_v3_0_10.xbip_pipe_v3_0_10_viv [\xbip_pipe_v3_0_10_viv(c_has_ce=...]
Compiling architecture rtl of entity floating_point_v7_1_19.delay [\delay(width=14,length=0)\]
Compiling architecture rtl of entity floating_point_v7_1_19.flt_mult_exp [\flt_mult_exp(c_xdevicefamily="z...]
Compiling architecture dsp48e1_v of entity unisim.DSP48E1 [\DSP48E1(acascreg=0,adreg=0,alum...]
Compiling architecture synth of entity xbip_pipe_v3_0_10.xbip_pipe_v3_0_10_viv [\xbip_pipe_v3_0_10_viv(c_has_ce=...]
Compiling architecture rtl of entity floating_point_v7_1_19.delay [\delay(width=30,length=0)\]
Compiling architecture synth of entity xbip_pipe_v3_0_10.xbip_pipe_v3_0_10_viv [\xbip_pipe_v3_0_10_viv(c_has_ce=...]
Compiling architecture rtl of entity floating_point_v7_1_19.delay [\delay(width=18,length=0)\]
Compiling architecture rtl of entity floating_point_v7_1_19.dsp48e1_wrapper [\dsp48e1_wrapper(a_width=30,b_wi...]
Compiling architecture struct of entity floating_point_v7_1_19.flt_round_dsp_opt_full [\flt_round_dsp_opt_full(c_xdevic...]
Compiling architecture rtl of entity floating_point_v7_1_19.flt_mult_round [\flt_mult_round(c_xdevicefamily=...]
Compiling architecture synth of entity floating_point_v7_1_19.flt_dec_op_lat [\flt_dec_op_lat(c_xdevicefamily=...]
Compiling architecture rtl of entity floating_point_v7_1_19.flt_mult [\flt_mult(c_xdevicefamily="zynqu...]
Compiling architecture xilinx of entity floating_point_v7_1_19.floating_point_v7_1_19_viv [\floating_point_v7_1_19_viv(c_xd...]
Compiling architecture xilinx of entity floating_point_v7_1_19.floating_point_v7_1_19 [\floating_point_v7_1_19(c_xdevic...]
Compiling module xil_defaultlib.matrixmul_100_unopt_fmul_32ns_32...
Compiling module xil_defaultlib.matrixmul_100_unopt_fmul_32ns_32...
Compiling module xil_defaultlib.matrixmul_100_unopt_regslice_bot...
Compiling module xil_defaultlib.matrixmul_100_unopt_regslice_bot...
Compiling module xil_defaultlib.matrixmul_100_unopt_regslice_bot...
Compiling module xil_defaultlib.matrixmul_100_unopt
Compiling module xil_defaultlib.fifo(DEPTH=20000,WIDTH=32)
Compiling module xil_defaultlib.fifo(DEPTH=20000,WIDTH=4)
Compiling module xil_defaultlib.fifo(DEPTH=20000,WIDTH=1)
Compiling module xil_defaultlib.AESL_axi_s_in_A
Compiling module xil_defaultlib.fifo(DEPTH=10000,WIDTH=32)
Compiling module xil_defaultlib.fifo(DEPTH=10000,WIDTH=4)
Compiling module xil_defaultlib.fifo(DEPTH=10000,WIDTH=1)
Compiling module xil_defaultlib.AESL_axi_s_out_C
Compiling module xil_defaultlib.AESL_deadlock_idx0_monitor
Compiling module xil_defaultlib.AESL_deadlock_kernel_monitor_top...
Compiling module xil_defaultlib.nodf_module_intf_default
Compiling module xil_defaultlib.pp_loop_intf(FSM_WIDTH=16)
Compiling module xil_defaultlib.seq_loop_intf(FSM_WIDTH=16)
Compiling module xil_defaultlib.dataflow_monitor_1
Compiling module xil_defaultlib.apatb_matrixmul_100_unopt_top
Compiling module work.glbl
Built simulation snapshot matrixmul_100_unopt

****** xsim v2024.2 (64-bit)
  **** SW Build 5239630 on Fri Nov 08 22:35:27 MST 2024
  **** IP Build 5239520 on Sun Nov 10 16:12:51 MST 2024
  **** SharedData Build 5239561 on Fri Nov 08 14:39:27 MST 2024
  **** Start of session at: Fri May 30 15:56:39 2025
    ** Copyright 1986-2022 Xilinx, Inc. All Rights Reserved.
    ** Copyright 2022-2024 Advanced Micro Devices, Inc. All Rights Reserved.

source xsim.dir/matrixmul_100_unopt/xsim_script.tcl
# xsim {matrixmul_100_unopt} -autoloadwcfg -tclbatch {matrixmul_100_unopt.tcl}
Time resolution is 1 ps
source matrixmul_100_unopt.tcl
## run all
////////////////////////////////////////////////////////////////////////////////////
// Inter-Transaction Progress: Completed Transaction / Total Transaction
// Intra-Transaction Progress: Measured Latency / Latency Estimation * 100%
//
// RTL Simulation : "Inter-Transaction Progress" ["Intra-Transaction Progress"] @ "Simulation Time"
////////////////////////////////////////////////////////////////////////////////////
// RTL Simulation : 0 / 10 [0.00%] @ "125000"
