INFO: [HLS 200-10] Running 'C:/Xilinx_HLS/Vivado/2019.2/bin/unwrapped/win64.o/vivado_hls.exe'
INFO: [HLS 200-10] For user 'Samarth' on host 'samarth-asus' (Windows NT_amd64 version 6.2) on Sat Apr 05 13:25:15 +0530 2025
INFO: [HLS 200-10] In directory 'C:/Users/Samarth/OneDrive/Desktop/IIT/IIIT_Intern/Training/Lab2'
Sourcing Tcl script 'C:/Users/Samarth/OneDrive/Desktop/IIT/IIIT_Intern/Training/Lab2/MatrixMul/solution1/cosim.tcl'
INFO: [HLS 200-10] Opening project 'C:/Users/Samarth/OneDrive/Desktop/IIT/IIIT_Intern/Training/Lab2/MatrixMul'.
INFO: [HLS 200-10] Opening solution 'C:/Users/Samarth/OneDrive/Desktop/IIT/IIIT_Intern/Training/Lab2/MatrixMul/solution1'.
INFO: [SYN 201-201] Setting up clock 'default' with a period of 10ns.
INFO: [SYN 201-201] Setting up clock 'default' with an uncertainty of 1.25ns.
INFO: [HLS 200-10] Setting target device to 'xc7z020-clg484-1'
INFO: [COSIM 212-47] Using XSIM for RTL simulation.
INFO: [COSIM 212-14] Instrumenting C test bench ...
   Build using "C:/Xilinx_HLS/Vivado/2019.2/tps/win64/msys64/mingw64/bin/g++"
   Compiling matrix_mul.cpp_pre.cpp.tb.cpp
   Compiling apatb_matrixmul_2.cpp
   Compiling matrix_mul_tb.cpp_pre.cpp.tb.cpp
   Generating cosim.tv.exe
INFO: [COSIM 212-302] Starting C TB testing ... 
No errors!!
INFO: [COSIM 212-333] Generating C post check test bench ...
INFO: [COSIM 212-12] Generating RTL test bench ...
INFO: [COSIM 212-1] *** C/RTL co-simulation file generation completed. ***
INFO: [COSIM 212-323] Starting verilog simulation. 
INFO: [COSIM 212-15] Starting XSIM ...

C:\Users\Samarth\OneDrive\Desktop\IIT\IIIT_Intern\Training\Lab2\MatrixMul\solution1\sim\verilog>set PATH= 

C:\Users\Samarth\OneDrive\Desktop\IIT\IIIT_Intern\Training\Lab2\MatrixMul\solution1\sim\verilog>call C:/Xilinx_HLS/Vivado/2019.2/bin/xelab xil_defaultlib.apatb_matrixmul_2_top glbl -prj matrixmul_2.prj -L smartconnect_v1_0 -L axi_protocol_checker_v1_1_12 -L axi_protocol_checker_v1_1_13 -L axis_protocol_checker_v1_1_11 -L axis_protocol_checker_v1_1_12 -L xil_defaultlib -L unisims_ver -L xpm --initfile "C:/Xilinx_HLS/Vivado/2019.2/data/xsim/ip/xsim_ip.ini" --lib "ieee_proposed=./ieee_proposed" -s matrixmul_2 -debug wave 
INFO: [XSIM 43-3496] Using init file passed via -initfile option "C:/Xilinx_HLS/Vivado/2019.2/data/xsim/ip/xsim_ip.ini".
Vivado Simulator 2019.2
Copyright 1986-1999, 2001-2019 Xilinx, Inc. All Rights Reserved.
Running: C:/Xilinx_HLS/Vivado/2019.2/bin/unwrapped/win64.o/xelab.exe xil_defaultlib.apatb_matrixmul_2_top glbl -prj matrixmul_2.prj -L smartconnect_v1_0 -L axi_protocol_checker_v1_1_12 -L axi_protocol_checker_v1_1_13 -L axis_protocol_checker_v1_1_11 -L axis_protocol_checker_v1_1_12 -L xil_defaultlib -L unisims_ver -L xpm --initfile C:/Xilinx_HLS/Vivado/2019.2/data/xsim/ip/xsim_ip.ini --lib ieee_proposed=./ieee_proposed -s matrixmul_2 -debug wave 
Multi-threading is on. Using 14 slave threads.
Determining compilation order of HDL files.
INFO: [VRFC 10-2263] Analyzing SystemVerilog file "C:/Users/Samarth/OneDrive/Desktop/IIT/IIIT_Intern/Training/Lab2/MatrixMul/solution1/sim/verilog/glbl.v" into library work
INFO: [VRFC 10-311] analyzing module glbl
INFO: [VRFC 10-2263] Analyzing SystemVerilog file "C:/Users/Samarth/OneDrive/Desktop/IIT/IIIT_Intern/Training/Lab2/MatrixMul/solution1/sim/verilog/AESL_axi_s_in_A.v" into library xil_defaultlib
INFO: [VRFC 10-311] analyzing module AESL_axi_s_in_A
INFO: [VRFC 10-2263] Analyzing SystemVerilog file "C:/Users/Samarth/OneDrive/Desktop/IIT/IIIT_Intern/Training/Lab2/MatrixMul/solution1/sim/verilog/AESL_axi_s_out_C.v" into library xil_defaultlib
INFO: [VRFC 10-311] analyzing module AESL_axi_s_out_C
INFO: [VRFC 10-2263] Analyzing SystemVerilog file "C:/Users/Samarth/OneDrive/Desktop/IIT/IIIT_Intern/Training/Lab2/MatrixMul/solution1/sim/verilog/AESL_fifo.v" into library xil_defaultlib
INFO: [VRFC 10-311] analyzing module fifo
INFO: [VRFC 10-2263] Analyzing SystemVerilog file "C:/Users/Samarth/OneDrive/Desktop/IIT/IIIT_Intern/Training/Lab2/MatrixMul/solution1/sim/verilog/matrixmul_2.autotb.v" into library xil_defaultlib
INFO: [VRFC 10-311] analyzing module apatb_matrixmul_2_top
INFO: [VRFC 10-2263] Analyzing SystemVerilog file "C:/Users/Samarth/OneDrive/Desktop/IIT/IIIT_Intern/Training/Lab2/MatrixMul/solution1/sim/verilog/matrixmul_2.v" into library xil_defaultlib
INFO: [VRFC 10-311] analyzing module matrixmul_2
INFO: [VRFC 10-2263] Analyzing SystemVerilog file "C:/Users/Samarth/OneDrive/Desktop/IIT/IIIT_Intern/Training/Lab2/MatrixMul/solution1/sim/verilog/matrixmul_2_fadd_cud.v" into library xil_defaultlib
INFO: [VRFC 10-311] analyzing module matrixmul_2_fadd_cud
INFO: [VRFC 10-2263] Analyzing SystemVerilog file "C:/Users/Samarth/OneDrive/Desktop/IIT/IIIT_Intern/Training/Lab2/MatrixMul/solution1/sim/verilog/matrixmul_2_fmul_dEe.v" into library xil_defaultlib
INFO: [VRFC 10-311] analyzing module matrixmul_2_fmul_dEe
INFO: [VRFC 10-2263] Analyzing SystemVerilog file "C:/Users/Samarth/OneDrive/Desktop/IIT/IIIT_Intern/Training/Lab2/MatrixMul/solution1/sim/verilog/matrixmul_2_input_A.v" into library xil_defaultlib
INFO: [VRFC 10-311] analyzing module matrixmul_2_input_A_ram
INFO: [VRFC 10-311] analyzing module matrixmul_2_input_A
INFO: [VRFC 10-2263] Analyzing SystemVerilog file "C:/Users/Samarth/OneDrive/Desktop/IIT/IIIT_Intern/Training/Lab2/MatrixMul/solution1/sim/verilog/regslice_core.v" into library xil_defaultlib
INFO: [VRFC 10-311] analyzing module regslice_both
INFO: [VRFC 10-311] analyzing module regslice_forward
INFO: [VRFC 10-311] analyzing module regslice_reverse
INFO: [VRFC 10-311] analyzing module regslice_both_w1
INFO: [VRFC 10-311] analyzing module regslice_forward_w1
INFO: [VRFC 10-311] analyzing module regslice_reverse_w1
INFO: [VRFC 10-311] analyzing module ibuf
INFO: [VRFC 10-311] analyzing module obuf
INFO: [VRFC 10-163] Analyzing VHDL file "C:/Users/Samarth/OneDrive/Desktop/IIT/IIIT_Intern/Training/Lab2/MatrixMul/solution1/sim/verilog/ip/xil_defaultlib/matrixmul_2_ap_fadd_3_full_dsp_32.vhd" into library xil_defaultlib
INFO: [VRFC 10-3107] analyzing entity 'matrixmul_2_ap_fadd_3_full_dsp_32'
INFO: [VRFC 10-163] Analyzing VHDL file "C:/Users/Samarth/OneDrive/Desktop/IIT/IIIT_Intern/Training/Lab2/MatrixMul/solution1/sim/verilog/ip/xil_defaultlib/matrixmul_2_ap_fmul_2_max_dsp_32.vhd" into library xil_defaultlib
INFO: [VRFC 10-3107] analyzing entity 'matrixmul_2_ap_fmul_2_max_dsp_32'
Starting static elaboration
Pass Through NonSizing Optimizer
WARNING: [VRFC 10-3499] library name 'floating_point_v7_1_9' of instantiated unit conflicts with visible identifier [ip/xil_defaultlib/matrixmul_2_ap_fadd_3_full_dsp_32.vhd:201]
WARNING: [VRFC 10-3499] library name 'floating_point_v7_1_9' of instantiated unit conflicts with visible identifier [ip/xil_defaultlib/matrixmul_2_ap_fmul_2_max_dsp_32.vhd:201]
Completed static elaboration
Starting simulation data flow analysis
Completed simulation data flow analysis
Time Resolution for simulation is 1ps
Compiling package std.standard
Compiling package std.textio
Compiling package ieee.std_logic_1164
Compiling package ieee.numeric_std
Compiling package floating_point_v7_1_9.floating_point_v7_1_9_viv_comp
Compiling package xbip_utils_v3_0_10.xbip_utils_v3_0_10_pkg
Compiling package axi_utils_v2_0_6.axi_utils_v2_0_6_pkg
Compiling package floating_point_v7_1_9.floating_point_v7_1_9_consts
Compiling package ieee.math_real
Compiling package floating_point_v7_1_9.floating_point_v7_1_9_exp_table_...
Compiling package mult_gen_v12_0_16.mult_gen_v12_0_16_pkg
Compiling package ieee.std_logic_arith
Compiling package ieee.std_logic_signed
Compiling package floating_point_v7_1_9.floating_point_v7_1_9_pkg
Compiling package floating_point_v7_1_9.flt_utils
Compiling package xbip_pipe_v3_0_6.xbip_pipe_v3_0_6_viv_comp
Compiling package unisim.vcomponents
Compiling package ieee.vital_timing
Compiling package ieee.vital_primitives
Compiling package unisim.vpkg
Compiling module xil_defaultlib.matrixmul_2_input_A_ram
Compiling module xil_defaultlib.matrixmul_2_input_A(DataWidth=32...
Compiling architecture muxcy_v of entity unisim.MUXCY [muxcy_default]
Compiling architecture synth of entity xbip_pipe_v3_0_6.xbip_pipe_v3_0_6_viv [\xbip_pipe_v3_0_6_viv(c_has_ce=1...]
Compiling architecture rtl of entity floating_point_v7_1_9.delay [\delay(width=7,length=0)\]
Compiling architecture struct of entity floating_point_v7_1_9.carry_chain [\carry_chain(c_xdevicefamily="zy...]
Compiling architecture synth of entity floating_point_v7_1_9.compare_eq_im [\compare_eq_im(c_xdevicefamily="...]
Compiling architecture xorcy_v of entity unisim.XORCY [xorcy_default]
Compiling architecture struct of entity floating_point_v7_1_9.carry_chain [\carry_chain(c_xdevicefamily="zy...]
Compiling architecture synth of entity xbip_pipe_v3_0_6.xbip_pipe_v3_0_6_viv [\xbip_pipe_v3_0_6_viv(c_has_ce=1...]
Compiling architecture rtl of entity floating_point_v7_1_9.delay [\delay(length=0)\]
Compiling architecture synth of entity xbip_pipe_v3_0_6.xbip_pipe_v3_0_6_viv [\xbip_pipe_v3_0_6_viv(c_has_ce=1...]
Compiling architecture rtl of entity floating_point_v7_1_9.delay [\delay(width=24,length=0,fast_in...]
Compiling architecture synth of entity xbip_pipe_v3_0_6.xbip_pipe_v3_0_6_viv [\xbip_pipe_v3_0_6_viv(c_has_ce=1...]
Compiling architecture rtl of entity floating_point_v7_1_9.delay [\delay(width=16,length=0)\]
Compiling architecture synth of entity xbip_pipe_v3_0_6.xbip_pipe_v3_0_6_viv [\xbip_pipe_v3_0_6_viv(c_has_ce=1...]
Compiling architecture rtl of entity floating_point_v7_1_9.delay [\delay(width=4,length=0)\]
Compiling architecture synth of entity xbip_pipe_v3_0_6.xbip_pipe_v3_0_6_viv [\xbip_pipe_v3_0_6_viv(c_has_ce=1...]
Compiling architecture rtl of entity floating_point_v7_1_9.delay [\delay(width=48,length=0)\]
Compiling architecture synth of entity xbip_pipe_v3_0_6.xbip_pipe_v3_0_6_viv [\xbip_pipe_v3_0_6_viv(c_has_ce=1...]
Compiling architecture rtl of entity floating_point_v7_1_9.delay [\delay(width=24,length=0)\]
Compiling architecture dsp48e1_v of entity unisim.DSP48E1 [\DSP48E1(acascreg=0,adreg=0,alum...]
Compiling architecture rtl of entity floating_point_v7_1_9.dsp48e1_wrapper [\dsp48e1_wrapper(a_width=24,c_wi...]
Compiling architecture synth of entity xbip_pipe_v3_0_6.xbip_pipe_v3_0_6_viv [\xbip_pipe_v3_0_6_viv(c_latency=...]
Compiling architecture rtl of entity floating_point_v7_1_9.delay [delay_default]
Compiling architecture synth of entity xbip_pipe_v3_0_6.xbip_pipe_v3_0_6_viv [\xbip_pipe_v3_0_6_viv(c_has_ce=1...]
Compiling architecture rtl of entity floating_point_v7_1_9.delay [\delay(width=13,length=0)\]
Compiling architecture synth of entity xbip_pipe_v3_0_6.xbip_pipe_v3_0_6_viv [\xbip_pipe_v3_0_6_viv(c_has_ce=1...]
Compiling architecture rtl of entity floating_point_v7_1_9.delay [\delay(width=27,length=0)\]
Compiling architecture synth of entity floating_point_v7_1_9.align_add_dsp48e1_sgl [\align_add_dsp48e1_sgl(c_xdevice...]
Compiling architecture lut5_v of entity unisim.LUT5 [\LUT5(init="00000000000000001111...]
Compiling architecture lut5_v of entity unisim.LUT5 [\LUT5(init="00000000000000000000...]
Compiling architecture synth of entity xbip_pipe_v3_0_6.xbip_pipe_v3_0_6_viv [\xbip_pipe_v3_0_6_viv(c_has_ce=1...]
Compiling architecture rtl of entity floating_point_v7_1_9.delay [\delay(width=5,length=0)\]
Compiling architecture rtl of entity floating_point_v7_1_9.lead_zero_encode_shift [\lead_zero_encode_shift(ab_fw=24...]
Compiling architecture synth of entity xbip_pipe_v3_0_6.xbip_pipe_v3_0_6_viv [\xbip_pipe_v3_0_6_viv(c_has_ce=1...]
Compiling architecture rtl of entity floating_point_v7_1_9.delay [\delay(width=3,length=0)\]
Compiling architecture lut6_v of entity unisim.LUT6 [\LUT6(init="11111110010101001011...]
Compiling architecture lut5_v of entity unisim.LUT5 [\LUT5(init="00010001010111110000...]
Compiling architecture lut5_v of entity unisim.LUT5 [\LUT5(init="11101110101000001111...]
Compiling architecture synth of entity xbip_pipe_v3_0_6.xbip_pipe_v3_0_6_viv [\xbip_pipe_v3_0_6_viv(c_latency=...]
Compiling architecture rtl of entity floating_point_v7_1_9.delay [\delay(width=2)\]
Compiling architecture synth of entity xbip_pipe_v3_0_6.xbip_pipe_v3_0_6_viv [\xbip_pipe_v3_0_6_viv(c_has_ce=1...]
Compiling architecture rtl of entity floating_point_v7_1_9.delay [\delay(width=25,length=0)\]
Compiling architecture dsp48e1_v of entity unisim.DSP48E1 [\DSP48E1(adreg=0,alumodereg=0,ca...]
Compiling architecture rtl of entity floating_point_v7_1_9.dsp48e1_wrapper [\dsp48e1_wrapper(a_width=24,c_wi...]
Compiling architecture rtl of entity floating_point_v7_1_9.norm_and_round_dsp48e1_sgl [\norm_and_round_dsp48e1_sgl(c_mu...]
Compiling architecture lut5_v of entity unisim.LUT5 [\LUT5(init="10011001100110011001...]
Compiling architecture lut5_v of entity unisim.LUT5 [\LUT5(init="11111111000000001111...]
Compiling architecture synth of entity xbip_pipe_v3_0_6.xbip_pipe_v3_0_6_viv [\xbip_pipe_v3_0_6_viv(c_has_ce=1...]
Compiling architecture rtl of entity floating_point_v7_1_9.delay [\delay(width=9,length=0)\]
Compiling architecture struct of entity floating_point_v7_1_9.carry_chain [\carry_chain(c_xdevicefamily="zy...]
Compiling architecture synth of entity xbip_pipe_v3_0_6.xbip_pipe_v3_0_6_viv [\xbip_pipe_v3_0_6_viv(c_has_ce=1...]
Compiling architecture rtl of entity floating_point_v7_1_9.delay [\delay(width=8,length=0)\]
Compiling architecture synth of entity xbip_pipe_v3_0_6.xbip_pipe_v3_0_6_viv [\xbip_pipe_v3_0_6_viv(c_latency=...]
Compiling architecture rtl of entity floating_point_v7_1_9.delay [\delay(width=10)\]
Compiling architecture synth of entity xbip_pipe_v3_0_6.xbip_pipe_v3_0_6_viv [\xbip_pipe_v3_0_6_viv(c_has_ce=1...]
Compiling architecture rtl of entity floating_point_v7_1_9.delay [\delay(width=4,length=0,fast_inp...]
Compiling architecture fdre_v of entity unisim.FDRE [fdre_default]
Compiling architecture fde_v of entity unisim.FDE [fde_default]
Compiling architecture struct of entity floating_point_v7_1_9.carry_chain [\carry_chain(c_xdevicefamily="zy...]
Compiling architecture synth of entity floating_point_v7_1_9.compare_eq_im [\compare_eq_im(c_xdevicefamily="...]
Compiling architecture synth of entity xbip_pipe_v3_0_6.xbip_pipe_v3_0_6_viv [\xbip_pipe_v3_0_6_viv(c_latency=...]
Compiling architecture rtl of entity floating_point_v7_1_9.delay [\delay(fast_input=true)\]
Compiling architecture rtl of entity floating_point_v7_1_9.special_detect [\special_detect(c_xdevicefamily=...]
Compiling architecture struct of entity floating_point_v7_1_9.carry_chain [\carry_chain(c_xdevicefamily="zy...]
Compiling architecture synth of entity floating_point_v7_1_9.compare_gt [\compare_gt(c_xdevicefamily="zyn...]
Compiling architecture synth of entity floating_point_v7_1_9.compare [\compare(c_xdevicefamily="zynq",...]
Compiling architecture synth of entity xbip_pipe_v3_0_6.xbip_pipe_v3_0_6_viv [\xbip_pipe_v3_0_6_viv(c_latency=...]
Compiling architecture rtl of entity floating_point_v7_1_9.delay [\delay(width=8)\]
Compiling architecture synth of entity xbip_pipe_v3_0_6.xbip_pipe_v3_0_6_viv [\xbip_pipe_v3_0_6_viv(c_latency=...]
Compiling architecture rtl of entity floating_point_v7_1_9.delay [\delay(width=9)\]
Compiling architecture synth of entity xbip_pipe_v3_0_6.xbip_pipe_v3_0_6_viv [\xbip_pipe_v3_0_6_viv(c_latency=...]
Compiling architecture rtl of entity floating_point_v7_1_9.delay [\delay(width=2,length=2,fast_inp...]
Compiling architecture synth of entity xbip_pipe_v3_0_6.xbip_pipe_v3_0_6_viv [\xbip_pipe_v3_0_6_viv(c_latency=...]
Compiling architecture rtl of entity floating_point_v7_1_9.delay [\delay(length=2,fast_input=true)...]
Compiling architecture synth of entity xbip_pipe_v3_0_6.xbip_pipe_v3_0_6_viv [\xbip_pipe_v3_0_6_viv(c_has_ce=1...]
Compiling architecture rtl of entity floating_point_v7_1_9.delay [\delay(length=0,fast_input=true)...]
Compiling architecture synth of entity xbip_pipe_v3_0_6.xbip_pipe_v3_0_6_viv [\xbip_pipe_v3_0_6_viv(c_has_ce=1...]
Compiling architecture rtl of entity floating_point_v7_1_9.delay [\delay(width=2,length=0,fast_inp...]
Compiling architecture synth of entity xbip_pipe_v3_0_6.xbip_pipe_v3_0_6_viv [\xbip_pipe_v3_0_6_viv(c_has_ce=1...]
Compiling architecture rtl of entity floating_point_v7_1_9.delay [\delay(width=12,length=0)\]
Compiling architecture rtl of entity floating_point_v7_1_9.flt_add_exp_sp [\flt_add_exp_sp(c_xdevicefamily=...]
Compiling architecture synth of entity xbip_pipe_v3_0_6.xbip_pipe_v3_0_6_viv [\xbip_pipe_v3_0_6_viv(c_latency=...]
Compiling architecture rtl of entity floating_point_v7_1_9.delay [\delay(width=23)\]
Compiling architecture synth of entity floating_point_v7_1_9.flt_dec_op [\flt_dec_op(c_xdevicefamily="zyn...]
Compiling architecture rtl of entity floating_point_v7_1_9.flt_add_dsp [\flt_add_dsp(c_xdevicefamily="zy...]
Compiling architecture rtl of entity floating_point_v7_1_9.flt_add [\flt_add(c_xdevicefamily="zynq",...]
Compiling architecture synth of entity xbip_pipe_v3_0_6.xbip_pipe_v3_0_6_viv [\xbip_pipe_v3_0_6_viv(c_latency=...]
Compiling architecture synth of entity xbip_pipe_v3_0_6.xbip_pipe_v3_0_6_viv [\xbip_pipe_v3_0_6_viv(c_has_ce=1...]
Compiling architecture rtl of entity floating_point_v7_1_9.delay [\delay(width=32,length=0)\]
Compiling architecture xilinx of entity floating_point_v7_1_9.floating_point_v7_1_9_viv [\floating_point_v7_1_9_viv(c_xde...]
Compiling architecture xilinx of entity floating_point_v7_1_9.floating_point_v7_1_9 [\floating_point_v7_1_9(c_xdevice...]
Compiling architecture matrixmul_2_ap_fadd_3_full_dsp_32_arch of entity xil_defaultlib.matrixmul_2_ap_fadd_3_full_dsp_32 [matrixmul_2_ap_fadd_3_full_dsp_3...]
Compiling module xil_defaultlib.matrixmul_2_fadd_cud
Compiling architecture synth of entity xbip_pipe_v3_0_6.xbip_pipe_v3_0_6_viv [\xbip_pipe_v3_0_6_viv(c_has_ce=1...]
Compiling architecture rtl of entity floating_point_v7_1_9.delay [\delay(width=17,length=0)\]
Compiling architecture dsp48e1_v of entity unisim.DSP48E1 [\DSP48E1(acascreg=0,adreg=0,alum...]
Compiling architecture rtl of entity floating_point_v7_1_9.dsp48e1_wrapper [\dsp48e1_wrapper(a_width=24,b_wi...]
Compiling architecture dsp48e1_v of entity unisim.DSP48E1 [\DSP48E1(acascreg=0,adreg=0,alum...]
Compiling architecture rtl of entity floating_point_v7_1_9.dsp48e1_wrapper [\dsp48e1_wrapper(a_width=24,b_wi...]
Compiling architecture struct of entity floating_point_v7_1_9.fix_mult_dsp48e1_sgl [\fix_mult_dsp48e1_sgl(registers=...]
Compiling architecture rtl of entity floating_point_v7_1_9.fix_mult [\fix_mult(c_xdevicefamily="zynq"...]
Compiling architecture synth of entity xbip_pipe_v3_0_6.xbip_pipe_v3_0_6_viv [\xbip_pipe_v3_0_6_viv(c_has_ce=1...]
Compiling architecture rtl of entity floating_point_v7_1_9.delay [\delay(width=8,length=0,fast_inp...]
Compiling architecture struct of entity floating_point_v7_1_9.carry_chain [\carry_chain(c_xdevicefamily="zy...]
Compiling architecture struct of entity floating_point_v7_1_9.carry_chain [\carry_chain(c_xdevicefamily="zy...]
Compiling architecture synth of entity floating_point_v7_1_9.compare_eq_im [\compare_eq_im(c_xdevicefamily="...]
Compiling architecture rtl of entity floating_point_v7_1_9.special_detect [\special_detect(c_xdevicefamily=...]
Compiling architecture synth of entity xbip_pipe_v3_0_6.xbip_pipe_v3_0_6_viv [\xbip_pipe_v3_0_6_viv(c_latency=...]
Compiling architecture rtl of entity floating_point_v7_1_9.delay [\delay(width=2,fast_input=true)\]
Compiling architecture synth of entity xbip_pipe_v3_0_6.xbip_pipe_v3_0_6_viv [\xbip_pipe_v3_0_6_viv(c_latency=...]
Compiling architecture rtl of entity floating_point_v7_1_9.delay [\delay(width=4,fast_input=true)\]
Compiling architecture synth of entity xbip_pipe_v3_0_6.xbip_pipe_v3_0_6_viv [\xbip_pipe_v3_0_6_viv(c_has_ce=1...]
Compiling architecture rtl of entity floating_point_v7_1_9.delay [\delay(width=3,length=0,fast_inp...]
Compiling architecture synth of entity xbip_pipe_v3_0_6.xbip_pipe_v3_0_6_viv [\xbip_pipe_v3_0_6_viv(c_has_ce=1...]
Compiling architecture rtl of entity floating_point_v7_1_9.delay [\delay(width=14,length=0)\]
Compiling architecture rtl of entity floating_point_v7_1_9.flt_mult_exp [\flt_mult_exp(c_xdevicefamily="z...]
Compiling architecture synth of entity xbip_pipe_v3_0_6.xbip_pipe_v3_0_6_viv [\xbip_pipe_v3_0_6_viv(c_has_ce=1...]
Compiling architecture rtl of entity floating_point_v7_1_9.delay [\delay(width=30,length=0)\]
Compiling architecture synth of entity xbip_pipe_v3_0_6.xbip_pipe_v3_0_6_viv [\xbip_pipe_v3_0_6_viv(c_has_ce=1...]
Compiling architecture rtl of entity floating_point_v7_1_9.delay [\delay(width=18,length=0)\]
Compiling architecture dsp48e1_v of entity unisim.DSP48E1 [\DSP48E1(acascreg=0,adreg=0,alum...]
Compiling architecture rtl of entity floating_point_v7_1_9.dsp48e1_wrapper [\dsp48e1_wrapper(a_width=30,b_wi...]
Compiling architecture struct of entity floating_point_v7_1_9.flt_round_dsp_opt_full [\flt_round_dsp_opt_full(c_xdevic...]
Compiling architecture rtl of entity floating_point_v7_1_9.flt_mult_round [\flt_mult_round(c_xdevicefamily=...]
Compiling architecture synth of entity floating_point_v7_1_9.flt_dec_op_lat [\flt_dec_op_lat(c_xdevicefamily=...]
Compiling architecture rtl of entity floating_point_v7_1_9.flt_mult [\flt_mult(c_xdevicefamily="zynq"...]
Compiling architecture xilinx of entity floating_point_v7_1_9.floating_point_v7_1_9_viv [\floating_point_v7_1_9_viv(c_xde...]
Compiling architecture xilinx of entity floating_point_v7_1_9.floating_point_v7_1_9 [\floating_point_v7_1_9(c_xdevice...]
Compiling architecture matrixmul_2_ap_fmul_2_max_dsp_32_arch of entity xil_defaultlib.matrixmul_2_ap_fmul_2_max_dsp_32 [matrixmul_2_ap_fmul_2_max_dsp_32...]
Compiling module xil_defaultlib.matrixmul_2_fmul_dEe(ID=1)
Compiling module xil_defaultlib.ibuf(W=33)
Compiling module xil_defaultlib.obuf(W=33)
Compiling module xil_defaultlib.regslice_both_default
Compiling module xil_defaultlib.ibuf(W=2)
Compiling module xil_defaultlib.obuf(W=2)
Compiling module xil_defaultlib.regslice_both(DataWidth=1)
Compiling module xil_defaultlib.matrixmul_2
Compiling module xil_defaultlib.fifo(DEPTH=128,WIDTH=32)
Compiling module xil_defaultlib.fifo(DEPTH=128,WIDTH=1)
Compiling module xil_defaultlib.AESL_axi_s_in_A
Compiling module xil_defaultlib.fifo(DEPTH=64,WIDTH=32)
Compiling module xil_defaultlib.fifo(DEPTH=64,WIDTH=1)
Compiling module xil_defaultlib.AESL_axi_s_out_C
Compiling module xil_defaultlib.apatb_matrixmul_2_top
Compiling module work.glbl
Built simulation snapshot matrixmul_2

****** Webtalk v2019.2 (64-bit)
  **** SW Build 2708876 on Wed Nov  6 21:40:23 MST 2019
  **** IP Build 2700528 on Thu Nov  7 00:09:20 MST 2019
    ** Copyright 1986-2019 Xilinx, Inc. All Rights Reserved.

source C:/Users/Samarth/OneDrive/Desktop/IIT/IIIT_Intern/Training/Lab2/MatrixMul/solution1/sim/verilog/xsim.dir/matrixmul_2/webtalk/xsim_webtalk.tcl -notrace
INFO: [Common 17-206] Exiting Webtalk at Sat Apr  5 13:26:23 2025...

****** xsim v2019.2 (64-bit)
  **** SW Build 2708876 on Wed Nov  6 21:40:23 MST 2019
  **** IP Build 2700528 on Thu Nov  7 00:09:20 MST 2019
    ** Copyright 1986-2019 Xilinx, Inc. All Rights Reserved.

source xsim.dir/matrixmul_2/xsim_script.tcl
# xsim {matrixmul_2} -autoloadwcfg -tclbatch {matrixmul_2.tcl}
Vivado Simulator 2019.2
Time resolution is 1 ps
source matrixmul_2.tcl
## log_wave -r /
WARNING: [Simtcl 6-197] One or more HDL objects could not be logged because of object type or size limitations.  To see details please rerun the command with -verbose (-v).
## set designtopgroup [add_wave_group "Design Top Signals"]
## set coutputgroup [add_wave_group "C Outputs" -into $designtopgroup]
## set out_C_group [add_wave_group out_C(axis) -into $coutputgroup]
## add_wave /apatb_matrixmul_2_top/AESL_inst_matrixmul_2/out_C_TLAST -into $out_C_group -color #ffff00 -radix hex
## add_wave /apatb_matrixmul_2_top/AESL_inst_matrixmul_2/out_C_TREADY -into $out_C_group -color #ffff00 -radix hex
## add_wave /apatb_matrixmul_2_top/AESL_inst_matrixmul_2/out_C_TVALID -into $out_C_group -color #ffff00 -radix hex
## add_wave /apatb_matrixmul_2_top/AESL_inst_matrixmul_2/out_C_TDATA -into $out_C_group -radix hex
## set cinputgroup [add_wave_group "C Inputs" -into $designtopgroup]
## set in_A_group [add_wave_group in_A(axis) -into $cinputgroup]
## add_wave /apatb_matrixmul_2_top/AESL_inst_matrixmul_2/in_A_TLAST -into $in_A_group -color #ffff00 -radix hex
## add_wave /apatb_matrixmul_2_top/AESL_inst_matrixmul_2/in_A_TREADY -into $in_A_group -color #ffff00 -radix hex
## add_wave /apatb_matrixmul_2_top/AESL_inst_matrixmul_2/in_A_TVALID -into $in_A_group -color #ffff00 -radix hex
## add_wave /apatb_matrixmul_2_top/AESL_inst_matrixmul_2/in_A_TDATA -into $in_A_group -radix hex
## set resetgroup [add_wave_group "Reset" -into $designtopgroup]
## add_wave /apatb_matrixmul_2_top/AESL_inst_matrixmul_2/ap_rst_n -into $resetgroup
## set clockgroup [add_wave_group "Clock" -into $designtopgroup]
## add_wave /apatb_matrixmul_2_top/AESL_inst_matrixmul_2/ap_clk -into $clockgroup
## set testbenchgroup [add_wave_group "Test Bench Signals"]
## set tbinternalsiggroup [add_wave_group "Internal Signals" -into $testbenchgroup]
## set tb_simstatus_group [add_wave_group "Simulation Status" -into $tbinternalsiggroup]
## set tb_portdepth_group [add_wave_group "Port Depth" -into $tbinternalsiggroup]
## add_wave /apatb_matrixmul_2_top/AUTOTB_TRANSACTION_NUM -into $tb_simstatus_group -radix hex
## add_wave /apatb_matrixmul_2_top/ready_cnt -into $tb_simstatus_group -radix hex
## add_wave /apatb_matrixmul_2_top/done_cnt -into $tb_simstatus_group -radix hex
## add_wave /apatb_matrixmul_2_top/ap_c_n_tvin_trans_num_in_A_V_data -into $tb_simstatus_group -radix hex
## add_wave /apatb_matrixmul_2_top/ap_c_n_tvin_trans_num_in_A_V_last_V -into $tb_simstatus_group -radix hex
## add_wave /apatb_matrixmul_2_top/ap_c_n_tvout_trans_num_out_C_V_data -into $tb_simstatus_group -radix hex
## add_wave /apatb_matrixmul_2_top/ap_c_n_tvout_trans_num_out_C_V_last_V -into $tb_simstatus_group -radix hex
## add_wave /apatb_matrixmul_2_top/LENGTH_in_A_V_data -into $tb_portdepth_group -radix hex
## add_wave /apatb_matrixmul_2_top/LENGTH_in_A_V_last_V -into $tb_portdepth_group -radix hex
## add_wave /apatb_matrixmul_2_top/LENGTH_out_C_V_data -into $tb_portdepth_group -radix hex
## add_wave /apatb_matrixmul_2_top/LENGTH_out_C_V_last_V -into $tb_portdepth_group -radix hex
## set tbcoutputgroup [add_wave_group "C Outputs" -into $testbenchgroup]
## set tb_out_C_group [add_wave_group out_C(axis) -into $tbcoutputgroup]
## add_wave /apatb_matrixmul_2_top/out_C_TLAST -into $tb_out_C_group -color #ffff00 -radix hex
## add_wave /apatb_matrixmul_2_top/out_C_TREADY -into $tb_out_C_group -color #ffff00 -radix hex
## add_wave /apatb_matrixmul_2_top/out_C_TVALID -into $tb_out_C_group -color #ffff00 -radix hex
## add_wave /apatb_matrixmul_2_top/out_C_TDATA -into $tb_out_C_group -radix hex
## set tbcinputgroup [add_wave_group "C Inputs" -into $testbenchgroup]
## set tb_in_A_group [add_wave_group in_A(axis) -into $tbcinputgroup]
## add_wave /apatb_matrixmul_2_top/in_A_TLAST -into $tb_in_A_group -color #ffff00 -radix hex
## add_wave /apatb_matrixmul_2_top/in_A_TREADY -into $tb_in_A_group -color #ffff00 -radix hex
## add_wave /apatb_matrixmul_2_top/in_A_TVALID -into $tb_in_A_group -color #ffff00 -radix hex
## add_wave /apatb_matrixmul_2_top/in_A_TDATA -into $tb_in_A_group -radix hex
## save_wave_config matrixmul_2.wcfg
## run all
Warning: OPMODE Input Warning : The OPMODE 0110X0X with CARRYINSEL  000 to DSP48E1 instance is invalid.
Time: 100010 ps  Iteration: 0  Process: /apatb_matrixmul_2_top/AESL_inst_matrixmul_2/matrixmul_2_fadd_cud_U1/matrixmul_2_ap_fadd_3_full_dsp_32_u/U0/i_synth/addsub_op/ADDSUB/dsp/OP/dsp48e1_body/ALIGN_ADD/DSP2/DSP/prcs_opmode_drc  File: C:\Xilinx_HLS\Vivado\2019.2\data/vhdl/src/unisims/primitive/DSP48E1.vhd
////////////////////////////////////////////////////////////////////////////////////
// Inter-Transaction Progress: Completed Transaction / Total Transaction
// Intra-Transaction Progress: Measured Latency / Latency Estimation * 100%
//
// RTL Simulation : "Inter-Transaction Progress" ["Intra-Transaction Progress"] @ "Simulation Time"
////////////////////////////////////////////////////////////////////////////////////
// RTL Simulation : 0 / 1 [0.00%] @ "125000"
// RTL Simulation : 1 / 1 [100.00%] @ "27945000"
////////////////////////////////////////////////////////////////////////////////////
$finish called at time : 27985 ns : File "C:/Users/Samarth/OneDrive/Desktop/IIT/IIIT_Intern/Training/Lab2/MatrixMul/solution1/sim/verilog/matrixmul_2.autotb.v" Line 218
## quit
INFO: [Common 17-206] Exiting xsim at Sat Apr  5 13:26:29 2025...
INFO: [COSIM 212-316] Starting C post checking ...
No errors!!
INFO: [COSIM 212-1000] *** C/RTL co-simulation finished: PASS ***
INFO: [COSIM 212-211] II is measurable only when transaction number is greater than 1 in RTL simulation. Otherwise, they will be marked as all NA. If user wants to calculate them, please make sure there are at least 2 transactions in RTL simulation.
